CRITICAL - 2023-04-20 20:43:53 --> The action you requested is not allowed.
#0 /var/www/html/blog/system/HTTP/ResponseTrait.php(709): CodeIgniter\Security\Exceptions\SecurityException::forDisallowedAction()
#1 /var/www/html/blog/system/HTTP/ResponseTrait.php(699): CodeIgniter\HTTP\Response->dispatchCookies()
#2 /var/www/html/blog/system/HTTP/ResponseTrait.php(443): CodeIgniter\HTTP\Response->sendCookies()
#3 /var/www/html/blog/system/CodeIgniter.php(998): CodeIgniter\HTTP\Response->send()
#4 /var/www/html/blog/system/CodeIgniter.php(865): CodeIgniter\CodeIgniter->sendResponse()
#5 /var/www/html/blog/system/CodeIgniter.php(340): CodeIgniter\CodeIgniter->display404errors(Object(CodeIgniter\Exceptions\PageNotFoundException))
#6 /var/www/html/index.php(37): CodeIgniter\CodeIgniter->run()
#7 {main}
CRITICAL - 2023-04-20 20:43:53 --> Uncaught CodeIgniter\Security\Exceptions\SecurityException: The action you requested is not allowed. in /var/www/html/blog/system/HTTP/ResponseTrait.php:709
Stack trace:
#0 /var/www/html/blog/system/HTTP/ResponseTrait.php(709): CodeIgniter\Security\Exceptions\SecurityException::forDisallowedAction()
#1 /var/www/html/blog/system/HTTP/ResponseTrait.php(699): CodeIgniter\HTTP\Response->dispatchCookies()
#2 /var/www/html/blog/system/HTTP/ResponseTrait.php(443): CodeIgniter\HTTP\Response->sendCookies()
#3 /var/www/html/blog/system/Debug/Exceptions.php(115): CodeIgniter\HTTP\Response->send()
#4 [internal function]: CodeIgniter\Debug\Exceptions->exceptionHandler(Object(CodeIgniter\Security\Exceptions\SecurityException))
#5 {main}
  thrown
#0 [internal function]: CodeIgniter\Debug\Exceptions->shutdownHandler()
#1 {main}
CRITICAL - 2023-04-20 20:44:07 --> The action you requested is not allowed.
#0 /var/www/html/blog/system/HTTP/ResponseTrait.php(709): CodeIgniter\Security\Exceptions\SecurityException::forDisallowedAction()
#1 /var/www/html/blog/system/HTTP/ResponseTrait.php(699): CodeIgniter\HTTP\Response->dispatchCookies()
#2 /var/www/html/blog/system/HTTP/ResponseTrait.php(443): CodeIgniter\HTTP\Response->sendCookies()
#3 /var/www/html/blog/system/CodeIgniter.php(998): CodeIgniter\HTTP\Response->send()
#4 /var/www/html/blog/system/CodeIgniter.php(865): CodeIgniter\CodeIgniter->sendResponse()
#5 /var/www/html/blog/system/CodeIgniter.php(340): CodeIgniter\CodeIgniter->display404errors(Object(CodeIgniter\Exceptions\PageNotFoundException))
#6 /var/www/html/index.php(37): CodeIgniter\CodeIgniter->run()
#7 {main}
CRITICAL - 2023-04-20 20:44:07 --> Uncaught CodeIgniter\Security\Exceptions\SecurityException: The action you requested is not allowed. in /var/www/html/blog/system/HTTP/ResponseTrait.php:709
Stack trace:
#0 /var/www/html/blog/system/HTTP/ResponseTrait.php(709): CodeIgniter\Security\Exceptions\SecurityException::forDisallowedAction()
#1 /var/www/html/blog/system/HTTP/ResponseTrait.php(699): CodeIgniter\HTTP\Response->dispatchCookies()
#2 /var/www/html/blog/system/HTTP/ResponseTrait.php(443): CodeIgniter\HTTP\Response->sendCookies()
#3 /var/www/html/blog/system/Debug/Exceptions.php(115): CodeIgniter\HTTP\Response->send()
#4 [internal function]: CodeIgniter\Debug\Exceptions->exceptionHandler(Object(CodeIgniter\Security\Exceptions\SecurityException))
#5 {main}
  thrown
#0 [internal function]: CodeIgniter\Debug\Exceptions->shutdownHandler()
#1 {main}
CRITICAL - 2023-04-20 20:55:32 --> The action you requested is not allowed.
#0 /var/www/html/blog/system/HTTP/ResponseTrait.php(709): CodeIgniter\Security\Exceptions\SecurityException::forDisallowedAction()
#1 /var/www/html/blog/system/HTTP/ResponseTrait.php(699): CodeIgniter\HTTP\Response->dispatchCookies()
#2 /var/www/html/blog/system/HTTP/ResponseTrait.php(443): CodeIgniter\HTTP\Response->sendCookies()
#3 /var/www/html/blog/system/CodeIgniter.php(998): CodeIgniter\HTTP\Response->send()
#4 /var/www/html/blog/system/CodeIgniter.php(458): CodeIgniter\CodeIgniter->sendResponse()
#5 /var/www/html/blog/system/CodeIgniter.php(326): CodeIgniter\CodeIgniter->handleRequest(NULL, Object(Config\Cache), false)
#6 /var/www/html/index.php(37): CodeIgniter\CodeIgniter->run()
#7 {main}
CRITICAL - 2023-04-20 20:55:32 --> Uncaught CodeIgniter\Security\Exceptions\SecurityException: The action you requested is not allowed. in /var/www/html/blog/system/HTTP/ResponseTrait.php:709
Stack trace:
#0 /var/www/html/blog/system/HTTP/ResponseTrait.php(709): CodeIgniter\Security\Exceptions\SecurityException::forDisallowedAction()
#1 /var/www/html/blog/system/HTTP/ResponseTrait.php(699): CodeIgniter\HTTP\Response->dispatchCookies()
#2 /var/www/html/blog/system/HTTP/ResponseTrait.php(443): CodeIgniter\HTTP\Response->sendCookies()
#3 /var/www/html/blog/system/Debug/Exceptions.php(115): CodeIgniter\HTTP\Response->send()
#4 [internal function]: CodeIgniter\Debug\Exceptions->exceptionHandler(Object(CodeIgniter\Security\Exceptions\SecurityException))
#5 {main}
  thrown
#0 [internal function]: CodeIgniter\Debug\Exceptions->shutdownHandler()
#1 {main}
CRITICAL - 2023-04-20 21:05:32 --> The action you requested is not allowed.
#0 /var/www/html/blog/system/HTTP/ResponseTrait.php(709): CodeIgniter\Security\Exceptions\SecurityException::forDisallowedAction()
#1 /var/www/html/blog/system/HTTP/ResponseTrait.php(699): CodeIgniter\HTTP\Response->dispatchCookies()
#2 /var/www/html/blog/system/HTTP/ResponseTrait.php(443): CodeIgniter\HTTP\Response->sendCookies()
#3 /var/www/html/blog/system/CodeIgniter.php(998): CodeIgniter\HTTP\Response->send()
#4 /var/www/html/blog/system/CodeIgniter.php(458): CodeIgniter\CodeIgniter->sendResponse()
#5 /var/www/html/blog/system/CodeIgniter.php(326): CodeIgniter\CodeIgniter->handleRequest(NULL, Object(Config\Cache), false)
#6 /var/www/html/index.php(37): CodeIgniter\CodeIgniter->run()
#7 {main}
CRITICAL - 2023-04-20 21:05:32 --> Uncaught CodeIgniter\Security\Exceptions\SecurityException: The action you requested is not allowed. in /var/www/html/blog/system/HTTP/ResponseTrait.php:709
Stack trace:
#0 /var/www/html/blog/system/HTTP/ResponseTrait.php(709): CodeIgniter\Security\Exceptions\SecurityException::forDisallowedAction()
#1 /var/www/html/blog/system/HTTP/ResponseTrait.php(699): CodeIgniter\HTTP\Response->dispatchCookies()
#2 /var/www/html/blog/system/HTTP/ResponseTrait.php(443): CodeIgniter\HTTP\Response->sendCookies()
#3 /var/www/html/blog/system/Debug/Exceptions.php(115): CodeIgniter\HTTP\Response->send()
#4 [internal function]: CodeIgniter\Debug\Exceptions->exceptionHandler(Object(CodeIgniter\Security\Exceptions\SecurityException))
#5 {main}
  thrown
#0 [internal function]: CodeIgniter\Debug\Exceptions->shutdownHandler()
#1 {main}
CRITICAL - 2023-04-20 21:34:38 --> The action you requested is not allowed.
#0 /var/www/html/blog/system/HTTP/ResponseTrait.php(709): CodeIgniter\Security\Exceptions\SecurityException::forDisallowedAction()
#1 /var/www/html/blog/system/HTTP/ResponseTrait.php(699): CodeIgniter\HTTP\Response->dispatchCookies()
#2 /var/www/html/blog/system/HTTP/ResponseTrait.php(443): CodeIgniter\HTTP\Response->sendCookies()
#3 /var/www/html/blog/system/CodeIgniter.php(998): CodeIgniter\HTTP\Response->send()
#4 /var/www/html/blog/system/CodeIgniter.php(458): CodeIgniter\CodeIgniter->sendResponse()
#5 /var/www/html/blog/system/CodeIgniter.php(326): CodeIgniter\CodeIgniter->handleRequest(NULL, Object(Config\Cache), false)
#6 /var/www/html/index.php(37): CodeIgniter\CodeIgniter->run()
#7 {main}
CRITICAL - 2023-04-20 21:34:38 --> Uncaught CodeIgniter\Security\Exceptions\SecurityException: The action you requested is not allowed. in /var/www/html/blog/system/HTTP/ResponseTrait.php:709
Stack trace:
#0 /var/www/html/blog/system/HTTP/ResponseTrait.php(709): CodeIgniter\Security\Exceptions\SecurityException::forDisallowedAction()
#1 /var/www/html/blog/system/HTTP/ResponseTrait.php(699): CodeIgniter\HTTP\Response->dispatchCookies()
#2 /var/www/html/blog/system/HTTP/ResponseTrait.php(443): CodeIgniter\HTTP\Response->sendCookies()
#3 /var/www/html/blog/system/Debug/Exceptions.php(115): CodeIgniter\HTTP\Response->send()
#4 [internal function]: CodeIgniter\Debug\Exceptions->exceptionHandler(Object(CodeIgniter\Security\Exceptions\SecurityException))
#5 {main}
  thrown
#0 [internal function]: CodeIgniter\Debug\Exceptions->shutdownHandler()
#1 {main}
CRITICAL - 2023-04-20 22:10:31 --> The action you requested is not allowed.
#0 /var/www/html/blog/system/HTTP/ResponseTrait.php(709): CodeIgniter\Security\Exceptions\SecurityException::forDisallowedAction()
#1 /var/www/html/blog/system/HTTP/ResponseTrait.php(699): CodeIgniter\HTTP\Response->dispatchCookies()
#2 /var/www/html/blog/system/HTTP/ResponseTrait.php(443): CodeIgniter\HTTP\Response->sendCookies()
#3 /var/www/html/blog/system/CodeIgniter.php(998): CodeIgniter\HTTP\Response->send()
#4 /var/www/html/blog/system/CodeIgniter.php(865): CodeIgniter\CodeIgniter->sendResponse()
#5 /var/www/html/blog/system/CodeIgniter.php(340): CodeIgniter\CodeIgniter->display404errors(Object(CodeIgniter\Exceptions\PageNotFoundException))
#6 /var/www/html/index.php(37): CodeIgniter\CodeIgniter->run()
#7 {main}
CRITICAL - 2023-04-20 22:10:31 --> Uncaught CodeIgniter\Security\Exceptions\SecurityException: The action you requested is not allowed. in /var/www/html/blog/system/HTTP/ResponseTrait.php:709
Stack trace:
#0 /var/www/html/blog/system/HTTP/ResponseTrait.php(709): CodeIgniter\Security\Exceptions\SecurityException::forDisallowedAction()
#1 /var/www/html/blog/system/HTTP/ResponseTrait.php(699): CodeIgniter\HTTP\Response->dispatchCookies()
#2 /var/www/html/blog/system/HTTP/ResponseTrait.php(443): CodeIgniter\HTTP\Response->sendCookies()
#3 /var/www/html/blog/system/Debug/Exceptions.php(115): CodeIgniter\HTTP\Response->send()
#4 [internal function]: CodeIgniter\Debug\Exceptions->exceptionHandler(Object(CodeIgniter\Security\Exceptions\SecurityException))
#5 {main}
  thrown
#0 [internal function]: CodeIgniter\Debug\Exceptions->shutdownHandler()
#1 {main}
CRITICAL - 2023-04-20 22:20:10 --> The action you requested is not allowed.
#0 /var/www/html/blog/system/HTTP/ResponseTrait.php(709): CodeIgniter\Security\Exceptions\SecurityException::forDisallowedAction()
#1 /var/www/html/blog/system/HTTP/ResponseTrait.php(699): CodeIgniter\HTTP\Response->dispatchCookies()
#2 /var/www/html/blog/system/HTTP/ResponseTrait.php(443): CodeIgniter\HTTP\Response->sendCookies()
#3 /var/www/html/blog/system/CodeIgniter.php(998): CodeIgniter\HTTP\Response->send()
#4 /var/www/html/blog/system/CodeIgniter.php(865): CodeIgniter\CodeIgniter->sendResponse()
#5 /var/www/html/blog/system/CodeIgniter.php(340): CodeIgniter\CodeIgniter->display404errors(Object(CodeIgniter\Exceptions\PageNotFoundException))
#6 /var/www/html/index.php(37): CodeIgniter\CodeIgniter->run()
#7 {main}
CRITICAL - 2023-04-20 22:20:10 --> Uncaught CodeIgniter\Security\Exceptions\SecurityException: The action you requested is not allowed. in /var/www/html/blog/system/HTTP/ResponseTrait.php:709
Stack trace:
#0 /var/www/html/blog/system/HTTP/ResponseTrait.php(709): CodeIgniter\Security\Exceptions\SecurityException::forDisallowedAction()
#1 /var/www/html/blog/system/HTTP/ResponseTrait.php(699): CodeIgniter\HTTP\Response->dispatchCookies()
#2 /var/www/html/blog/system/HTTP/ResponseTrait.php(443): CodeIgniter\HTTP\Response->sendCookies()
#3 /var/www/html/blog/system/Debug/Exceptions.php(115): CodeIgniter\HTTP\Response->send()
#4 [internal function]: CodeIgniter\Debug\Exceptions->exceptionHandler(Object(CodeIgniter\Security\Exceptions\SecurityException))
#5 {main}
  thrown
#0 [internal function]: CodeIgniter\Debug\Exceptions->shutdownHandler()
#1 {main}
CRITICAL - 2023-04-20 22:20:11 --> The action you requested is not allowed.
#0 /var/www/html/blog/system/HTTP/ResponseTrait.php(709): CodeIgniter\Security\Exceptions\SecurityException::forDisallowedAction()
#1 /var/www/html/blog/system/HTTP/ResponseTrait.php(699): CodeIgniter\HTTP\Response->dispatchCookies()
#2 /var/www/html/blog/system/HTTP/ResponseTrait.php(443): CodeIgniter\HTTP\Response->sendCookies()
#3 /var/www/html/blog/system/CodeIgniter.php(998): CodeIgniter\HTTP\Response->send()
#4 /var/www/html/blog/system/CodeIgniter.php(865): CodeIgniter\CodeIgniter->sendResponse()
#5 /var/www/html/blog/system/CodeIgniter.php(340): CodeIgniter\CodeIgniter->display404errors(Object(CodeIgniter\Exceptions\PageNotFoundException))
#6 /var/www/html/index.php(37): CodeIgniter\CodeIgniter->run()
#7 {main}
CRITICAL - 2023-04-20 22:20:11 --> Uncaught CodeIgniter\Security\Exceptions\SecurityException: The action you requested is not allowed. in /var/www/html/blog/system/HTTP/ResponseTrait.php:709
Stack trace:
#0 /var/www/html/blog/system/HTTP/ResponseTrait.php(709): CodeIgniter\Security\Exceptions\SecurityException::forDisallowedAction()
#1 /var/www/html/blog/system/HTTP/ResponseTrait.php(699): CodeIgniter\HTTP\Response->dispatchCookies()
#2 /var/www/html/blog/system/HTTP/ResponseTrait.php(443): CodeIgniter\HTTP\Response->sendCookies()
#3 /var/www/html/blog/system/Debug/Exceptions.php(115): CodeIgniter\HTTP\Response->send()
#4 [internal function]: CodeIgniter\Debug\Exceptions->exceptionHandler(Object(CodeIgniter\Security\Exceptions\SecurityException))
#5 {main}
  thrown
#0 [internal function]: CodeIgniter\Debug\Exceptions->shutdownHandler()
#1 {main}
CRITICAL - 2023-04-20 22:20:11 --> The action you requested is not allowed.
#0 /var/www/html/blog/system/HTTP/ResponseTrait.php(709): CodeIgniter\Security\Exceptions\SecurityException::forDisallowedAction()
#1 /var/www/html/blog/system/HTTP/ResponseTrait.php(699): CodeIgniter\HTTP\Response->dispatchCookies()
#2 /var/www/html/blog/system/HTTP/ResponseTrait.php(443): CodeIgniter\HTTP\Response->sendCookies()
#3 /var/www/html/blog/system/CodeIgniter.php(998): CodeIgniter\HTTP\Response->send()
#4 /var/www/html/blog/system/CodeIgniter.php(865): CodeIgniter\CodeIgniter->sendResponse()
#5 /var/www/html/blog/system/CodeIgniter.php(340): CodeIgniter\CodeIgniter->display404errors(Object(CodeIgniter\Exceptions\PageNotFoundException))
#6 /var/www/html/index.php(37): CodeIgniter\CodeIgniter->run()
#7 {main}
CRITICAL - 2023-04-20 22:20:11 --> Uncaught CodeIgniter\Security\Exceptions\SecurityException: The action you requested is not allowed. in /var/www/html/blog/system/HTTP/ResponseTrait.php:709
Stack trace:
#0 /var/www/html/blog/system/HTTP/ResponseTrait.php(709): CodeIgniter\Security\Exceptions\SecurityException::forDisallowedAction()
#1 /var/www/html/blog/system/HTTP/ResponseTrait.php(699): CodeIgniter\HTTP\Response->dispatchCookies()
#2 /var/www/html/blog/system/HTTP/ResponseTrait.php(443): CodeIgniter\HTTP\Response->sendCookies()
#3 /var/www/html/blog/system/Debug/Exceptions.php(115): CodeIgniter\HTTP\Response->send()
#4 [internal function]: CodeIgniter\Debug\Exceptions->exceptionHandler(Object(CodeIgniter\Security\Exceptions\SecurityException))
#5 {main}
  thrown
#0 [internal function]: CodeIgniter\Debug\Exceptions->shutdownHandler()
#1 {main}
CRITICAL - 2023-04-20 22:20:11 --> The action you requested is not allowed.
#0 /var/www/html/blog/system/HTTP/ResponseTrait.php(709): CodeIgniter\Security\Exceptions\SecurityException::forDisallowedAction()
#1 /var/www/html/blog/system/HTTP/ResponseTrait.php(699): CodeIgniter\HTTP\Response->dispatchCookies()
#2 /var/www/html/blog/system/HTTP/ResponseTrait.php(443): CodeIgniter\HTTP\Response->sendCookies()
#3 /var/www/html/blog/system/CodeIgniter.php(998): CodeIgniter\HTTP\Response->send()
#4 /var/www/html/blog/system/CodeIgniter.php(865): CodeIgniter\CodeIgniter->sendResponse()
#5 /var/www/html/blog/system/CodeIgniter.php(340): CodeIgniter\CodeIgniter->display404errors(Object(CodeIgniter\Exceptions\PageNotFoundException))
#6 /var/www/html/index.php(37): CodeIgniter\CodeIgniter->run()
#7 {main}
CRITICAL - 2023-04-20 22:20:11 --> Uncaught CodeIgniter\Security\Exceptions\SecurityException: The action you requested is not allowed. in /var/www/html/blog/system/HTTP/ResponseTrait.php:709
Stack trace:
#0 /var/www/html/blog/system/HTTP/ResponseTrait.php(709): CodeIgniter\Security\Exceptions\SecurityException::forDisallowedAction()
#1 /var/www/html/blog/system/HTTP/ResponseTrait.php(699): CodeIgniter\HTTP\Response->dispatchCookies()
#2 /var/www/html/blog/system/HTTP/ResponseTrait.php(443): CodeIgniter\HTTP\Response->sendCookies()
#3 /var/www/html/blog/system/Debug/Exceptions.php(115): CodeIgniter\HTTP\Response->send()
#4 [internal function]: CodeIgniter\Debug\Exceptions->exceptionHandler(Object(CodeIgniter\Security\Exceptions\SecurityException))
#5 {main}
  thrown
#0 [internal function]: CodeIgniter\Debug\Exceptions->shutdownHandler()
#1 {main}
CRITICAL - 2023-04-20 22:20:11 --> The action you requested is not allowed.
#0 /var/www/html/blog/system/HTTP/ResponseTrait.php(709): CodeIgniter\Security\Exceptions\SecurityException::forDisallowedAction()
#1 /var/www/html/blog/system/HTTP/ResponseTrait.php(699): CodeIgniter\HTTP\Response->dispatchCookies()
#2 /var/www/html/blog/system/HTTP/ResponseTrait.php(443): CodeIgniter\HTTP\Response->sendCookies()
#3 /var/www/html/blog/system/CodeIgniter.php(998): CodeIgniter\HTTP\Response->send()
#4 /var/www/html/blog/system/CodeIgniter.php(865): CodeIgniter\CodeIgniter->sendResponse()
#5 /var/www/html/blog/system/CodeIgniter.php(340): CodeIgniter\CodeIgniter->display404errors(Object(CodeIgniter\Exceptions\PageNotFoundException))
#6 /var/www/html/index.php(37): CodeIgniter\CodeIgniter->run()
#7 {main}
CRITICAL - 2023-04-20 22:20:11 --> Uncaught CodeIgniter\Security\Exceptions\SecurityException: The action you requested is not allowed. in /var/www/html/blog/system/HTTP/ResponseTrait.php:709
Stack trace:
#0 /var/www/html/blog/system/HTTP/ResponseTrait.php(709): CodeIgniter\Security\Exceptions\SecurityException::forDisallowedAction()
#1 /var/www/html/blog/system/HTTP/ResponseTrait.php(699): CodeIgniter\HTTP\Response->dispatchCookies()
#2 /var/www/html/blog/system/HTTP/ResponseTrait.php(443): CodeIgniter\HTTP\Response->sendCookies()
#3 /var/www/html/blog/system/Debug/Exceptions.php(115): CodeIgniter\HTTP\Response->send()
#4 [internal function]: CodeIgniter\Debug\Exceptions->exceptionHandler(Object(CodeIgniter\Security\Exceptions\SecurityException))
#5 {main}
  thrown
#0 [internal function]: CodeIgniter\Debug\Exceptions->shutdownHandler()
#1 {main}
CRITICAL - 2023-04-20 22:20:11 --> The action you requested is not allowed.
#0 /var/www/html/blog/system/HTTP/ResponseTrait.php(709): CodeIgniter\Security\Exceptions\SecurityException::forDisallowedAction()
#1 /var/www/html/blog/system/HTTP/ResponseTrait.php(699): CodeIgniter\HTTP\Response->dispatchCookies()
#2 /var/www/html/blog/system/HTTP/ResponseTrait.php(443): CodeIgniter\HTTP\Response->sendCookies()
#3 /var/www/html/blog/system/CodeIgniter.php(998): CodeIgniter\HTTP\Response->send()
#4 /var/www/html/blog/system/CodeIgniter.php(865): CodeIgniter\CodeIgniter->sendResponse()
#5 /var/www/html/blog/system/CodeIgniter.php(340): CodeIgniter\CodeIgniter->display404errors(Object(CodeIgniter\Exceptions\PageNotFoundException))
#6 /var/www/html/index.php(37): CodeIgniter\CodeIgniter->run()
#7 {main}
CRITICAL - 2023-04-20 22:20:11 --> Uncaught CodeIgniter\Security\Exceptions\SecurityException: The action you requested is not allowed. in /var/www/html/blog/system/HTTP/ResponseTrait.php:709
Stack trace:
#0 /var/www/html/blog/system/HTTP/ResponseTrait.php(709): CodeIgniter\Security\Exceptions\SecurityException::forDisallowedAction()
#1 /var/www/html/blog/system/HTTP/ResponseTrait.php(699): CodeIgniter\HTTP\Response->dispatchCookies()
#2 /var/www/html/blog/system/HTTP/ResponseTrait.php(443): CodeIgniter\HTTP\Response->sendCookies()
#3 /var/www/html/blog/system/Debug/Exceptions.php(115): CodeIgniter\HTTP\Response->send()
#4 [internal function]: CodeIgniter\Debug\Exceptions->exceptionHandler(Object(CodeIgniter\Security\Exceptions\SecurityException))
#5 {main}
  thrown
#0 [internal function]: CodeIgniter\Debug\Exceptions->shutdownHandler()
#1 {main}
CRITICAL - 2023-04-20 22:20:11 --> The action you requested is not allowed.
#0 /var/www/html/blog/system/HTTP/ResponseTrait.php(709): CodeIgniter\Security\Exceptions\SecurityException::forDisallowedAction()
#1 /var/www/html/blog/system/HTTP/ResponseTrait.php(699): CodeIgniter\HTTP\Response->dispatchCookies()
#2 /var/www/html/blog/system/HTTP/ResponseTrait.php(443): CodeIgniter\HTTP\Response->sendCookies()
#3 /var/www/html/blog/system/CodeIgniter.php(998): CodeIgniter\HTTP\Response->send()
#4 /var/www/html/blog/system/CodeIgniter.php(865): CodeIgniter\CodeIgniter->sendResponse()
#5 /var/www/html/blog/system/CodeIgniter.php(340): CodeIgniter\CodeIgniter->display404errors(Object(CodeIgniter\Exceptions\PageNotFoundException))
#6 /var/www/html/index.php(37): CodeIgniter\CodeIgniter->run()
#7 {main}
CRITICAL - 2023-04-20 22:20:11 --> Uncaught CodeIgniter\Security\Exceptions\SecurityException: The action you requested is not allowed. in /var/www/html/blog/system/HTTP/ResponseTrait.php:709
Stack trace:
#0 /var/www/html/blog/system/HTTP/ResponseTrait.php(709): CodeIgniter\Security\Exceptions\SecurityException::forDisallowedAction()
#1 /var/www/html/blog/system/HTTP/ResponseTrait.php(699): CodeIgniter\HTTP\Response->dispatchCookies()
#2 /var/www/html/blog/system/HTTP/ResponseTrait.php(443): CodeIgniter\HTTP\Response->sendCookies()
#3 /var/www/html/blog/system/Debug/Exceptions.php(115): CodeIgniter\HTTP\Response->send()
#4 [internal function]: CodeIgniter\Debug\Exceptions->exceptionHandler(Object(CodeIgniter\Security\Exceptions\SecurityException))
#5 {main}
  thrown
#0 [internal function]: CodeIgniter\Debug\Exceptions->shutdownHandler()
#1 {main}
CRITICAL - 2023-04-20 22:20:11 --> The action you requested is not allowed.
#0 /var/www/html/blog/system/HTTP/ResponseTrait.php(709): CodeIgniter\Security\Exceptions\SecurityException::forDisallowedAction()
#1 /var/www/html/blog/system/HTTP/ResponseTrait.php(699): CodeIgniter\HTTP\Response->dispatchCookies()
#2 /var/www/html/blog/system/HTTP/ResponseTrait.php(443): CodeIgniter\HTTP\Response->sendCookies()
#3 /var/www/html/blog/system/CodeIgniter.php(998): CodeIgniter\HTTP\Response->send()
#4 /var/www/html/blog/system/CodeIgniter.php(865): CodeIgniter\CodeIgniter->sendResponse()
#5 /var/www/html/blog/system/CodeIgniter.php(340): CodeIgniter\CodeIgniter->display404errors(Object(CodeIgniter\Exceptions\PageNotFoundException))
#6 /var/www/html/index.php(37): CodeIgniter\CodeIgniter->run()
#7 {main}
CRITICAL - 2023-04-20 22:20:11 --> Uncaught CodeIgniter\Security\Exceptions\SecurityException: The action you requested is not allowed. in /var/www/html/blog/system/HTTP/ResponseTrait.php:709
Stack trace:
#0 /var/www/html/blog/system/HTTP/ResponseTrait.php(709): CodeIgniter\Security\Exceptions\SecurityException::forDisallowedAction()
#1 /var/www/html/blog/system/HTTP/ResponseTrait.php(699): CodeIgniter\HTTP\Response->dispatchCookies()
#2 /var/www/html/blog/system/HTTP/ResponseTrait.php(443): CodeIgniter\HTTP\Response->sendCookies()
#3 /var/www/html/blog/system/Debug/Exceptions.php(115): CodeIgniter\HTTP\Response->send()
#4 [internal function]: CodeIgniter\Debug\Exceptions->exceptionHandler(Object(CodeIgniter\Security\Exceptions\SecurityException))
#5 {main}
  thrown
#0 [internal function]: CodeIgniter\Debug\Exceptions->shutdownHandler()
#1 {main}
CRITICAL - 2023-04-20 22:20:11 --> The action you requested is not allowed.
#0 /var/www/html/blog/system/HTTP/ResponseTrait.php(709): CodeIgniter\Security\Exceptions\SecurityException::forDisallowedAction()
#1 /var/www/html/blog/system/HTTP/ResponseTrait.php(699): CodeIgniter\HTTP\Response->dispatchCookies()
#2 /var/www/html/blog/system/HTTP/ResponseTrait.php(443): CodeIgniter\HTTP\Response->sendCookies()
#3 /var/www/html/blog/system/CodeIgniter.php(998): CodeIgniter\HTTP\Response->send()
#4 /var/www/html/blog/system/CodeIgniter.php(865): CodeIgniter\CodeIgniter->sendResponse()
#5 /var/www/html/blog/system/CodeIgniter.php(340): CodeIgniter\CodeIgniter->display404errors(Object(CodeIgniter\Exceptions\PageNotFoundException))
#6 /var/www/html/index.php(37): CodeIgniter\CodeIgniter->run()
#7 {main}
CRITICAL - 2023-04-20 22:20:11 --> Uncaught CodeIgniter\Security\Exceptions\SecurityException: The action you requested is not allowed. in /var/www/html/blog/system/HTTP/ResponseTrait.php:709
Stack trace:
#0 /var/www/html/blog/system/HTTP/ResponseTrait.php(709): CodeIgniter\Security\Exceptions\SecurityException::forDisallowedAction()
#1 /var/www/html/blog/system/HTTP/ResponseTrait.php(699): CodeIgniter\HTTP\Response->dispatchCookies()
#2 /var/www/html/blog/system/HTTP/ResponseTrait.php(443): CodeIgniter\HTTP\Response->sendCookies()
#3 /var/www/html/blog/system/Debug/Exceptions.php(115): CodeIgniter\HTTP\Response->send()
#4 [internal function]: CodeIgniter\Debug\Exceptions->exceptionHandler(Object(CodeIgniter\Security\Exceptions\SecurityException))
#5 {main}
  thrown
#0 [internal function]: CodeIgniter\Debug\Exceptions->shutdownHandler()
#1 {main}
CRITICAL - 2023-04-20 22:20:11 --> The action you requested is not allowed.
#0 /var/www/html/blog/system/HTTP/ResponseTrait.php(709): CodeIgniter\Security\Exceptions\SecurityException::forDisallowedAction()
#1 /var/www/html/blog/system/HTTP/ResponseTrait.php(699): CodeIgniter\HTTP\Response->dispatchCookies()
#2 /var/www/html/blog/system/HTTP/ResponseTrait.php(443): CodeIgniter\HTTP\Response->sendCookies()
#3 /var/www/html/blog/system/CodeIgniter.php(998): CodeIgniter\HTTP\Response->send()
#4 /var/www/html/blog/system/CodeIgniter.php(865): CodeIgniter\CodeIgniter->sendResponse()
#5 /var/www/html/blog/system/CodeIgniter.php(340): CodeIgniter\CodeIgniter->display404errors(Object(CodeIgniter\Exceptions\PageNotFoundException))
#6 /var/www/html/index.php(37): CodeIgniter\CodeIgniter->run()
#7 {main}
CRITICAL - 2023-04-20 22:20:11 --> Uncaught CodeIgniter\Security\Exceptions\SecurityException: The action you requested is not allowed. in /var/www/html/blog/system/HTTP/ResponseTrait.php:709
Stack trace:
#0 /var/www/html/blog/system/HTTP/ResponseTrait.php(709): CodeIgniter\Security\Exceptions\SecurityException::forDisallowedAction()
#1 /var/www/html/blog/system/HTTP/ResponseTrait.php(699): CodeIgniter\HTTP\Response->dispatchCookies()
#2 /var/www/html/blog/system/HTTP/ResponseTrait.php(443): CodeIgniter\HTTP\Response->sendCookies()
#3 /var/www/html/blog/system/Debug/Exceptions.php(115): CodeIgniter\HTTP\Response->send()
#4 [internal function]: CodeIgniter\Debug\Exceptions->exceptionHandler(Object(CodeIgniter\Security\Exceptions\SecurityException))
#5 {main}
  thrown
#0 [internal function]: CodeIgniter\Debug\Exceptions->shutdownHandler()
#1 {main}
CRITICAL - 2023-04-20 22:20:11 --> The action you requested is not allowed.
#0 /var/www/html/blog/system/HTTP/ResponseTrait.php(709): CodeIgniter\Security\Exceptions\SecurityException::forDisallowedAction()
#1 /var/www/html/blog/system/HTTP/ResponseTrait.php(699): CodeIgniter\HTTP\Response->dispatchCookies()
#2 /var/www/html/blog/system/HTTP/ResponseTrait.php(443): CodeIgniter\HTTP\Response->sendCookies()
#3 /var/www/html/blog/system/CodeIgniter.php(998): CodeIgniter\HTTP\Response->send()
#4 /var/www/html/blog/system/CodeIgniter.php(865): CodeIgniter\CodeIgniter->sendResponse()
#5 /var/www/html/blog/system/CodeIgniter.php(340): CodeIgniter\CodeIgniter->display404errors(Object(CodeIgniter\Exceptions\PageNotFoundException))
#6 /var/www/html/index.php(37): CodeIgniter\CodeIgniter->run()
#7 {main}
CRITICAL - 2023-04-20 22:20:11 --> Uncaught CodeIgniter\Security\Exceptions\SecurityException: The action you requested is not allowed. in /var/www/html/blog/system/HTTP/ResponseTrait.php:709
Stack trace:
#0 /var/www/html/blog/system/HTTP/ResponseTrait.php(709): CodeIgniter\Security\Exceptions\SecurityException::forDisallowedAction()
#1 /var/www/html/blog/system/HTTP/ResponseTrait.php(699): CodeIgniter\HTTP\Response->dispatchCookies()
#2 /var/www/html/blog/system/HTTP/ResponseTrait.php(443): CodeIgniter\HTTP\Response->sendCookies()
#3 /var/www/html/blog/system/Debug/Exceptions.php(115): CodeIgniter\HTTP\Response->send()
#4 [internal function]: CodeIgniter\Debug\Exceptions->exceptionHandler(Object(CodeIgniter\Security\Exceptions\SecurityException))
#5 {main}
  thrown
#0 [internal function]: CodeIgniter\Debug\Exceptions->shutdownHandler()
#1 {main}
CRITICAL - 2023-04-20 22:20:12 --> The action you requested is not allowed.
#0 /var/www/html/blog/system/HTTP/ResponseTrait.php(709): CodeIgniter\Security\Exceptions\SecurityException::forDisallowedAction()
#1 /var/www/html/blog/system/HTTP/ResponseTrait.php(699): CodeIgniter\HTTP\Response->dispatchCookies()
#2 /var/www/html/blog/system/HTTP/ResponseTrait.php(443): CodeIgniter\HTTP\Response->sendCookies()
#3 /var/www/html/blog/system/CodeIgniter.php(998): CodeIgniter\HTTP\Response->send()
#4 /var/www/html/blog/system/CodeIgniter.php(865): CodeIgniter\CodeIgniter->sendResponse()
#5 /var/www/html/blog/system/CodeIgniter.php(340): CodeIgniter\CodeIgniter->display404errors(Object(CodeIgniter\Exceptions\PageNotFoundException))
#6 /var/www/html/index.php(37): CodeIgniter\CodeIgniter->run()
#7 {main}
CRITICAL - 2023-04-20 22:20:12 --> Uncaught CodeIgniter\Security\Exceptions\SecurityException: The action you requested is not allowed. in /var/www/html/blog/system/HTTP/ResponseTrait.php:709
Stack trace:
#0 /var/www/html/blog/system/HTTP/ResponseTrait.php(709): CodeIgniter\Security\Exceptions\SecurityException::forDisallowedAction()
#1 /var/www/html/blog/system/HTTP/ResponseTrait.php(699): CodeIgniter\HTTP\Response->dispatchCookies()
#2 /var/www/html/blog/system/HTTP/ResponseTrait.php(443): CodeIgniter\HTTP\Response->sendCookies()
#3 /var/www/html/blog/system/Debug/Exceptions.php(115): CodeIgniter\HTTP\Response->send()
#4 [internal function]: CodeIgniter\Debug\Exceptions->exceptionHandler(Object(CodeIgniter\Security\Exceptions\SecurityException))
#5 {main}
  thrown
#0 [internal function]: CodeIgniter\Debug\Exceptions->shutdownHandler()
#1 {main}
CRITICAL - 2023-04-20 22:20:12 --> The action you requested is not allowed.
#0 /var/www/html/blog/system/HTTP/ResponseTrait.php(709): CodeIgniter\Security\Exceptions\SecurityException::forDisallowedAction()
#1 /var/www/html/blog/system/HTTP/ResponseTrait.php(699): CodeIgniter\HTTP\Response->dispatchCookies()
#2 /var/www/html/blog/system/HTTP/ResponseTrait.php(443): CodeIgniter\HTTP\Response->sendCookies()
#3 /var/www/html/blog/system/CodeIgniter.php(998): CodeIgniter\HTTP\Response->send()
#4 /var/www/html/blog/system/CodeIgniter.php(865): CodeIgniter\CodeIgniter->sendResponse()
#5 /var/www/html/blog/system/CodeIgniter.php(340): CodeIgniter\CodeIgniter->display404errors(Object(CodeIgniter\Exceptions\PageNotFoundException))
#6 /var/www/html/index.php(37): CodeIgniter\CodeIgniter->run()
#7 {main}
CRITICAL - 2023-04-20 22:20:12 --> Uncaught CodeIgniter\Security\Exceptions\SecurityException: The action you requested is not allowed. in /var/www/html/blog/system/HTTP/ResponseTrait.php:709
Stack trace:
#0 /var/www/html/blog/system/HTTP/ResponseTrait.php(709): CodeIgniter\Security\Exceptions\SecurityException::forDisallowedAction()
#1 /var/www/html/blog/system/HTTP/ResponseTrait.php(699): CodeIgniter\HTTP\Response->dispatchCookies()
#2 /var/www/html/blog/system/HTTP/ResponseTrait.php(443): CodeIgniter\HTTP\Response->sendCookies()
#3 /var/www/html/blog/system/Debug/Exceptions.php(115): CodeIgniter\HTTP\Response->send()
#4 [internal function]: CodeIgniter\Debug\Exceptions->exceptionHandler(Object(CodeIgniter\Security\Exceptions\SecurityException))
#5 {main}
  thrown
#0 [internal function]: CodeIgniter\Debug\Exceptions->shutdownHandler()
#1 {main}
CRITICAL - 2023-04-20 22:20:12 --> The action you requested is not allowed.
#0 /var/www/html/blog/system/HTTP/ResponseTrait.php(709): CodeIgniter\Security\Exceptions\SecurityException::forDisallowedAction()
#1 /var/www/html/blog/system/HTTP/ResponseTrait.php(699): CodeIgniter\HTTP\Response->dispatchCookies()
#2 /var/www/html/blog/system/HTTP/ResponseTrait.php(443): CodeIgniter\HTTP\Response->sendCookies()
#3 /var/www/html/blog/system/CodeIgniter.php(998): CodeIgniter\HTTP\Response->send()
#4 /var/www/html/blog/system/CodeIgniter.php(865): CodeIgniter\CodeIgniter->sendResponse()
#5 /var/www/html/blog/system/CodeIgniter.php(340): CodeIgniter\CodeIgniter->display404errors(Object(CodeIgniter\Exceptions\PageNotFoundException))
#6 /var/www/html/index.php(37): CodeIgniter\CodeIgniter->run()
#7 {main}
CRITICAL - 2023-04-20 22:20:12 --> Uncaught CodeIgniter\Security\Exceptions\SecurityException: The action you requested is not allowed. in /var/www/html/blog/system/HTTP/ResponseTrait.php:709
Stack trace:
#0 /var/www/html/blog/system/HTTP/ResponseTrait.php(709): CodeIgniter\Security\Exceptions\SecurityException::forDisallowedAction()
#1 /var/www/html/blog/system/HTTP/ResponseTrait.php(699): CodeIgniter\HTTP\Response->dispatchCookies()
#2 /var/www/html/blog/system/HTTP/ResponseTrait.php(443): CodeIgniter\HTTP\Response->sendCookies()
#3 /var/www/html/blog/system/Debug/Exceptions.php(115): CodeIgniter\HTTP\Response->send()
#4 [internal function]: CodeIgniter\Debug\Exceptions->exceptionHandler(Object(CodeIgniter\Security\Exceptions\SecurityException))
#5 {main}
  thrown
#0 [internal function]: CodeIgniter\Debug\Exceptions->shutdownHandler()
#1 {main}
CRITICAL - 2023-04-20 22:20:12 --> The action you requested is not allowed.
#0 /var/www/html/blog/system/HTTP/ResponseTrait.php(709): CodeIgniter\Security\Exceptions\SecurityException::forDisallowedAction()
#1 /var/www/html/blog/system/HTTP/ResponseTrait.php(699): CodeIgniter\HTTP\Response->dispatchCookies()
#2 /var/www/html/blog/system/HTTP/ResponseTrait.php(443): CodeIgniter\HTTP\Response->sendCookies()
#3 /var/www/html/blog/system/CodeIgniter.php(998): CodeIgniter\HTTP\Response->send()
#4 /var/www/html/blog/system/CodeIgniter.php(865): CodeIgniter\CodeIgniter->sendResponse()
#5 /var/www/html/blog/system/CodeIgniter.php(340): CodeIgniter\CodeIgniter->display404errors(Object(CodeIgniter\Exceptions\PageNotFoundException))
#6 /var/www/html/index.php(37): CodeIgniter\CodeIgniter->run()
#7 {main}
CRITICAL - 2023-04-20 22:20:12 --> Uncaught CodeIgniter\Security\Exceptions\SecurityException: The action you requested is not allowed. in /var/www/html/blog/system/HTTP/ResponseTrait.php:709
Stack trace:
#0 /var/www/html/blog/system/HTTP/ResponseTrait.php(709): CodeIgniter\Security\Exceptions\SecurityException::forDisallowedAction()
#1 /var/www/html/blog/system/HTTP/ResponseTrait.php(699): CodeIgniter\HTTP\Response->dispatchCookies()
#2 /var/www/html/blog/system/HTTP/ResponseTrait.php(443): CodeIgniter\HTTP\Response->sendCookies()
#3 /var/www/html/blog/system/Debug/Exceptions.php(115): CodeIgniter\HTTP\Response->send()
#4 [internal function]: CodeIgniter\Debug\Exceptions->exceptionHandler(Object(CodeIgniter\Security\Exceptions\SecurityException))
#5 {main}
  thrown
#0 [internal function]: CodeIgniter\Debug\Exceptions->shutdownHandler()
#1 {main}
CRITICAL - 2023-04-20 22:20:12 --> The action you requested is not allowed.
#0 /var/www/html/blog/system/HTTP/ResponseTrait.php(709): CodeIgniter\Security\Exceptions\SecurityException::forDisallowedAction()
#1 /var/www/html/blog/system/HTTP/ResponseTrait.php(699): CodeIgniter\HTTP\Response->dispatchCookies()
#2 /var/www/html/blog/system/HTTP/ResponseTrait.php(443): CodeIgniter\HTTP\Response->sendCookies()
#3 /var/www/html/blog/system/CodeIgniter.php(998): CodeIgniter\HTTP\Response->send()
#4 /var/www/html/blog/system/CodeIgniter.php(865): CodeIgniter\CodeIgniter->sendResponse()
#5 /var/www/html/blog/system/CodeIgniter.php(340): CodeIgniter\CodeIgniter->display404errors(Object(CodeIgniter\Exceptions\PageNotFoundException))
#6 /var/www/html/index.php(37): CodeIgniter\CodeIgniter->run()
#7 {main}
CRITICAL - 2023-04-20 22:20:12 --> Uncaught CodeIgniter\Security\Exceptions\SecurityException: The action you requested is not allowed. in /var/www/html/blog/system/HTTP/ResponseTrait.php:709
Stack trace:
#0 /var/www/html/blog/system/HTTP/ResponseTrait.php(709): CodeIgniter\Security\Exceptions\SecurityException::forDisallowedAction()
#1 /var/www/html/blog/system/HTTP/ResponseTrait.php(699): CodeIgniter\HTTP\Response->dispatchCookies()
#2 /var/www/html/blog/system/HTTP/ResponseTrait.php(443): CodeIgniter\HTTP\Response->sendCookies()
#3 /var/www/html/blog/system/Debug/Exceptions.php(115): CodeIgniter\HTTP\Response->send()
#4 [internal function]: CodeIgniter\Debug\Exceptions->exceptionHandler(Object(CodeIgniter\Security\Exceptions\SecurityException))
#5 {main}
  thrown
#0 [internal function]: CodeIgniter\Debug\Exceptions->shutdownHandler()
#1 {main}
CRITICAL - 2023-04-20 22:39:06 --> The action you requested is not allowed.
#0 /var/www/html/blog/system/HTTP/ResponseTrait.php(709): CodeIgniter\Security\Exceptions\SecurityException::forDisallowedAction()
#1 /var/www/html/blog/system/HTTP/ResponseTrait.php(699): CodeIgniter\HTTP\Response->dispatchCookies()
#2 /var/www/html/blog/system/HTTP/ResponseTrait.php(443): CodeIgniter\HTTP\Response->sendCookies()
#3 /var/www/html/blog/system/CodeIgniter.php(998): CodeIgniter\HTTP\Response->send()
#4 /var/www/html/blog/system/CodeIgniter.php(458): CodeIgniter\CodeIgniter->sendResponse()
#5 /var/www/html/blog/system/CodeIgniter.php(326): CodeIgniter\CodeIgniter->handleRequest(NULL, Object(Config\Cache), false)
#6 /var/www/html/index.php(37): CodeIgniter\CodeIgniter->run()
#7 {main}
CRITICAL - 2023-04-20 22:39:06 --> Uncaught CodeIgniter\Security\Exceptions\SecurityException: The action you requested is not allowed. in /var/www/html/blog/system/HTTP/ResponseTrait.php:709
Stack trace:
#0 /var/www/html/blog/system/HTTP/ResponseTrait.php(709): CodeIgniter\Security\Exceptions\SecurityException::forDisallowedAction()
#1 /var/www/html/blog/system/HTTP/ResponseTrait.php(699): CodeIgniter\HTTP\Response->dispatchCookies()
#2 /var/www/html/blog/system/HTTP/ResponseTrait.php(443): CodeIgniter\HTTP\Response->sendCookies()
#3 /var/www/html/blog/system/Debug/Exceptions.php(115): CodeIgniter\HTTP\Response->send()
#4 [internal function]: CodeIgniter\Debug\Exceptions->exceptionHandler(Object(CodeIgniter\Security\Exceptions\SecurityException))
#5 {main}
  thrown
#0 [internal function]: CodeIgniter\Debug\Exceptions->shutdownHandler()
#1 {main}
CRITICAL - 2023-04-20 22:44:26 --> The action you requested is not allowed.
#0 /var/www/html/blog/system/HTTP/ResponseTrait.php(709): CodeIgniter\Security\Exceptions\SecurityException::forDisallowedAction()
#1 /var/www/html/blog/system/HTTP/ResponseTrait.php(699): CodeIgniter\HTTP\Response->dispatchCookies()
#2 /var/www/html/blog/system/HTTP/ResponseTrait.php(443): CodeIgniter\HTTP\Response->sendCookies()
#3 /var/www/html/blog/system/CodeIgniter.php(998): CodeIgniter\HTTP\Response->send()
#4 /var/www/html/blog/system/CodeIgniter.php(865): CodeIgniter\CodeIgniter->sendResponse()
#5 /var/www/html/blog/system/CodeIgniter.php(340): CodeIgniter\CodeIgniter->display404errors(Object(CodeIgniter\Exceptions\PageNotFoundException))
#6 /var/www/html/index.php(37): CodeIgniter\CodeIgniter->run()
#7 {main}
CRITICAL - 2023-04-20 22:44:26 --> Uncaught CodeIgniter\Security\Exceptions\SecurityException: The action you requested is not allowed. in /var/www/html/blog/system/HTTP/ResponseTrait.php:709
Stack trace:
#0 /var/www/html/blog/system/HTTP/ResponseTrait.php(709): CodeIgniter\Security\Exceptions\SecurityException::forDisallowedAction()
#1 /var/www/html/blog/system/HTTP/ResponseTrait.php(699): CodeIgniter\HTTP\Response->dispatchCookies()
#2 /var/www/html/blog/system/HTTP/ResponseTrait.php(443): CodeIgniter\HTTP\Response->sendCookies()
#3 /var/www/html/blog/system/Debug/Exceptions.php(115): CodeIgniter\HTTP\Response->send()
#4 [internal function]: CodeIgniter\Debug\Exceptions->exceptionHandler(Object(CodeIgniter\Security\Exceptions\SecurityException))
#5 {main}
  thrown
#0 [internal function]: CodeIgniter\Debug\Exceptions->shutdownHandler()
#1 {main}
CRITICAL - 2023-04-20 23:45:38 --> The action you requested is not allowed.
#0 /var/www/html/blog/system/HTTP/ResponseTrait.php(709): CodeIgniter\Security\Exceptions\SecurityException::forDisallowedAction()
#1 /var/www/html/blog/system/HTTP/ResponseTrait.php(699): CodeIgniter\HTTP\Response->dispatchCookies()
#2 /var/www/html/blog/system/HTTP/ResponseTrait.php(443): CodeIgniter\HTTP\Response->sendCookies()
#3 /var/www/html/blog/system/CodeIgniter.php(998): CodeIgniter\HTTP\Response->send()
#4 /var/www/html/blog/system/CodeIgniter.php(458): CodeIgniter\CodeIgniter->sendResponse()
#5 /var/www/html/blog/system/CodeIgniter.php(326): CodeIgniter\CodeIgniter->handleRequest(NULL, Object(Config\Cache), false)
#6 /var/www/html/index.php(37): CodeIgniter\CodeIgniter->run()
#7 {main}
CRITICAL - 2023-04-20 23:45:38 --> Uncaught CodeIgniter\Security\Exceptions\SecurityException: The action you requested is not allowed. in /var/www/html/blog/system/HTTP/ResponseTrait.php:709
Stack trace:
#0 /var/www/html/blog/system/HTTP/ResponseTrait.php(709): CodeIgniter\Security\Exceptions\SecurityException::forDisallowedAction()
#1 /var/www/html/blog/system/HTTP/ResponseTrait.php(699): CodeIgniter\HTTP\Response->dispatchCookies()
#2 /var/www/html/blog/system/HTTP/ResponseTrait.php(443): CodeIgniter\HTTP\Response->sendCookies()
#3 /var/www/html/blog/system/Debug/Exceptions.php(115): CodeIgniter\HTTP\Response->send()
#4 [internal function]: CodeIgniter\Debug\Exceptions->exceptionHandler(Object(CodeIgniter\Security\Exceptions\SecurityException))
#5 {main}
  thrown
#0 [internal function]: CodeIgniter\Debug\Exceptions->shutdownHandler()
#1 {main}
CRITICAL - 2023-04-20 23:53:30 --> The action you requested is not allowed.
#0 /var/www/html/blog/system/HTTP/ResponseTrait.php(709): CodeIgniter\Security\Exceptions\SecurityException::forDisallowedAction()
#1 /var/www/html/blog/system/HTTP/ResponseTrait.php(699): CodeIgniter\HTTP\Response->dispatchCookies()
#2 /var/www/html/blog/system/HTTP/ResponseTrait.php(443): CodeIgniter\HTTP\Response->sendCookies()
#3 /var/www/html/blog/system/CodeIgniter.php(998): CodeIgniter\HTTP\Response->send()
#4 /var/www/html/blog/system/CodeIgniter.php(458): CodeIgniter\CodeIgniter->sendResponse()
#5 /var/www/html/blog/system/CodeIgniter.php(326): CodeIgniter\CodeIgniter->handleRequest(NULL, Object(Config\Cache), false)
#6 /var/www/html/index.php(37): CodeIgniter\CodeIgniter->run()
#7 {main}
CRITICAL - 2023-04-20 23:53:30 --> Uncaught CodeIgniter\Security\Exceptions\SecurityException: The action you requested is not allowed. in /var/www/html/blog/system/HTTP/ResponseTrait.php:709
Stack trace:
#0 /var/www/html/blog/system/HTTP/ResponseTrait.php(709): CodeIgniter\Security\Exceptions\SecurityException::forDisallowedAction()
#1 /var/www/html/blog/system/HTTP/ResponseTrait.php(699): CodeIgniter\HTTP\Response->dispatchCookies()
#2 /var/www/html/blog/system/HTTP/ResponseTrait.php(443): CodeIgniter\HTTP\Response->sendCookies()
#3 /var/www/html/blog/system/Debug/Exceptions.php(115): CodeIgniter\HTTP\Response->send()
#4 [internal function]: CodeIgniter\Debug\Exceptions->exceptionHandler(Object(CodeIgniter\Security\Exceptions\SecurityException))
#5 {main}
  thrown
#0 [internal function]: CodeIgniter\Debug\Exceptions->shutdownHandler()
#1 {main}
CRITICAL - 2023-04-20 23:54:44 --> The action you requested is not allowed.
#0 /var/www/html/blog/system/HTTP/ResponseTrait.php(709): CodeIgniter\Security\Exceptions\SecurityException::forDisallowedAction()
#1 /var/www/html/blog/system/HTTP/ResponseTrait.php(699): CodeIgniter\HTTP\Response->dispatchCookies()
#2 /var/www/html/blog/system/HTTP/ResponseTrait.php(443): CodeIgniter\HTTP\Response->sendCookies()
#3 /var/www/html/blog/system/CodeIgniter.php(998): CodeIgniter\HTTP\Response->send()
#4 /var/www/html/blog/system/CodeIgniter.php(458): CodeIgniter\CodeIgniter->sendResponse()
#5 /var/www/html/blog/system/CodeIgniter.php(326): CodeIgniter\CodeIgniter->handleRequest(NULL, Object(Config\Cache), false)
#6 /var/www/html/index.php(37): CodeIgniter\CodeIgniter->run()
#7 {main}
CRITICAL - 2023-04-20 23:54:44 --> Uncaught CodeIgniter\Security\Exceptions\SecurityException: The action you requested is not allowed. in /var/www/html/blog/system/HTTP/ResponseTrait.php:709
Stack trace:
#0 /var/www/html/blog/system/HTTP/ResponseTrait.php(709): CodeIgniter\Security\Exceptions\SecurityException::forDisallowedAction()
#1 /var/www/html/blog/system/HTTP/ResponseTrait.php(699): CodeIgniter\HTTP\Response->dispatchCookies()
#2 /var/www/html/blog/system/HTTP/ResponseTrait.php(443): CodeIgniter\HTTP\Response->sendCookies()
#3 /var/www/html/blog/system/Debug/Exceptions.php(115): CodeIgniter\HTTP\Response->send()
#4 [internal function]: CodeIgniter\Debug\Exceptions->exceptionHandler(Object(CodeIgniter\Security\Exceptions\SecurityException))
#5 {main}
  thrown
#0 [internal function]: CodeIgniter\Debug\Exceptions->shutdownHandler()
#1 {main}
