CRITICAL - 2023-08-28 00:25:14 --> The action you requested is not allowed.
#0 /var/www/html/blog/system/HTTP/ResponseTrait.php(709): CodeIgniter\Security\Exceptions\SecurityException::forDisallowedAction()
#1 /var/www/html/blog/system/HTTP/ResponseTrait.php(699): CodeIgniter\HTTP\Response->dispatchCookies()
#2 /var/www/html/blog/system/HTTP/ResponseTrait.php(443): CodeIgniter\HTTP\Response->sendCookies()
#3 /var/www/html/blog/system/CodeIgniter.php(998): CodeIgniter\HTTP\Response->send()
#4 /var/www/html/blog/system/CodeIgniter.php(458): CodeIgniter\CodeIgniter->sendResponse()
#5 /var/www/html/blog/system/CodeIgniter.php(326): CodeIgniter\CodeIgniter->handleRequest(NULL, Object(Config\Cache), false)
#6 /var/www/html/index.php(37): CodeIgniter\CodeIgniter->run()
#7 {main}
CRITICAL - 2023-08-28 00:25:14 --> Uncaught CodeIgniter\Security\Exceptions\SecurityException: The action you requested is not allowed. in /var/www/html/blog/system/HTTP/ResponseTrait.php:709
Stack trace:
#0 /var/www/html/blog/system/HTTP/ResponseTrait.php(709): CodeIgniter\Security\Exceptions\SecurityException::forDisallowedAction()
#1 /var/www/html/blog/system/HTTP/ResponseTrait.php(699): CodeIgniter\HTTP\Response->dispatchCookies()
#2 /var/www/html/blog/system/HTTP/ResponseTrait.php(443): CodeIgniter\HTTP\Response->sendCookies()
#3 /var/www/html/blog/system/Debug/Exceptions.php(115): CodeIgniter\HTTP\Response->send()
#4 [internal function]: CodeIgniter\Debug\Exceptions->exceptionHandler(Object(CodeIgniter\Security\Exceptions\SecurityException))
#5 {main}
  thrown
#0 [internal function]: CodeIgniter\Debug\Exceptions->shutdownHandler()
#1 {main}
CRITICAL - 2023-08-28 00:57:41 --> The action you requested is not allowed.
#0 /var/www/html/blog/system/HTTP/ResponseTrait.php(709): CodeIgniter\Security\Exceptions\SecurityException::forDisallowedAction()
#1 /var/www/html/blog/system/HTTP/ResponseTrait.php(699): CodeIgniter\HTTP\Response->dispatchCookies()
#2 /var/www/html/blog/system/HTTP/ResponseTrait.php(443): CodeIgniter\HTTP\Response->sendCookies()
#3 /var/www/html/blog/system/CodeIgniter.php(998): CodeIgniter\HTTP\Response->send()
#4 /var/www/html/blog/system/CodeIgniter.php(865): CodeIgniter\CodeIgniter->sendResponse()
#5 /var/www/html/blog/system/CodeIgniter.php(340): CodeIgniter\CodeIgniter->display404errors(Object(CodeIgniter\Exceptions\PageNotFoundException))
#6 /var/www/html/index.php(37): CodeIgniter\CodeIgniter->run()
#7 {main}
CRITICAL - 2023-08-28 02:06:48 --> The action you requested is not allowed.
#0 /var/www/html/blog/system/HTTP/ResponseTrait.php(709): CodeIgniter\Security\Exceptions\SecurityException::forDisallowedAction()
#1 /var/www/html/blog/system/HTTP/ResponseTrait.php(699): CodeIgniter\HTTP\Response->dispatchCookies()
#2 /var/www/html/blog/system/HTTP/ResponseTrait.php(443): CodeIgniter\HTTP\Response->sendCookies()
#3 /var/www/html/blog/system/CodeIgniter.php(998): CodeIgniter\HTTP\Response->send()
#4 /var/www/html/blog/system/CodeIgniter.php(458): CodeIgniter\CodeIgniter->sendResponse()
#5 /var/www/html/blog/system/CodeIgniter.php(326): CodeIgniter\CodeIgniter->handleRequest(NULL, Object(Config\Cache), false)
#6 /var/www/html/index.php(37): CodeIgniter\CodeIgniter->run()
#7 {main}
CRITICAL - 2023-08-28 02:06:48 --> Uncaught CodeIgniter\Security\Exceptions\SecurityException: The action you requested is not allowed. in /var/www/html/blog/system/HTTP/ResponseTrait.php:709
Stack trace:
#0 /var/www/html/blog/system/HTTP/ResponseTrait.php(709): CodeIgniter\Security\Exceptions\SecurityException::forDisallowedAction()
#1 /var/www/html/blog/system/HTTP/ResponseTrait.php(699): CodeIgniter\HTTP\Response->dispatchCookies()
#2 /var/www/html/blog/system/HTTP/ResponseTrait.php(443): CodeIgniter\HTTP\Response->sendCookies()
#3 /var/www/html/blog/system/Debug/Exceptions.php(115): CodeIgniter\HTTP\Response->send()
#4 [internal function]: CodeIgniter\Debug\Exceptions->exceptionHandler(Object(CodeIgniter\Security\Exceptions\SecurityException))
#5 {main}
  thrown
#0 [internal function]: CodeIgniter\Debug\Exceptions->shutdownHandler()
#1 {main}
CRITICAL - 2023-08-28 02:17:58 --> The action you requested is not allowed.
#0 /var/www/html/blog/system/HTTP/ResponseTrait.php(709): CodeIgniter\Security\Exceptions\SecurityException::forDisallowedAction()
#1 /var/www/html/blog/system/HTTP/ResponseTrait.php(699): CodeIgniter\HTTP\Response->dispatchCookies()
#2 /var/www/html/blog/system/HTTP/ResponseTrait.php(443): CodeIgniter\HTTP\Response->sendCookies()
#3 /var/www/html/blog/system/CodeIgniter.php(998): CodeIgniter\HTTP\Response->send()
#4 /var/www/html/blog/system/CodeIgniter.php(458): CodeIgniter\CodeIgniter->sendResponse()
#5 /var/www/html/blog/system/CodeIgniter.php(326): CodeIgniter\CodeIgniter->handleRequest(NULL, Object(Config\Cache), false)
#6 /var/www/html/index.php(37): CodeIgniter\CodeIgniter->run()
#7 {main}
CRITICAL - 2023-08-28 02:17:58 --> Uncaught CodeIgniter\Security\Exceptions\SecurityException: The action you requested is not allowed. in /var/www/html/blog/system/HTTP/ResponseTrait.php:709
Stack trace:
#0 /var/www/html/blog/system/HTTP/ResponseTrait.php(709): CodeIgniter\Security\Exceptions\SecurityException::forDisallowedAction()
#1 /var/www/html/blog/system/HTTP/ResponseTrait.php(699): CodeIgniter\HTTP\Response->dispatchCookies()
#2 /var/www/html/blog/system/HTTP/ResponseTrait.php(443): CodeIgniter\HTTP\Response->sendCookies()
#3 /var/www/html/blog/system/Debug/Exceptions.php(115): CodeIgniter\HTTP\Response->send()
#4 [internal function]: CodeIgniter\Debug\Exceptions->exceptionHandler(Object(CodeIgniter\Security\Exceptions\SecurityException))
#5 {main}
  thrown
#0 [internal function]: CodeIgniter\Debug\Exceptions->shutdownHandler()
#1 {main}
CRITICAL - 2023-08-28 03:12:24 --> The action you requested is not allowed.
#0 /var/www/html/blog/system/HTTP/ResponseTrait.php(709): CodeIgniter\Security\Exceptions\SecurityException::forDisallowedAction()
#1 /var/www/html/blog/system/HTTP/ResponseTrait.php(699): CodeIgniter\HTTP\Response->dispatchCookies()
#2 /var/www/html/blog/system/HTTP/ResponseTrait.php(443): CodeIgniter\HTTP\Response->sendCookies()
#3 /var/www/html/blog/system/CodeIgniter.php(998): CodeIgniter\HTTP\Response->send()
#4 /var/www/html/blog/system/CodeIgniter.php(865): CodeIgniter\CodeIgniter->sendResponse()
#5 /var/www/html/blog/system/CodeIgniter.php(340): CodeIgniter\CodeIgniter->display404errors(Object(CodeIgniter\Exceptions\PageNotFoundException))
#6 /var/www/html/index.php(37): CodeIgniter\CodeIgniter->run()
#7 {main}
CRITICAL - 2023-08-28 03:12:24 --> Uncaught CodeIgniter\Security\Exceptions\SecurityException: The action you requested is not allowed. in /var/www/html/blog/system/HTTP/ResponseTrait.php:709
Stack trace:
#0 /var/www/html/blog/system/HTTP/ResponseTrait.php(709): CodeIgniter\Security\Exceptions\SecurityException::forDisallowedAction()
#1 /var/www/html/blog/system/HTTP/ResponseTrait.php(699): CodeIgniter\HTTP\Response->dispatchCookies()
#2 /var/www/html/blog/system/HTTP/ResponseTrait.php(443): CodeIgniter\HTTP\Response->sendCookies()
#3 /var/www/html/blog/system/Debug/Exceptions.php(115): CodeIgniter\HTTP\Response->send()
#4 [internal function]: CodeIgniter\Debug\Exceptions->exceptionHandler(Object(CodeIgniter\Security\Exceptions\SecurityException))
#5 {main}
  thrown
#0 [internal function]: CodeIgniter\Debug\Exceptions->shutdownHandler()
#1 {main}
CRITICAL - 2023-08-28 03:13:19 --> The action you requested is not allowed.
#0 /var/www/html/blog/system/HTTP/ResponseTrait.php(709): CodeIgniter\Security\Exceptions\SecurityException::forDisallowedAction()
#1 /var/www/html/blog/system/HTTP/ResponseTrait.php(699): CodeIgniter\HTTP\Response->dispatchCookies()
#2 /var/www/html/blog/system/HTTP/ResponseTrait.php(443): CodeIgniter\HTTP\Response->sendCookies()
#3 /var/www/html/blog/system/CodeIgniter.php(998): CodeIgniter\HTTP\Response->send()
#4 /var/www/html/blog/system/CodeIgniter.php(865): CodeIgniter\CodeIgniter->sendResponse()
#5 /var/www/html/blog/system/CodeIgniter.php(340): CodeIgniter\CodeIgniter->display404errors(Object(CodeIgniter\Exceptions\PageNotFoundException))
#6 /var/www/html/index.php(37): CodeIgniter\CodeIgniter->run()
#7 {main}
CRITICAL - 2023-08-28 03:13:19 --> Uncaught CodeIgniter\Security\Exceptions\SecurityException: The action you requested is not allowed. in /var/www/html/blog/system/HTTP/ResponseTrait.php:709
Stack trace:
#0 /var/www/html/blog/system/HTTP/ResponseTrait.php(709): CodeIgniter\Security\Exceptions\SecurityException::forDisallowedAction()
#1 /var/www/html/blog/system/HTTP/ResponseTrait.php(699): CodeIgniter\HTTP\Response->dispatchCookies()
#2 /var/www/html/blog/system/HTTP/ResponseTrait.php(443): CodeIgniter\HTTP\Response->sendCookies()
#3 /var/www/html/blog/system/Debug/Exceptions.php(115): CodeIgniter\HTTP\Response->send()
#4 [internal function]: CodeIgniter\Debug\Exceptions->exceptionHandler(Object(CodeIgniter\Security\Exceptions\SecurityException))
#5 {main}
  thrown
#0 [internal function]: CodeIgniter\Debug\Exceptions->shutdownHandler()
#1 {main}
CRITICAL - 2023-08-28 04:39:53 --> The action you requested is not allowed.
#0 /var/www/html/blog/system/HTTP/ResponseTrait.php(709): CodeIgniter\Security\Exceptions\SecurityException::forDisallowedAction()
#1 /var/www/html/blog/system/HTTP/ResponseTrait.php(699): CodeIgniter\HTTP\Response->dispatchCookies()
#2 /var/www/html/blog/system/HTTP/ResponseTrait.php(443): CodeIgniter\HTTP\Response->sendCookies()
#3 /var/www/html/blog/system/CodeIgniter.php(998): CodeIgniter\HTTP\Response->send()
#4 /var/www/html/blog/system/CodeIgniter.php(458): CodeIgniter\CodeIgniter->sendResponse()
#5 /var/www/html/blog/system/CodeIgniter.php(326): CodeIgniter\CodeIgniter->handleRequest(NULL, Object(Config\Cache), false)
#6 /var/www/html/index.php(37): CodeIgniter\CodeIgniter->run()
#7 {main}
CRITICAL - 2023-08-28 04:39:53 --> Uncaught CodeIgniter\Security\Exceptions\SecurityException: The action you requested is not allowed. in /var/www/html/blog/system/HTTP/ResponseTrait.php:709
Stack trace:
#0 /var/www/html/blog/system/HTTP/ResponseTrait.php(709): CodeIgniter\Security\Exceptions\SecurityException::forDisallowedAction()
#1 /var/www/html/blog/system/HTTP/ResponseTrait.php(699): CodeIgniter\HTTP\Response->dispatchCookies()
#2 /var/www/html/blog/system/HTTP/ResponseTrait.php(443): CodeIgniter\HTTP\Response->sendCookies()
#3 /var/www/html/blog/system/Debug/Exceptions.php(115): CodeIgniter\HTTP\Response->send()
#4 [internal function]: CodeIgniter\Debug\Exceptions->exceptionHandler(Object(CodeIgniter\Security\Exceptions\SecurityException))
#5 {main}
  thrown
#0 [internal function]: CodeIgniter\Debug\Exceptions->shutdownHandler()
#1 {main}
CRITICAL - 2023-08-28 04:46:42 --> The action you requested is not allowed.
#0 /var/www/html/blog/system/HTTP/ResponseTrait.php(709): CodeIgniter\Security\Exceptions\SecurityException::forDisallowedAction()
#1 /var/www/html/blog/system/HTTP/ResponseTrait.php(699): CodeIgniter\HTTP\Response->dispatchCookies()
#2 /var/www/html/blog/system/HTTP/ResponseTrait.php(443): CodeIgniter\HTTP\Response->sendCookies()
#3 /var/www/html/blog/system/CodeIgniter.php(998): CodeIgniter\HTTP\Response->send()
#4 /var/www/html/blog/system/CodeIgniter.php(458): CodeIgniter\CodeIgniter->sendResponse()
#5 /var/www/html/blog/system/CodeIgniter.php(326): CodeIgniter\CodeIgniter->handleRequest(NULL, Object(Config\Cache), false)
#6 /var/www/html/index.php(37): CodeIgniter\CodeIgniter->run()
#7 {main}
CRITICAL - 2023-08-28 04:46:42 --> Uncaught CodeIgniter\Security\Exceptions\SecurityException: The action you requested is not allowed. in /var/www/html/blog/system/HTTP/ResponseTrait.php:709
Stack trace:
#0 /var/www/html/blog/system/HTTP/ResponseTrait.php(709): CodeIgniter\Security\Exceptions\SecurityException::forDisallowedAction()
#1 /var/www/html/blog/system/HTTP/ResponseTrait.php(699): CodeIgniter\HTTP\Response->dispatchCookies()
#2 /var/www/html/blog/system/HTTP/ResponseTrait.php(443): CodeIgniter\HTTP\Response->sendCookies()
#3 /var/www/html/blog/system/Debug/Exceptions.php(115): CodeIgniter\HTTP\Response->send()
#4 [internal function]: CodeIgniter\Debug\Exceptions->exceptionHandler(Object(CodeIgniter\Security\Exceptions\SecurityException))
#5 {main}
  thrown
#0 [internal function]: CodeIgniter\Debug\Exceptions->shutdownHandler()
#1 {main}
CRITICAL - 2023-08-28 05:21:25 --> The action you requested is not allowed.
#0 /var/www/html/blog/system/HTTP/ResponseTrait.php(709): CodeIgniter\Security\Exceptions\SecurityException::forDisallowedAction()
#1 /var/www/html/blog/system/HTTP/ResponseTrait.php(699): CodeIgniter\HTTP\Response->dispatchCookies()
#2 /var/www/html/blog/system/HTTP/ResponseTrait.php(443): CodeIgniter\HTTP\Response->sendCookies()
#3 /var/www/html/blog/system/CodeIgniter.php(998): CodeIgniter\HTTP\Response->send()
#4 /var/www/html/blog/system/CodeIgniter.php(458): CodeIgniter\CodeIgniter->sendResponse()
#5 /var/www/html/blog/system/CodeIgniter.php(326): CodeIgniter\CodeIgniter->handleRequest(NULL, Object(Config\Cache), false)
#6 /var/www/html/index.php(37): CodeIgniter\CodeIgniter->run()
#7 {main}
CRITICAL - 2023-08-28 05:21:25 --> Uncaught CodeIgniter\Security\Exceptions\SecurityException: The action you requested is not allowed. in /var/www/html/blog/system/HTTP/ResponseTrait.php:709
Stack trace:
#0 /var/www/html/blog/system/HTTP/ResponseTrait.php(709): CodeIgniter\Security\Exceptions\SecurityException::forDisallowedAction()
#1 /var/www/html/blog/system/HTTP/ResponseTrait.php(699): CodeIgniter\HTTP\Response->dispatchCookies()
#2 /var/www/html/blog/system/HTTP/ResponseTrait.php(443): CodeIgniter\HTTP\Response->sendCookies()
#3 /var/www/html/blog/system/Debug/Exceptions.php(115): CodeIgniter\HTTP\Response->send()
#4 [internal function]: CodeIgniter\Debug\Exceptions->exceptionHandler(Object(CodeIgniter\Security\Exceptions\SecurityException))
#5 {main}
  thrown
#0 [internal function]: CodeIgniter\Debug\Exceptions->shutdownHandler()
#1 {main}
CRITICAL - 2023-08-28 05:30:53 --> The action you requested is not allowed.
#0 /var/www/html/blog/system/HTTP/ResponseTrait.php(709): CodeIgniter\Security\Exceptions\SecurityException::forDisallowedAction()
#1 /var/www/html/blog/system/HTTP/ResponseTrait.php(699): CodeIgniter\HTTP\Response->dispatchCookies()
#2 /var/www/html/blog/system/HTTP/ResponseTrait.php(443): CodeIgniter\HTTP\Response->sendCookies()
#3 /var/www/html/blog/system/CodeIgniter.php(998): CodeIgniter\HTTP\Response->send()
#4 /var/www/html/blog/system/CodeIgniter.php(865): CodeIgniter\CodeIgniter->sendResponse()
#5 /var/www/html/blog/system/CodeIgniter.php(340): CodeIgniter\CodeIgniter->display404errors(Object(CodeIgniter\Exceptions\PageNotFoundException))
#6 /var/www/html/index.php(37): CodeIgniter\CodeIgniter->run()
#7 {main}
CRITICAL - 2023-08-28 05:30:53 --> Uncaught CodeIgniter\Security\Exceptions\SecurityException: The action you requested is not allowed. in /var/www/html/blog/system/HTTP/ResponseTrait.php:709
Stack trace:
#0 /var/www/html/blog/system/HTTP/ResponseTrait.php(709): CodeIgniter\Security\Exceptions\SecurityException::forDisallowedAction()
#1 /var/www/html/blog/system/HTTP/ResponseTrait.php(699): CodeIgniter\HTTP\Response->dispatchCookies()
#2 /var/www/html/blog/system/HTTP/ResponseTrait.php(443): CodeIgniter\HTTP\Response->sendCookies()
#3 /var/www/html/blog/system/Debug/Exceptions.php(115): CodeIgniter\HTTP\Response->send()
#4 [internal function]: CodeIgniter\Debug\Exceptions->exceptionHandler(Object(CodeIgniter\Security\Exceptions\SecurityException))
#5 {main}
  thrown
#0 [internal function]: CodeIgniter\Debug\Exceptions->shutdownHandler()
#1 {main}
CRITICAL - 2023-08-28 05:30:54 --> The action you requested is not allowed.
#0 /var/www/html/blog/system/HTTP/ResponseTrait.php(709): CodeIgniter\Security\Exceptions\SecurityException::forDisallowedAction()
#1 /var/www/html/blog/system/HTTP/ResponseTrait.php(699): CodeIgniter\HTTP\Response->dispatchCookies()
#2 /var/www/html/blog/system/HTTP/ResponseTrait.php(443): CodeIgniter\HTTP\Response->sendCookies()
#3 /var/www/html/blog/system/CodeIgniter.php(998): CodeIgniter\HTTP\Response->send()
#4 /var/www/html/blog/system/CodeIgniter.php(865): CodeIgniter\CodeIgniter->sendResponse()
#5 /var/www/html/blog/system/CodeIgniter.php(340): CodeIgniter\CodeIgniter->display404errors(Object(CodeIgniter\Exceptions\PageNotFoundException))
#6 /var/www/html/index.php(37): CodeIgniter\CodeIgniter->run()
#7 {main}
CRITICAL - 2023-08-28 05:30:54 --> Uncaught CodeIgniter\Security\Exceptions\SecurityException: The action you requested is not allowed. in /var/www/html/blog/system/HTTP/ResponseTrait.php:709
Stack trace:
#0 /var/www/html/blog/system/HTTP/ResponseTrait.php(709): CodeIgniter\Security\Exceptions\SecurityException::forDisallowedAction()
#1 /var/www/html/blog/system/HTTP/ResponseTrait.php(699): CodeIgniter\HTTP\Response->dispatchCookies()
#2 /var/www/html/blog/system/HTTP/ResponseTrait.php(443): CodeIgniter\HTTP\Response->sendCookies()
#3 /var/www/html/blog/system/Debug/Exceptions.php(115): CodeIgniter\HTTP\Response->send()
#4 [internal function]: CodeIgniter\Debug\Exceptions->exceptionHandler(Object(CodeIgniter\Security\Exceptions\SecurityException))
#5 {main}
  thrown
#0 [internal function]: CodeIgniter\Debug\Exceptions->shutdownHandler()
#1 {main}
CRITICAL - 2023-08-28 05:30:59 --> The action you requested is not allowed.
#0 /var/www/html/blog/system/HTTP/ResponseTrait.php(709): CodeIgniter\Security\Exceptions\SecurityException::forDisallowedAction()
#1 /var/www/html/blog/system/HTTP/ResponseTrait.php(699): CodeIgniter\HTTP\Response->dispatchCookies()
#2 /var/www/html/blog/system/HTTP/ResponseTrait.php(443): CodeIgniter\HTTP\Response->sendCookies()
#3 /var/www/html/blog/system/CodeIgniter.php(998): CodeIgniter\HTTP\Response->send()
#4 /var/www/html/blog/system/CodeIgniter.php(865): CodeIgniter\CodeIgniter->sendResponse()
#5 /var/www/html/blog/system/CodeIgniter.php(340): CodeIgniter\CodeIgniter->display404errors(Object(CodeIgniter\Exceptions\PageNotFoundException))
#6 /var/www/html/index.php(37): CodeIgniter\CodeIgniter->run()
#7 {main}
CRITICAL - 2023-08-28 05:30:59 --> Uncaught CodeIgniter\Security\Exceptions\SecurityException: The action you requested is not allowed. in /var/www/html/blog/system/HTTP/ResponseTrait.php:709
Stack trace:
#0 /var/www/html/blog/system/HTTP/ResponseTrait.php(709): CodeIgniter\Security\Exceptions\SecurityException::forDisallowedAction()
#1 /var/www/html/blog/system/HTTP/ResponseTrait.php(699): CodeIgniter\HTTP\Response->dispatchCookies()
#2 /var/www/html/blog/system/HTTP/ResponseTrait.php(443): CodeIgniter\HTTP\Response->sendCookies()
#3 /var/www/html/blog/system/Debug/Exceptions.php(115): CodeIgniter\HTTP\Response->send()
#4 [internal function]: CodeIgniter\Debug\Exceptions->exceptionHandler(Object(CodeIgniter\Security\Exceptions\SecurityException))
#5 {main}
  thrown
#0 [internal function]: CodeIgniter\Debug\Exceptions->shutdownHandler()
#1 {main}
CRITICAL - 2023-08-28 05:39:33 --> The action you requested is not allowed.
#0 /var/www/html/blog/system/HTTP/ResponseTrait.php(709): CodeIgniter\Security\Exceptions\SecurityException::forDisallowedAction()
#1 /var/www/html/blog/system/HTTP/ResponseTrait.php(699): CodeIgniter\HTTP\Response->dispatchCookies()
#2 /var/www/html/blog/system/HTTP/ResponseTrait.php(443): CodeIgniter\HTTP\Response->sendCookies()
#3 /var/www/html/blog/system/CodeIgniter.php(998): CodeIgniter\HTTP\Response->send()
#4 /var/www/html/blog/system/CodeIgniter.php(865): CodeIgniter\CodeIgniter->sendResponse()
#5 /var/www/html/blog/system/CodeIgniter.php(340): CodeIgniter\CodeIgniter->display404errors(Object(CodeIgniter\Exceptions\PageNotFoundException))
#6 /var/www/html/index.php(37): CodeIgniter\CodeIgniter->run()
#7 {main}
CRITICAL - 2023-08-28 08:37:01 --> The action you requested is not allowed.
#0 /var/www/html/blog/system/HTTP/ResponseTrait.php(709): CodeIgniter\Security\Exceptions\SecurityException::forDisallowedAction()
#1 /var/www/html/blog/system/HTTP/ResponseTrait.php(699): CodeIgniter\HTTP\Response->dispatchCookies()
#2 /var/www/html/blog/system/HTTP/ResponseTrait.php(443): CodeIgniter\HTTP\Response->sendCookies()
#3 /var/www/html/blog/system/CodeIgniter.php(998): CodeIgniter\HTTP\Response->send()
#4 /var/www/html/blog/system/CodeIgniter.php(458): CodeIgniter\CodeIgniter->sendResponse()
#5 /var/www/html/blog/system/CodeIgniter.php(326): CodeIgniter\CodeIgniter->handleRequest(NULL, Object(Config\Cache), false)
#6 /var/www/html/index.php(37): CodeIgniter\CodeIgniter->run()
#7 {main}
CRITICAL - 2023-08-28 08:37:01 --> Uncaught CodeIgniter\Security\Exceptions\SecurityException: The action you requested is not allowed. in /var/www/html/blog/system/HTTP/ResponseTrait.php:709
Stack trace:
#0 /var/www/html/blog/system/HTTP/ResponseTrait.php(709): CodeIgniter\Security\Exceptions\SecurityException::forDisallowedAction()
#1 /var/www/html/blog/system/HTTP/ResponseTrait.php(699): CodeIgniter\HTTP\Response->dispatchCookies()
#2 /var/www/html/blog/system/HTTP/ResponseTrait.php(443): CodeIgniter\HTTP\Response->sendCookies()
#3 /var/www/html/blog/system/Debug/Exceptions.php(115): CodeIgniter\HTTP\Response->send()
#4 [internal function]: CodeIgniter\Debug\Exceptions->exceptionHandler(Object(CodeIgniter\Security\Exceptions\SecurityException))
#5 {main}
  thrown
#0 [internal function]: CodeIgniter\Debug\Exceptions->shutdownHandler()
#1 {main}
CRITICAL - 2023-08-28 08:57:19 --> The action you requested is not allowed.
#0 /var/www/html/blog/system/HTTP/ResponseTrait.php(709): CodeIgniter\Security\Exceptions\SecurityException::forDisallowedAction()
#1 /var/www/html/blog/system/HTTP/ResponseTrait.php(699): CodeIgniter\HTTP\Response->dispatchCookies()
#2 /var/www/html/blog/system/HTTP/ResponseTrait.php(443): CodeIgniter\HTTP\Response->sendCookies()
#3 /var/www/html/blog/system/CodeIgniter.php(998): CodeIgniter\HTTP\Response->send()
#4 /var/www/html/blog/system/CodeIgniter.php(458): CodeIgniter\CodeIgniter->sendResponse()
#5 /var/www/html/blog/system/CodeIgniter.php(326): CodeIgniter\CodeIgniter->handleRequest(NULL, Object(Config\Cache), false)
#6 /var/www/html/index.php(37): CodeIgniter\CodeIgniter->run()
#7 {main}
CRITICAL - 2023-08-28 08:57:19 --> Uncaught CodeIgniter\Security\Exceptions\SecurityException: The action you requested is not allowed. in /var/www/html/blog/system/HTTP/ResponseTrait.php:709
Stack trace:
#0 /var/www/html/blog/system/HTTP/ResponseTrait.php(709): CodeIgniter\Security\Exceptions\SecurityException::forDisallowedAction()
#1 /var/www/html/blog/system/HTTP/ResponseTrait.php(699): CodeIgniter\HTTP\Response->dispatchCookies()
#2 /var/www/html/blog/system/HTTP/ResponseTrait.php(443): CodeIgniter\HTTP\Response->sendCookies()
#3 /var/www/html/blog/system/Debug/Exceptions.php(115): CodeIgniter\HTTP\Response->send()
#4 [internal function]: CodeIgniter\Debug\Exceptions->exceptionHandler(Object(CodeIgniter\Security\Exceptions\SecurityException))
#5 {main}
  thrown
#0 [internal function]: CodeIgniter\Debug\Exceptions->shutdownHandler()
#1 {main}
CRITICAL - 2023-08-28 12:28:01 --> The action you requested is not allowed.
#0 /var/www/html/blog/system/HTTP/ResponseTrait.php(709): CodeIgniter\Security\Exceptions\SecurityException::forDisallowedAction()
#1 /var/www/html/blog/system/HTTP/ResponseTrait.php(699): CodeIgniter\HTTP\Response->dispatchCookies()
#2 /var/www/html/blog/system/HTTP/ResponseTrait.php(443): CodeIgniter\HTTP\Response->sendCookies()
#3 /var/www/html/blog/system/CodeIgniter.php(998): CodeIgniter\HTTP\Response->send()
#4 /var/www/html/blog/system/CodeIgniter.php(865): CodeIgniter\CodeIgniter->sendResponse()
#5 /var/www/html/blog/system/CodeIgniter.php(340): CodeIgniter\CodeIgniter->display404errors(Object(CodeIgniter\Exceptions\PageNotFoundException))
#6 /var/www/html/index.php(37): CodeIgniter\CodeIgniter->run()
#7 {main}
CRITICAL - 2023-08-28 12:28:01 --> The action you requested is not allowed.
#0 /var/www/html/blog/system/HTTP/ResponseTrait.php(709): CodeIgniter\Security\Exceptions\SecurityException::forDisallowedAction()
#1 /var/www/html/blog/system/HTTP/ResponseTrait.php(699): CodeIgniter\HTTP\Response->dispatchCookies()
#2 /var/www/html/blog/system/HTTP/ResponseTrait.php(443): CodeIgniter\HTTP\Response->sendCookies()
#3 /var/www/html/blog/system/CodeIgniter.php(998): CodeIgniter\HTTP\Response->send()
#4 /var/www/html/blog/system/CodeIgniter.php(865): CodeIgniter\CodeIgniter->sendResponse()
#5 /var/www/html/blog/system/CodeIgniter.php(340): CodeIgniter\CodeIgniter->display404errors(Object(CodeIgniter\Exceptions\PageNotFoundException))
#6 /var/www/html/index.php(37): CodeIgniter\CodeIgniter->run()
#7 {main}
CRITICAL - 2023-08-28 13:57:06 --> The action you requested is not allowed.
#0 /var/www/html/blog/system/HTTP/ResponseTrait.php(709): CodeIgniter\Security\Exceptions\SecurityException::forDisallowedAction()
#1 /var/www/html/blog/system/HTTP/ResponseTrait.php(699): CodeIgniter\HTTP\Response->dispatchCookies()
#2 /var/www/html/blog/system/HTTP/ResponseTrait.php(443): CodeIgniter\HTTP\Response->sendCookies()
#3 /var/www/html/blog/system/CodeIgniter.php(998): CodeIgniter\HTTP\Response->send()
#4 /var/www/html/blog/system/CodeIgniter.php(865): CodeIgniter\CodeIgniter->sendResponse()
#5 /var/www/html/blog/system/CodeIgniter.php(340): CodeIgniter\CodeIgniter->display404errors(Object(CodeIgniter\Exceptions\PageNotFoundException))
#6 /var/www/html/index.php(37): CodeIgniter\CodeIgniter->run()
#7 {main}
CRITICAL - 2023-08-28 14:46:45 --> The action you requested is not allowed.
#0 /var/www/html/blog/system/HTTP/ResponseTrait.php(709): CodeIgniter\Security\Exceptions\SecurityException::forDisallowedAction()
#1 /var/www/html/blog/system/HTTP/ResponseTrait.php(699): CodeIgniter\HTTP\Response->dispatchCookies()
#2 /var/www/html/blog/system/HTTP/ResponseTrait.php(443): CodeIgniter\HTTP\Response->sendCookies()
#3 /var/www/html/blog/system/CodeIgniter.php(998): CodeIgniter\HTTP\Response->send()
#4 /var/www/html/blog/system/CodeIgniter.php(458): CodeIgniter\CodeIgniter->sendResponse()
#5 /var/www/html/blog/system/CodeIgniter.php(326): CodeIgniter\CodeIgniter->handleRequest(NULL, Object(Config\Cache), false)
#6 /var/www/html/index.php(37): CodeIgniter\CodeIgniter->run()
#7 {main}
CRITICAL - 2023-08-28 14:46:45 --> Uncaught CodeIgniter\Security\Exceptions\SecurityException: The action you requested is not allowed. in /var/www/html/blog/system/HTTP/ResponseTrait.php:709
Stack trace:
#0 /var/www/html/blog/system/HTTP/ResponseTrait.php(709): CodeIgniter\Security\Exceptions\SecurityException::forDisallowedAction()
#1 /var/www/html/blog/system/HTTP/ResponseTrait.php(699): CodeIgniter\HTTP\Response->dispatchCookies()
#2 /var/www/html/blog/system/HTTP/ResponseTrait.php(443): CodeIgniter\HTTP\Response->sendCookies()
#3 /var/www/html/blog/system/Debug/Exceptions.php(115): CodeIgniter\HTTP\Response->send()
#4 [internal function]: CodeIgniter\Debug\Exceptions->exceptionHandler(Object(CodeIgniter\Security\Exceptions\SecurityException))
#5 {main}
  thrown
#0 [internal function]: CodeIgniter\Debug\Exceptions->shutdownHandler()
#1 {main}
CRITICAL - 2023-08-28 14:47:34 --> The action you requested is not allowed.
#0 /var/www/html/blog/system/HTTP/ResponseTrait.php(709): CodeIgniter\Security\Exceptions\SecurityException::forDisallowedAction()
#1 /var/www/html/blog/system/HTTP/ResponseTrait.php(699): CodeIgniter\HTTP\Response->dispatchCookies()
#2 /var/www/html/blog/system/HTTP/ResponseTrait.php(443): CodeIgniter\HTTP\Response->sendCookies()
#3 /var/www/html/blog/system/CodeIgniter.php(998): CodeIgniter\HTTP\Response->send()
#4 /var/www/html/blog/system/CodeIgniter.php(458): CodeIgniter\CodeIgniter->sendResponse()
#5 /var/www/html/blog/system/CodeIgniter.php(326): CodeIgniter\CodeIgniter->handleRequest(NULL, Object(Config\Cache), false)
#6 /var/www/html/index.php(37): CodeIgniter\CodeIgniter->run()
#7 {main}
CRITICAL - 2023-08-28 15:46:34 --> The action you requested is not allowed.
#0 /var/www/html/blog/system/HTTP/ResponseTrait.php(709): CodeIgniter\Security\Exceptions\SecurityException::forDisallowedAction()
#1 /var/www/html/blog/system/HTTP/ResponseTrait.php(699): CodeIgniter\HTTP\Response->dispatchCookies()
#2 /var/www/html/blog/system/HTTP/ResponseTrait.php(443): CodeIgniter\HTTP\Response->sendCookies()
#3 /var/www/html/blog/system/CodeIgniter.php(998): CodeIgniter\HTTP\Response->send()
#4 /var/www/html/blog/system/CodeIgniter.php(458): CodeIgniter\CodeIgniter->sendResponse()
#5 /var/www/html/blog/system/CodeIgniter.php(326): CodeIgniter\CodeIgniter->handleRequest(NULL, Object(Config\Cache), false)
#6 /var/www/html/index.php(37): CodeIgniter\CodeIgniter->run()
#7 {main}
CRITICAL - 2023-08-28 15:46:34 --> Uncaught CodeIgniter\Security\Exceptions\SecurityException: The action you requested is not allowed. in /var/www/html/blog/system/HTTP/ResponseTrait.php:709
Stack trace:
#0 /var/www/html/blog/system/HTTP/ResponseTrait.php(709): CodeIgniter\Security\Exceptions\SecurityException::forDisallowedAction()
#1 /var/www/html/blog/system/HTTP/ResponseTrait.php(699): CodeIgniter\HTTP\Response->dispatchCookies()
#2 /var/www/html/blog/system/HTTP/ResponseTrait.php(443): CodeIgniter\HTTP\Response->sendCookies()
#3 /var/www/html/blog/system/Debug/Exceptions.php(115): CodeIgniter\HTTP\Response->send()
#4 [internal function]: CodeIgniter\Debug\Exceptions->exceptionHandler(Object(CodeIgniter\Security\Exceptions\SecurityException))
#5 {main}
  thrown
#0 [internal function]: CodeIgniter\Debug\Exceptions->shutdownHandler()
#1 {main}
CRITICAL - 2023-08-28 15:54:29 --> The action you requested is not allowed.
#0 /var/www/html/blog/system/HTTP/ResponseTrait.php(709): CodeIgniter\Security\Exceptions\SecurityException::forDisallowedAction()
#1 /var/www/html/blog/system/HTTP/ResponseTrait.php(699): CodeIgniter\HTTP\Response->dispatchCookies()
#2 /var/www/html/blog/system/HTTP/ResponseTrait.php(443): CodeIgniter\HTTP\Response->sendCookies()
#3 /var/www/html/blog/system/CodeIgniter.php(998): CodeIgniter\HTTP\Response->send()
#4 /var/www/html/blog/system/CodeIgniter.php(458): CodeIgniter\CodeIgniter->sendResponse()
#5 /var/www/html/blog/system/CodeIgniter.php(326): CodeIgniter\CodeIgniter->handleRequest(NULL, Object(Config\Cache), false)
#6 /var/www/html/index.php(37): CodeIgniter\CodeIgniter->run()
#7 {main}
CRITICAL - 2023-08-28 15:54:29 --> Uncaught CodeIgniter\Security\Exceptions\SecurityException: The action you requested is not allowed. in /var/www/html/blog/system/HTTP/ResponseTrait.php:709
Stack trace:
#0 /var/www/html/blog/system/HTTP/ResponseTrait.php(709): CodeIgniter\Security\Exceptions\SecurityException::forDisallowedAction()
#1 /var/www/html/blog/system/HTTP/ResponseTrait.php(699): CodeIgniter\HTTP\Response->dispatchCookies()
#2 /var/www/html/blog/system/HTTP/ResponseTrait.php(443): CodeIgniter\HTTP\Response->sendCookies()
#3 /var/www/html/blog/system/Debug/Exceptions.php(115): CodeIgniter\HTTP\Response->send()
#4 [internal function]: CodeIgniter\Debug\Exceptions->exceptionHandler(Object(CodeIgniter\Security\Exceptions\SecurityException))
#5 {main}
  thrown
#0 [internal function]: CodeIgniter\Debug\Exceptions->shutdownHandler()
#1 {main}
CRITICAL - 2023-08-28 16:02:35 --> The action you requested is not allowed.
#0 /var/www/html/blog/system/HTTP/ResponseTrait.php(709): CodeIgniter\Security\Exceptions\SecurityException::forDisallowedAction()
#1 /var/www/html/blog/system/HTTP/ResponseTrait.php(699): CodeIgniter\HTTP\Response->dispatchCookies()
#2 /var/www/html/blog/system/HTTP/ResponseTrait.php(443): CodeIgniter\HTTP\Response->sendCookies()
#3 /var/www/html/blog/system/CodeIgniter.php(998): CodeIgniter\HTTP\Response->send()
#4 /var/www/html/blog/system/CodeIgniter.php(458): CodeIgniter\CodeIgniter->sendResponse()
#5 /var/www/html/blog/system/CodeIgniter.php(326): CodeIgniter\CodeIgniter->handleRequest(NULL, Object(Config\Cache), false)
#6 /var/www/html/index.php(37): CodeIgniter\CodeIgniter->run()
#7 {main}
CRITICAL - 2023-08-28 16:02:35 --> Uncaught CodeIgniter\Security\Exceptions\SecurityException: The action you requested is not allowed. in /var/www/html/blog/system/HTTP/ResponseTrait.php:709
Stack trace:
#0 /var/www/html/blog/system/HTTP/ResponseTrait.php(709): CodeIgniter\Security\Exceptions\SecurityException::forDisallowedAction()
#1 /var/www/html/blog/system/HTTP/ResponseTrait.php(699): CodeIgniter\HTTP\Response->dispatchCookies()
#2 /var/www/html/blog/system/HTTP/ResponseTrait.php(443): CodeIgniter\HTTP\Response->sendCookies()
#3 /var/www/html/blog/system/Debug/Exceptions.php(115): CodeIgniter\HTTP\Response->send()
#4 [internal function]: CodeIgniter\Debug\Exceptions->exceptionHandler(Object(CodeIgniter\Security\Exceptions\SecurityException))
#5 {main}
  thrown
#0 [internal function]: CodeIgniter\Debug\Exceptions->shutdownHandler()
#1 {main}
CRITICAL - 2023-08-28 16:41:41 --> The action you requested is not allowed.
#0 /var/www/html/blog/system/HTTP/ResponseTrait.php(709): CodeIgniter\Security\Exceptions\SecurityException::forDisallowedAction()
#1 /var/www/html/blog/system/HTTP/ResponseTrait.php(699): CodeIgniter\HTTP\Response->dispatchCookies()
#2 /var/www/html/blog/system/HTTP/ResponseTrait.php(443): CodeIgniter\HTTP\Response->sendCookies()
#3 /var/www/html/blog/system/CodeIgniter.php(998): CodeIgniter\HTTP\Response->send()
#4 /var/www/html/blog/system/CodeIgniter.php(458): CodeIgniter\CodeIgniter->sendResponse()
#5 /var/www/html/blog/system/CodeIgniter.php(326): CodeIgniter\CodeIgniter->handleRequest(NULL, Object(Config\Cache), false)
#6 /var/www/html/index.php(37): CodeIgniter\CodeIgniter->run()
#7 {main}
CRITICAL - 2023-08-28 16:41:41 --> Uncaught CodeIgniter\Security\Exceptions\SecurityException: The action you requested is not allowed. in /var/www/html/blog/system/HTTP/ResponseTrait.php:709
Stack trace:
#0 /var/www/html/blog/system/HTTP/ResponseTrait.php(709): CodeIgniter\Security\Exceptions\SecurityException::forDisallowedAction()
#1 /var/www/html/blog/system/HTTP/ResponseTrait.php(699): CodeIgniter\HTTP\Response->dispatchCookies()
#2 /var/www/html/blog/system/HTTP/ResponseTrait.php(443): CodeIgniter\HTTP\Response->sendCookies()
#3 /var/www/html/blog/system/Debug/Exceptions.php(115): CodeIgniter\HTTP\Response->send()
#4 [internal function]: CodeIgniter\Debug\Exceptions->exceptionHandler(Object(CodeIgniter\Security\Exceptions\SecurityException))
#5 {main}
  thrown
#0 [internal function]: CodeIgniter\Debug\Exceptions->shutdownHandler()
#1 {main}
CRITICAL - 2023-08-28 17:03:13 --> The action you requested is not allowed.
#0 /var/www/html/blog/system/HTTP/ResponseTrait.php(709): CodeIgniter\Security\Exceptions\SecurityException::forDisallowedAction()
#1 /var/www/html/blog/system/HTTP/ResponseTrait.php(699): CodeIgniter\HTTP\Response->dispatchCookies()
#2 /var/www/html/blog/system/HTTP/ResponseTrait.php(443): CodeIgniter\HTTP\Response->sendCookies()
#3 /var/www/html/blog/system/CodeIgniter.php(998): CodeIgniter\HTTP\Response->send()
#4 /var/www/html/blog/system/CodeIgniter.php(865): CodeIgniter\CodeIgniter->sendResponse()
#5 /var/www/html/blog/system/CodeIgniter.php(340): CodeIgniter\CodeIgniter->display404errors(Object(CodeIgniter\Exceptions\PageNotFoundException))
#6 /var/www/html/index.php(37): CodeIgniter\CodeIgniter->run()
#7 {main}
CRITICAL - 2023-08-28 17:11:50 --> The action you requested is not allowed.
#0 /var/www/html/blog/system/HTTP/ResponseTrait.php(709): CodeIgniter\Security\Exceptions\SecurityException::forDisallowedAction()
#1 /var/www/html/blog/system/HTTP/ResponseTrait.php(699): CodeIgniter\HTTP\Response->dispatchCookies()
#2 /var/www/html/blog/system/HTTP/ResponseTrait.php(443): CodeIgniter\HTTP\Response->sendCookies()
#3 /var/www/html/blog/system/CodeIgniter.php(998): CodeIgniter\HTTP\Response->send()
#4 /var/www/html/blog/system/CodeIgniter.php(865): CodeIgniter\CodeIgniter->sendResponse()
#5 /var/www/html/blog/system/CodeIgniter.php(340): CodeIgniter\CodeIgniter->display404errors(Object(CodeIgniter\Exceptions\PageNotFoundException))
#6 /var/www/html/index.php(37): CodeIgniter\CodeIgniter->run()
#7 {main}
CRITICAL - 2023-08-28 17:11:50 --> Uncaught CodeIgniter\Security\Exceptions\SecurityException: The action you requested is not allowed. in /var/www/html/blog/system/HTTP/ResponseTrait.php:709
Stack trace:
#0 /var/www/html/blog/system/HTTP/ResponseTrait.php(709): CodeIgniter\Security\Exceptions\SecurityException::forDisallowedAction()
#1 /var/www/html/blog/system/HTTP/ResponseTrait.php(699): CodeIgniter\HTTP\Response->dispatchCookies()
#2 /var/www/html/blog/system/HTTP/ResponseTrait.php(443): CodeIgniter\HTTP\Response->sendCookies()
#3 /var/www/html/blog/system/Debug/Exceptions.php(115): CodeIgniter\HTTP\Response->send()
#4 [internal function]: CodeIgniter\Debug\Exceptions->exceptionHandler(Object(CodeIgniter\Security\Exceptions\SecurityException))
#5 {main}
  thrown
#0 [internal function]: CodeIgniter\Debug\Exceptions->shutdownHandler()
#1 {main}
CRITICAL - 2023-08-28 17:13:29 --> The action you requested is not allowed.
#0 /var/www/html/blog/system/HTTP/ResponseTrait.php(709): CodeIgniter\Security\Exceptions\SecurityException::forDisallowedAction()
#1 /var/www/html/blog/system/HTTP/ResponseTrait.php(699): CodeIgniter\HTTP\Response->dispatchCookies()
#2 /var/www/html/blog/system/HTTP/ResponseTrait.php(443): CodeIgniter\HTTP\Response->sendCookies()
#3 /var/www/html/blog/system/CodeIgniter.php(998): CodeIgniter\HTTP\Response->send()
#4 /var/www/html/blog/system/CodeIgniter.php(865): CodeIgniter\CodeIgniter->sendResponse()
#5 /var/www/html/blog/system/CodeIgniter.php(340): CodeIgniter\CodeIgniter->display404errors(Object(CodeIgniter\Exceptions\PageNotFoundException))
#6 /var/www/html/index.php(37): CodeIgniter\CodeIgniter->run()
#7 {main}
CRITICAL - 2023-08-28 17:13:29 --> Uncaught CodeIgniter\Security\Exceptions\SecurityException: The action you requested is not allowed. in /var/www/html/blog/system/HTTP/ResponseTrait.php:709
Stack trace:
#0 /var/www/html/blog/system/HTTP/ResponseTrait.php(709): CodeIgniter\Security\Exceptions\SecurityException::forDisallowedAction()
#1 /var/www/html/blog/system/HTTP/ResponseTrait.php(699): CodeIgniter\HTTP\Response->dispatchCookies()
#2 /var/www/html/blog/system/HTTP/ResponseTrait.php(443): CodeIgniter\HTTP\Response->sendCookies()
#3 /var/www/html/blog/system/Debug/Exceptions.php(115): CodeIgniter\HTTP\Response->send()
#4 [internal function]: CodeIgniter\Debug\Exceptions->exceptionHandler(Object(CodeIgniter\Security\Exceptions\SecurityException))
#5 {main}
  thrown
#0 [internal function]: CodeIgniter\Debug\Exceptions->shutdownHandler()
#1 {main}
CRITICAL - 2023-08-28 17:47:36 --> The action you requested is not allowed.
#0 /var/www/html/blog/system/HTTP/ResponseTrait.php(709): CodeIgniter\Security\Exceptions\SecurityException::forDisallowedAction()
#1 /var/www/html/blog/system/HTTP/ResponseTrait.php(699): CodeIgniter\HTTP\Response->dispatchCookies()
#2 /var/www/html/blog/system/HTTP/ResponseTrait.php(443): CodeIgniter\HTTP\Response->sendCookies()
#3 /var/www/html/blog/system/CodeIgniter.php(998): CodeIgniter\HTTP\Response->send()
#4 /var/www/html/blog/system/CodeIgniter.php(458): CodeIgniter\CodeIgniter->sendResponse()
#5 /var/www/html/blog/system/CodeIgniter.php(326): CodeIgniter\CodeIgniter->handleRequest(NULL, Object(Config\Cache), false)
#6 /var/www/html/index.php(37): CodeIgniter\CodeIgniter->run()
#7 {main}
CRITICAL - 2023-08-28 17:47:36 --> Uncaught CodeIgniter\Security\Exceptions\SecurityException: The action you requested is not allowed. in /var/www/html/blog/system/HTTP/ResponseTrait.php:709
Stack trace:
#0 /var/www/html/blog/system/HTTP/ResponseTrait.php(709): CodeIgniter\Security\Exceptions\SecurityException::forDisallowedAction()
#1 /var/www/html/blog/system/HTTP/ResponseTrait.php(699): CodeIgniter\HTTP\Response->dispatchCookies()
#2 /var/www/html/blog/system/HTTP/ResponseTrait.php(443): CodeIgniter\HTTP\Response->sendCookies()
#3 /var/www/html/blog/system/Debug/Exceptions.php(115): CodeIgniter\HTTP\Response->send()
#4 [internal function]: CodeIgniter\Debug\Exceptions->exceptionHandler(Object(CodeIgniter\Security\Exceptions\SecurityException))
#5 {main}
  thrown
#0 [internal function]: CodeIgniter\Debug\Exceptions->shutdownHandler()
#1 {main}
CRITICAL - 2023-08-28 18:41:48 --> The action you requested is not allowed.
#0 /var/www/html/blog/system/HTTP/ResponseTrait.php(709): CodeIgniter\Security\Exceptions\SecurityException::forDisallowedAction()
#1 /var/www/html/blog/system/HTTP/ResponseTrait.php(699): CodeIgniter\HTTP\Response->dispatchCookies()
#2 /var/www/html/blog/system/HTTP/ResponseTrait.php(443): CodeIgniter\HTTP\Response->sendCookies()
#3 /var/www/html/blog/system/CodeIgniter.php(998): CodeIgniter\HTTP\Response->send()
#4 /var/www/html/blog/system/CodeIgniter.php(458): CodeIgniter\CodeIgniter->sendResponse()
#5 /var/www/html/blog/system/CodeIgniter.php(326): CodeIgniter\CodeIgniter->handleRequest(NULL, Object(Config\Cache), false)
#6 /var/www/html/index.php(37): CodeIgniter\CodeIgniter->run()
#7 {main}
CRITICAL - 2023-08-28 18:41:48 --> Uncaught CodeIgniter\Security\Exceptions\SecurityException: The action you requested is not allowed. in /var/www/html/blog/system/HTTP/ResponseTrait.php:709
Stack trace:
#0 /var/www/html/blog/system/HTTP/ResponseTrait.php(709): CodeIgniter\Security\Exceptions\SecurityException::forDisallowedAction()
#1 /var/www/html/blog/system/HTTP/ResponseTrait.php(699): CodeIgniter\HTTP\Response->dispatchCookies()
#2 /var/www/html/blog/system/HTTP/ResponseTrait.php(443): CodeIgniter\HTTP\Response->sendCookies()
#3 /var/www/html/blog/system/Debug/Exceptions.php(115): CodeIgniter\HTTP\Response->send()
#4 [internal function]: CodeIgniter\Debug\Exceptions->exceptionHandler(Object(CodeIgniter\Security\Exceptions\SecurityException))
#5 {main}
  thrown
#0 [internal function]: CodeIgniter\Debug\Exceptions->shutdownHandler()
#1 {main}
CRITICAL - 2023-08-28 20:09:19 --> The action you requested is not allowed.
#0 /var/www/html/blog/system/HTTP/ResponseTrait.php(709): CodeIgniter\Security\Exceptions\SecurityException::forDisallowedAction()
#1 /var/www/html/blog/system/HTTP/ResponseTrait.php(699): CodeIgniter\HTTP\Response->dispatchCookies()
#2 /var/www/html/blog/system/HTTP/ResponseTrait.php(443): CodeIgniter\HTTP\Response->sendCookies()
#3 /var/www/html/blog/system/CodeIgniter.php(998): CodeIgniter\HTTP\Response->send()
#4 /var/www/html/blog/system/CodeIgniter.php(865): CodeIgniter\CodeIgniter->sendResponse()
#5 /var/www/html/blog/system/CodeIgniter.php(340): CodeIgniter\CodeIgniter->display404errors(Object(CodeIgniter\Exceptions\PageNotFoundException))
#6 /var/www/html/index.php(37): CodeIgniter\CodeIgniter->run()
#7 {main}
CRITICAL - 2023-08-28 20:09:19 --> Uncaught CodeIgniter\Security\Exceptions\SecurityException: The action you requested is not allowed. in /var/www/html/blog/system/HTTP/ResponseTrait.php:709
Stack trace:
#0 /var/www/html/blog/system/HTTP/ResponseTrait.php(709): CodeIgniter\Security\Exceptions\SecurityException::forDisallowedAction()
#1 /var/www/html/blog/system/HTTP/ResponseTrait.php(699): CodeIgniter\HTTP\Response->dispatchCookies()
#2 /var/www/html/blog/system/HTTP/ResponseTrait.php(443): CodeIgniter\HTTP\Response->sendCookies()
#3 /var/www/html/blog/system/Debug/Exceptions.php(115): CodeIgniter\HTTP\Response->send()
#4 [internal function]: CodeIgniter\Debug\Exceptions->exceptionHandler(Object(CodeIgniter\Security\Exceptions\SecurityException))
#5 {main}
  thrown
#0 [internal function]: CodeIgniter\Debug\Exceptions->shutdownHandler()
#1 {main}
CRITICAL - 2023-08-28 21:33:29 --> The action you requested is not allowed.
#0 /var/www/html/blog/system/HTTP/ResponseTrait.php(709): CodeIgniter\Security\Exceptions\SecurityException::forDisallowedAction()
#1 /var/www/html/blog/system/HTTP/ResponseTrait.php(699): CodeIgniter\HTTP\Response->dispatchCookies()
#2 /var/www/html/blog/system/HTTP/ResponseTrait.php(443): CodeIgniter\HTTP\Response->sendCookies()
#3 /var/www/html/blog/system/CodeIgniter.php(998): CodeIgniter\HTTP\Response->send()
#4 /var/www/html/blog/system/CodeIgniter.php(865): CodeIgniter\CodeIgniter->sendResponse()
#5 /var/www/html/blog/system/CodeIgniter.php(340): CodeIgniter\CodeIgniter->display404errors(Object(CodeIgniter\Exceptions\PageNotFoundException))
#6 /var/www/html/index.php(37): CodeIgniter\CodeIgniter->run()
#7 {main}
CRITICAL - 2023-08-28 21:33:29 --> Uncaught CodeIgniter\Security\Exceptions\SecurityException: The action you requested is not allowed. in /var/www/html/blog/system/HTTP/ResponseTrait.php:709
Stack trace:
#0 /var/www/html/blog/system/HTTP/ResponseTrait.php(709): CodeIgniter\Security\Exceptions\SecurityException::forDisallowedAction()
#1 /var/www/html/blog/system/HTTP/ResponseTrait.php(699): CodeIgniter\HTTP\Response->dispatchCookies()
#2 /var/www/html/blog/system/HTTP/ResponseTrait.php(443): CodeIgniter\HTTP\Response->sendCookies()
#3 /var/www/html/blog/system/Debug/Exceptions.php(115): CodeIgniter\HTTP\Response->send()
#4 [internal function]: CodeIgniter\Debug\Exceptions->exceptionHandler(Object(CodeIgniter\Security\Exceptions\SecurityException))
#5 {main}
  thrown
#0 [internal function]: CodeIgniter\Debug\Exceptions->shutdownHandler()
#1 {main}
CRITICAL - 2023-08-28 21:33:29 --> The action you requested is not allowed.
#0 /var/www/html/blog/system/HTTP/ResponseTrait.php(709): CodeIgniter\Security\Exceptions\SecurityException::forDisallowedAction()
#1 /var/www/html/blog/system/HTTP/ResponseTrait.php(699): CodeIgniter\HTTP\Response->dispatchCookies()
#2 /var/www/html/blog/system/HTTP/ResponseTrait.php(443): CodeIgniter\HTTP\Response->sendCookies()
#3 /var/www/html/blog/system/CodeIgniter.php(998): CodeIgniter\HTTP\Response->send()
#4 /var/www/html/blog/system/CodeIgniter.php(865): CodeIgniter\CodeIgniter->sendResponse()
#5 /var/www/html/blog/system/CodeIgniter.php(340): CodeIgniter\CodeIgniter->display404errors(Object(CodeIgniter\Exceptions\PageNotFoundException))
#6 /var/www/html/index.php(37): CodeIgniter\CodeIgniter->run()
#7 {main}
CRITICAL - 2023-08-28 21:33:29 --> Uncaught CodeIgniter\Security\Exceptions\SecurityException: The action you requested is not allowed. in /var/www/html/blog/system/HTTP/ResponseTrait.php:709
Stack trace:
#0 /var/www/html/blog/system/HTTP/ResponseTrait.php(709): CodeIgniter\Security\Exceptions\SecurityException::forDisallowedAction()
#1 /var/www/html/blog/system/HTTP/ResponseTrait.php(699): CodeIgniter\HTTP\Response->dispatchCookies()
#2 /var/www/html/blog/system/HTTP/ResponseTrait.php(443): CodeIgniter\HTTP\Response->sendCookies()
#3 /var/www/html/blog/system/Debug/Exceptions.php(115): CodeIgniter\HTTP\Response->send()
#4 [internal function]: CodeIgniter\Debug\Exceptions->exceptionHandler(Object(CodeIgniter\Security\Exceptions\SecurityException))
#5 {main}
  thrown
#0 [internal function]: CodeIgniter\Debug\Exceptions->shutdownHandler()
#1 {main}
CRITICAL - 2023-08-28 21:57:54 --> The action you requested is not allowed.
#0 /var/www/html/blog/system/HTTP/ResponseTrait.php(709): CodeIgniter\Security\Exceptions\SecurityException::forDisallowedAction()
#1 /var/www/html/blog/system/HTTP/ResponseTrait.php(699): CodeIgniter\HTTP\Response->dispatchCookies()
#2 /var/www/html/blog/system/HTTP/ResponseTrait.php(443): CodeIgniter\HTTP\Response->sendCookies()
#3 /var/www/html/blog/system/CodeIgniter.php(998): CodeIgniter\HTTP\Response->send()
#4 /var/www/html/blog/system/CodeIgniter.php(865): CodeIgniter\CodeIgniter->sendResponse()
#5 /var/www/html/blog/system/CodeIgniter.php(340): CodeIgniter\CodeIgniter->display404errors(Object(CodeIgniter\Exceptions\PageNotFoundException))
#6 /var/www/html/index.php(37): CodeIgniter\CodeIgniter->run()
#7 {main}
CRITICAL - 2023-08-28 21:57:54 --> Uncaught CodeIgniter\Security\Exceptions\SecurityException: The action you requested is not allowed. in /var/www/html/blog/system/HTTP/ResponseTrait.php:709
Stack trace:
#0 /var/www/html/blog/system/HTTP/ResponseTrait.php(709): CodeIgniter\Security\Exceptions\SecurityException::forDisallowedAction()
#1 /var/www/html/blog/system/HTTP/ResponseTrait.php(699): CodeIgniter\HTTP\Response->dispatchCookies()
#2 /var/www/html/blog/system/HTTP/ResponseTrait.php(443): CodeIgniter\HTTP\Response->sendCookies()
#3 /var/www/html/blog/system/Debug/Exceptions.php(115): CodeIgniter\HTTP\Response->send()
#4 [internal function]: CodeIgniter\Debug\Exceptions->exceptionHandler(Object(CodeIgniter\Security\Exceptions\SecurityException))
#5 {main}
  thrown
#0 [internal function]: CodeIgniter\Debug\Exceptions->shutdownHandler()
#1 {main}
CRITICAL - 2023-08-28 22:10:11 --> The action you requested is not allowed.
#0 /var/www/html/blog/system/HTTP/ResponseTrait.php(709): CodeIgniter\Security\Exceptions\SecurityException::forDisallowedAction()
#1 /var/www/html/blog/system/HTTP/ResponseTrait.php(699): CodeIgniter\HTTP\Response->dispatchCookies()
#2 /var/www/html/blog/system/HTTP/ResponseTrait.php(443): CodeIgniter\HTTP\Response->sendCookies()
#3 /var/www/html/blog/system/CodeIgniter.php(998): CodeIgniter\HTTP\Response->send()
#4 /var/www/html/blog/system/CodeIgniter.php(865): CodeIgniter\CodeIgniter->sendResponse()
#5 /var/www/html/blog/system/CodeIgniter.php(340): CodeIgniter\CodeIgniter->display404errors(Object(CodeIgniter\Exceptions\PageNotFoundException))
#6 /var/www/html/index.php(37): CodeIgniter\CodeIgniter->run()
#7 {main}
CRITICAL - 2023-08-28 22:10:11 --> Uncaught CodeIgniter\Security\Exceptions\SecurityException: The action you requested is not allowed. in /var/www/html/blog/system/HTTP/ResponseTrait.php:709
Stack trace:
#0 /var/www/html/blog/system/HTTP/ResponseTrait.php(709): CodeIgniter\Security\Exceptions\SecurityException::forDisallowedAction()
#1 /var/www/html/blog/system/HTTP/ResponseTrait.php(699): CodeIgniter\HTTP\Response->dispatchCookies()
#2 /var/www/html/blog/system/HTTP/ResponseTrait.php(443): CodeIgniter\HTTP\Response->sendCookies()
#3 /var/www/html/blog/system/Debug/Exceptions.php(115): CodeIgniter\HTTP\Response->send()
#4 [internal function]: CodeIgniter\Debug\Exceptions->exceptionHandler(Object(CodeIgniter\Security\Exceptions\SecurityException))
#5 {main}
  thrown
#0 [internal function]: CodeIgniter\Debug\Exceptions->shutdownHandler()
#1 {main}
CRITICAL - 2023-08-28 23:14:51 --> The action you requested is not allowed.
#0 /var/www/html/blog/system/HTTP/ResponseTrait.php(709): CodeIgniter\Security\Exceptions\SecurityException::forDisallowedAction()
#1 /var/www/html/blog/system/HTTP/ResponseTrait.php(699): CodeIgniter\HTTP\Response->dispatchCookies()
#2 /var/www/html/blog/system/HTTP/ResponseTrait.php(443): CodeIgniter\HTTP\Response->sendCookies()
#3 /var/www/html/blog/system/CodeIgniter.php(998): CodeIgniter\HTTP\Response->send()
#4 /var/www/html/blog/system/CodeIgniter.php(458): CodeIgniter\CodeIgniter->sendResponse()
#5 /var/www/html/blog/system/CodeIgniter.php(326): CodeIgniter\CodeIgniter->handleRequest(NULL, Object(Config\Cache), false)
#6 /var/www/html/index.php(37): CodeIgniter\CodeIgniter->run()
#7 {main}
CRITICAL - 2023-08-28 23:14:51 --> Uncaught CodeIgniter\Security\Exceptions\SecurityException: The action you requested is not allowed. in /var/www/html/blog/system/HTTP/ResponseTrait.php:709
Stack trace:
#0 /var/www/html/blog/system/HTTP/ResponseTrait.php(709): CodeIgniter\Security\Exceptions\SecurityException::forDisallowedAction()
#1 /var/www/html/blog/system/HTTP/ResponseTrait.php(699): CodeIgniter\HTTP\Response->dispatchCookies()
#2 /var/www/html/blog/system/HTTP/ResponseTrait.php(443): CodeIgniter\HTTP\Response->sendCookies()
#3 /var/www/html/blog/system/Debug/Exceptions.php(115): CodeIgniter\HTTP\Response->send()
#4 [internal function]: CodeIgniter\Debug\Exceptions->exceptionHandler(Object(CodeIgniter\Security\Exceptions\SecurityException))
#5 {main}
  thrown
#0 [internal function]: CodeIgniter\Debug\Exceptions->shutdownHandler()
#1 {main}
