CRITICAL - 2023-08-15 01:13:06 --> The action you requested is not allowed.
#0 /var/www/html/blog/system/HTTP/ResponseTrait.php(709): CodeIgniter\Security\Exceptions\SecurityException::forDisallowedAction()
#1 /var/www/html/blog/system/HTTP/ResponseTrait.php(699): CodeIgniter\HTTP\Response->dispatchCookies()
#2 /var/www/html/blog/system/HTTP/ResponseTrait.php(443): CodeIgniter\HTTP\Response->sendCookies()
#3 /var/www/html/blog/system/CodeIgniter.php(998): CodeIgniter\HTTP\Response->send()
#4 /var/www/html/blog/system/CodeIgniter.php(458): CodeIgniter\CodeIgniter->sendResponse()
#5 /var/www/html/blog/system/CodeIgniter.php(326): CodeIgniter\CodeIgniter->handleRequest(NULL, Object(Config\Cache), false)
#6 /var/www/html/index.php(37): CodeIgniter\CodeIgniter->run()
#7 {main}
CRITICAL - 2023-08-15 01:13:06 --> Uncaught CodeIgniter\Security\Exceptions\SecurityException: The action you requested is not allowed. in /var/www/html/blog/system/HTTP/ResponseTrait.php:709
Stack trace:
#0 /var/www/html/blog/system/HTTP/ResponseTrait.php(709): CodeIgniter\Security\Exceptions\SecurityException::forDisallowedAction()
#1 /var/www/html/blog/system/HTTP/ResponseTrait.php(699): CodeIgniter\HTTP\Response->dispatchCookies()
#2 /var/www/html/blog/system/HTTP/ResponseTrait.php(443): CodeIgniter\HTTP\Response->sendCookies()
#3 /var/www/html/blog/system/Debug/Exceptions.php(115): CodeIgniter\HTTP\Response->send()
#4 [internal function]: CodeIgniter\Debug\Exceptions->exceptionHandler(Object(CodeIgniter\Security\Exceptions\SecurityException))
#5 {main}
  thrown
#0 [internal function]: CodeIgniter\Debug\Exceptions->shutdownHandler()
#1 {main}
CRITICAL - 2023-08-15 01:40:06 --> The action you requested is not allowed.
#0 /var/www/html/blog/system/HTTP/ResponseTrait.php(709): CodeIgniter\Security\Exceptions\SecurityException::forDisallowedAction()
#1 /var/www/html/blog/system/HTTP/ResponseTrait.php(699): CodeIgniter\HTTP\Response->dispatchCookies()
#2 /var/www/html/blog/system/HTTP/ResponseTrait.php(443): CodeIgniter\HTTP\Response->sendCookies()
#3 /var/www/html/blog/system/CodeIgniter.php(998): CodeIgniter\HTTP\Response->send()
#4 /var/www/html/blog/system/CodeIgniter.php(458): CodeIgniter\CodeIgniter->sendResponse()
#5 /var/www/html/blog/system/CodeIgniter.php(326): CodeIgniter\CodeIgniter->handleRequest(NULL, Object(Config\Cache), false)
#6 /var/www/html/index.php(37): CodeIgniter\CodeIgniter->run()
#7 {main}
CRITICAL - 2023-08-15 01:40:06 --> Uncaught CodeIgniter\Security\Exceptions\SecurityException: The action you requested is not allowed. in /var/www/html/blog/system/HTTP/ResponseTrait.php:709
Stack trace:
#0 /var/www/html/blog/system/HTTP/ResponseTrait.php(709): CodeIgniter\Security\Exceptions\SecurityException::forDisallowedAction()
#1 /var/www/html/blog/system/HTTP/ResponseTrait.php(699): CodeIgniter\HTTP\Response->dispatchCookies()
#2 /var/www/html/blog/system/HTTP/ResponseTrait.php(443): CodeIgniter\HTTP\Response->sendCookies()
#3 /var/www/html/blog/system/Debug/Exceptions.php(115): CodeIgniter\HTTP\Response->send()
#4 [internal function]: CodeIgniter\Debug\Exceptions->exceptionHandler(Object(CodeIgniter\Security\Exceptions\SecurityException))
#5 {main}
  thrown
#0 [internal function]: CodeIgniter\Debug\Exceptions->shutdownHandler()
#1 {main}
CRITICAL - 2023-08-15 01:46:19 --> The action you requested is not allowed.
#0 /var/www/html/blog/system/HTTP/ResponseTrait.php(709): CodeIgniter\Security\Exceptions\SecurityException::forDisallowedAction()
#1 /var/www/html/blog/system/HTTP/ResponseTrait.php(699): CodeIgniter\HTTP\Response->dispatchCookies()
#2 /var/www/html/blog/system/HTTP/ResponseTrait.php(443): CodeIgniter\HTTP\Response->sendCookies()
#3 /var/www/html/blog/system/CodeIgniter.php(998): CodeIgniter\HTTP\Response->send()
#4 /var/www/html/blog/system/CodeIgniter.php(458): CodeIgniter\CodeIgniter->sendResponse()
#5 /var/www/html/blog/system/CodeIgniter.php(326): CodeIgniter\CodeIgniter->handleRequest(NULL, Object(Config\Cache), false)
#6 /var/www/html/index.php(37): CodeIgniter\CodeIgniter->run()
#7 {main}
CRITICAL - 2023-08-15 01:46:19 --> Uncaught CodeIgniter\Security\Exceptions\SecurityException: The action you requested is not allowed. in /var/www/html/blog/system/HTTP/ResponseTrait.php:709
Stack trace:
#0 /var/www/html/blog/system/HTTP/ResponseTrait.php(709): CodeIgniter\Security\Exceptions\SecurityException::forDisallowedAction()
#1 /var/www/html/blog/system/HTTP/ResponseTrait.php(699): CodeIgniter\HTTP\Response->dispatchCookies()
#2 /var/www/html/blog/system/HTTP/ResponseTrait.php(443): CodeIgniter\HTTP\Response->sendCookies()
#3 /var/www/html/blog/system/Debug/Exceptions.php(115): CodeIgniter\HTTP\Response->send()
#4 [internal function]: CodeIgniter\Debug\Exceptions->exceptionHandler(Object(CodeIgniter\Security\Exceptions\SecurityException))
#5 {main}
  thrown
#0 [internal function]: CodeIgniter\Debug\Exceptions->shutdownHandler()
#1 {main}
CRITICAL - 2023-08-15 01:57:49 --> The action you requested is not allowed.
#0 /var/www/html/blog/system/HTTP/ResponseTrait.php(709): CodeIgniter\Security\Exceptions\SecurityException::forDisallowedAction()
#1 /var/www/html/blog/system/HTTP/ResponseTrait.php(699): CodeIgniter\HTTP\Response->dispatchCookies()
#2 /var/www/html/blog/system/HTTP/ResponseTrait.php(443): CodeIgniter\HTTP\Response->sendCookies()
#3 /var/www/html/blog/system/CodeIgniter.php(998): CodeIgniter\HTTP\Response->send()
#4 /var/www/html/blog/system/CodeIgniter.php(458): CodeIgniter\CodeIgniter->sendResponse()
#5 /var/www/html/blog/system/CodeIgniter.php(326): CodeIgniter\CodeIgniter->handleRequest(NULL, Object(Config\Cache), false)
#6 /var/www/html/index.php(37): CodeIgniter\CodeIgniter->run()
#7 {main}
CRITICAL - 2023-08-15 02:12:15 --> The action you requested is not allowed.
#0 /var/www/html/blog/system/HTTP/ResponseTrait.php(709): CodeIgniter\Security\Exceptions\SecurityException::forDisallowedAction()
#1 /var/www/html/blog/system/HTTP/ResponseTrait.php(699): CodeIgniter\HTTP\Response->dispatchCookies()
#2 /var/www/html/blog/system/HTTP/ResponseTrait.php(443): CodeIgniter\HTTP\Response->sendCookies()
#3 /var/www/html/blog/system/CodeIgniter.php(998): CodeIgniter\HTTP\Response->send()
#4 /var/www/html/blog/system/CodeIgniter.php(865): CodeIgniter\CodeIgniter->sendResponse()
#5 /var/www/html/blog/system/CodeIgniter.php(340): CodeIgniter\CodeIgniter->display404errors(Object(CodeIgniter\Exceptions\PageNotFoundException))
#6 /var/www/html/index.php(37): CodeIgniter\CodeIgniter->run()
#7 {main}
CRITICAL - 2023-08-15 02:12:15 --> Uncaught CodeIgniter\Security\Exceptions\SecurityException: The action you requested is not allowed. in /var/www/html/blog/system/HTTP/ResponseTrait.php:709
Stack trace:
#0 /var/www/html/blog/system/HTTP/ResponseTrait.php(709): CodeIgniter\Security\Exceptions\SecurityException::forDisallowedAction()
#1 /var/www/html/blog/system/HTTP/ResponseTrait.php(699): CodeIgniter\HTTP\Response->dispatchCookies()
#2 /var/www/html/blog/system/HTTP/ResponseTrait.php(443): CodeIgniter\HTTP\Response->sendCookies()
#3 /var/www/html/blog/system/Debug/Exceptions.php(115): CodeIgniter\HTTP\Response->send()
#4 [internal function]: CodeIgniter\Debug\Exceptions->exceptionHandler(Object(CodeIgniter\Security\Exceptions\SecurityException))
#5 {main}
  thrown
#0 [internal function]: CodeIgniter\Debug\Exceptions->shutdownHandler()
#1 {main}
CRITICAL - 2023-08-15 02:12:16 --> The action you requested is not allowed.
#0 /var/www/html/blog/system/HTTP/ResponseTrait.php(709): CodeIgniter\Security\Exceptions\SecurityException::forDisallowedAction()
#1 /var/www/html/blog/system/HTTP/ResponseTrait.php(699): CodeIgniter\HTTP\Response->dispatchCookies()
#2 /var/www/html/blog/system/HTTP/ResponseTrait.php(443): CodeIgniter\HTTP\Response->sendCookies()
#3 /var/www/html/blog/system/CodeIgniter.php(998): CodeIgniter\HTTP\Response->send()
#4 /var/www/html/blog/system/CodeIgniter.php(865): CodeIgniter\CodeIgniter->sendResponse()
#5 /var/www/html/blog/system/CodeIgniter.php(340): CodeIgniter\CodeIgniter->display404errors(Object(CodeIgniter\Exceptions\PageNotFoundException))
#6 /var/www/html/index.php(37): CodeIgniter\CodeIgniter->run()
#7 {main}
CRITICAL - 2023-08-15 02:12:16 --> Uncaught CodeIgniter\Security\Exceptions\SecurityException: The action you requested is not allowed. in /var/www/html/blog/system/HTTP/ResponseTrait.php:709
Stack trace:
#0 /var/www/html/blog/system/HTTP/ResponseTrait.php(709): CodeIgniter\Security\Exceptions\SecurityException::forDisallowedAction()
#1 /var/www/html/blog/system/HTTP/ResponseTrait.php(699): CodeIgniter\HTTP\Response->dispatchCookies()
#2 /var/www/html/blog/system/HTTP/ResponseTrait.php(443): CodeIgniter\HTTP\Response->sendCookies()
#3 /var/www/html/blog/system/Debug/Exceptions.php(115): CodeIgniter\HTTP\Response->send()
#4 [internal function]: CodeIgniter\Debug\Exceptions->exceptionHandler(Object(CodeIgniter\Security\Exceptions\SecurityException))
#5 {main}
  thrown
#0 [internal function]: CodeIgniter\Debug\Exceptions->shutdownHandler()
#1 {main}
CRITICAL - 2023-08-15 02:14:22 --> The action you requested is not allowed.
#0 /var/www/html/blog/system/HTTP/ResponseTrait.php(709): CodeIgniter\Security\Exceptions\SecurityException::forDisallowedAction()
#1 /var/www/html/blog/system/HTTP/ResponseTrait.php(699): CodeIgniter\HTTP\Response->dispatchCookies()
#2 /var/www/html/blog/system/HTTP/ResponseTrait.php(443): CodeIgniter\HTTP\Response->sendCookies()
#3 /var/www/html/blog/system/CodeIgniter.php(998): CodeIgniter\HTTP\Response->send()
#4 /var/www/html/blog/system/CodeIgniter.php(458): CodeIgniter\CodeIgniter->sendResponse()
#5 /var/www/html/blog/system/CodeIgniter.php(326): CodeIgniter\CodeIgniter->handleRequest(NULL, Object(Config\Cache), false)
#6 /var/www/html/index.php(37): CodeIgniter\CodeIgniter->run()
#7 {main}
CRITICAL - 2023-08-15 02:14:22 --> Uncaught CodeIgniter\Security\Exceptions\SecurityException: The action you requested is not allowed. in /var/www/html/blog/system/HTTP/ResponseTrait.php:709
Stack trace:
#0 /var/www/html/blog/system/HTTP/ResponseTrait.php(709): CodeIgniter\Security\Exceptions\SecurityException::forDisallowedAction()
#1 /var/www/html/blog/system/HTTP/ResponseTrait.php(699): CodeIgniter\HTTP\Response->dispatchCookies()
#2 /var/www/html/blog/system/HTTP/ResponseTrait.php(443): CodeIgniter\HTTP\Response->sendCookies()
#3 /var/www/html/blog/system/Debug/Exceptions.php(115): CodeIgniter\HTTP\Response->send()
#4 [internal function]: CodeIgniter\Debug\Exceptions->exceptionHandler(Object(CodeIgniter\Security\Exceptions\SecurityException))
#5 {main}
  thrown
#0 [internal function]: CodeIgniter\Debug\Exceptions->shutdownHandler()
#1 {main}
CRITICAL - 2023-08-15 02:26:16 --> The action you requested is not allowed.
#0 /var/www/html/blog/system/HTTP/ResponseTrait.php(709): CodeIgniter\Security\Exceptions\SecurityException::forDisallowedAction()
#1 /var/www/html/blog/system/HTTP/ResponseTrait.php(699): CodeIgniter\HTTP\Response->dispatchCookies()
#2 /var/www/html/blog/system/HTTP/ResponseTrait.php(443): CodeIgniter\HTTP\Response->sendCookies()
#3 /var/www/html/blog/system/CodeIgniter.php(998): CodeIgniter\HTTP\Response->send()
#4 /var/www/html/blog/system/CodeIgniter.php(458): CodeIgniter\CodeIgniter->sendResponse()
#5 /var/www/html/blog/system/CodeIgniter.php(326): CodeIgniter\CodeIgniter->handleRequest(NULL, Object(Config\Cache), false)
#6 /var/www/html/index.php(37): CodeIgniter\CodeIgniter->run()
#7 {main}
CRITICAL - 2023-08-15 02:26:16 --> Uncaught CodeIgniter\Security\Exceptions\SecurityException: The action you requested is not allowed. in /var/www/html/blog/system/HTTP/ResponseTrait.php:709
Stack trace:
#0 /var/www/html/blog/system/HTTP/ResponseTrait.php(709): CodeIgniter\Security\Exceptions\SecurityException::forDisallowedAction()
#1 /var/www/html/blog/system/HTTP/ResponseTrait.php(699): CodeIgniter\HTTP\Response->dispatchCookies()
#2 /var/www/html/blog/system/HTTP/ResponseTrait.php(443): CodeIgniter\HTTP\Response->sendCookies()
#3 /var/www/html/blog/system/Debug/Exceptions.php(115): CodeIgniter\HTTP\Response->send()
#4 [internal function]: CodeIgniter\Debug\Exceptions->exceptionHandler(Object(CodeIgniter\Security\Exceptions\SecurityException))
#5 {main}
  thrown
#0 [internal function]: CodeIgniter\Debug\Exceptions->shutdownHandler()
#1 {main}
CRITICAL - 2023-08-15 02:26:16 --> The action you requested is not allowed.
#0 /var/www/html/blog/system/HTTP/ResponseTrait.php(709): CodeIgniter\Security\Exceptions\SecurityException::forDisallowedAction()
#1 /var/www/html/blog/system/HTTP/ResponseTrait.php(699): CodeIgniter\HTTP\Response->dispatchCookies()
#2 /var/www/html/blog/system/HTTP/ResponseTrait.php(443): CodeIgniter\HTTP\Response->sendCookies()
#3 /var/www/html/blog/system/CodeIgniter.php(998): CodeIgniter\HTTP\Response->send()
#4 /var/www/html/blog/system/CodeIgniter.php(865): CodeIgniter\CodeIgniter->sendResponse()
#5 /var/www/html/blog/system/CodeIgniter.php(340): CodeIgniter\CodeIgniter->display404errors(Object(CodeIgniter\Exceptions\PageNotFoundException))
#6 /var/www/html/index.php(37): CodeIgniter\CodeIgniter->run()
#7 {main}
CRITICAL - 2023-08-15 02:26:16 --> Uncaught CodeIgniter\Security\Exceptions\SecurityException: The action you requested is not allowed. in /var/www/html/blog/system/HTTP/ResponseTrait.php:709
Stack trace:
#0 /var/www/html/blog/system/HTTP/ResponseTrait.php(709): CodeIgniter\Security\Exceptions\SecurityException::forDisallowedAction()
#1 /var/www/html/blog/system/HTTP/ResponseTrait.php(699): CodeIgniter\HTTP\Response->dispatchCookies()
#2 /var/www/html/blog/system/HTTP/ResponseTrait.php(443): CodeIgniter\HTTP\Response->sendCookies()
#3 /var/www/html/blog/system/Debug/Exceptions.php(115): CodeIgniter\HTTP\Response->send()
#4 [internal function]: CodeIgniter\Debug\Exceptions->exceptionHandler(Object(CodeIgniter\Security\Exceptions\SecurityException))
#5 {main}
  thrown
#0 [internal function]: CodeIgniter\Debug\Exceptions->shutdownHandler()
#1 {main}
CRITICAL - 2023-08-15 02:26:17 --> The action you requested is not allowed.
#0 /var/www/html/blog/system/HTTP/ResponseTrait.php(709): CodeIgniter\Security\Exceptions\SecurityException::forDisallowedAction()
#1 /var/www/html/blog/system/HTTP/ResponseTrait.php(699): CodeIgniter\HTTP\Response->dispatchCookies()
#2 /var/www/html/blog/system/HTTP/ResponseTrait.php(443): CodeIgniter\HTTP\Response->sendCookies()
#3 /var/www/html/blog/system/CodeIgniter.php(998): CodeIgniter\HTTP\Response->send()
#4 /var/www/html/blog/system/CodeIgniter.php(865): CodeIgniter\CodeIgniter->sendResponse()
#5 /var/www/html/blog/system/CodeIgniter.php(340): CodeIgniter\CodeIgniter->display404errors(Object(CodeIgniter\Exceptions\PageNotFoundException))
#6 /var/www/html/index.php(37): CodeIgniter\CodeIgniter->run()
#7 {main}
CRITICAL - 2023-08-15 02:26:17 --> Uncaught CodeIgniter\Security\Exceptions\SecurityException: The action you requested is not allowed. in /var/www/html/blog/system/HTTP/ResponseTrait.php:709
Stack trace:
#0 /var/www/html/blog/system/HTTP/ResponseTrait.php(709): CodeIgniter\Security\Exceptions\SecurityException::forDisallowedAction()
#1 /var/www/html/blog/system/HTTP/ResponseTrait.php(699): CodeIgniter\HTTP\Response->dispatchCookies()
#2 /var/www/html/blog/system/HTTP/ResponseTrait.php(443): CodeIgniter\HTTP\Response->sendCookies()
#3 /var/www/html/blog/system/Debug/Exceptions.php(115): CodeIgniter\HTTP\Response->send()
#4 [internal function]: CodeIgniter\Debug\Exceptions->exceptionHandler(Object(CodeIgniter\Security\Exceptions\SecurityException))
#5 {main}
  thrown
#0 [internal function]: CodeIgniter\Debug\Exceptions->shutdownHandler()
#1 {main}
CRITICAL - 2023-08-15 02:26:17 --> The action you requested is not allowed.
#0 /var/www/html/blog/system/HTTP/ResponseTrait.php(709): CodeIgniter\Security\Exceptions\SecurityException::forDisallowedAction()
#1 /var/www/html/blog/system/HTTP/ResponseTrait.php(699): CodeIgniter\HTTP\Response->dispatchCookies()
#2 /var/www/html/blog/system/HTTP/ResponseTrait.php(443): CodeIgniter\HTTP\Response->sendCookies()
#3 /var/www/html/blog/system/CodeIgniter.php(998): CodeIgniter\HTTP\Response->send()
#4 /var/www/html/blog/system/CodeIgniter.php(458): CodeIgniter\CodeIgniter->sendResponse()
#5 /var/www/html/blog/system/CodeIgniter.php(326): CodeIgniter\CodeIgniter->handleRequest(NULL, Object(Config\Cache), false)
#6 /var/www/html/index.php(37): CodeIgniter\CodeIgniter->run()
#7 {main}
CRITICAL - 2023-08-15 02:26:17 --> Uncaught CodeIgniter\Security\Exceptions\SecurityException: The action you requested is not allowed. in /var/www/html/blog/system/HTTP/ResponseTrait.php:709
Stack trace:
#0 /var/www/html/blog/system/HTTP/ResponseTrait.php(709): CodeIgniter\Security\Exceptions\SecurityException::forDisallowedAction()
#1 /var/www/html/blog/system/HTTP/ResponseTrait.php(699): CodeIgniter\HTTP\Response->dispatchCookies()
#2 /var/www/html/blog/system/HTTP/ResponseTrait.php(443): CodeIgniter\HTTP\Response->sendCookies()
#3 /var/www/html/blog/system/Debug/Exceptions.php(115): CodeIgniter\HTTP\Response->send()
#4 [internal function]: CodeIgniter\Debug\Exceptions->exceptionHandler(Object(CodeIgniter\Security\Exceptions\SecurityException))
#5 {main}
  thrown
#0 [internal function]: CodeIgniter\Debug\Exceptions->shutdownHandler()
#1 {main}
CRITICAL - 2023-08-15 02:26:18 --> The action you requested is not allowed.
#0 /var/www/html/blog/system/HTTP/ResponseTrait.php(709): CodeIgniter\Security\Exceptions\SecurityException::forDisallowedAction()
#1 /var/www/html/blog/system/HTTP/ResponseTrait.php(699): CodeIgniter\HTTP\Response->dispatchCookies()
#2 /var/www/html/blog/system/HTTP/ResponseTrait.php(443): CodeIgniter\HTTP\Response->sendCookies()
#3 /var/www/html/blog/system/CodeIgniter.php(998): CodeIgniter\HTTP\Response->send()
#4 /var/www/html/blog/system/CodeIgniter.php(865): CodeIgniter\CodeIgniter->sendResponse()
#5 /var/www/html/blog/system/CodeIgniter.php(340): CodeIgniter\CodeIgniter->display404errors(Object(CodeIgniter\Exceptions\PageNotFoundException))
#6 /var/www/html/index.php(37): CodeIgniter\CodeIgniter->run()
#7 {main}
CRITICAL - 2023-08-15 02:26:18 --> Uncaught CodeIgniter\Security\Exceptions\SecurityException: The action you requested is not allowed. in /var/www/html/blog/system/HTTP/ResponseTrait.php:709
Stack trace:
#0 /var/www/html/blog/system/HTTP/ResponseTrait.php(709): CodeIgniter\Security\Exceptions\SecurityException::forDisallowedAction()
#1 /var/www/html/blog/system/HTTP/ResponseTrait.php(699): CodeIgniter\HTTP\Response->dispatchCookies()
#2 /var/www/html/blog/system/HTTP/ResponseTrait.php(443): CodeIgniter\HTTP\Response->sendCookies()
#3 /var/www/html/blog/system/Debug/Exceptions.php(115): CodeIgniter\HTTP\Response->send()
#4 [internal function]: CodeIgniter\Debug\Exceptions->exceptionHandler(Object(CodeIgniter\Security\Exceptions\SecurityException))
#5 {main}
  thrown
#0 [internal function]: CodeIgniter\Debug\Exceptions->shutdownHandler()
#1 {main}
CRITICAL - 2023-08-15 02:26:18 --> The action you requested is not allowed.
#0 /var/www/html/blog/system/HTTP/ResponseTrait.php(709): CodeIgniter\Security\Exceptions\SecurityException::forDisallowedAction()
#1 /var/www/html/blog/system/HTTP/ResponseTrait.php(699): CodeIgniter\HTTP\Response->dispatchCookies()
#2 /var/www/html/blog/system/HTTP/ResponseTrait.php(443): CodeIgniter\HTTP\Response->sendCookies()
#3 /var/www/html/blog/system/CodeIgniter.php(998): CodeIgniter\HTTP\Response->send()
#4 /var/www/html/blog/system/CodeIgniter.php(865): CodeIgniter\CodeIgniter->sendResponse()
#5 /var/www/html/blog/system/CodeIgniter.php(340): CodeIgniter\CodeIgniter->display404errors(Object(CodeIgniter\Exceptions\PageNotFoundException))
#6 /var/www/html/index.php(37): CodeIgniter\CodeIgniter->run()
#7 {main}
CRITICAL - 2023-08-15 02:26:18 --> Uncaught CodeIgniter\Security\Exceptions\SecurityException: The action you requested is not allowed. in /var/www/html/blog/system/HTTP/ResponseTrait.php:709
Stack trace:
#0 /var/www/html/blog/system/HTTP/ResponseTrait.php(709): CodeIgniter\Security\Exceptions\SecurityException::forDisallowedAction()
#1 /var/www/html/blog/system/HTTP/ResponseTrait.php(699): CodeIgniter\HTTP\Response->dispatchCookies()
#2 /var/www/html/blog/system/HTTP/ResponseTrait.php(443): CodeIgniter\HTTP\Response->sendCookies()
#3 /var/www/html/blog/system/Debug/Exceptions.php(115): CodeIgniter\HTTP\Response->send()
#4 [internal function]: CodeIgniter\Debug\Exceptions->exceptionHandler(Object(CodeIgniter\Security\Exceptions\SecurityException))
#5 {main}
  thrown
#0 [internal function]: CodeIgniter\Debug\Exceptions->shutdownHandler()
#1 {main}
CRITICAL - 2023-08-15 02:26:19 --> The action you requested is not allowed.
#0 /var/www/html/blog/system/HTTP/ResponseTrait.php(709): CodeIgniter\Security\Exceptions\SecurityException::forDisallowedAction()
#1 /var/www/html/blog/system/HTTP/ResponseTrait.php(699): CodeIgniter\HTTP\Response->dispatchCookies()
#2 /var/www/html/blog/system/HTTP/ResponseTrait.php(443): CodeIgniter\HTTP\Response->sendCookies()
#3 /var/www/html/blog/system/CodeIgniter.php(998): CodeIgniter\HTTP\Response->send()
#4 /var/www/html/blog/system/CodeIgniter.php(865): CodeIgniter\CodeIgniter->sendResponse()
#5 /var/www/html/blog/system/CodeIgniter.php(340): CodeIgniter\CodeIgniter->display404errors(Object(CodeIgniter\Exceptions\PageNotFoundException))
#6 /var/www/html/index.php(37): CodeIgniter\CodeIgniter->run()
#7 {main}
CRITICAL - 2023-08-15 02:26:19 --> Uncaught CodeIgniter\Security\Exceptions\SecurityException: The action you requested is not allowed. in /var/www/html/blog/system/HTTP/ResponseTrait.php:709
Stack trace:
#0 /var/www/html/blog/system/HTTP/ResponseTrait.php(709): CodeIgniter\Security\Exceptions\SecurityException::forDisallowedAction()
#1 /var/www/html/blog/system/HTTP/ResponseTrait.php(699): CodeIgniter\HTTP\Response->dispatchCookies()
#2 /var/www/html/blog/system/HTTP/ResponseTrait.php(443): CodeIgniter\HTTP\Response->sendCookies()
#3 /var/www/html/blog/system/Debug/Exceptions.php(115): CodeIgniter\HTTP\Response->send()
#4 [internal function]: CodeIgniter\Debug\Exceptions->exceptionHandler(Object(CodeIgniter\Security\Exceptions\SecurityException))
#5 {main}
  thrown
#0 [internal function]: CodeIgniter\Debug\Exceptions->shutdownHandler()
#1 {main}
CRITICAL - 2023-08-15 02:51:16 --> The action you requested is not allowed.
#0 /var/www/html/blog/system/HTTP/ResponseTrait.php(709): CodeIgniter\Security\Exceptions\SecurityException::forDisallowedAction()
#1 /var/www/html/blog/system/HTTP/ResponseTrait.php(699): CodeIgniter\HTTP\Response->dispatchCookies()
#2 /var/www/html/blog/system/HTTP/ResponseTrait.php(443): CodeIgniter\HTTP\Response->sendCookies()
#3 /var/www/html/blog/system/CodeIgniter.php(998): CodeIgniter\HTTP\Response->send()
#4 /var/www/html/blog/system/CodeIgniter.php(458): CodeIgniter\CodeIgniter->sendResponse()
#5 /var/www/html/blog/system/CodeIgniter.php(326): CodeIgniter\CodeIgniter->handleRequest(NULL, Object(Config\Cache), false)
#6 /var/www/html/index.php(37): CodeIgniter\CodeIgniter->run()
#7 {main}
CRITICAL - 2023-08-15 03:03:33 --> The action you requested is not allowed.
#0 /var/www/html/blog/system/HTTP/ResponseTrait.php(709): CodeIgniter\Security\Exceptions\SecurityException::forDisallowedAction()
#1 /var/www/html/blog/system/HTTP/ResponseTrait.php(699): CodeIgniter\HTTP\Response->dispatchCookies()
#2 /var/www/html/blog/system/HTTP/ResponseTrait.php(443): CodeIgniter\HTTP\Response->sendCookies()
#3 /var/www/html/blog/system/CodeIgniter.php(998): CodeIgniter\HTTP\Response->send()
#4 /var/www/html/blog/system/CodeIgniter.php(458): CodeIgniter\CodeIgniter->sendResponse()
#5 /var/www/html/blog/system/CodeIgniter.php(326): CodeIgniter\CodeIgniter->handleRequest(NULL, Object(Config\Cache), false)
#6 /var/www/html/index.php(37): CodeIgniter\CodeIgniter->run()
#7 {main}
CRITICAL - 2023-08-15 03:05:31 --> The action you requested is not allowed.
#0 /var/www/html/blog/system/HTTP/ResponseTrait.php(709): CodeIgniter\Security\Exceptions\SecurityException::forDisallowedAction()
#1 /var/www/html/blog/system/HTTP/ResponseTrait.php(699): CodeIgniter\HTTP\Response->dispatchCookies()
#2 /var/www/html/blog/system/HTTP/ResponseTrait.php(443): CodeIgniter\HTTP\Response->sendCookies()
#3 /var/www/html/blog/system/CodeIgniter.php(998): CodeIgniter\HTTP\Response->send()
#4 /var/www/html/blog/system/CodeIgniter.php(865): CodeIgniter\CodeIgniter->sendResponse()
#5 /var/www/html/blog/system/CodeIgniter.php(340): CodeIgniter\CodeIgniter->display404errors(Object(CodeIgniter\Exceptions\PageNotFoundException))
#6 /var/www/html/index.php(37): CodeIgniter\CodeIgniter->run()
#7 {main}
CRITICAL - 2023-08-15 03:05:31 --> Uncaught CodeIgniter\Security\Exceptions\SecurityException: The action you requested is not allowed. in /var/www/html/blog/system/HTTP/ResponseTrait.php:709
Stack trace:
#0 /var/www/html/blog/system/HTTP/ResponseTrait.php(709): CodeIgniter\Security\Exceptions\SecurityException::forDisallowedAction()
#1 /var/www/html/blog/system/HTTP/ResponseTrait.php(699): CodeIgniter\HTTP\Response->dispatchCookies()
#2 /var/www/html/blog/system/HTTP/ResponseTrait.php(443): CodeIgniter\HTTP\Response->sendCookies()
#3 /var/www/html/blog/system/Debug/Exceptions.php(115): CodeIgniter\HTTP\Response->send()
#4 [internal function]: CodeIgniter\Debug\Exceptions->exceptionHandler(Object(CodeIgniter\Security\Exceptions\SecurityException))
#5 {main}
  thrown
#0 [internal function]: CodeIgniter\Debug\Exceptions->shutdownHandler()
#1 {main}
CRITICAL - 2023-08-15 03:17:07 --> The action you requested is not allowed.
#0 /var/www/html/blog/system/HTTP/ResponseTrait.php(709): CodeIgniter\Security\Exceptions\SecurityException::forDisallowedAction()
#1 /var/www/html/blog/system/HTTP/ResponseTrait.php(699): CodeIgniter\HTTP\Response->dispatchCookies()
#2 /var/www/html/blog/system/HTTP/ResponseTrait.php(443): CodeIgniter\HTTP\Response->sendCookies()
#3 /var/www/html/blog/system/CodeIgniter.php(998): CodeIgniter\HTTP\Response->send()
#4 /var/www/html/blog/system/CodeIgniter.php(458): CodeIgniter\CodeIgniter->sendResponse()
#5 /var/www/html/blog/system/CodeIgniter.php(326): CodeIgniter\CodeIgniter->handleRequest(NULL, Object(Config\Cache), false)
#6 /var/www/html/index.php(37): CodeIgniter\CodeIgniter->run()
#7 {main}
CRITICAL - 2023-08-15 03:17:07 --> Uncaught CodeIgniter\Security\Exceptions\SecurityException: The action you requested is not allowed. in /var/www/html/blog/system/HTTP/ResponseTrait.php:709
Stack trace:
#0 /var/www/html/blog/system/HTTP/ResponseTrait.php(709): CodeIgniter\Security\Exceptions\SecurityException::forDisallowedAction()
#1 /var/www/html/blog/system/HTTP/ResponseTrait.php(699): CodeIgniter\HTTP\Response->dispatchCookies()
#2 /var/www/html/blog/system/HTTP/ResponseTrait.php(443): CodeIgniter\HTTP\Response->sendCookies()
#3 /var/www/html/blog/system/Debug/Exceptions.php(115): CodeIgniter\HTTP\Response->send()
#4 [internal function]: CodeIgniter\Debug\Exceptions->exceptionHandler(Object(CodeIgniter\Security\Exceptions\SecurityException))
#5 {main}
  thrown
#0 [internal function]: CodeIgniter\Debug\Exceptions->shutdownHandler()
#1 {main}
CRITICAL - 2023-08-15 03:57:13 --> The action you requested is not allowed.
#0 /var/www/html/blog/system/HTTP/ResponseTrait.php(709): CodeIgniter\Security\Exceptions\SecurityException::forDisallowedAction()
#1 /var/www/html/blog/system/HTTP/ResponseTrait.php(699): CodeIgniter\HTTP\Response->dispatchCookies()
#2 /var/www/html/blog/system/HTTP/ResponseTrait.php(443): CodeIgniter\HTTP\Response->sendCookies()
#3 /var/www/html/blog/system/CodeIgniter.php(998): CodeIgniter\HTTP\Response->send()
#4 /var/www/html/blog/system/CodeIgniter.php(458): CodeIgniter\CodeIgniter->sendResponse()
#5 /var/www/html/blog/system/CodeIgniter.php(326): CodeIgniter\CodeIgniter->handleRequest(NULL, Object(Config\Cache), false)
#6 /var/www/html/index.php(37): CodeIgniter\CodeIgniter->run()
#7 {main}
CRITICAL - 2023-08-15 03:57:13 --> Uncaught CodeIgniter\Security\Exceptions\SecurityException: The action you requested is not allowed. in /var/www/html/blog/system/HTTP/ResponseTrait.php:709
Stack trace:
#0 /var/www/html/blog/system/HTTP/ResponseTrait.php(709): CodeIgniter\Security\Exceptions\SecurityException::forDisallowedAction()
#1 /var/www/html/blog/system/HTTP/ResponseTrait.php(699): CodeIgniter\HTTP\Response->dispatchCookies()
#2 /var/www/html/blog/system/HTTP/ResponseTrait.php(443): CodeIgniter\HTTP\Response->sendCookies()
#3 /var/www/html/blog/system/Debug/Exceptions.php(115): CodeIgniter\HTTP\Response->send()
#4 [internal function]: CodeIgniter\Debug\Exceptions->exceptionHandler(Object(CodeIgniter\Security\Exceptions\SecurityException))
#5 {main}
  thrown
#0 [internal function]: CodeIgniter\Debug\Exceptions->shutdownHandler()
#1 {main}
CRITICAL - 2023-08-15 04:02:23 --> The action you requested is not allowed.
#0 /var/www/html/blog/system/HTTP/ResponseTrait.php(709): CodeIgniter\Security\Exceptions\SecurityException::forDisallowedAction()
#1 /var/www/html/blog/system/HTTP/ResponseTrait.php(699): CodeIgniter\HTTP\Response->dispatchCookies()
#2 /var/www/html/blog/system/HTTP/ResponseTrait.php(443): CodeIgniter\HTTP\Response->sendCookies()
#3 /var/www/html/blog/system/CodeIgniter.php(998): CodeIgniter\HTTP\Response->send()
#4 /var/www/html/blog/system/CodeIgniter.php(458): CodeIgniter\CodeIgniter->sendResponse()
#5 /var/www/html/blog/system/CodeIgniter.php(326): CodeIgniter\CodeIgniter->handleRequest(NULL, Object(Config\Cache), false)
#6 /var/www/html/index.php(37): CodeIgniter\CodeIgniter->run()
#7 {main}
CRITICAL - 2023-08-15 04:02:23 --> Uncaught CodeIgniter\Security\Exceptions\SecurityException: The action you requested is not allowed. in /var/www/html/blog/system/HTTP/ResponseTrait.php:709
Stack trace:
#0 /var/www/html/blog/system/HTTP/ResponseTrait.php(709): CodeIgniter\Security\Exceptions\SecurityException::forDisallowedAction()
#1 /var/www/html/blog/system/HTTP/ResponseTrait.php(699): CodeIgniter\HTTP\Response->dispatchCookies()
#2 /var/www/html/blog/system/HTTP/ResponseTrait.php(443): CodeIgniter\HTTP\Response->sendCookies()
#3 /var/www/html/blog/system/Debug/Exceptions.php(115): CodeIgniter\HTTP\Response->send()
#4 [internal function]: CodeIgniter\Debug\Exceptions->exceptionHandler(Object(CodeIgniter\Security\Exceptions\SecurityException))
#5 {main}
  thrown
#0 [internal function]: CodeIgniter\Debug\Exceptions->shutdownHandler()
#1 {main}
CRITICAL - 2023-08-15 04:09:14 --> The action you requested is not allowed.
#0 /var/www/html/blog/system/HTTP/ResponseTrait.php(709): CodeIgniter\Security\Exceptions\SecurityException::forDisallowedAction()
#1 /var/www/html/blog/system/HTTP/ResponseTrait.php(699): CodeIgniter\HTTP\Response->dispatchCookies()
#2 /var/www/html/blog/system/HTTP/ResponseTrait.php(443): CodeIgniter\HTTP\Response->sendCookies()
#3 /var/www/html/blog/system/CodeIgniter.php(998): CodeIgniter\HTTP\Response->send()
#4 /var/www/html/blog/system/CodeIgniter.php(458): CodeIgniter\CodeIgniter->sendResponse()
#5 /var/www/html/blog/system/CodeIgniter.php(326): CodeIgniter\CodeIgniter->handleRequest(NULL, Object(Config\Cache), false)
#6 /var/www/html/index.php(37): CodeIgniter\CodeIgniter->run()
#7 {main}
CRITICAL - 2023-08-15 04:09:14 --> Uncaught CodeIgniter\Security\Exceptions\SecurityException: The action you requested is not allowed. in /var/www/html/blog/system/HTTP/ResponseTrait.php:709
Stack trace:
#0 /var/www/html/blog/system/HTTP/ResponseTrait.php(709): CodeIgniter\Security\Exceptions\SecurityException::forDisallowedAction()
#1 /var/www/html/blog/system/HTTP/ResponseTrait.php(699): CodeIgniter\HTTP\Response->dispatchCookies()
#2 /var/www/html/blog/system/HTTP/ResponseTrait.php(443): CodeIgniter\HTTP\Response->sendCookies()
#3 /var/www/html/blog/system/Debug/Exceptions.php(115): CodeIgniter\HTTP\Response->send()
#4 [internal function]: CodeIgniter\Debug\Exceptions->exceptionHandler(Object(CodeIgniter\Security\Exceptions\SecurityException))
#5 {main}
  thrown
#0 [internal function]: CodeIgniter\Debug\Exceptions->shutdownHandler()
#1 {main}
CRITICAL - 2023-08-15 04:12:32 --> The action you requested is not allowed.
#0 /var/www/html/blog/system/HTTP/ResponseTrait.php(709): CodeIgniter\Security\Exceptions\SecurityException::forDisallowedAction()
#1 /var/www/html/blog/system/HTTP/ResponseTrait.php(699): CodeIgniter\HTTP\Response->dispatchCookies()
#2 /var/www/html/blog/system/HTTP/ResponseTrait.php(443): CodeIgniter\HTTP\Response->sendCookies()
#3 /var/www/html/blog/system/CodeIgniter.php(998): CodeIgniter\HTTP\Response->send()
#4 /var/www/html/blog/system/CodeIgniter.php(458): CodeIgniter\CodeIgniter->sendResponse()
#5 /var/www/html/blog/system/CodeIgniter.php(326): CodeIgniter\CodeIgniter->handleRequest(NULL, Object(Config\Cache), false)
#6 /var/www/html/index.php(37): CodeIgniter\CodeIgniter->run()
#7 {main}
CRITICAL - 2023-08-15 04:12:32 --> Uncaught CodeIgniter\Security\Exceptions\SecurityException: The action you requested is not allowed. in /var/www/html/blog/system/HTTP/ResponseTrait.php:709
Stack trace:
#0 /var/www/html/blog/system/HTTP/ResponseTrait.php(709): CodeIgniter\Security\Exceptions\SecurityException::forDisallowedAction()
#1 /var/www/html/blog/system/HTTP/ResponseTrait.php(699): CodeIgniter\HTTP\Response->dispatchCookies()
#2 /var/www/html/blog/system/HTTP/ResponseTrait.php(443): CodeIgniter\HTTP\Response->sendCookies()
#3 /var/www/html/blog/system/Debug/Exceptions.php(115): CodeIgniter\HTTP\Response->send()
#4 [internal function]: CodeIgniter\Debug\Exceptions->exceptionHandler(Object(CodeIgniter\Security\Exceptions\SecurityException))
#5 {main}
  thrown
#0 [internal function]: CodeIgniter\Debug\Exceptions->shutdownHandler()
#1 {main}
CRITICAL - 2023-08-15 04:20:33 --> The action you requested is not allowed.
#0 /var/www/html/blog/system/HTTP/ResponseTrait.php(709): CodeIgniter\Security\Exceptions\SecurityException::forDisallowedAction()
#1 /var/www/html/blog/system/HTTP/ResponseTrait.php(699): CodeIgniter\HTTP\Response->dispatchCookies()
#2 /var/www/html/blog/system/HTTP/ResponseTrait.php(443): CodeIgniter\HTTP\Response->sendCookies()
#3 /var/www/html/blog/system/CodeIgniter.php(998): CodeIgniter\HTTP\Response->send()
#4 /var/www/html/blog/system/CodeIgniter.php(458): CodeIgniter\CodeIgniter->sendResponse()
#5 /var/www/html/blog/system/CodeIgniter.php(326): CodeIgniter\CodeIgniter->handleRequest(NULL, Object(Config\Cache), false)
#6 /var/www/html/index.php(37): CodeIgniter\CodeIgniter->run()
#7 {main}
CRITICAL - 2023-08-15 04:20:33 --> Uncaught CodeIgniter\Security\Exceptions\SecurityException: The action you requested is not allowed. in /var/www/html/blog/system/HTTP/ResponseTrait.php:709
Stack trace:
#0 /var/www/html/blog/system/HTTP/ResponseTrait.php(709): CodeIgniter\Security\Exceptions\SecurityException::forDisallowedAction()
#1 /var/www/html/blog/system/HTTP/ResponseTrait.php(699): CodeIgniter\HTTP\Response->dispatchCookies()
#2 /var/www/html/blog/system/HTTP/ResponseTrait.php(443): CodeIgniter\HTTP\Response->sendCookies()
#3 /var/www/html/blog/system/Debug/Exceptions.php(115): CodeIgniter\HTTP\Response->send()
#4 [internal function]: CodeIgniter\Debug\Exceptions->exceptionHandler(Object(CodeIgniter\Security\Exceptions\SecurityException))
#5 {main}
  thrown
#0 [internal function]: CodeIgniter\Debug\Exceptions->shutdownHandler()
#1 {main}
CRITICAL - 2023-08-15 04:44:37 --> The action you requested is not allowed.
#0 /var/www/html/blog/system/HTTP/ResponseTrait.php(709): CodeIgniter\Security\Exceptions\SecurityException::forDisallowedAction()
#1 /var/www/html/blog/system/HTTP/ResponseTrait.php(699): CodeIgniter\HTTP\Response->dispatchCookies()
#2 /var/www/html/blog/system/HTTP/ResponseTrait.php(443): CodeIgniter\HTTP\Response->sendCookies()
#3 /var/www/html/blog/system/CodeIgniter.php(998): CodeIgniter\HTTP\Response->send()
#4 /var/www/html/blog/system/CodeIgniter.php(458): CodeIgniter\CodeIgniter->sendResponse()
#5 /var/www/html/blog/system/CodeIgniter.php(326): CodeIgniter\CodeIgniter->handleRequest(NULL, Object(Config\Cache), false)
#6 /var/www/html/index.php(37): CodeIgniter\CodeIgniter->run()
#7 {main}
CRITICAL - 2023-08-15 04:44:37 --> Uncaught CodeIgniter\Security\Exceptions\SecurityException: The action you requested is not allowed. in /var/www/html/blog/system/HTTP/ResponseTrait.php:709
Stack trace:
#0 /var/www/html/blog/system/HTTP/ResponseTrait.php(709): CodeIgniter\Security\Exceptions\SecurityException::forDisallowedAction()
#1 /var/www/html/blog/system/HTTP/ResponseTrait.php(699): CodeIgniter\HTTP\Response->dispatchCookies()
#2 /var/www/html/blog/system/HTTP/ResponseTrait.php(443): CodeIgniter\HTTP\Response->sendCookies()
#3 /var/www/html/blog/system/Debug/Exceptions.php(115): CodeIgniter\HTTP\Response->send()
#4 [internal function]: CodeIgniter\Debug\Exceptions->exceptionHandler(Object(CodeIgniter\Security\Exceptions\SecurityException))
#5 {main}
  thrown
#0 [internal function]: CodeIgniter\Debug\Exceptions->shutdownHandler()
#1 {main}
CRITICAL - 2023-08-15 04:58:44 --> The action you requested is not allowed.
#0 /var/www/html/blog/system/HTTP/ResponseTrait.php(709): CodeIgniter\Security\Exceptions\SecurityException::forDisallowedAction()
#1 /var/www/html/blog/system/HTTP/ResponseTrait.php(699): CodeIgniter\HTTP\Response->dispatchCookies()
#2 /var/www/html/blog/system/HTTP/ResponseTrait.php(443): CodeIgniter\HTTP\Response->sendCookies()
#3 /var/www/html/blog/system/CodeIgniter.php(998): CodeIgniter\HTTP\Response->send()
#4 /var/www/html/blog/system/CodeIgniter.php(458): CodeIgniter\CodeIgniter->sendResponse()
#5 /var/www/html/blog/system/CodeIgniter.php(326): CodeIgniter\CodeIgniter->handleRequest(NULL, Object(Config\Cache), false)
#6 /var/www/html/index.php(37): CodeIgniter\CodeIgniter->run()
#7 {main}
CRITICAL - 2023-08-15 04:58:44 --> Uncaught CodeIgniter\Security\Exceptions\SecurityException: The action you requested is not allowed. in /var/www/html/blog/system/HTTP/ResponseTrait.php:709
Stack trace:
#0 /var/www/html/blog/system/HTTP/ResponseTrait.php(709): CodeIgniter\Security\Exceptions\SecurityException::forDisallowedAction()
#1 /var/www/html/blog/system/HTTP/ResponseTrait.php(699): CodeIgniter\HTTP\Response->dispatchCookies()
#2 /var/www/html/blog/system/HTTP/ResponseTrait.php(443): CodeIgniter\HTTP\Response->sendCookies()
#3 /var/www/html/blog/system/Debug/Exceptions.php(115): CodeIgniter\HTTP\Response->send()
#4 [internal function]: CodeIgniter\Debug\Exceptions->exceptionHandler(Object(CodeIgniter\Security\Exceptions\SecurityException))
#5 {main}
  thrown
#0 [internal function]: CodeIgniter\Debug\Exceptions->shutdownHandler()
#1 {main}
CRITICAL - 2023-08-15 04:59:56 --> The action you requested is not allowed.
#0 /var/www/html/blog/system/HTTP/ResponseTrait.php(709): CodeIgniter\Security\Exceptions\SecurityException::forDisallowedAction()
#1 /var/www/html/blog/system/HTTP/ResponseTrait.php(699): CodeIgniter\HTTP\Response->dispatchCookies()
#2 /var/www/html/blog/system/HTTP/ResponseTrait.php(443): CodeIgniter\HTTP\Response->sendCookies()
#3 /var/www/html/blog/system/CodeIgniter.php(998): CodeIgniter\HTTP\Response->send()
#4 /var/www/html/blog/system/CodeIgniter.php(458): CodeIgniter\CodeIgniter->sendResponse()
#5 /var/www/html/blog/system/CodeIgniter.php(326): CodeIgniter\CodeIgniter->handleRequest(NULL, Object(Config\Cache), false)
#6 /var/www/html/index.php(37): CodeIgniter\CodeIgniter->run()
#7 {main}
CRITICAL - 2023-08-15 04:59:56 --> Uncaught CodeIgniter\Security\Exceptions\SecurityException: The action you requested is not allowed. in /var/www/html/blog/system/HTTP/ResponseTrait.php:709
Stack trace:
#0 /var/www/html/blog/system/HTTP/ResponseTrait.php(709): CodeIgniter\Security\Exceptions\SecurityException::forDisallowedAction()
#1 /var/www/html/blog/system/HTTP/ResponseTrait.php(699): CodeIgniter\HTTP\Response->dispatchCookies()
#2 /var/www/html/blog/system/HTTP/ResponseTrait.php(443): CodeIgniter\HTTP\Response->sendCookies()
#3 /var/www/html/blog/system/Debug/Exceptions.php(115): CodeIgniter\HTTP\Response->send()
#4 [internal function]: CodeIgniter\Debug\Exceptions->exceptionHandler(Object(CodeIgniter\Security\Exceptions\SecurityException))
#5 {main}
  thrown
#0 [internal function]: CodeIgniter\Debug\Exceptions->shutdownHandler()
#1 {main}
CRITICAL - 2023-08-15 05:12:37 --> The action you requested is not allowed.
#0 /var/www/html/blog/system/HTTP/ResponseTrait.php(709): CodeIgniter\Security\Exceptions\SecurityException::forDisallowedAction()
#1 /var/www/html/blog/system/HTTP/ResponseTrait.php(699): CodeIgniter\HTTP\Response->dispatchCookies()
#2 /var/www/html/blog/system/HTTP/ResponseTrait.php(443): CodeIgniter\HTTP\Response->sendCookies()
#3 /var/www/html/blog/system/CodeIgniter.php(998): CodeIgniter\HTTP\Response->send()
#4 /var/www/html/blog/system/CodeIgniter.php(865): CodeIgniter\CodeIgniter->sendResponse()
#5 /var/www/html/blog/system/CodeIgniter.php(340): CodeIgniter\CodeIgniter->display404errors(Object(CodeIgniter\Exceptions\PageNotFoundException))
#6 /var/www/html/index.php(37): CodeIgniter\CodeIgniter->run()
#7 {main}
CRITICAL - 2023-08-15 05:12:37 --> Uncaught CodeIgniter\Security\Exceptions\SecurityException: The action you requested is not allowed. in /var/www/html/blog/system/HTTP/ResponseTrait.php:709
Stack trace:
#0 /var/www/html/blog/system/HTTP/ResponseTrait.php(709): CodeIgniter\Security\Exceptions\SecurityException::forDisallowedAction()
#1 /var/www/html/blog/system/HTTP/ResponseTrait.php(699): CodeIgniter\HTTP\Response->dispatchCookies()
#2 /var/www/html/blog/system/HTTP/ResponseTrait.php(443): CodeIgniter\HTTP\Response->sendCookies()
#3 /var/www/html/blog/system/Debug/Exceptions.php(115): CodeIgniter\HTTP\Response->send()
#4 [internal function]: CodeIgniter\Debug\Exceptions->exceptionHandler(Object(CodeIgniter\Security\Exceptions\SecurityException))
#5 {main}
  thrown
#0 [internal function]: CodeIgniter\Debug\Exceptions->shutdownHandler()
#1 {main}
CRITICAL - 2023-08-15 05:40:29 --> The action you requested is not allowed.
#0 /var/www/html/blog/system/HTTP/ResponseTrait.php(709): CodeIgniter\Security\Exceptions\SecurityException::forDisallowedAction()
#1 /var/www/html/blog/system/HTTP/ResponseTrait.php(699): CodeIgniter\HTTP\Response->dispatchCookies()
#2 /var/www/html/blog/system/HTTP/ResponseTrait.php(443): CodeIgniter\HTTP\Response->sendCookies()
#3 /var/www/html/blog/system/CodeIgniter.php(998): CodeIgniter\HTTP\Response->send()
#4 /var/www/html/blog/system/CodeIgniter.php(458): CodeIgniter\CodeIgniter->sendResponse()
#5 /var/www/html/blog/system/CodeIgniter.php(326): CodeIgniter\CodeIgniter->handleRequest(NULL, Object(Config\Cache), false)
#6 /var/www/html/index.php(37): CodeIgniter\CodeIgniter->run()
#7 {main}
CRITICAL - 2023-08-15 05:40:29 --> Uncaught CodeIgniter\Security\Exceptions\SecurityException: The action you requested is not allowed. in /var/www/html/blog/system/HTTP/ResponseTrait.php:709
Stack trace:
#0 /var/www/html/blog/system/HTTP/ResponseTrait.php(709): CodeIgniter\Security\Exceptions\SecurityException::forDisallowedAction()
#1 /var/www/html/blog/system/HTTP/ResponseTrait.php(699): CodeIgniter\HTTP\Response->dispatchCookies()
#2 /var/www/html/blog/system/HTTP/ResponseTrait.php(443): CodeIgniter\HTTP\Response->sendCookies()
#3 /var/www/html/blog/system/Debug/Exceptions.php(115): CodeIgniter\HTTP\Response->send()
#4 [internal function]: CodeIgniter\Debug\Exceptions->exceptionHandler(Object(CodeIgniter\Security\Exceptions\SecurityException))
#5 {main}
  thrown
#0 [internal function]: CodeIgniter\Debug\Exceptions->shutdownHandler()
#1 {main}
CRITICAL - 2023-08-15 08:37:17 --> The action you requested is not allowed.
#0 /var/www/html/blog/system/HTTP/ResponseTrait.php(709): CodeIgniter\Security\Exceptions\SecurityException::forDisallowedAction()
#1 /var/www/html/blog/system/HTTP/ResponseTrait.php(699): CodeIgniter\HTTP\Response->dispatchCookies()
#2 /var/www/html/blog/system/HTTP/ResponseTrait.php(443): CodeIgniter\HTTP\Response->sendCookies()
#3 /var/www/html/blog/system/CodeIgniter.php(998): CodeIgniter\HTTP\Response->send()
#4 /var/www/html/blog/system/CodeIgniter.php(458): CodeIgniter\CodeIgniter->sendResponse()
#5 /var/www/html/blog/system/CodeIgniter.php(326): CodeIgniter\CodeIgniter->handleRequest(NULL, Object(Config\Cache), false)
#6 /var/www/html/index.php(37): CodeIgniter\CodeIgniter->run()
#7 {main}
CRITICAL - 2023-08-15 08:37:17 --> Uncaught CodeIgniter\Security\Exceptions\SecurityException: The action you requested is not allowed. in /var/www/html/blog/system/HTTP/ResponseTrait.php:709
Stack trace:
#0 /var/www/html/blog/system/HTTP/ResponseTrait.php(709): CodeIgniter\Security\Exceptions\SecurityException::forDisallowedAction()
#1 /var/www/html/blog/system/HTTP/ResponseTrait.php(699): CodeIgniter\HTTP\Response->dispatchCookies()
#2 /var/www/html/blog/system/HTTP/ResponseTrait.php(443): CodeIgniter\HTTP\Response->sendCookies()
#3 /var/www/html/blog/system/Debug/Exceptions.php(115): CodeIgniter\HTTP\Response->send()
#4 [internal function]: CodeIgniter\Debug\Exceptions->exceptionHandler(Object(CodeIgniter\Security\Exceptions\SecurityException))
#5 {main}
  thrown
#0 [internal function]: CodeIgniter\Debug\Exceptions->shutdownHandler()
#1 {main}
CRITICAL - 2023-08-15 09:29:50 --> The action you requested is not allowed.
#0 /var/www/html/blog/system/HTTP/ResponseTrait.php(709): CodeIgniter\Security\Exceptions\SecurityException::forDisallowedAction()
#1 /var/www/html/blog/system/HTTP/ResponseTrait.php(699): CodeIgniter\HTTP\Response->dispatchCookies()
#2 /var/www/html/blog/system/HTTP/ResponseTrait.php(443): CodeIgniter\HTTP\Response->sendCookies()
#3 /var/www/html/blog/system/CodeIgniter.php(998): CodeIgniter\HTTP\Response->send()
#4 /var/www/html/blog/system/CodeIgniter.php(458): CodeIgniter\CodeIgniter->sendResponse()
#5 /var/www/html/blog/system/CodeIgniter.php(326): CodeIgniter\CodeIgniter->handleRequest(NULL, Object(Config\Cache), false)
#6 /var/www/html/index.php(37): CodeIgniter\CodeIgniter->run()
#7 {main}
CRITICAL - 2023-08-15 09:29:50 --> Uncaught CodeIgniter\Security\Exceptions\SecurityException: The action you requested is not allowed. in /var/www/html/blog/system/HTTP/ResponseTrait.php:709
Stack trace:
#0 /var/www/html/blog/system/HTTP/ResponseTrait.php(709): CodeIgniter\Security\Exceptions\SecurityException::forDisallowedAction()
#1 /var/www/html/blog/system/HTTP/ResponseTrait.php(699): CodeIgniter\HTTP\Response->dispatchCookies()
#2 /var/www/html/blog/system/HTTP/ResponseTrait.php(443): CodeIgniter\HTTP\Response->sendCookies()
#3 /var/www/html/blog/system/Debug/Exceptions.php(115): CodeIgniter\HTTP\Response->send()
#4 [internal function]: CodeIgniter\Debug\Exceptions->exceptionHandler(Object(CodeIgniter\Security\Exceptions\SecurityException))
#5 {main}
  thrown
#0 [internal function]: CodeIgniter\Debug\Exceptions->shutdownHandler()
#1 {main}
CRITICAL - 2023-08-15 11:42:50 --> The action you requested is not allowed.
#0 /var/www/html/blog/system/HTTP/ResponseTrait.php(709): CodeIgniter\Security\Exceptions\SecurityException::forDisallowedAction()
#1 /var/www/html/blog/system/HTTP/ResponseTrait.php(699): CodeIgniter\HTTP\Response->dispatchCookies()
#2 /var/www/html/blog/system/HTTP/ResponseTrait.php(443): CodeIgniter\HTTP\Response->sendCookies()
#3 /var/www/html/blog/system/CodeIgniter.php(998): CodeIgniter\HTTP\Response->send()
#4 /var/www/html/blog/system/CodeIgniter.php(865): CodeIgniter\CodeIgniter->sendResponse()
#5 /var/www/html/blog/system/CodeIgniter.php(340): CodeIgniter\CodeIgniter->display404errors(Object(CodeIgniter\Exceptions\PageNotFoundException))
#6 /var/www/html/index.php(37): CodeIgniter\CodeIgniter->run()
#7 {main}
CRITICAL - 2023-08-15 13:11:28 --> The action you requested is not allowed.
#0 /var/www/html/blog/system/HTTP/ResponseTrait.php(709): CodeIgniter\Security\Exceptions\SecurityException::forDisallowedAction()
#1 /var/www/html/blog/system/HTTP/ResponseTrait.php(699): CodeIgniter\HTTP\Response->dispatchCookies()
#2 /var/www/html/blog/system/HTTP/ResponseTrait.php(443): CodeIgniter\HTTP\Response->sendCookies()
#3 /var/www/html/blog/system/CodeIgniter.php(998): CodeIgniter\HTTP\Response->send()
#4 /var/www/html/blog/system/CodeIgniter.php(865): CodeIgniter\CodeIgniter->sendResponse()
#5 /var/www/html/blog/system/CodeIgniter.php(340): CodeIgniter\CodeIgniter->display404errors(Object(CodeIgniter\Exceptions\PageNotFoundException))
#6 /var/www/html/index.php(37): CodeIgniter\CodeIgniter->run()
#7 {main}
CRITICAL - 2023-08-15 13:11:28 --> Uncaught CodeIgniter\Security\Exceptions\SecurityException: The action you requested is not allowed. in /var/www/html/blog/system/HTTP/ResponseTrait.php:709
Stack trace:
#0 /var/www/html/blog/system/HTTP/ResponseTrait.php(709): CodeIgniter\Security\Exceptions\SecurityException::forDisallowedAction()
#1 /var/www/html/blog/system/HTTP/ResponseTrait.php(699): CodeIgniter\HTTP\Response->dispatchCookies()
#2 /var/www/html/blog/system/HTTP/ResponseTrait.php(443): CodeIgniter\HTTP\Response->sendCookies()
#3 /var/www/html/blog/system/Debug/Exceptions.php(115): CodeIgniter\HTTP\Response->send()
#4 [internal function]: CodeIgniter\Debug\Exceptions->exceptionHandler(Object(CodeIgniter\Security\Exceptions\SecurityException))
#5 {main}
  thrown
#0 [internal function]: CodeIgniter\Debug\Exceptions->shutdownHandler()
#1 {main}
CRITICAL - 2023-08-15 13:11:28 --> The action you requested is not allowed.
#0 /var/www/html/blog/system/HTTP/ResponseTrait.php(709): CodeIgniter\Security\Exceptions\SecurityException::forDisallowedAction()
#1 /var/www/html/blog/system/HTTP/ResponseTrait.php(699): CodeIgniter\HTTP\Response->dispatchCookies()
#2 /var/www/html/blog/system/HTTP/ResponseTrait.php(443): CodeIgniter\HTTP\Response->sendCookies()
#3 /var/www/html/blog/system/CodeIgniter.php(998): CodeIgniter\HTTP\Response->send()
#4 /var/www/html/blog/system/CodeIgniter.php(865): CodeIgniter\CodeIgniter->sendResponse()
#5 /var/www/html/blog/system/CodeIgniter.php(340): CodeIgniter\CodeIgniter->display404errors(Object(CodeIgniter\Exceptions\PageNotFoundException))
#6 /var/www/html/index.php(37): CodeIgniter\CodeIgniter->run()
#7 {main}
CRITICAL - 2023-08-15 13:11:28 --> Uncaught CodeIgniter\Security\Exceptions\SecurityException: The action you requested is not allowed. in /var/www/html/blog/system/HTTP/ResponseTrait.php:709
Stack trace:
#0 /var/www/html/blog/system/HTTP/ResponseTrait.php(709): CodeIgniter\Security\Exceptions\SecurityException::forDisallowedAction()
#1 /var/www/html/blog/system/HTTP/ResponseTrait.php(699): CodeIgniter\HTTP\Response->dispatchCookies()
#2 /var/www/html/blog/system/HTTP/ResponseTrait.php(443): CodeIgniter\HTTP\Response->sendCookies()
#3 /var/www/html/blog/system/Debug/Exceptions.php(115): CodeIgniter\HTTP\Response->send()
#4 [internal function]: CodeIgniter\Debug\Exceptions->exceptionHandler(Object(CodeIgniter\Security\Exceptions\SecurityException))
#5 {main}
  thrown
#0 [internal function]: CodeIgniter\Debug\Exceptions->shutdownHandler()
#1 {main}
CRITICAL - 2023-08-15 13:11:28 --> The action you requested is not allowed.
#0 /var/www/html/blog/system/HTTP/ResponseTrait.php(709): CodeIgniter\Security\Exceptions\SecurityException::forDisallowedAction()
#1 /var/www/html/blog/system/HTTP/ResponseTrait.php(699): CodeIgniter\HTTP\Response->dispatchCookies()
#2 /var/www/html/blog/system/HTTP/ResponseTrait.php(443): CodeIgniter\HTTP\Response->sendCookies()
#3 /var/www/html/blog/system/CodeIgniter.php(998): CodeIgniter\HTTP\Response->send()
#4 /var/www/html/blog/system/CodeIgniter.php(865): CodeIgniter\CodeIgniter->sendResponse()
#5 /var/www/html/blog/system/CodeIgniter.php(340): CodeIgniter\CodeIgniter->display404errors(Object(CodeIgniter\Exceptions\PageNotFoundException))
#6 /var/www/html/index.php(37): CodeIgniter\CodeIgniter->run()
#7 {main}
CRITICAL - 2023-08-15 13:11:28 --> Uncaught CodeIgniter\Security\Exceptions\SecurityException: The action you requested is not allowed. in /var/www/html/blog/system/HTTP/ResponseTrait.php:709
Stack trace:
#0 /var/www/html/blog/system/HTTP/ResponseTrait.php(709): CodeIgniter\Security\Exceptions\SecurityException::forDisallowedAction()
#1 /var/www/html/blog/system/HTTP/ResponseTrait.php(699): CodeIgniter\HTTP\Response->dispatchCookies()
#2 /var/www/html/blog/system/HTTP/ResponseTrait.php(443): CodeIgniter\HTTP\Response->sendCookies()
#3 /var/www/html/blog/system/Debug/Exceptions.php(115): CodeIgniter\HTTP\Response->send()
#4 [internal function]: CodeIgniter\Debug\Exceptions->exceptionHandler(Object(CodeIgniter\Security\Exceptions\SecurityException))
#5 {main}
  thrown
#0 [internal function]: CodeIgniter\Debug\Exceptions->shutdownHandler()
#1 {main}
CRITICAL - 2023-08-15 13:11:29 --> The action you requested is not allowed.
#0 /var/www/html/blog/system/HTTP/ResponseTrait.php(709): CodeIgniter\Security\Exceptions\SecurityException::forDisallowedAction()
#1 /var/www/html/blog/system/HTTP/ResponseTrait.php(699): CodeIgniter\HTTP\Response->dispatchCookies()
#2 /var/www/html/blog/system/HTTP/ResponseTrait.php(443): CodeIgniter\HTTP\Response->sendCookies()
#3 /var/www/html/blog/system/CodeIgniter.php(998): CodeIgniter\HTTP\Response->send()
#4 /var/www/html/blog/system/CodeIgniter.php(865): CodeIgniter\CodeIgniter->sendResponse()
#5 /var/www/html/blog/system/CodeIgniter.php(340): CodeIgniter\CodeIgniter->display404errors(Object(CodeIgniter\Exceptions\PageNotFoundException))
#6 /var/www/html/index.php(37): CodeIgniter\CodeIgniter->run()
#7 {main}
CRITICAL - 2023-08-15 13:11:29 --> Uncaught CodeIgniter\Security\Exceptions\SecurityException: The action you requested is not allowed. in /var/www/html/blog/system/HTTP/ResponseTrait.php:709
Stack trace:
#0 /var/www/html/blog/system/HTTP/ResponseTrait.php(709): CodeIgniter\Security\Exceptions\SecurityException::forDisallowedAction()
#1 /var/www/html/blog/system/HTTP/ResponseTrait.php(699): CodeIgniter\HTTP\Response->dispatchCookies()
#2 /var/www/html/blog/system/HTTP/ResponseTrait.php(443): CodeIgniter\HTTP\Response->sendCookies()
#3 /var/www/html/blog/system/Debug/Exceptions.php(115): CodeIgniter\HTTP\Response->send()
#4 [internal function]: CodeIgniter\Debug\Exceptions->exceptionHandler(Object(CodeIgniter\Security\Exceptions\SecurityException))
#5 {main}
  thrown
#0 [internal function]: CodeIgniter\Debug\Exceptions->shutdownHandler()
#1 {main}
CRITICAL - 2023-08-15 13:11:29 --> The action you requested is not allowed.
#0 /var/www/html/blog/system/HTTP/ResponseTrait.php(709): CodeIgniter\Security\Exceptions\SecurityException::forDisallowedAction()
#1 /var/www/html/blog/system/HTTP/ResponseTrait.php(699): CodeIgniter\HTTP\Response->dispatchCookies()
#2 /var/www/html/blog/system/HTTP/ResponseTrait.php(443): CodeIgniter\HTTP\Response->sendCookies()
#3 /var/www/html/blog/system/CodeIgniter.php(998): CodeIgniter\HTTP\Response->send()
#4 /var/www/html/blog/system/CodeIgniter.php(865): CodeIgniter\CodeIgniter->sendResponse()
#5 /var/www/html/blog/system/CodeIgniter.php(340): CodeIgniter\CodeIgniter->display404errors(Object(CodeIgniter\Exceptions\PageNotFoundException))
#6 /var/www/html/index.php(37): CodeIgniter\CodeIgniter->run()
#7 {main}
CRITICAL - 2023-08-15 13:11:29 --> Uncaught CodeIgniter\Security\Exceptions\SecurityException: The action you requested is not allowed. in /var/www/html/blog/system/HTTP/ResponseTrait.php:709
Stack trace:
#0 /var/www/html/blog/system/HTTP/ResponseTrait.php(709): CodeIgniter\Security\Exceptions\SecurityException::forDisallowedAction()
#1 /var/www/html/blog/system/HTTP/ResponseTrait.php(699): CodeIgniter\HTTP\Response->dispatchCookies()
#2 /var/www/html/blog/system/HTTP/ResponseTrait.php(443): CodeIgniter\HTTP\Response->sendCookies()
#3 /var/www/html/blog/system/Debug/Exceptions.php(115): CodeIgniter\HTTP\Response->send()
#4 [internal function]: CodeIgniter\Debug\Exceptions->exceptionHandler(Object(CodeIgniter\Security\Exceptions\SecurityException))
#5 {main}
  thrown
#0 [internal function]: CodeIgniter\Debug\Exceptions->shutdownHandler()
#1 {main}
CRITICAL - 2023-08-15 13:11:30 --> The action you requested is not allowed.
#0 /var/www/html/blog/system/HTTP/ResponseTrait.php(709): CodeIgniter\Security\Exceptions\SecurityException::forDisallowedAction()
#1 /var/www/html/blog/system/HTTP/ResponseTrait.php(699): CodeIgniter\HTTP\Response->dispatchCookies()
#2 /var/www/html/blog/system/HTTP/ResponseTrait.php(443): CodeIgniter\HTTP\Response->sendCookies()
#3 /var/www/html/blog/system/CodeIgniter.php(998): CodeIgniter\HTTP\Response->send()
#4 /var/www/html/blog/system/CodeIgniter.php(865): CodeIgniter\CodeIgniter->sendResponse()
#5 /var/www/html/blog/system/CodeIgniter.php(340): CodeIgniter\CodeIgniter->display404errors(Object(CodeIgniter\Exceptions\PageNotFoundException))
#6 /var/www/html/index.php(37): CodeIgniter\CodeIgniter->run()
#7 {main}
CRITICAL - 2023-08-15 13:11:30 --> Uncaught CodeIgniter\Security\Exceptions\SecurityException: The action you requested is not allowed. in /var/www/html/blog/system/HTTP/ResponseTrait.php:709
Stack trace:
#0 /var/www/html/blog/system/HTTP/ResponseTrait.php(709): CodeIgniter\Security\Exceptions\SecurityException::forDisallowedAction()
#1 /var/www/html/blog/system/HTTP/ResponseTrait.php(699): CodeIgniter\HTTP\Response->dispatchCookies()
#2 /var/www/html/blog/system/HTTP/ResponseTrait.php(443): CodeIgniter\HTTP\Response->sendCookies()
#3 /var/www/html/blog/system/Debug/Exceptions.php(115): CodeIgniter\HTTP\Response->send()
#4 [internal function]: CodeIgniter\Debug\Exceptions->exceptionHandler(Object(CodeIgniter\Security\Exceptions\SecurityException))
#5 {main}
  thrown
#0 [internal function]: CodeIgniter\Debug\Exceptions->shutdownHandler()
#1 {main}
CRITICAL - 2023-08-15 14:00:45 --> The action you requested is not allowed.
#0 /var/www/html/blog/system/HTTP/ResponseTrait.php(709): CodeIgniter\Security\Exceptions\SecurityException::forDisallowedAction()
#1 /var/www/html/blog/system/HTTP/ResponseTrait.php(699): CodeIgniter\HTTP\Response->dispatchCookies()
#2 /var/www/html/blog/system/HTTP/ResponseTrait.php(443): CodeIgniter\HTTP\Response->sendCookies()
#3 /var/www/html/blog/system/CodeIgniter.php(998): CodeIgniter\HTTP\Response->send()
#4 /var/www/html/blog/system/CodeIgniter.php(458): CodeIgniter\CodeIgniter->sendResponse()
#5 /var/www/html/blog/system/CodeIgniter.php(326): CodeIgniter\CodeIgniter->handleRequest(NULL, Object(Config\Cache), false)
#6 /var/www/html/index.php(37): CodeIgniter\CodeIgniter->run()
#7 {main}
CRITICAL - 2023-08-15 14:00:45 --> Uncaught CodeIgniter\Security\Exceptions\SecurityException: The action you requested is not allowed. in /var/www/html/blog/system/HTTP/ResponseTrait.php:709
Stack trace:
#0 /var/www/html/blog/system/HTTP/ResponseTrait.php(709): CodeIgniter\Security\Exceptions\SecurityException::forDisallowedAction()
#1 /var/www/html/blog/system/HTTP/ResponseTrait.php(699): CodeIgniter\HTTP\Response->dispatchCookies()
#2 /var/www/html/blog/system/HTTP/ResponseTrait.php(443): CodeIgniter\HTTP\Response->sendCookies()
#3 /var/www/html/blog/system/Debug/Exceptions.php(115): CodeIgniter\HTTP\Response->send()
#4 [internal function]: CodeIgniter\Debug\Exceptions->exceptionHandler(Object(CodeIgniter\Security\Exceptions\SecurityException))
#5 {main}
  thrown
#0 [internal function]: CodeIgniter\Debug\Exceptions->shutdownHandler()
#1 {main}
CRITICAL - 2023-08-15 14:05:23 --> The action you requested is not allowed.
#0 /var/www/html/blog/system/HTTP/ResponseTrait.php(709): CodeIgniter\Security\Exceptions\SecurityException::forDisallowedAction()
#1 /var/www/html/blog/system/HTTP/ResponseTrait.php(699): CodeIgniter\HTTP\Response->dispatchCookies()
#2 /var/www/html/blog/system/HTTP/ResponseTrait.php(443): CodeIgniter\HTTP\Response->sendCookies()
#3 /var/www/html/blog/system/CodeIgniter.php(998): CodeIgniter\HTTP\Response->send()
#4 /var/www/html/blog/system/CodeIgniter.php(458): CodeIgniter\CodeIgniter->sendResponse()
#5 /var/www/html/blog/system/CodeIgniter.php(326): CodeIgniter\CodeIgniter->handleRequest(NULL, Object(Config\Cache), false)
#6 /var/www/html/index.php(37): CodeIgniter\CodeIgniter->run()
#7 {main}
CRITICAL - 2023-08-15 14:05:23 --> Uncaught CodeIgniter\Security\Exceptions\SecurityException: The action you requested is not allowed. in /var/www/html/blog/system/HTTP/ResponseTrait.php:709
Stack trace:
#0 /var/www/html/blog/system/HTTP/ResponseTrait.php(709): CodeIgniter\Security\Exceptions\SecurityException::forDisallowedAction()
#1 /var/www/html/blog/system/HTTP/ResponseTrait.php(699): CodeIgniter\HTTP\Response->dispatchCookies()
#2 /var/www/html/blog/system/HTTP/ResponseTrait.php(443): CodeIgniter\HTTP\Response->sendCookies()
#3 /var/www/html/blog/system/Debug/Exceptions.php(115): CodeIgniter\HTTP\Response->send()
#4 [internal function]: CodeIgniter\Debug\Exceptions->exceptionHandler(Object(CodeIgniter\Security\Exceptions\SecurityException))
#5 {main}
  thrown
#0 [internal function]: CodeIgniter\Debug\Exceptions->shutdownHandler()
#1 {main}
CRITICAL - 2023-08-15 14:13:08 --> The action you requested is not allowed.
#0 /var/www/html/blog/system/HTTP/ResponseTrait.php(709): CodeIgniter\Security\Exceptions\SecurityException::forDisallowedAction()
#1 /var/www/html/blog/system/HTTP/ResponseTrait.php(699): CodeIgniter\HTTP\Response->dispatchCookies()
#2 /var/www/html/blog/system/HTTP/ResponseTrait.php(443): CodeIgniter\HTTP\Response->sendCookies()
#3 /var/www/html/blog/system/CodeIgniter.php(998): CodeIgniter\HTTP\Response->send()
#4 /var/www/html/blog/system/CodeIgniter.php(458): CodeIgniter\CodeIgniter->sendResponse()
#5 /var/www/html/blog/system/CodeIgniter.php(326): CodeIgniter\CodeIgniter->handleRequest(NULL, Object(Config\Cache), false)
#6 /var/www/html/index.php(37): CodeIgniter\CodeIgniter->run()
#7 {main}
CRITICAL - 2023-08-15 14:13:08 --> Uncaught CodeIgniter\Security\Exceptions\SecurityException: The action you requested is not allowed. in /var/www/html/blog/system/HTTP/ResponseTrait.php:709
Stack trace:
#0 /var/www/html/blog/system/HTTP/ResponseTrait.php(709): CodeIgniter\Security\Exceptions\SecurityException::forDisallowedAction()
#1 /var/www/html/blog/system/HTTP/ResponseTrait.php(699): CodeIgniter\HTTP\Response->dispatchCookies()
#2 /var/www/html/blog/system/HTTP/ResponseTrait.php(443): CodeIgniter\HTTP\Response->sendCookies()
#3 /var/www/html/blog/system/Debug/Exceptions.php(115): CodeIgniter\HTTP\Response->send()
#4 [internal function]: CodeIgniter\Debug\Exceptions->exceptionHandler(Object(CodeIgniter\Security\Exceptions\SecurityException))
#5 {main}
  thrown
#0 [internal function]: CodeIgniter\Debug\Exceptions->shutdownHandler()
#1 {main}
CRITICAL - 2023-08-15 15:49:18 --> The action you requested is not allowed.
#0 /var/www/html/blog/system/HTTP/ResponseTrait.php(709): CodeIgniter\Security\Exceptions\SecurityException::forDisallowedAction()
#1 /var/www/html/blog/system/HTTP/ResponseTrait.php(699): CodeIgniter\HTTP\Response->dispatchCookies()
#2 /var/www/html/blog/system/HTTP/ResponseTrait.php(443): CodeIgniter\HTTP\Response->sendCookies()
#3 /var/www/html/blog/system/CodeIgniter.php(998): CodeIgniter\HTTP\Response->send()
#4 /var/www/html/blog/system/CodeIgniter.php(458): CodeIgniter\CodeIgniter->sendResponse()
#5 /var/www/html/blog/system/CodeIgniter.php(326): CodeIgniter\CodeIgniter->handleRequest(NULL, Object(Config\Cache), false)
#6 /var/www/html/index.php(37): CodeIgniter\CodeIgniter->run()
#7 {main}
CRITICAL - 2023-08-15 16:07:19 --> The action you requested is not allowed.
#0 /var/www/html/blog/system/HTTP/ResponseTrait.php(709): CodeIgniter\Security\Exceptions\SecurityException::forDisallowedAction()
#1 /var/www/html/blog/system/HTTP/ResponseTrait.php(699): CodeIgniter\HTTP\Response->dispatchCookies()
#2 /var/www/html/blog/system/HTTP/ResponseTrait.php(443): CodeIgniter\HTTP\Response->sendCookies()
#3 /var/www/html/blog/system/CodeIgniter.php(998): CodeIgniter\HTTP\Response->send()
#4 /var/www/html/blog/system/CodeIgniter.php(458): CodeIgniter\CodeIgniter->sendResponse()
#5 /var/www/html/blog/system/CodeIgniter.php(326): CodeIgniter\CodeIgniter->handleRequest(NULL, Object(Config\Cache), false)
#6 /var/www/html/index.php(37): CodeIgniter\CodeIgniter->run()
#7 {main}
CRITICAL - 2023-08-15 16:07:19 --> Uncaught CodeIgniter\Security\Exceptions\SecurityException: The action you requested is not allowed. in /var/www/html/blog/system/HTTP/ResponseTrait.php:709
Stack trace:
#0 /var/www/html/blog/system/HTTP/ResponseTrait.php(709): CodeIgniter\Security\Exceptions\SecurityException::forDisallowedAction()
#1 /var/www/html/blog/system/HTTP/ResponseTrait.php(699): CodeIgniter\HTTP\Response->dispatchCookies()
#2 /var/www/html/blog/system/HTTP/ResponseTrait.php(443): CodeIgniter\HTTP\Response->sendCookies()
#3 /var/www/html/blog/system/Debug/Exceptions.php(115): CodeIgniter\HTTP\Response->send()
#4 [internal function]: CodeIgniter\Debug\Exceptions->exceptionHandler(Object(CodeIgniter\Security\Exceptions\SecurityException))
#5 {main}
  thrown
#0 [internal function]: CodeIgniter\Debug\Exceptions->shutdownHandler()
#1 {main}
CRITICAL - 2023-08-15 16:48:07 --> The action you requested is not allowed.
#0 /var/www/html/blog/system/HTTP/ResponseTrait.php(709): CodeIgniter\Security\Exceptions\SecurityException::forDisallowedAction()
#1 /var/www/html/blog/system/HTTP/ResponseTrait.php(699): CodeIgniter\HTTP\Response->dispatchCookies()
#2 /var/www/html/blog/system/HTTP/ResponseTrait.php(443): CodeIgniter\HTTP\Response->sendCookies()
#3 /var/www/html/blog/system/CodeIgniter.php(998): CodeIgniter\HTTP\Response->send()
#4 /var/www/html/blog/system/CodeIgniter.php(458): CodeIgniter\CodeIgniter->sendResponse()
#5 /var/www/html/blog/system/CodeIgniter.php(326): CodeIgniter\CodeIgniter->handleRequest(NULL, Object(Config\Cache), false)
#6 /var/www/html/index.php(37): CodeIgniter\CodeIgniter->run()
#7 {main}
CRITICAL - 2023-08-15 16:48:07 --> Uncaught CodeIgniter\Security\Exceptions\SecurityException: The action you requested is not allowed. in /var/www/html/blog/system/HTTP/ResponseTrait.php:709
Stack trace:
#0 /var/www/html/blog/system/HTTP/ResponseTrait.php(709): CodeIgniter\Security\Exceptions\SecurityException::forDisallowedAction()
#1 /var/www/html/blog/system/HTTP/ResponseTrait.php(699): CodeIgniter\HTTP\Response->dispatchCookies()
#2 /var/www/html/blog/system/HTTP/ResponseTrait.php(443): CodeIgniter\HTTP\Response->sendCookies()
#3 /var/www/html/blog/system/Debug/Exceptions.php(115): CodeIgniter\HTTP\Response->send()
#4 [internal function]: CodeIgniter\Debug\Exceptions->exceptionHandler(Object(CodeIgniter\Security\Exceptions\SecurityException))
#5 {main}
  thrown
#0 [internal function]: CodeIgniter\Debug\Exceptions->shutdownHandler()
#1 {main}
CRITICAL - 2023-08-15 16:53:11 --> The action you requested is not allowed.
#0 /var/www/html/blog/system/HTTP/ResponseTrait.php(709): CodeIgniter\Security\Exceptions\SecurityException::forDisallowedAction()
#1 /var/www/html/blog/system/HTTP/ResponseTrait.php(699): CodeIgniter\HTTP\Response->dispatchCookies()
#2 /var/www/html/blog/system/HTTP/ResponseTrait.php(443): CodeIgniter\HTTP\Response->sendCookies()
#3 /var/www/html/blog/system/CodeIgniter.php(998): CodeIgniter\HTTP\Response->send()
#4 /var/www/html/blog/system/CodeIgniter.php(865): CodeIgniter\CodeIgniter->sendResponse()
#5 /var/www/html/blog/system/CodeIgniter.php(340): CodeIgniter\CodeIgniter->display404errors(Object(CodeIgniter\Exceptions\PageNotFoundException))
#6 /var/www/html/index.php(37): CodeIgniter\CodeIgniter->run()
#7 {main}
CRITICAL - 2023-08-15 17:09:12 --> The action you requested is not allowed.
#0 /var/www/html/blog/system/HTTP/ResponseTrait.php(709): CodeIgniter\Security\Exceptions\SecurityException::forDisallowedAction()
#1 /var/www/html/blog/system/HTTP/ResponseTrait.php(699): CodeIgniter\HTTP\Response->dispatchCookies()
#2 /var/www/html/blog/system/HTTP/ResponseTrait.php(443): CodeIgniter\HTTP\Response->sendCookies()
#3 /var/www/html/blog/system/CodeIgniter.php(998): CodeIgniter\HTTP\Response->send()
#4 /var/www/html/blog/system/CodeIgniter.php(458): CodeIgniter\CodeIgniter->sendResponse()
#5 /var/www/html/blog/system/CodeIgniter.php(326): CodeIgniter\CodeIgniter->handleRequest(NULL, Object(Config\Cache), false)
#6 /var/www/html/index.php(37): CodeIgniter\CodeIgniter->run()
#7 {main}
CRITICAL - 2023-08-15 17:09:12 --> Uncaught CodeIgniter\Security\Exceptions\SecurityException: The action you requested is not allowed. in /var/www/html/blog/system/HTTP/ResponseTrait.php:709
Stack trace:
#0 /var/www/html/blog/system/HTTP/ResponseTrait.php(709): CodeIgniter\Security\Exceptions\SecurityException::forDisallowedAction()
#1 /var/www/html/blog/system/HTTP/ResponseTrait.php(699): CodeIgniter\HTTP\Response->dispatchCookies()
#2 /var/www/html/blog/system/HTTP/ResponseTrait.php(443): CodeIgniter\HTTP\Response->sendCookies()
#3 /var/www/html/blog/system/Debug/Exceptions.php(115): CodeIgniter\HTTP\Response->send()
#4 [internal function]: CodeIgniter\Debug\Exceptions->exceptionHandler(Object(CodeIgniter\Security\Exceptions\SecurityException))
#5 {main}
  thrown
#0 [internal function]: CodeIgniter\Debug\Exceptions->shutdownHandler()
#1 {main}
CRITICAL - 2023-08-15 18:12:24 --> The action you requested is not allowed.
#0 /var/www/html/blog/system/HTTP/ResponseTrait.php(709): CodeIgniter\Security\Exceptions\SecurityException::forDisallowedAction()
#1 /var/www/html/blog/system/HTTP/ResponseTrait.php(699): CodeIgniter\HTTP\Response->dispatchCookies()
#2 /var/www/html/blog/system/HTTP/ResponseTrait.php(443): CodeIgniter\HTTP\Response->sendCookies()
#3 /var/www/html/blog/system/CodeIgniter.php(998): CodeIgniter\HTTP\Response->send()
#4 /var/www/html/blog/system/CodeIgniter.php(458): CodeIgniter\CodeIgniter->sendResponse()
#5 /var/www/html/blog/system/CodeIgniter.php(326): CodeIgniter\CodeIgniter->handleRequest(NULL, Object(Config\Cache), false)
#6 /var/www/html/index.php(37): CodeIgniter\CodeIgniter->run()
#7 {main}
CRITICAL - 2023-08-15 18:12:24 --> Uncaught CodeIgniter\Security\Exceptions\SecurityException: The action you requested is not allowed. in /var/www/html/blog/system/HTTP/ResponseTrait.php:709
Stack trace:
#0 /var/www/html/blog/system/HTTP/ResponseTrait.php(709): CodeIgniter\Security\Exceptions\SecurityException::forDisallowedAction()
#1 /var/www/html/blog/system/HTTP/ResponseTrait.php(699): CodeIgniter\HTTP\Response->dispatchCookies()
#2 /var/www/html/blog/system/HTTP/ResponseTrait.php(443): CodeIgniter\HTTP\Response->sendCookies()
#3 /var/www/html/blog/system/Debug/Exceptions.php(115): CodeIgniter\HTTP\Response->send()
#4 [internal function]: CodeIgniter\Debug\Exceptions->exceptionHandler(Object(CodeIgniter\Security\Exceptions\SecurityException))
#5 {main}
  thrown
#0 [internal function]: CodeIgniter\Debug\Exceptions->shutdownHandler()
#1 {main}
CRITICAL - 2023-08-15 18:12:56 --> The action you requested is not allowed.
#0 /var/www/html/blog/system/HTTP/ResponseTrait.php(709): CodeIgniter\Security\Exceptions\SecurityException::forDisallowedAction()
#1 /var/www/html/blog/system/HTTP/ResponseTrait.php(699): CodeIgniter\HTTP\Response->dispatchCookies()
#2 /var/www/html/blog/system/HTTP/ResponseTrait.php(443): CodeIgniter\HTTP\Response->sendCookies()
#3 /var/www/html/blog/system/CodeIgniter.php(998): CodeIgniter\HTTP\Response->send()
#4 /var/www/html/blog/system/CodeIgniter.php(458): CodeIgniter\CodeIgniter->sendResponse()
#5 /var/www/html/blog/system/CodeIgniter.php(326): CodeIgniter\CodeIgniter->handleRequest(NULL, Object(Config\Cache), false)
#6 /var/www/html/index.php(37): CodeIgniter\CodeIgniter->run()
#7 {main}
CRITICAL - 2023-08-15 18:12:56 --> Uncaught CodeIgniter\Security\Exceptions\SecurityException: The action you requested is not allowed. in /var/www/html/blog/system/HTTP/ResponseTrait.php:709
Stack trace:
#0 /var/www/html/blog/system/HTTP/ResponseTrait.php(709): CodeIgniter\Security\Exceptions\SecurityException::forDisallowedAction()
#1 /var/www/html/blog/system/HTTP/ResponseTrait.php(699): CodeIgniter\HTTP\Response->dispatchCookies()
#2 /var/www/html/blog/system/HTTP/ResponseTrait.php(443): CodeIgniter\HTTP\Response->sendCookies()
#3 /var/www/html/blog/system/Debug/Exceptions.php(115): CodeIgniter\HTTP\Response->send()
#4 [internal function]: CodeIgniter\Debug\Exceptions->exceptionHandler(Object(CodeIgniter\Security\Exceptions\SecurityException))
#5 {main}
  thrown
#0 [internal function]: CodeIgniter\Debug\Exceptions->shutdownHandler()
#1 {main}
CRITICAL - 2023-08-15 18:12:57 --> The action you requested is not allowed.
#0 /var/www/html/blog/system/HTTP/ResponseTrait.php(709): CodeIgniter\Security\Exceptions\SecurityException::forDisallowedAction()
#1 /var/www/html/blog/system/HTTP/ResponseTrait.php(699): CodeIgniter\HTTP\Response->dispatchCookies()
#2 /var/www/html/blog/system/HTTP/ResponseTrait.php(443): CodeIgniter\HTTP\Response->sendCookies()
#3 /var/www/html/blog/system/CodeIgniter.php(998): CodeIgniter\HTTP\Response->send()
#4 /var/www/html/blog/system/CodeIgniter.php(865): CodeIgniter\CodeIgniter->sendResponse()
#5 /var/www/html/blog/system/CodeIgniter.php(340): CodeIgniter\CodeIgniter->display404errors(Object(CodeIgniter\Exceptions\PageNotFoundException))
#6 /var/www/html/index.php(37): CodeIgniter\CodeIgniter->run()
#7 {main}
CRITICAL - 2023-08-15 18:12:57 --> Uncaught CodeIgniter\Security\Exceptions\SecurityException: The action you requested is not allowed. in /var/www/html/blog/system/HTTP/ResponseTrait.php:709
Stack trace:
#0 /var/www/html/blog/system/HTTP/ResponseTrait.php(709): CodeIgniter\Security\Exceptions\SecurityException::forDisallowedAction()
#1 /var/www/html/blog/system/HTTP/ResponseTrait.php(699): CodeIgniter\HTTP\Response->dispatchCookies()
#2 /var/www/html/blog/system/HTTP/ResponseTrait.php(443): CodeIgniter\HTTP\Response->sendCookies()
#3 /var/www/html/blog/system/Debug/Exceptions.php(115): CodeIgniter\HTTP\Response->send()
#4 [internal function]: CodeIgniter\Debug\Exceptions->exceptionHandler(Object(CodeIgniter\Security\Exceptions\SecurityException))
#5 {main}
  thrown
#0 [internal function]: CodeIgniter\Debug\Exceptions->shutdownHandler()
#1 {main}
CRITICAL - 2023-08-15 18:12:57 --> The action you requested is not allowed.
#0 /var/www/html/blog/system/HTTP/ResponseTrait.php(709): CodeIgniter\Security\Exceptions\SecurityException::forDisallowedAction()
#1 /var/www/html/blog/system/HTTP/ResponseTrait.php(699): CodeIgniter\HTTP\Response->dispatchCookies()
#2 /var/www/html/blog/system/HTTP/ResponseTrait.php(443): CodeIgniter\HTTP\Response->sendCookies()
#3 /var/www/html/blog/system/CodeIgniter.php(998): CodeIgniter\HTTP\Response->send()
#4 /var/www/html/blog/system/CodeIgniter.php(865): CodeIgniter\CodeIgniter->sendResponse()
#5 /var/www/html/blog/system/CodeIgniter.php(340): CodeIgniter\CodeIgniter->display404errors(Object(CodeIgniter\Exceptions\PageNotFoundException))
#6 /var/www/html/index.php(37): CodeIgniter\CodeIgniter->run()
#7 {main}
CRITICAL - 2023-08-15 18:12:57 --> Uncaught CodeIgniter\Security\Exceptions\SecurityException: The action you requested is not allowed. in /var/www/html/blog/system/HTTP/ResponseTrait.php:709
Stack trace:
#0 /var/www/html/blog/system/HTTP/ResponseTrait.php(709): CodeIgniter\Security\Exceptions\SecurityException::forDisallowedAction()
#1 /var/www/html/blog/system/HTTP/ResponseTrait.php(699): CodeIgniter\HTTP\Response->dispatchCookies()
#2 /var/www/html/blog/system/HTTP/ResponseTrait.php(443): CodeIgniter\HTTP\Response->sendCookies()
#3 /var/www/html/blog/system/Debug/Exceptions.php(115): CodeIgniter\HTTP\Response->send()
#4 [internal function]: CodeIgniter\Debug\Exceptions->exceptionHandler(Object(CodeIgniter\Security\Exceptions\SecurityException))
#5 {main}
  thrown
#0 [internal function]: CodeIgniter\Debug\Exceptions->shutdownHandler()
#1 {main}
CRITICAL - 2023-08-15 18:12:57 --> The action you requested is not allowed.
#0 /var/www/html/blog/system/HTTP/ResponseTrait.php(709): CodeIgniter\Security\Exceptions\SecurityException::forDisallowedAction()
#1 /var/www/html/blog/system/HTTP/ResponseTrait.php(699): CodeIgniter\HTTP\Response->dispatchCookies()
#2 /var/www/html/blog/system/HTTP/ResponseTrait.php(443): CodeIgniter\HTTP\Response->sendCookies()
#3 /var/www/html/blog/system/CodeIgniter.php(998): CodeIgniter\HTTP\Response->send()
#4 /var/www/html/blog/system/CodeIgniter.php(458): CodeIgniter\CodeIgniter->sendResponse()
#5 /var/www/html/blog/system/CodeIgniter.php(326): CodeIgniter\CodeIgniter->handleRequest(NULL, Object(Config\Cache), false)
#6 /var/www/html/index.php(37): CodeIgniter\CodeIgniter->run()
#7 {main}
CRITICAL - 2023-08-15 18:12:57 --> Uncaught CodeIgniter\Security\Exceptions\SecurityException: The action you requested is not allowed. in /var/www/html/blog/system/HTTP/ResponseTrait.php:709
Stack trace:
#0 /var/www/html/blog/system/HTTP/ResponseTrait.php(709): CodeIgniter\Security\Exceptions\SecurityException::forDisallowedAction()
#1 /var/www/html/blog/system/HTTP/ResponseTrait.php(699): CodeIgniter\HTTP\Response->dispatchCookies()
#2 /var/www/html/blog/system/HTTP/ResponseTrait.php(443): CodeIgniter\HTTP\Response->sendCookies()
#3 /var/www/html/blog/system/Debug/Exceptions.php(115): CodeIgniter\HTTP\Response->send()
#4 [internal function]: CodeIgniter\Debug\Exceptions->exceptionHandler(Object(CodeIgniter\Security\Exceptions\SecurityException))
#5 {main}
  thrown
#0 [internal function]: CodeIgniter\Debug\Exceptions->shutdownHandler()
#1 {main}
CRITICAL - 2023-08-15 18:12:58 --> The action you requested is not allowed.
#0 /var/www/html/blog/system/HTTP/ResponseTrait.php(709): CodeIgniter\Security\Exceptions\SecurityException::forDisallowedAction()
#1 /var/www/html/blog/system/HTTP/ResponseTrait.php(699): CodeIgniter\HTTP\Response->dispatchCookies()
#2 /var/www/html/blog/system/HTTP/ResponseTrait.php(443): CodeIgniter\HTTP\Response->sendCookies()
#3 /var/www/html/blog/system/CodeIgniter.php(998): CodeIgniter\HTTP\Response->send()
#4 /var/www/html/blog/system/CodeIgniter.php(865): CodeIgniter\CodeIgniter->sendResponse()
#5 /var/www/html/blog/system/CodeIgniter.php(340): CodeIgniter\CodeIgniter->display404errors(Object(CodeIgniter\Exceptions\PageNotFoundException))
#6 /var/www/html/index.php(37): CodeIgniter\CodeIgniter->run()
#7 {main}
CRITICAL - 2023-08-15 18:12:58 --> Uncaught CodeIgniter\Security\Exceptions\SecurityException: The action you requested is not allowed. in /var/www/html/blog/system/HTTP/ResponseTrait.php:709
Stack trace:
#0 /var/www/html/blog/system/HTTP/ResponseTrait.php(709): CodeIgniter\Security\Exceptions\SecurityException::forDisallowedAction()
#1 /var/www/html/blog/system/HTTP/ResponseTrait.php(699): CodeIgniter\HTTP\Response->dispatchCookies()
#2 /var/www/html/blog/system/HTTP/ResponseTrait.php(443): CodeIgniter\HTTP\Response->sendCookies()
#3 /var/www/html/blog/system/Debug/Exceptions.php(115): CodeIgniter\HTTP\Response->send()
#4 [internal function]: CodeIgniter\Debug\Exceptions->exceptionHandler(Object(CodeIgniter\Security\Exceptions\SecurityException))
#5 {main}
  thrown
#0 [internal function]: CodeIgniter\Debug\Exceptions->shutdownHandler()
#1 {main}
CRITICAL - 2023-08-15 18:12:58 --> The action you requested is not allowed.
#0 /var/www/html/blog/system/HTTP/ResponseTrait.php(709): CodeIgniter\Security\Exceptions\SecurityException::forDisallowedAction()
#1 /var/www/html/blog/system/HTTP/ResponseTrait.php(699): CodeIgniter\HTTP\Response->dispatchCookies()
#2 /var/www/html/blog/system/HTTP/ResponseTrait.php(443): CodeIgniter\HTTP\Response->sendCookies()
#3 /var/www/html/blog/system/CodeIgniter.php(998): CodeIgniter\HTTP\Response->send()
#4 /var/www/html/blog/system/CodeIgniter.php(865): CodeIgniter\CodeIgniter->sendResponse()
#5 /var/www/html/blog/system/CodeIgniter.php(340): CodeIgniter\CodeIgniter->display404errors(Object(CodeIgniter\Exceptions\PageNotFoundException))
#6 /var/www/html/index.php(37): CodeIgniter\CodeIgniter->run()
#7 {main}
CRITICAL - 2023-08-15 18:12:58 --> Uncaught CodeIgniter\Security\Exceptions\SecurityException: The action you requested is not allowed. in /var/www/html/blog/system/HTTP/ResponseTrait.php:709
Stack trace:
#0 /var/www/html/blog/system/HTTP/ResponseTrait.php(709): CodeIgniter\Security\Exceptions\SecurityException::forDisallowedAction()
#1 /var/www/html/blog/system/HTTP/ResponseTrait.php(699): CodeIgniter\HTTP\Response->dispatchCookies()
#2 /var/www/html/blog/system/HTTP/ResponseTrait.php(443): CodeIgniter\HTTP\Response->sendCookies()
#3 /var/www/html/blog/system/Debug/Exceptions.php(115): CodeIgniter\HTTP\Response->send()
#4 [internal function]: CodeIgniter\Debug\Exceptions->exceptionHandler(Object(CodeIgniter\Security\Exceptions\SecurityException))
#5 {main}
  thrown
#0 [internal function]: CodeIgniter\Debug\Exceptions->shutdownHandler()
#1 {main}
CRITICAL - 2023-08-15 18:12:58 --> The action you requested is not allowed.
#0 /var/www/html/blog/system/HTTP/ResponseTrait.php(709): CodeIgniter\Security\Exceptions\SecurityException::forDisallowedAction()
#1 /var/www/html/blog/system/HTTP/ResponseTrait.php(699): CodeIgniter\HTTP\Response->dispatchCookies()
#2 /var/www/html/blog/system/HTTP/ResponseTrait.php(443): CodeIgniter\HTTP\Response->sendCookies()
#3 /var/www/html/blog/system/CodeIgniter.php(998): CodeIgniter\HTTP\Response->send()
#4 /var/www/html/blog/system/CodeIgniter.php(865): CodeIgniter\CodeIgniter->sendResponse()
#5 /var/www/html/blog/system/CodeIgniter.php(340): CodeIgniter\CodeIgniter->display404errors(Object(CodeIgniter\Exceptions\PageNotFoundException))
#6 /var/www/html/index.php(37): CodeIgniter\CodeIgniter->run()
#7 {main}
CRITICAL - 2023-08-15 18:12:58 --> Uncaught CodeIgniter\Security\Exceptions\SecurityException: The action you requested is not allowed. in /var/www/html/blog/system/HTTP/ResponseTrait.php:709
Stack trace:
#0 /var/www/html/blog/system/HTTP/ResponseTrait.php(709): CodeIgniter\Security\Exceptions\SecurityException::forDisallowedAction()
#1 /var/www/html/blog/system/HTTP/ResponseTrait.php(699): CodeIgniter\HTTP\Response->dispatchCookies()
#2 /var/www/html/blog/system/HTTP/ResponseTrait.php(443): CodeIgniter\HTTP\Response->sendCookies()
#3 /var/www/html/blog/system/Debug/Exceptions.php(115): CodeIgniter\HTTP\Response->send()
#4 [internal function]: CodeIgniter\Debug\Exceptions->exceptionHandler(Object(CodeIgniter\Security\Exceptions\SecurityException))
#5 {main}
  thrown
#0 [internal function]: CodeIgniter\Debug\Exceptions->shutdownHandler()
#1 {main}
CRITICAL - 2023-08-15 18:26:06 --> The action you requested is not allowed.
#0 /var/www/html/blog/system/HTTP/ResponseTrait.php(709): CodeIgniter\Security\Exceptions\SecurityException::forDisallowedAction()
#1 /var/www/html/blog/system/HTTP/ResponseTrait.php(699): CodeIgniter\HTTP\Response->dispatchCookies()
#2 /var/www/html/blog/system/HTTP/ResponseTrait.php(443): CodeIgniter\HTTP\Response->sendCookies()
#3 /var/www/html/blog/system/CodeIgniter.php(998): CodeIgniter\HTTP\Response->send()
#4 /var/www/html/blog/system/CodeIgniter.php(458): CodeIgniter\CodeIgniter->sendResponse()
#5 /var/www/html/blog/system/CodeIgniter.php(326): CodeIgniter\CodeIgniter->handleRequest(NULL, Object(Config\Cache), false)
#6 /var/www/html/index.php(37): CodeIgniter\CodeIgniter->run()
#7 {main}
CRITICAL - 2023-08-15 18:26:06 --> Uncaught CodeIgniter\Security\Exceptions\SecurityException: The action you requested is not allowed. in /var/www/html/blog/system/HTTP/ResponseTrait.php:709
Stack trace:
#0 /var/www/html/blog/system/HTTP/ResponseTrait.php(709): CodeIgniter\Security\Exceptions\SecurityException::forDisallowedAction()
#1 /var/www/html/blog/system/HTTP/ResponseTrait.php(699): CodeIgniter\HTTP\Response->dispatchCookies()
#2 /var/www/html/blog/system/HTTP/ResponseTrait.php(443): CodeIgniter\HTTP\Response->sendCookies()
#3 /var/www/html/blog/system/Debug/Exceptions.php(115): CodeIgniter\HTTP\Response->send()
#4 [internal function]: CodeIgniter\Debug\Exceptions->exceptionHandler(Object(CodeIgniter\Security\Exceptions\SecurityException))
#5 {main}
  thrown
#0 [internal function]: CodeIgniter\Debug\Exceptions->shutdownHandler()
#1 {main}
CRITICAL - 2023-08-15 18:46:23 --> The action you requested is not allowed.
#0 /var/www/html/blog/system/HTTP/ResponseTrait.php(709): CodeIgniter\Security\Exceptions\SecurityException::forDisallowedAction()
#1 /var/www/html/blog/system/HTTP/ResponseTrait.php(699): CodeIgniter\HTTP\Response->dispatchCookies()
#2 /var/www/html/blog/system/HTTP/ResponseTrait.php(443): CodeIgniter\HTTP\Response->sendCookies()
#3 /var/www/html/blog/system/CodeIgniter.php(998): CodeIgniter\HTTP\Response->send()
#4 /var/www/html/blog/system/CodeIgniter.php(865): CodeIgniter\CodeIgniter->sendResponse()
#5 /var/www/html/blog/system/CodeIgniter.php(340): CodeIgniter\CodeIgniter->display404errors(Object(CodeIgniter\Exceptions\PageNotFoundException))
#6 /var/www/html/index.php(37): CodeIgniter\CodeIgniter->run()
#7 {main}
CRITICAL - 2023-08-15 18:46:23 --> Uncaught CodeIgniter\Security\Exceptions\SecurityException: The action you requested is not allowed. in /var/www/html/blog/system/HTTP/ResponseTrait.php:709
Stack trace:
#0 /var/www/html/blog/system/HTTP/ResponseTrait.php(709): CodeIgniter\Security\Exceptions\SecurityException::forDisallowedAction()
#1 /var/www/html/blog/system/HTTP/ResponseTrait.php(699): CodeIgniter\HTTP\Response->dispatchCookies()
#2 /var/www/html/blog/system/HTTP/ResponseTrait.php(443): CodeIgniter\HTTP\Response->sendCookies()
#3 /var/www/html/blog/system/Debug/Exceptions.php(115): CodeIgniter\HTTP\Response->send()
#4 [internal function]: CodeIgniter\Debug\Exceptions->exceptionHandler(Object(CodeIgniter\Security\Exceptions\SecurityException))
#5 {main}
  thrown
#0 [internal function]: CodeIgniter\Debug\Exceptions->shutdownHandler()
#1 {main}
CRITICAL - 2023-08-15 20:15:57 --> The action you requested is not allowed.
#0 /var/www/html/blog/system/HTTP/ResponseTrait.php(709): CodeIgniter\Security\Exceptions\SecurityException::forDisallowedAction()
#1 /var/www/html/blog/system/HTTP/ResponseTrait.php(699): CodeIgniter\HTTP\Response->dispatchCookies()
#2 /var/www/html/blog/system/HTTP/ResponseTrait.php(443): CodeIgniter\HTTP\Response->sendCookies()
#3 /var/www/html/blog/system/CodeIgniter.php(998): CodeIgniter\HTTP\Response->send()
#4 /var/www/html/blog/system/CodeIgniter.php(458): CodeIgniter\CodeIgniter->sendResponse()
#5 /var/www/html/blog/system/CodeIgniter.php(326): CodeIgniter\CodeIgniter->handleRequest(NULL, Object(Config\Cache), false)
#6 /var/www/html/index.php(37): CodeIgniter\CodeIgniter->run()
#7 {main}
CRITICAL - 2023-08-15 20:15:57 --> Uncaught CodeIgniter\Security\Exceptions\SecurityException: The action you requested is not allowed. in /var/www/html/blog/system/HTTP/ResponseTrait.php:709
Stack trace:
#0 /var/www/html/blog/system/HTTP/ResponseTrait.php(709): CodeIgniter\Security\Exceptions\SecurityException::forDisallowedAction()
#1 /var/www/html/blog/system/HTTP/ResponseTrait.php(699): CodeIgniter\HTTP\Response->dispatchCookies()
#2 /var/www/html/blog/system/HTTP/ResponseTrait.php(443): CodeIgniter\HTTP\Response->sendCookies()
#3 /var/www/html/blog/system/Debug/Exceptions.php(115): CodeIgniter\HTTP\Response->send()
#4 [internal function]: CodeIgniter\Debug\Exceptions->exceptionHandler(Object(CodeIgniter\Security\Exceptions\SecurityException))
#5 {main}
  thrown
#0 [internal function]: CodeIgniter\Debug\Exceptions->shutdownHandler()
#1 {main}
CRITICAL - 2023-08-15 20:23:10 --> The action you requested is not allowed.
#0 /var/www/html/blog/system/HTTP/ResponseTrait.php(709): CodeIgniter\Security\Exceptions\SecurityException::forDisallowedAction()
#1 /var/www/html/blog/system/HTTP/ResponseTrait.php(699): CodeIgniter\HTTP\Response->dispatchCookies()
#2 /var/www/html/blog/system/HTTP/ResponseTrait.php(443): CodeIgniter\HTTP\Response->sendCookies()
#3 /var/www/html/blog/system/CodeIgniter.php(998): CodeIgniter\HTTP\Response->send()
#4 /var/www/html/blog/system/CodeIgniter.php(458): CodeIgniter\CodeIgniter->sendResponse()
#5 /var/www/html/blog/system/CodeIgniter.php(326): CodeIgniter\CodeIgniter->handleRequest(NULL, Object(Config\Cache), false)
#6 /var/www/html/index.php(37): CodeIgniter\CodeIgniter->run()
#7 {main}
CRITICAL - 2023-08-15 20:23:10 --> Uncaught CodeIgniter\Security\Exceptions\SecurityException: The action you requested is not allowed. in /var/www/html/blog/system/HTTP/ResponseTrait.php:709
Stack trace:
#0 /var/www/html/blog/system/HTTP/ResponseTrait.php(709): CodeIgniter\Security\Exceptions\SecurityException::forDisallowedAction()
#1 /var/www/html/blog/system/HTTP/ResponseTrait.php(699): CodeIgniter\HTTP\Response->dispatchCookies()
#2 /var/www/html/blog/system/HTTP/ResponseTrait.php(443): CodeIgniter\HTTP\Response->sendCookies()
#3 /var/www/html/blog/system/Debug/Exceptions.php(115): CodeIgniter\HTTP\Response->send()
#4 [internal function]: CodeIgniter\Debug\Exceptions->exceptionHandler(Object(CodeIgniter\Security\Exceptions\SecurityException))
#5 {main}
  thrown
#0 [internal function]: CodeIgniter\Debug\Exceptions->shutdownHandler()
#1 {main}
CRITICAL - 2023-08-15 20:32:43 --> The action you requested is not allowed.
#0 /var/www/html/blog/system/HTTP/ResponseTrait.php(709): CodeIgniter\Security\Exceptions\SecurityException::forDisallowedAction()
#1 /var/www/html/blog/system/HTTP/ResponseTrait.php(699): CodeIgniter\HTTP\Response->dispatchCookies()
#2 /var/www/html/blog/system/HTTP/ResponseTrait.php(443): CodeIgniter\HTTP\Response->sendCookies()
#3 /var/www/html/blog/system/CodeIgniter.php(998): CodeIgniter\HTTP\Response->send()
#4 /var/www/html/blog/system/CodeIgniter.php(458): CodeIgniter\CodeIgniter->sendResponse()
#5 /var/www/html/blog/system/CodeIgniter.php(326): CodeIgniter\CodeIgniter->handleRequest(NULL, Object(Config\Cache), false)
#6 /var/www/html/index.php(37): CodeIgniter\CodeIgniter->run()
#7 {main}
CRITICAL - 2023-08-15 20:34:19 --> The action you requested is not allowed.
#0 /var/www/html/blog/system/HTTP/ResponseTrait.php(709): CodeIgniter\Security\Exceptions\SecurityException::forDisallowedAction()
#1 /var/www/html/blog/system/HTTP/ResponseTrait.php(699): CodeIgniter\HTTP\Response->dispatchCookies()
#2 /var/www/html/blog/system/HTTP/ResponseTrait.php(443): CodeIgniter\HTTP\Response->sendCookies()
#3 /var/www/html/blog/system/CodeIgniter.php(998): CodeIgniter\HTTP\Response->send()
#4 /var/www/html/blog/system/CodeIgniter.php(458): CodeIgniter\CodeIgniter->sendResponse()
#5 /var/www/html/blog/system/CodeIgniter.php(326): CodeIgniter\CodeIgniter->handleRequest(NULL, Object(Config\Cache), false)
#6 /var/www/html/index.php(37): CodeIgniter\CodeIgniter->run()
#7 {main}
CRITICAL - 2023-08-15 20:34:19 --> Uncaught CodeIgniter\Security\Exceptions\SecurityException: The action you requested is not allowed. in /var/www/html/blog/system/HTTP/ResponseTrait.php:709
Stack trace:
#0 /var/www/html/blog/system/HTTP/ResponseTrait.php(709): CodeIgniter\Security\Exceptions\SecurityException::forDisallowedAction()
#1 /var/www/html/blog/system/HTTP/ResponseTrait.php(699): CodeIgniter\HTTP\Response->dispatchCookies()
#2 /var/www/html/blog/system/HTTP/ResponseTrait.php(443): CodeIgniter\HTTP\Response->sendCookies()
#3 /var/www/html/blog/system/Debug/Exceptions.php(115): CodeIgniter\HTTP\Response->send()
#4 [internal function]: CodeIgniter\Debug\Exceptions->exceptionHandler(Object(CodeIgniter\Security\Exceptions\SecurityException))
#5 {main}
  thrown
#0 [internal function]: CodeIgniter\Debug\Exceptions->shutdownHandler()
#1 {main}
CRITICAL - 2023-08-15 20:57:45 --> The action you requested is not allowed.
#0 /var/www/html/blog/system/HTTP/ResponseTrait.php(709): CodeIgniter\Security\Exceptions\SecurityException::forDisallowedAction()
#1 /var/www/html/blog/system/HTTP/ResponseTrait.php(699): CodeIgniter\HTTP\Response->dispatchCookies()
#2 /var/www/html/blog/system/HTTP/ResponseTrait.php(443): CodeIgniter\HTTP\Response->sendCookies()
#3 /var/www/html/blog/system/CodeIgniter.php(998): CodeIgniter\HTTP\Response->send()
#4 /var/www/html/blog/system/CodeIgniter.php(865): CodeIgniter\CodeIgniter->sendResponse()
#5 /var/www/html/blog/system/CodeIgniter.php(340): CodeIgniter\CodeIgniter->display404errors(Object(CodeIgniter\Exceptions\PageNotFoundException))
#6 /var/www/html/index.php(37): CodeIgniter\CodeIgniter->run()
#7 {main}
CRITICAL - 2023-08-15 20:57:45 --> Uncaught CodeIgniter\Security\Exceptions\SecurityException: The action you requested is not allowed. in /var/www/html/blog/system/HTTP/ResponseTrait.php:709
Stack trace:
#0 /var/www/html/blog/system/HTTP/ResponseTrait.php(709): CodeIgniter\Security\Exceptions\SecurityException::forDisallowedAction()
#1 /var/www/html/blog/system/HTTP/ResponseTrait.php(699): CodeIgniter\HTTP\Response->dispatchCookies()
#2 /var/www/html/blog/system/HTTP/ResponseTrait.php(443): CodeIgniter\HTTP\Response->sendCookies()
#3 /var/www/html/blog/system/Debug/Exceptions.php(115): CodeIgniter\HTTP\Response->send()
#4 [internal function]: CodeIgniter\Debug\Exceptions->exceptionHandler(Object(CodeIgniter\Security\Exceptions\SecurityException))
#5 {main}
  thrown
#0 [internal function]: CodeIgniter\Debug\Exceptions->shutdownHandler()
#1 {main}
CRITICAL - 2023-08-15 21:28:53 --> The action you requested is not allowed.
#0 /var/www/html/blog/system/HTTP/ResponseTrait.php(709): CodeIgniter\Security\Exceptions\SecurityException::forDisallowedAction()
#1 /var/www/html/blog/system/HTTP/ResponseTrait.php(699): CodeIgniter\HTTP\Response->dispatchCookies()
#2 /var/www/html/blog/system/HTTP/ResponseTrait.php(443): CodeIgniter\HTTP\Response->sendCookies()
#3 /var/www/html/blog/system/CodeIgniter.php(998): CodeIgniter\HTTP\Response->send()
#4 /var/www/html/blog/system/CodeIgniter.php(458): CodeIgniter\CodeIgniter->sendResponse()
#5 /var/www/html/blog/system/CodeIgniter.php(326): CodeIgniter\CodeIgniter->handleRequest(NULL, Object(Config\Cache), false)
#6 /var/www/html/index.php(37): CodeIgniter\CodeIgniter->run()
#7 {main}
CRITICAL - 2023-08-15 21:28:53 --> Uncaught CodeIgniter\Security\Exceptions\SecurityException: The action you requested is not allowed. in /var/www/html/blog/system/HTTP/ResponseTrait.php:709
Stack trace:
#0 /var/www/html/blog/system/HTTP/ResponseTrait.php(709): CodeIgniter\Security\Exceptions\SecurityException::forDisallowedAction()
#1 /var/www/html/blog/system/HTTP/ResponseTrait.php(699): CodeIgniter\HTTP\Response->dispatchCookies()
#2 /var/www/html/blog/system/HTTP/ResponseTrait.php(443): CodeIgniter\HTTP\Response->sendCookies()
#3 /var/www/html/blog/system/Debug/Exceptions.php(115): CodeIgniter\HTTP\Response->send()
#4 [internal function]: CodeIgniter\Debug\Exceptions->exceptionHandler(Object(CodeIgniter\Security\Exceptions\SecurityException))
#5 {main}
  thrown
#0 [internal function]: CodeIgniter\Debug\Exceptions->shutdownHandler()
#1 {main}
CRITICAL - 2023-08-15 22:30:53 --> The action you requested is not allowed.
#0 /var/www/html/blog/system/HTTP/ResponseTrait.php(709): CodeIgniter\Security\Exceptions\SecurityException::forDisallowedAction()
#1 /var/www/html/blog/system/HTTP/ResponseTrait.php(699): CodeIgniter\HTTP\Response->dispatchCookies()
#2 /var/www/html/blog/system/HTTP/ResponseTrait.php(443): CodeIgniter\HTTP\Response->sendCookies()
#3 /var/www/html/blog/system/CodeIgniter.php(998): CodeIgniter\HTTP\Response->send()
#4 /var/www/html/blog/system/CodeIgniter.php(458): CodeIgniter\CodeIgniter->sendResponse()
#5 /var/www/html/blog/system/CodeIgniter.php(326): CodeIgniter\CodeIgniter->handleRequest(NULL, Object(Config\Cache), false)
#6 /var/www/html/index.php(37): CodeIgniter\CodeIgniter->run()
#7 {main}
CRITICAL - 2023-08-15 22:30:53 --> Uncaught CodeIgniter\Security\Exceptions\SecurityException: The action you requested is not allowed. in /var/www/html/blog/system/HTTP/ResponseTrait.php:709
Stack trace:
#0 /var/www/html/blog/system/HTTP/ResponseTrait.php(709): CodeIgniter\Security\Exceptions\SecurityException::forDisallowedAction()
#1 /var/www/html/blog/system/HTTP/ResponseTrait.php(699): CodeIgniter\HTTP\Response->dispatchCookies()
#2 /var/www/html/blog/system/HTTP/ResponseTrait.php(443): CodeIgniter\HTTP\Response->sendCookies()
#3 /var/www/html/blog/system/Debug/Exceptions.php(115): CodeIgniter\HTTP\Response->send()
#4 [internal function]: CodeIgniter\Debug\Exceptions->exceptionHandler(Object(CodeIgniter\Security\Exceptions\SecurityException))
#5 {main}
  thrown
#0 [internal function]: CodeIgniter\Debug\Exceptions->shutdownHandler()
#1 {main}
