CRITICAL - 2023-08-30 00:11:20 --> The action you requested is not allowed.
#0 /var/www/html/blog/system/HTTP/ResponseTrait.php(709): CodeIgniter\Security\Exceptions\SecurityException::forDisallowedAction()
#1 /var/www/html/blog/system/HTTP/ResponseTrait.php(699): CodeIgniter\HTTP\Response->dispatchCookies()
#2 /var/www/html/blog/system/HTTP/ResponseTrait.php(443): CodeIgniter\HTTP\Response->sendCookies()
#3 /var/www/html/blog/system/CodeIgniter.php(998): CodeIgniter\HTTP\Response->send()
#4 /var/www/html/blog/system/CodeIgniter.php(458): CodeIgniter\CodeIgniter->sendResponse()
#5 /var/www/html/blog/system/CodeIgniter.php(326): CodeIgniter\CodeIgniter->handleRequest(NULL, Object(Config\Cache), false)
#6 /var/www/html/index.php(37): CodeIgniter\CodeIgniter->run()
#7 {main}
CRITICAL - 2023-08-30 00:11:20 --> Uncaught CodeIgniter\Security\Exceptions\SecurityException: The action you requested is not allowed. in /var/www/html/blog/system/HTTP/ResponseTrait.php:709
Stack trace:
#0 /var/www/html/blog/system/HTTP/ResponseTrait.php(709): CodeIgniter\Security\Exceptions\SecurityException::forDisallowedAction()
#1 /var/www/html/blog/system/HTTP/ResponseTrait.php(699): CodeIgniter\HTTP\Response->dispatchCookies()
#2 /var/www/html/blog/system/HTTP/ResponseTrait.php(443): CodeIgniter\HTTP\Response->sendCookies()
#3 /var/www/html/blog/system/Debug/Exceptions.php(115): CodeIgniter\HTTP\Response->send()
#4 [internal function]: CodeIgniter\Debug\Exceptions->exceptionHandler(Object(CodeIgniter\Security\Exceptions\SecurityException))
#5 {main}
  thrown
#0 [internal function]: CodeIgniter\Debug\Exceptions->shutdownHandler()
#1 {main}
CRITICAL - 2023-08-30 00:31:10 --> The action you requested is not allowed.
#0 /var/www/html/blog/system/HTTP/ResponseTrait.php(709): CodeIgniter\Security\Exceptions\SecurityException::forDisallowedAction()
#1 /var/www/html/blog/system/HTTP/ResponseTrait.php(699): CodeIgniter\HTTP\Response->dispatchCookies()
#2 /var/www/html/blog/system/HTTP/ResponseTrait.php(443): CodeIgniter\HTTP\Response->sendCookies()
#3 /var/www/html/blog/system/CodeIgniter.php(998): CodeIgniter\HTTP\Response->send()
#4 /var/www/html/blog/system/CodeIgniter.php(458): CodeIgniter\CodeIgniter->sendResponse()
#5 /var/www/html/blog/system/CodeIgniter.php(326): CodeIgniter\CodeIgniter->handleRequest(NULL, Object(Config\Cache), false)
#6 /var/www/html/index.php(37): CodeIgniter\CodeIgniter->run()
#7 {main}
CRITICAL - 2023-08-30 00:31:10 --> Uncaught CodeIgniter\Security\Exceptions\SecurityException: The action you requested is not allowed. in /var/www/html/blog/system/HTTP/ResponseTrait.php:709
Stack trace:
#0 /var/www/html/blog/system/HTTP/ResponseTrait.php(709): CodeIgniter\Security\Exceptions\SecurityException::forDisallowedAction()
#1 /var/www/html/blog/system/HTTP/ResponseTrait.php(699): CodeIgniter\HTTP\Response->dispatchCookies()
#2 /var/www/html/blog/system/HTTP/ResponseTrait.php(443): CodeIgniter\HTTP\Response->sendCookies()
#3 /var/www/html/blog/system/Debug/Exceptions.php(115): CodeIgniter\HTTP\Response->send()
#4 [internal function]: CodeIgniter\Debug\Exceptions->exceptionHandler(Object(CodeIgniter\Security\Exceptions\SecurityException))
#5 {main}
  thrown
#0 [internal function]: CodeIgniter\Debug\Exceptions->shutdownHandler()
#1 {main}
CRITICAL - 2023-08-30 02:05:39 --> The action you requested is not allowed.
#0 /var/www/html/blog/system/HTTP/ResponseTrait.php(709): CodeIgniter\Security\Exceptions\SecurityException::forDisallowedAction()
#1 /var/www/html/blog/system/HTTP/ResponseTrait.php(699): CodeIgniter\HTTP\Response->dispatchCookies()
#2 /var/www/html/blog/system/HTTP/ResponseTrait.php(443): CodeIgniter\HTTP\Response->sendCookies()
#3 /var/www/html/blog/system/CodeIgniter.php(998): CodeIgniter\HTTP\Response->send()
#4 /var/www/html/blog/system/CodeIgniter.php(458): CodeIgniter\CodeIgniter->sendResponse()
#5 /var/www/html/blog/system/CodeIgniter.php(326): CodeIgniter\CodeIgniter->handleRequest(NULL, Object(Config\Cache), false)
#6 /var/www/html/index.php(37): CodeIgniter\CodeIgniter->run()
#7 {main}
CRITICAL - 2023-08-30 02:05:39 --> Uncaught CodeIgniter\Security\Exceptions\SecurityException: The action you requested is not allowed. in /var/www/html/blog/system/HTTP/ResponseTrait.php:709
Stack trace:
#0 /var/www/html/blog/system/HTTP/ResponseTrait.php(709): CodeIgniter\Security\Exceptions\SecurityException::forDisallowedAction()
#1 /var/www/html/blog/system/HTTP/ResponseTrait.php(699): CodeIgniter\HTTP\Response->dispatchCookies()
#2 /var/www/html/blog/system/HTTP/ResponseTrait.php(443): CodeIgniter\HTTP\Response->sendCookies()
#3 /var/www/html/blog/system/Debug/Exceptions.php(115): CodeIgniter\HTTP\Response->send()
#4 [internal function]: CodeIgniter\Debug\Exceptions->exceptionHandler(Object(CodeIgniter\Security\Exceptions\SecurityException))
#5 {main}
  thrown
#0 [internal function]: CodeIgniter\Debug\Exceptions->shutdownHandler()
#1 {main}
CRITICAL - 2023-08-30 02:21:44 --> The action you requested is not allowed.
#0 /var/www/html/blog/system/HTTP/ResponseTrait.php(709): CodeIgniter\Security\Exceptions\SecurityException::forDisallowedAction()
#1 /var/www/html/blog/system/HTTP/ResponseTrait.php(699): CodeIgniter\HTTP\Response->dispatchCookies()
#2 /var/www/html/blog/system/HTTP/ResponseTrait.php(443): CodeIgniter\HTTP\Response->sendCookies()
#3 /var/www/html/blog/system/CodeIgniter.php(998): CodeIgniter\HTTP\Response->send()
#4 /var/www/html/blog/system/CodeIgniter.php(458): CodeIgniter\CodeIgniter->sendResponse()
#5 /var/www/html/blog/system/CodeIgniter.php(326): CodeIgniter\CodeIgniter->handleRequest(NULL, Object(Config\Cache), false)
#6 /var/www/html/index.php(37): CodeIgniter\CodeIgniter->run()
#7 {main}
CRITICAL - 2023-08-30 02:21:44 --> Uncaught CodeIgniter\Security\Exceptions\SecurityException: The action you requested is not allowed. in /var/www/html/blog/system/HTTP/ResponseTrait.php:709
Stack trace:
#0 /var/www/html/blog/system/HTTP/ResponseTrait.php(709): CodeIgniter\Security\Exceptions\SecurityException::forDisallowedAction()
#1 /var/www/html/blog/system/HTTP/ResponseTrait.php(699): CodeIgniter\HTTP\Response->dispatchCookies()
#2 /var/www/html/blog/system/HTTP/ResponseTrait.php(443): CodeIgniter\HTTP\Response->sendCookies()
#3 /var/www/html/blog/system/Debug/Exceptions.php(115): CodeIgniter\HTTP\Response->send()
#4 [internal function]: CodeIgniter\Debug\Exceptions->exceptionHandler(Object(CodeIgniter\Security\Exceptions\SecurityException))
#5 {main}
  thrown
#0 [internal function]: CodeIgniter\Debug\Exceptions->shutdownHandler()
#1 {main}
CRITICAL - 2023-08-30 02:50:01 --> The action you requested is not allowed.
#0 /var/www/html/blog/system/HTTP/ResponseTrait.php(709): CodeIgniter\Security\Exceptions\SecurityException::forDisallowedAction()
#1 /var/www/html/blog/system/HTTP/ResponseTrait.php(699): CodeIgniter\HTTP\Response->dispatchCookies()
#2 /var/www/html/blog/system/HTTP/ResponseTrait.php(443): CodeIgniter\HTTP\Response->sendCookies()
#3 /var/www/html/blog/system/CodeIgniter.php(998): CodeIgniter\HTTP\Response->send()
#4 /var/www/html/blog/system/CodeIgniter.php(458): CodeIgniter\CodeIgniter->sendResponse()
#5 /var/www/html/blog/system/CodeIgniter.php(326): CodeIgniter\CodeIgniter->handleRequest(NULL, Object(Config\Cache), false)
#6 /var/www/html/index.php(37): CodeIgniter\CodeIgniter->run()
#7 {main}
CRITICAL - 2023-08-30 02:50:01 --> Uncaught CodeIgniter\Security\Exceptions\SecurityException: The action you requested is not allowed. in /var/www/html/blog/system/HTTP/ResponseTrait.php:709
Stack trace:
#0 /var/www/html/blog/system/HTTP/ResponseTrait.php(709): CodeIgniter\Security\Exceptions\SecurityException::forDisallowedAction()
#1 /var/www/html/blog/system/HTTP/ResponseTrait.php(699): CodeIgniter\HTTP\Response->dispatchCookies()
#2 /var/www/html/blog/system/HTTP/ResponseTrait.php(443): CodeIgniter\HTTP\Response->sendCookies()
#3 /var/www/html/blog/system/Debug/Exceptions.php(115): CodeIgniter\HTTP\Response->send()
#4 [internal function]: CodeIgniter\Debug\Exceptions->exceptionHandler(Object(CodeIgniter\Security\Exceptions\SecurityException))
#5 {main}
  thrown
#0 [internal function]: CodeIgniter\Debug\Exceptions->shutdownHandler()
#1 {main}
CRITICAL - 2023-08-30 02:58:38 --> The action you requested is not allowed.
#0 /var/www/html/blog/system/HTTP/ResponseTrait.php(709): CodeIgniter\Security\Exceptions\SecurityException::forDisallowedAction()
#1 /var/www/html/blog/system/HTTP/ResponseTrait.php(699): CodeIgniter\HTTP\Response->dispatchCookies()
#2 /var/www/html/blog/system/HTTP/ResponseTrait.php(443): CodeIgniter\HTTP\Response->sendCookies()
#3 /var/www/html/blog/system/CodeIgniter.php(998): CodeIgniter\HTTP\Response->send()
#4 /var/www/html/blog/system/CodeIgniter.php(458): CodeIgniter\CodeIgniter->sendResponse()
#5 /var/www/html/blog/system/CodeIgniter.php(326): CodeIgniter\CodeIgniter->handleRequest(NULL, Object(Config\Cache), false)
#6 /var/www/html/index.php(37): CodeIgniter\CodeIgniter->run()
#7 {main}
CRITICAL - 2023-08-30 02:58:38 --> Uncaught CodeIgniter\Security\Exceptions\SecurityException: The action you requested is not allowed. in /var/www/html/blog/system/HTTP/ResponseTrait.php:709
Stack trace:
#0 /var/www/html/blog/system/HTTP/ResponseTrait.php(709): CodeIgniter\Security\Exceptions\SecurityException::forDisallowedAction()
#1 /var/www/html/blog/system/HTTP/ResponseTrait.php(699): CodeIgniter\HTTP\Response->dispatchCookies()
#2 /var/www/html/blog/system/HTTP/ResponseTrait.php(443): CodeIgniter\HTTP\Response->sendCookies()
#3 /var/www/html/blog/system/Debug/Exceptions.php(115): CodeIgniter\HTTP\Response->send()
#4 [internal function]: CodeIgniter\Debug\Exceptions->exceptionHandler(Object(CodeIgniter\Security\Exceptions\SecurityException))
#5 {main}
  thrown
#0 [internal function]: CodeIgniter\Debug\Exceptions->shutdownHandler()
#1 {main}
CRITICAL - 2023-08-30 04:00:23 --> The action you requested is not allowed.
#0 /var/www/html/blog/system/HTTP/ResponseTrait.php(709): CodeIgniter\Security\Exceptions\SecurityException::forDisallowedAction()
#1 /var/www/html/blog/system/HTTP/ResponseTrait.php(699): CodeIgniter\HTTP\Response->dispatchCookies()
#2 /var/www/html/blog/system/HTTP/ResponseTrait.php(443): CodeIgniter\HTTP\Response->sendCookies()
#3 /var/www/html/blog/system/CodeIgniter.php(998): CodeIgniter\HTTP\Response->send()
#4 /var/www/html/blog/system/CodeIgniter.php(458): CodeIgniter\CodeIgniter->sendResponse()
#5 /var/www/html/blog/system/CodeIgniter.php(326): CodeIgniter\CodeIgniter->handleRequest(NULL, Object(Config\Cache), false)
#6 /var/www/html/index.php(37): CodeIgniter\CodeIgniter->run()
#7 {main}
CRITICAL - 2023-08-30 04:00:23 --> Uncaught CodeIgniter\Security\Exceptions\SecurityException: The action you requested is not allowed. in /var/www/html/blog/system/HTTP/ResponseTrait.php:709
Stack trace:
#0 /var/www/html/blog/system/HTTP/ResponseTrait.php(709): CodeIgniter\Security\Exceptions\SecurityException::forDisallowedAction()
#1 /var/www/html/blog/system/HTTP/ResponseTrait.php(699): CodeIgniter\HTTP\Response->dispatchCookies()
#2 /var/www/html/blog/system/HTTP/ResponseTrait.php(443): CodeIgniter\HTTP\Response->sendCookies()
#3 /var/www/html/blog/system/Debug/Exceptions.php(115): CodeIgniter\HTTP\Response->send()
#4 [internal function]: CodeIgniter\Debug\Exceptions->exceptionHandler(Object(CodeIgniter\Security\Exceptions\SecurityException))
#5 {main}
  thrown
#0 [internal function]: CodeIgniter\Debug\Exceptions->shutdownHandler()
#1 {main}
CRITICAL - 2023-08-30 04:05:16 --> The action you requested is not allowed.
#0 /var/www/html/blog/system/HTTP/ResponseTrait.php(709): CodeIgniter\Security\Exceptions\SecurityException::forDisallowedAction()
#1 /var/www/html/blog/system/HTTP/ResponseTrait.php(699): CodeIgniter\HTTP\Response->dispatchCookies()
#2 /var/www/html/blog/system/HTTP/ResponseTrait.php(443): CodeIgniter\HTTP\Response->sendCookies()
#3 /var/www/html/blog/system/CodeIgniter.php(998): CodeIgniter\HTTP\Response->send()
#4 /var/www/html/blog/system/CodeIgniter.php(865): CodeIgniter\CodeIgniter->sendResponse()
#5 /var/www/html/blog/system/CodeIgniter.php(340): CodeIgniter\CodeIgniter->display404errors(Object(CodeIgniter\Exceptions\PageNotFoundException))
#6 /var/www/html/index.php(37): CodeIgniter\CodeIgniter->run()
#7 {main}
CRITICAL - 2023-08-30 04:05:16 --> The action you requested is not allowed.
#0 /var/www/html/blog/system/HTTP/ResponseTrait.php(709): CodeIgniter\Security\Exceptions\SecurityException::forDisallowedAction()
#1 /var/www/html/blog/system/HTTP/ResponseTrait.php(699): CodeIgniter\HTTP\Response->dispatchCookies()
#2 /var/www/html/blog/system/HTTP/ResponseTrait.php(443): CodeIgniter\HTTP\Response->sendCookies()
#3 /var/www/html/blog/system/CodeIgniter.php(998): CodeIgniter\HTTP\Response->send()
#4 /var/www/html/blog/system/CodeIgniter.php(865): CodeIgniter\CodeIgniter->sendResponse()
#5 /var/www/html/blog/system/CodeIgniter.php(340): CodeIgniter\CodeIgniter->display404errors(Object(CodeIgniter\Exceptions\PageNotFoundException))
#6 /var/www/html/index.php(37): CodeIgniter\CodeIgniter->run()
#7 {main}
CRITICAL - 2023-08-30 04:07:10 --> The action you requested is not allowed.
#0 /var/www/html/blog/system/HTTP/ResponseTrait.php(709): CodeIgniter\Security\Exceptions\SecurityException::forDisallowedAction()
#1 /var/www/html/blog/system/HTTP/ResponseTrait.php(699): CodeIgniter\HTTP\Response->dispatchCookies()
#2 /var/www/html/blog/system/HTTP/ResponseTrait.php(443): CodeIgniter\HTTP\Response->sendCookies()
#3 /var/www/html/blog/system/CodeIgniter.php(998): CodeIgniter\HTTP\Response->send()
#4 /var/www/html/blog/system/CodeIgniter.php(458): CodeIgniter\CodeIgniter->sendResponse()
#5 /var/www/html/blog/system/CodeIgniter.php(326): CodeIgniter\CodeIgniter->handleRequest(NULL, Object(Config\Cache), false)
#6 /var/www/html/index.php(37): CodeIgniter\CodeIgniter->run()
#7 {main}
CRITICAL - 2023-08-30 04:07:10 --> Uncaught CodeIgniter\Security\Exceptions\SecurityException: The action you requested is not allowed. in /var/www/html/blog/system/HTTP/ResponseTrait.php:709
Stack trace:
#0 /var/www/html/blog/system/HTTP/ResponseTrait.php(709): CodeIgniter\Security\Exceptions\SecurityException::forDisallowedAction()
#1 /var/www/html/blog/system/HTTP/ResponseTrait.php(699): CodeIgniter\HTTP\Response->dispatchCookies()
#2 /var/www/html/blog/system/HTTP/ResponseTrait.php(443): CodeIgniter\HTTP\Response->sendCookies()
#3 /var/www/html/blog/system/Debug/Exceptions.php(115): CodeIgniter\HTTP\Response->send()
#4 [internal function]: CodeIgniter\Debug\Exceptions->exceptionHandler(Object(CodeIgniter\Security\Exceptions\SecurityException))
#5 {main}
  thrown
#0 [internal function]: CodeIgniter\Debug\Exceptions->shutdownHandler()
#1 {main}
CRITICAL - 2023-08-30 04:10:20 --> The action you requested is not allowed.
#0 /var/www/html/blog/system/HTTP/ResponseTrait.php(709): CodeIgniter\Security\Exceptions\SecurityException::forDisallowedAction()
#1 /var/www/html/blog/system/HTTP/ResponseTrait.php(699): CodeIgniter\HTTP\Response->dispatchCookies()
#2 /var/www/html/blog/system/HTTP/ResponseTrait.php(443): CodeIgniter\HTTP\Response->sendCookies()
#3 /var/www/html/blog/system/CodeIgniter.php(998): CodeIgniter\HTTP\Response->send()
#4 /var/www/html/blog/system/CodeIgniter.php(458): CodeIgniter\CodeIgniter->sendResponse()
#5 /var/www/html/blog/system/CodeIgniter.php(326): CodeIgniter\CodeIgniter->handleRequest(NULL, Object(Config\Cache), false)
#6 /var/www/html/index.php(37): CodeIgniter\CodeIgniter->run()
#7 {main}
CRITICAL - 2023-08-30 04:10:20 --> Uncaught CodeIgniter\Security\Exceptions\SecurityException: The action you requested is not allowed. in /var/www/html/blog/system/HTTP/ResponseTrait.php:709
Stack trace:
#0 /var/www/html/blog/system/HTTP/ResponseTrait.php(709): CodeIgniter\Security\Exceptions\SecurityException::forDisallowedAction()
#1 /var/www/html/blog/system/HTTP/ResponseTrait.php(699): CodeIgniter\HTTP\Response->dispatchCookies()
#2 /var/www/html/blog/system/HTTP/ResponseTrait.php(443): CodeIgniter\HTTP\Response->sendCookies()
#3 /var/www/html/blog/system/Debug/Exceptions.php(115): CodeIgniter\HTTP\Response->send()
#4 [internal function]: CodeIgniter\Debug\Exceptions->exceptionHandler(Object(CodeIgniter\Security\Exceptions\SecurityException))
#5 {main}
  thrown
#0 [internal function]: CodeIgniter\Debug\Exceptions->shutdownHandler()
#1 {main}
CRITICAL - 2023-08-30 04:32:41 --> The action you requested is not allowed.
#0 /var/www/html/blog/system/HTTP/ResponseTrait.php(709): CodeIgniter\Security\Exceptions\SecurityException::forDisallowedAction()
#1 /var/www/html/blog/system/HTTP/ResponseTrait.php(699): CodeIgniter\HTTP\Response->dispatchCookies()
#2 /var/www/html/blog/system/HTTP/ResponseTrait.php(443): CodeIgniter\HTTP\Response->sendCookies()
#3 /var/www/html/blog/system/CodeIgniter.php(998): CodeIgniter\HTTP\Response->send()
#4 /var/www/html/blog/system/CodeIgniter.php(865): CodeIgniter\CodeIgniter->sendResponse()
#5 /var/www/html/blog/system/CodeIgniter.php(340): CodeIgniter\CodeIgniter->display404errors(Object(CodeIgniter\Exceptions\PageNotFoundException))
#6 /var/www/html/index.php(37): CodeIgniter\CodeIgniter->run()
#7 {main}
CRITICAL - 2023-08-30 04:32:41 --> Uncaught CodeIgniter\Security\Exceptions\SecurityException: The action you requested is not allowed. in /var/www/html/blog/system/HTTP/ResponseTrait.php:709
Stack trace:
#0 /var/www/html/blog/system/HTTP/ResponseTrait.php(709): CodeIgniter\Security\Exceptions\SecurityException::forDisallowedAction()
#1 /var/www/html/blog/system/HTTP/ResponseTrait.php(699): CodeIgniter\HTTP\Response->dispatchCookies()
#2 /var/www/html/blog/system/HTTP/ResponseTrait.php(443): CodeIgniter\HTTP\Response->sendCookies()
#3 /var/www/html/blog/system/Debug/Exceptions.php(115): CodeIgniter\HTTP\Response->send()
#4 [internal function]: CodeIgniter\Debug\Exceptions->exceptionHandler(Object(CodeIgniter\Security\Exceptions\SecurityException))
#5 {main}
  thrown
#0 [internal function]: CodeIgniter\Debug\Exceptions->shutdownHandler()
#1 {main}
CRITICAL - 2023-08-30 04:41:25 --> The action you requested is not allowed.
#0 /var/www/html/blog/system/HTTP/ResponseTrait.php(709): CodeIgniter\Security\Exceptions\SecurityException::forDisallowedAction()
#1 /var/www/html/blog/system/HTTP/ResponseTrait.php(699): CodeIgniter\HTTP\Response->dispatchCookies()
#2 /var/www/html/blog/system/HTTP/ResponseTrait.php(443): CodeIgniter\HTTP\Response->sendCookies()
#3 /var/www/html/blog/system/CodeIgniter.php(998): CodeIgniter\HTTP\Response->send()
#4 /var/www/html/blog/system/CodeIgniter.php(458): CodeIgniter\CodeIgniter->sendResponse()
#5 /var/www/html/blog/system/CodeIgniter.php(326): CodeIgniter\CodeIgniter->handleRequest(NULL, Object(Config\Cache), false)
#6 /var/www/html/index.php(37): CodeIgniter\CodeIgniter->run()
#7 {main}
CRITICAL - 2023-08-30 04:41:25 --> Uncaught CodeIgniter\Security\Exceptions\SecurityException: The action you requested is not allowed. in /var/www/html/blog/system/HTTP/ResponseTrait.php:709
Stack trace:
#0 /var/www/html/blog/system/HTTP/ResponseTrait.php(709): CodeIgniter\Security\Exceptions\SecurityException::forDisallowedAction()
#1 /var/www/html/blog/system/HTTP/ResponseTrait.php(699): CodeIgniter\HTTP\Response->dispatchCookies()
#2 /var/www/html/blog/system/HTTP/ResponseTrait.php(443): CodeIgniter\HTTP\Response->sendCookies()
#3 /var/www/html/blog/system/Debug/Exceptions.php(115): CodeIgniter\HTTP\Response->send()
#4 [internal function]: CodeIgniter\Debug\Exceptions->exceptionHandler(Object(CodeIgniter\Security\Exceptions\SecurityException))
#5 {main}
  thrown
#0 [internal function]: CodeIgniter\Debug\Exceptions->shutdownHandler()
#1 {main}
CRITICAL - 2023-08-30 04:58:13 --> The action you requested is not allowed.
#0 /var/www/html/blog/system/HTTP/ResponseTrait.php(709): CodeIgniter\Security\Exceptions\SecurityException::forDisallowedAction()
#1 /var/www/html/blog/system/HTTP/ResponseTrait.php(699): CodeIgniter\HTTP\Response->dispatchCookies()
#2 /var/www/html/blog/system/HTTP/ResponseTrait.php(443): CodeIgniter\HTTP\Response->sendCookies()
#3 /var/www/html/blog/system/CodeIgniter.php(998): CodeIgniter\HTTP\Response->send()
#4 /var/www/html/blog/system/CodeIgniter.php(458): CodeIgniter\CodeIgniter->sendResponse()
#5 /var/www/html/blog/system/CodeIgniter.php(326): CodeIgniter\CodeIgniter->handleRequest(NULL, Object(Config\Cache), false)
#6 /var/www/html/index.php(37): CodeIgniter\CodeIgniter->run()
#7 {main}
CRITICAL - 2023-08-30 04:58:13 --> Uncaught CodeIgniter\Security\Exceptions\SecurityException: The action you requested is not allowed. in /var/www/html/blog/system/HTTP/ResponseTrait.php:709
Stack trace:
#0 /var/www/html/blog/system/HTTP/ResponseTrait.php(709): CodeIgniter\Security\Exceptions\SecurityException::forDisallowedAction()
#1 /var/www/html/blog/system/HTTP/ResponseTrait.php(699): CodeIgniter\HTTP\Response->dispatchCookies()
#2 /var/www/html/blog/system/HTTP/ResponseTrait.php(443): CodeIgniter\HTTP\Response->sendCookies()
#3 /var/www/html/blog/system/Debug/Exceptions.php(115): CodeIgniter\HTTP\Response->send()
#4 [internal function]: CodeIgniter\Debug\Exceptions->exceptionHandler(Object(CodeIgniter\Security\Exceptions\SecurityException))
#5 {main}
  thrown
#0 [internal function]: CodeIgniter\Debug\Exceptions->shutdownHandler()
#1 {main}
CRITICAL - 2023-08-30 04:59:26 --> The action you requested is not allowed.
#0 /var/www/html/blog/system/HTTP/ResponseTrait.php(709): CodeIgniter\Security\Exceptions\SecurityException::forDisallowedAction()
#1 /var/www/html/blog/system/HTTP/ResponseTrait.php(699): CodeIgniter\HTTP\Response->dispatchCookies()
#2 /var/www/html/blog/system/HTTP/ResponseTrait.php(443): CodeIgniter\HTTP\Response->sendCookies()
#3 /var/www/html/blog/system/CodeIgniter.php(998): CodeIgniter\HTTP\Response->send()
#4 /var/www/html/blog/system/CodeIgniter.php(458): CodeIgniter\CodeIgniter->sendResponse()
#5 /var/www/html/blog/system/CodeIgniter.php(326): CodeIgniter\CodeIgniter->handleRequest(NULL, Object(Config\Cache), false)
#6 /var/www/html/index.php(37): CodeIgniter\CodeIgniter->run()
#7 {main}
CRITICAL - 2023-08-30 04:59:26 --> Uncaught CodeIgniter\Security\Exceptions\SecurityException: The action you requested is not allowed. in /var/www/html/blog/system/HTTP/ResponseTrait.php:709
Stack trace:
#0 /var/www/html/blog/system/HTTP/ResponseTrait.php(709): CodeIgniter\Security\Exceptions\SecurityException::forDisallowedAction()
#1 /var/www/html/blog/system/HTTP/ResponseTrait.php(699): CodeIgniter\HTTP\Response->dispatchCookies()
#2 /var/www/html/blog/system/HTTP/ResponseTrait.php(443): CodeIgniter\HTTP\Response->sendCookies()
#3 /var/www/html/blog/system/Debug/Exceptions.php(115): CodeIgniter\HTTP\Response->send()
#4 [internal function]: CodeIgniter\Debug\Exceptions->exceptionHandler(Object(CodeIgniter\Security\Exceptions\SecurityException))
#5 {main}
  thrown
#0 [internal function]: CodeIgniter\Debug\Exceptions->shutdownHandler()
#1 {main}
CRITICAL - 2023-08-30 05:52:34 --> The action you requested is not allowed.
#0 /var/www/html/blog/system/HTTP/ResponseTrait.php(709): CodeIgniter\Security\Exceptions\SecurityException::forDisallowedAction()
#1 /var/www/html/blog/system/HTTP/ResponseTrait.php(699): CodeIgniter\HTTP\Response->dispatchCookies()
#2 /var/www/html/blog/system/HTTP/ResponseTrait.php(443): CodeIgniter\HTTP\Response->sendCookies()
#3 /var/www/html/blog/system/CodeIgniter.php(998): CodeIgniter\HTTP\Response->send()
#4 /var/www/html/blog/system/CodeIgniter.php(865): CodeIgniter\CodeIgniter->sendResponse()
#5 /var/www/html/blog/system/CodeIgniter.php(340): CodeIgniter\CodeIgniter->display404errors(Object(CodeIgniter\Exceptions\PageNotFoundException))
#6 /var/www/html/index.php(37): CodeIgniter\CodeIgniter->run()
#7 {main}
CRITICAL - 2023-08-30 05:52:34 --> Uncaught CodeIgniter\Security\Exceptions\SecurityException: The action you requested is not allowed. in /var/www/html/blog/system/HTTP/ResponseTrait.php:709
Stack trace:
#0 /var/www/html/blog/system/HTTP/ResponseTrait.php(709): CodeIgniter\Security\Exceptions\SecurityException::forDisallowedAction()
#1 /var/www/html/blog/system/HTTP/ResponseTrait.php(699): CodeIgniter\HTTP\Response->dispatchCookies()
#2 /var/www/html/blog/system/HTTP/ResponseTrait.php(443): CodeIgniter\HTTP\Response->sendCookies()
#3 /var/www/html/blog/system/Debug/Exceptions.php(115): CodeIgniter\HTTP\Response->send()
#4 [internal function]: CodeIgniter\Debug\Exceptions->exceptionHandler(Object(CodeIgniter\Security\Exceptions\SecurityException))
#5 {main}
  thrown
#0 [internal function]: CodeIgniter\Debug\Exceptions->shutdownHandler()
#1 {main}
CRITICAL - 2023-08-30 06:03:06 --> The action you requested is not allowed.
#0 /var/www/html/blog/system/HTTP/ResponseTrait.php(709): CodeIgniter\Security\Exceptions\SecurityException::forDisallowedAction()
#1 /var/www/html/blog/system/HTTP/ResponseTrait.php(699): CodeIgniter\HTTP\Response->dispatchCookies()
#2 /var/www/html/blog/system/HTTP/ResponseTrait.php(443): CodeIgniter\HTTP\Response->sendCookies()
#3 /var/www/html/blog/system/CodeIgniter.php(998): CodeIgniter\HTTP\Response->send()
#4 /var/www/html/blog/system/CodeIgniter.php(458): CodeIgniter\CodeIgniter->sendResponse()
#5 /var/www/html/blog/system/CodeIgniter.php(326): CodeIgniter\CodeIgniter->handleRequest(NULL, Object(Config\Cache), false)
#6 /var/www/html/index.php(37): CodeIgniter\CodeIgniter->run()
#7 {main}
CRITICAL - 2023-08-30 06:03:06 --> Uncaught CodeIgniter\Security\Exceptions\SecurityException: The action you requested is not allowed. in /var/www/html/blog/system/HTTP/ResponseTrait.php:709
Stack trace:
#0 /var/www/html/blog/system/HTTP/ResponseTrait.php(709): CodeIgniter\Security\Exceptions\SecurityException::forDisallowedAction()
#1 /var/www/html/blog/system/HTTP/ResponseTrait.php(699): CodeIgniter\HTTP\Response->dispatchCookies()
#2 /var/www/html/blog/system/HTTP/ResponseTrait.php(443): CodeIgniter\HTTP\Response->sendCookies()
#3 /var/www/html/blog/system/Debug/Exceptions.php(115): CodeIgniter\HTTP\Response->send()
#4 [internal function]: CodeIgniter\Debug\Exceptions->exceptionHandler(Object(CodeIgniter\Security\Exceptions\SecurityException))
#5 {main}
  thrown
#0 [internal function]: CodeIgniter\Debug\Exceptions->shutdownHandler()
#1 {main}
CRITICAL - 2023-08-30 06:41:16 --> The action you requested is not allowed.
#0 /var/www/html/blog/system/HTTP/ResponseTrait.php(709): CodeIgniter\Security\Exceptions\SecurityException::forDisallowedAction()
#1 /var/www/html/blog/system/HTTP/ResponseTrait.php(699): CodeIgniter\HTTP\Response->dispatchCookies()
#2 /var/www/html/blog/system/HTTP/ResponseTrait.php(443): CodeIgniter\HTTP\Response->sendCookies()
#3 /var/www/html/blog/system/CodeIgniter.php(998): CodeIgniter\HTTP\Response->send()
#4 /var/www/html/blog/system/CodeIgniter.php(458): CodeIgniter\CodeIgniter->sendResponse()
#5 /var/www/html/blog/system/CodeIgniter.php(326): CodeIgniter\CodeIgniter->handleRequest(NULL, Object(Config\Cache), false)
#6 /var/www/html/index.php(37): CodeIgniter\CodeIgniter->run()
#7 {main}
CRITICAL - 2023-08-30 06:41:16 --> Uncaught CodeIgniter\Security\Exceptions\SecurityException: The action you requested is not allowed. in /var/www/html/blog/system/HTTP/ResponseTrait.php:709
Stack trace:
#0 /var/www/html/blog/system/HTTP/ResponseTrait.php(709): CodeIgniter\Security\Exceptions\SecurityException::forDisallowedAction()
#1 /var/www/html/blog/system/HTTP/ResponseTrait.php(699): CodeIgniter\HTTP\Response->dispatchCookies()
#2 /var/www/html/blog/system/HTTP/ResponseTrait.php(443): CodeIgniter\HTTP\Response->sendCookies()
#3 /var/www/html/blog/system/Debug/Exceptions.php(115): CodeIgniter\HTTP\Response->send()
#4 [internal function]: CodeIgniter\Debug\Exceptions->exceptionHandler(Object(CodeIgniter\Security\Exceptions\SecurityException))
#5 {main}
  thrown
#0 [internal function]: CodeIgniter\Debug\Exceptions->shutdownHandler()
#1 {main}
CRITICAL - 2023-08-30 08:57:50 --> The action you requested is not allowed.
#0 /var/www/html/blog/system/HTTP/ResponseTrait.php(709): CodeIgniter\Security\Exceptions\SecurityException::forDisallowedAction()
#1 /var/www/html/blog/system/HTTP/ResponseTrait.php(699): CodeIgniter\HTTP\Response->dispatchCookies()
#2 /var/www/html/blog/system/HTTP/ResponseTrait.php(443): CodeIgniter\HTTP\Response->sendCookies()
#3 /var/www/html/blog/system/CodeIgniter.php(998): CodeIgniter\HTTP\Response->send()
#4 /var/www/html/blog/system/CodeIgniter.php(458): CodeIgniter\CodeIgniter->sendResponse()
#5 /var/www/html/blog/system/CodeIgniter.php(326): CodeIgniter\CodeIgniter->handleRequest(NULL, Object(Config\Cache), false)
#6 /var/www/html/index.php(37): CodeIgniter\CodeIgniter->run()
#7 {main}
CRITICAL - 2023-08-30 08:57:50 --> Uncaught CodeIgniter\Security\Exceptions\SecurityException: The action you requested is not allowed. in /var/www/html/blog/system/HTTP/ResponseTrait.php:709
Stack trace:
#0 /var/www/html/blog/system/HTTP/ResponseTrait.php(709): CodeIgniter\Security\Exceptions\SecurityException::forDisallowedAction()
#1 /var/www/html/blog/system/HTTP/ResponseTrait.php(699): CodeIgniter\HTTP\Response->dispatchCookies()
#2 /var/www/html/blog/system/HTTP/ResponseTrait.php(443): CodeIgniter\HTTP\Response->sendCookies()
#3 /var/www/html/blog/system/Debug/Exceptions.php(115): CodeIgniter\HTTP\Response->send()
#4 [internal function]: CodeIgniter\Debug\Exceptions->exceptionHandler(Object(CodeIgniter\Security\Exceptions\SecurityException))
#5 {main}
  thrown
#0 [internal function]: CodeIgniter\Debug\Exceptions->shutdownHandler()
#1 {main}
CRITICAL - 2023-08-30 09:22:49 --> The action you requested is not allowed.
#0 /var/www/html/blog/system/HTTP/ResponseTrait.php(709): CodeIgniter\Security\Exceptions\SecurityException::forDisallowedAction()
#1 /var/www/html/blog/system/HTTP/ResponseTrait.php(699): CodeIgniter\HTTP\Response->dispatchCookies()
#2 /var/www/html/blog/system/HTTP/ResponseTrait.php(443): CodeIgniter\HTTP\Response->sendCookies()
#3 /var/www/html/blog/system/CodeIgniter.php(998): CodeIgniter\HTTP\Response->send()
#4 /var/www/html/blog/system/CodeIgniter.php(865): CodeIgniter\CodeIgniter->sendResponse()
#5 /var/www/html/blog/system/CodeIgniter.php(340): CodeIgniter\CodeIgniter->display404errors(Object(CodeIgniter\Exceptions\PageNotFoundException))
#6 /var/www/html/index.php(37): CodeIgniter\CodeIgniter->run()
#7 {main}
CRITICAL - 2023-08-30 09:22:49 --> Uncaught CodeIgniter\Security\Exceptions\SecurityException: The action you requested is not allowed. in /var/www/html/blog/system/HTTP/ResponseTrait.php:709
Stack trace:
#0 /var/www/html/blog/system/HTTP/ResponseTrait.php(709): CodeIgniter\Security\Exceptions\SecurityException::forDisallowedAction()
#1 /var/www/html/blog/system/HTTP/ResponseTrait.php(699): CodeIgniter\HTTP\Response->dispatchCookies()
#2 /var/www/html/blog/system/HTTP/ResponseTrait.php(443): CodeIgniter\HTTP\Response->sendCookies()
#3 /var/www/html/blog/system/Debug/Exceptions.php(115): CodeIgniter\HTTP\Response->send()
#4 [internal function]: CodeIgniter\Debug\Exceptions->exceptionHandler(Object(CodeIgniter\Security\Exceptions\SecurityException))
#5 {main}
  thrown
#0 [internal function]: CodeIgniter\Debug\Exceptions->shutdownHandler()
#1 {main}
CRITICAL - 2023-08-30 09:23:03 --> The action you requested is not allowed.
#0 /var/www/html/blog/system/HTTP/ResponseTrait.php(709): CodeIgniter\Security\Exceptions\SecurityException::forDisallowedAction()
#1 /var/www/html/blog/system/HTTP/ResponseTrait.php(699): CodeIgniter\HTTP\Response->dispatchCookies()
#2 /var/www/html/blog/system/HTTP/ResponseTrait.php(443): CodeIgniter\HTTP\Response->sendCookies()
#3 /var/www/html/blog/system/CodeIgniter.php(998): CodeIgniter\HTTP\Response->send()
#4 /var/www/html/blog/system/CodeIgniter.php(865): CodeIgniter\CodeIgniter->sendResponse()
#5 /var/www/html/blog/system/CodeIgniter.php(340): CodeIgniter\CodeIgniter->display404errors(Object(CodeIgniter\Exceptions\PageNotFoundException))
#6 /var/www/html/index.php(37): CodeIgniter\CodeIgniter->run()
#7 {main}
CRITICAL - 2023-08-30 09:23:03 --> Uncaught CodeIgniter\Security\Exceptions\SecurityException: The action you requested is not allowed. in /var/www/html/blog/system/HTTP/ResponseTrait.php:709
Stack trace:
#0 /var/www/html/blog/system/HTTP/ResponseTrait.php(709): CodeIgniter\Security\Exceptions\SecurityException::forDisallowedAction()
#1 /var/www/html/blog/system/HTTP/ResponseTrait.php(699): CodeIgniter\HTTP\Response->dispatchCookies()
#2 /var/www/html/blog/system/HTTP/ResponseTrait.php(443): CodeIgniter\HTTP\Response->sendCookies()
#3 /var/www/html/blog/system/Debug/Exceptions.php(115): CodeIgniter\HTTP\Response->send()
#4 [internal function]: CodeIgniter\Debug\Exceptions->exceptionHandler(Object(CodeIgniter\Security\Exceptions\SecurityException))
#5 {main}
  thrown
#0 [internal function]: CodeIgniter\Debug\Exceptions->shutdownHandler()
#1 {main}
CRITICAL - 2023-08-30 09:23:27 --> The action you requested is not allowed.
#0 /var/www/html/blog/system/HTTP/ResponseTrait.php(709): CodeIgniter\Security\Exceptions\SecurityException::forDisallowedAction()
#1 /var/www/html/blog/system/HTTP/ResponseTrait.php(699): CodeIgniter\HTTP\Response->dispatchCookies()
#2 /var/www/html/blog/system/HTTP/ResponseTrait.php(443): CodeIgniter\HTTP\Response->sendCookies()
#3 /var/www/html/blog/system/CodeIgniter.php(998): CodeIgniter\HTTP\Response->send()
#4 /var/www/html/blog/system/CodeIgniter.php(458): CodeIgniter\CodeIgniter->sendResponse()
#5 /var/www/html/blog/system/CodeIgniter.php(326): CodeIgniter\CodeIgniter->handleRequest(NULL, Object(Config\Cache), false)
#6 /var/www/html/index.php(37): CodeIgniter\CodeIgniter->run()
#7 {main}
CRITICAL - 2023-08-30 09:23:27 --> Uncaught CodeIgniter\Security\Exceptions\SecurityException: The action you requested is not allowed. in /var/www/html/blog/system/HTTP/ResponseTrait.php:709
Stack trace:
#0 /var/www/html/blog/system/HTTP/ResponseTrait.php(709): CodeIgniter\Security\Exceptions\SecurityException::forDisallowedAction()
#1 /var/www/html/blog/system/HTTP/ResponseTrait.php(699): CodeIgniter\HTTP\Response->dispatchCookies()
#2 /var/www/html/blog/system/HTTP/ResponseTrait.php(443): CodeIgniter\HTTP\Response->sendCookies()
#3 /var/www/html/blog/system/Debug/Exceptions.php(115): CodeIgniter\HTTP\Response->send()
#4 [internal function]: CodeIgniter\Debug\Exceptions->exceptionHandler(Object(CodeIgniter\Security\Exceptions\SecurityException))
#5 {main}
  thrown
#0 [internal function]: CodeIgniter\Debug\Exceptions->shutdownHandler()
#1 {main}
CRITICAL - 2023-08-30 09:38:50 --> The action you requested is not allowed.
#0 /var/www/html/blog/system/HTTP/ResponseTrait.php(709): CodeIgniter\Security\Exceptions\SecurityException::forDisallowedAction()
#1 /var/www/html/blog/system/HTTP/ResponseTrait.php(699): CodeIgniter\HTTP\Response->dispatchCookies()
#2 /var/www/html/blog/system/HTTP/ResponseTrait.php(443): CodeIgniter\HTTP\Response->sendCookies()
#3 /var/www/html/blog/system/CodeIgniter.php(998): CodeIgniter\HTTP\Response->send()
#4 /var/www/html/blog/system/CodeIgniter.php(458): CodeIgniter\CodeIgniter->sendResponse()
#5 /var/www/html/blog/system/CodeIgniter.php(326): CodeIgniter\CodeIgniter->handleRequest(NULL, Object(Config\Cache), false)
#6 /var/www/html/index.php(37): CodeIgniter\CodeIgniter->run()
#7 {main}
CRITICAL - 2023-08-30 09:38:50 --> Uncaught CodeIgniter\Security\Exceptions\SecurityException: The action you requested is not allowed. in /var/www/html/blog/system/HTTP/ResponseTrait.php:709
Stack trace:
#0 /var/www/html/blog/system/HTTP/ResponseTrait.php(709): CodeIgniter\Security\Exceptions\SecurityException::forDisallowedAction()
#1 /var/www/html/blog/system/HTTP/ResponseTrait.php(699): CodeIgniter\HTTP\Response->dispatchCookies()
#2 /var/www/html/blog/system/HTTP/ResponseTrait.php(443): CodeIgniter\HTTP\Response->sendCookies()
#3 /var/www/html/blog/system/Debug/Exceptions.php(115): CodeIgniter\HTTP\Response->send()
#4 [internal function]: CodeIgniter\Debug\Exceptions->exceptionHandler(Object(CodeIgniter\Security\Exceptions\SecurityException))
#5 {main}
  thrown
#0 [internal function]: CodeIgniter\Debug\Exceptions->shutdownHandler()
#1 {main}
CRITICAL - 2023-08-30 09:51:53 --> The action you requested is not allowed.
#0 /var/www/html/blog/system/HTTP/ResponseTrait.php(709): CodeIgniter\Security\Exceptions\SecurityException::forDisallowedAction()
#1 /var/www/html/blog/system/HTTP/ResponseTrait.php(699): CodeIgniter\HTTP\Response->dispatchCookies()
#2 /var/www/html/blog/system/HTTP/ResponseTrait.php(443): CodeIgniter\HTTP\Response->sendCookies()
#3 /var/www/html/blog/system/CodeIgniter.php(998): CodeIgniter\HTTP\Response->send()
#4 /var/www/html/blog/system/CodeIgniter.php(458): CodeIgniter\CodeIgniter->sendResponse()
#5 /var/www/html/blog/system/CodeIgniter.php(326): CodeIgniter\CodeIgniter->handleRequest(NULL, Object(Config\Cache), false)
#6 /var/www/html/index.php(37): CodeIgniter\CodeIgniter->run()
#7 {main}
CRITICAL - 2023-08-30 09:51:53 --> Uncaught CodeIgniter\Security\Exceptions\SecurityException: The action you requested is not allowed. in /var/www/html/blog/system/HTTP/ResponseTrait.php:709
Stack trace:
#0 /var/www/html/blog/system/HTTP/ResponseTrait.php(709): CodeIgniter\Security\Exceptions\SecurityException::forDisallowedAction()
#1 /var/www/html/blog/system/HTTP/ResponseTrait.php(699): CodeIgniter\HTTP\Response->dispatchCookies()
#2 /var/www/html/blog/system/HTTP/ResponseTrait.php(443): CodeIgniter\HTTP\Response->sendCookies()
#3 /var/www/html/blog/system/Debug/Exceptions.php(115): CodeIgniter\HTTP\Response->send()
#4 [internal function]: CodeIgniter\Debug\Exceptions->exceptionHandler(Object(CodeIgniter\Security\Exceptions\SecurityException))
#5 {main}
  thrown
#0 [internal function]: CodeIgniter\Debug\Exceptions->shutdownHandler()
#1 {main}
CRITICAL - 2023-08-30 09:59:43 --> The action you requested is not allowed.
#0 /var/www/html/blog/system/HTTP/ResponseTrait.php(709): CodeIgniter\Security\Exceptions\SecurityException::forDisallowedAction()
#1 /var/www/html/blog/system/HTTP/ResponseTrait.php(699): CodeIgniter\HTTP\Response->dispatchCookies()
#2 /var/www/html/blog/system/HTTP/ResponseTrait.php(443): CodeIgniter\HTTP\Response->sendCookies()
#3 /var/www/html/blog/system/CodeIgniter.php(998): CodeIgniter\HTTP\Response->send()
#4 /var/www/html/blog/system/CodeIgniter.php(865): CodeIgniter\CodeIgniter->sendResponse()
#5 /var/www/html/blog/system/CodeIgniter.php(340): CodeIgniter\CodeIgniter->display404errors(Object(CodeIgniter\Exceptions\PageNotFoundException))
#6 /var/www/html/index.php(37): CodeIgniter\CodeIgniter->run()
#7 {main}
CRITICAL - 2023-08-30 09:59:43 --> Uncaught CodeIgniter\Security\Exceptions\SecurityException: The action you requested is not allowed. in /var/www/html/blog/system/HTTP/ResponseTrait.php:709
Stack trace:
#0 /var/www/html/blog/system/HTTP/ResponseTrait.php(709): CodeIgniter\Security\Exceptions\SecurityException::forDisallowedAction()
#1 /var/www/html/blog/system/HTTP/ResponseTrait.php(699): CodeIgniter\HTTP\Response->dispatchCookies()
#2 /var/www/html/blog/system/HTTP/ResponseTrait.php(443): CodeIgniter\HTTP\Response->sendCookies()
#3 /var/www/html/blog/system/Debug/Exceptions.php(115): CodeIgniter\HTTP\Response->send()
#4 [internal function]: CodeIgniter\Debug\Exceptions->exceptionHandler(Object(CodeIgniter\Security\Exceptions\SecurityException))
#5 {main}
  thrown
#0 [internal function]: CodeIgniter\Debug\Exceptions->shutdownHandler()
#1 {main}
CRITICAL - 2023-08-30 11:40:28 --> The action you requested is not allowed.
#0 /var/www/html/blog/system/HTTP/ResponseTrait.php(709): CodeIgniter\Security\Exceptions\SecurityException::forDisallowedAction()
#1 /var/www/html/blog/system/HTTP/ResponseTrait.php(699): CodeIgniter\HTTP\Response->dispatchCookies()
#2 /var/www/html/blog/system/HTTP/ResponseTrait.php(443): CodeIgniter\HTTP\Response->sendCookies()
#3 /var/www/html/blog/system/CodeIgniter.php(998): CodeIgniter\HTTP\Response->send()
#4 /var/www/html/blog/system/CodeIgniter.php(865): CodeIgniter\CodeIgniter->sendResponse()
#5 /var/www/html/blog/system/CodeIgniter.php(340): CodeIgniter\CodeIgniter->display404errors(Object(CodeIgniter\Exceptions\PageNotFoundException))
#6 /var/www/html/index.php(37): CodeIgniter\CodeIgniter->run()
#7 {main}
CRITICAL - 2023-08-30 11:40:28 --> Uncaught CodeIgniter\Security\Exceptions\SecurityException: The action you requested is not allowed. in /var/www/html/blog/system/HTTP/ResponseTrait.php:709
Stack trace:
#0 /var/www/html/blog/system/HTTP/ResponseTrait.php(709): CodeIgniter\Security\Exceptions\SecurityException::forDisallowedAction()
#1 /var/www/html/blog/system/HTTP/ResponseTrait.php(699): CodeIgniter\HTTP\Response->dispatchCookies()
#2 /var/www/html/blog/system/HTTP/ResponseTrait.php(443): CodeIgniter\HTTP\Response->sendCookies()
#3 /var/www/html/blog/system/Debug/Exceptions.php(115): CodeIgniter\HTTP\Response->send()
#4 [internal function]: CodeIgniter\Debug\Exceptions->exceptionHandler(Object(CodeIgniter\Security\Exceptions\SecurityException))
#5 {main}
  thrown
#0 [internal function]: CodeIgniter\Debug\Exceptions->shutdownHandler()
#1 {main}
CRITICAL - 2023-08-30 11:40:28 --> The action you requested is not allowed.
#0 /var/www/html/blog/system/HTTP/ResponseTrait.php(709): CodeIgniter\Security\Exceptions\SecurityException::forDisallowedAction()
#1 /var/www/html/blog/system/HTTP/ResponseTrait.php(699): CodeIgniter\HTTP\Response->dispatchCookies()
#2 /var/www/html/blog/system/HTTP/ResponseTrait.php(443): CodeIgniter\HTTP\Response->sendCookies()
#3 /var/www/html/blog/system/CodeIgniter.php(998): CodeIgniter\HTTP\Response->send()
#4 /var/www/html/blog/system/CodeIgniter.php(865): CodeIgniter\CodeIgniter->sendResponse()
#5 /var/www/html/blog/system/CodeIgniter.php(340): CodeIgniter\CodeIgniter->display404errors(Object(CodeIgniter\Exceptions\PageNotFoundException))
#6 /var/www/html/index.php(37): CodeIgniter\CodeIgniter->run()
#7 {main}
CRITICAL - 2023-08-30 11:40:28 --> Uncaught CodeIgniter\Security\Exceptions\SecurityException: The action you requested is not allowed. in /var/www/html/blog/system/HTTP/ResponseTrait.php:709
Stack trace:
#0 /var/www/html/blog/system/HTTP/ResponseTrait.php(709): CodeIgniter\Security\Exceptions\SecurityException::forDisallowedAction()
#1 /var/www/html/blog/system/HTTP/ResponseTrait.php(699): CodeIgniter\HTTP\Response->dispatchCookies()
#2 /var/www/html/blog/system/HTTP/ResponseTrait.php(443): CodeIgniter\HTTP\Response->sendCookies()
#3 /var/www/html/blog/system/Debug/Exceptions.php(115): CodeIgniter\HTTP\Response->send()
#4 [internal function]: CodeIgniter\Debug\Exceptions->exceptionHandler(Object(CodeIgniter\Security\Exceptions\SecurityException))
#5 {main}
  thrown
#0 [internal function]: CodeIgniter\Debug\Exceptions->shutdownHandler()
#1 {main}
CRITICAL - 2023-08-30 12:00:56 --> The action you requested is not allowed.
#0 /var/www/html/blog/system/HTTP/ResponseTrait.php(709): CodeIgniter\Security\Exceptions\SecurityException::forDisallowedAction()
#1 /var/www/html/blog/system/HTTP/ResponseTrait.php(699): CodeIgniter\HTTP\Response->dispatchCookies()
#2 /var/www/html/blog/system/HTTP/ResponseTrait.php(443): CodeIgniter\HTTP\Response->sendCookies()
#3 /var/www/html/blog/system/CodeIgniter.php(998): CodeIgniter\HTTP\Response->send()
#4 /var/www/html/blog/system/CodeIgniter.php(458): CodeIgniter\CodeIgniter->sendResponse()
#5 /var/www/html/blog/system/CodeIgniter.php(326): CodeIgniter\CodeIgniter->handleRequest(NULL, Object(Config\Cache), false)
#6 /var/www/html/index.php(37): CodeIgniter\CodeIgniter->run()
#7 {main}
CRITICAL - 2023-08-30 12:00:56 --> Uncaught CodeIgniter\Security\Exceptions\SecurityException: The action you requested is not allowed. in /var/www/html/blog/system/HTTP/ResponseTrait.php:709
Stack trace:
#0 /var/www/html/blog/system/HTTP/ResponseTrait.php(709): CodeIgniter\Security\Exceptions\SecurityException::forDisallowedAction()
#1 /var/www/html/blog/system/HTTP/ResponseTrait.php(699): CodeIgniter\HTTP\Response->dispatchCookies()
#2 /var/www/html/blog/system/HTTP/ResponseTrait.php(443): CodeIgniter\HTTP\Response->sendCookies()
#3 /var/www/html/blog/system/Debug/Exceptions.php(115): CodeIgniter\HTTP\Response->send()
#4 [internal function]: CodeIgniter\Debug\Exceptions->exceptionHandler(Object(CodeIgniter\Security\Exceptions\SecurityException))
#5 {main}
  thrown
#0 [internal function]: CodeIgniter\Debug\Exceptions->shutdownHandler()
#1 {main}
CRITICAL - 2023-08-30 12:04:35 --> The action you requested is not allowed.
#0 /var/www/html/blog/system/HTTP/ResponseTrait.php(709): CodeIgniter\Security\Exceptions\SecurityException::forDisallowedAction()
#1 /var/www/html/blog/system/HTTP/ResponseTrait.php(699): CodeIgniter\HTTP\Response->dispatchCookies()
#2 /var/www/html/blog/system/HTTP/ResponseTrait.php(443): CodeIgniter\HTTP\Response->sendCookies()
#3 /var/www/html/blog/system/CodeIgniter.php(998): CodeIgniter\HTTP\Response->send()
#4 /var/www/html/blog/system/CodeIgniter.php(458): CodeIgniter\CodeIgniter->sendResponse()
#5 /var/www/html/blog/system/CodeIgniter.php(326): CodeIgniter\CodeIgniter->handleRequest(NULL, Object(Config\Cache), false)
#6 /var/www/html/index.php(37): CodeIgniter\CodeIgniter->run()
#7 {main}
CRITICAL - 2023-08-30 12:04:35 --> Uncaught CodeIgniter\Security\Exceptions\SecurityException: The action you requested is not allowed. in /var/www/html/blog/system/HTTP/ResponseTrait.php:709
Stack trace:
#0 /var/www/html/blog/system/HTTP/ResponseTrait.php(709): CodeIgniter\Security\Exceptions\SecurityException::forDisallowedAction()
#1 /var/www/html/blog/system/HTTP/ResponseTrait.php(699): CodeIgniter\HTTP\Response->dispatchCookies()
#2 /var/www/html/blog/system/HTTP/ResponseTrait.php(443): CodeIgniter\HTTP\Response->sendCookies()
#3 /var/www/html/blog/system/Debug/Exceptions.php(115): CodeIgniter\HTTP\Response->send()
#4 [internal function]: CodeIgniter\Debug\Exceptions->exceptionHandler(Object(CodeIgniter\Security\Exceptions\SecurityException))
#5 {main}
  thrown
#0 [internal function]: CodeIgniter\Debug\Exceptions->shutdownHandler()
#1 {main}
CRITICAL - 2023-08-30 12:09:36 --> The action you requested is not allowed.
#0 /var/www/html/blog/system/HTTP/ResponseTrait.php(709): CodeIgniter\Security\Exceptions\SecurityException::forDisallowedAction()
#1 /var/www/html/blog/system/HTTP/ResponseTrait.php(699): CodeIgniter\HTTP\Response->dispatchCookies()
#2 /var/www/html/blog/system/HTTP/ResponseTrait.php(443): CodeIgniter\HTTP\Response->sendCookies()
#3 /var/www/html/blog/system/CodeIgniter.php(998): CodeIgniter\HTTP\Response->send()
#4 /var/www/html/blog/system/CodeIgniter.php(458): CodeIgniter\CodeIgniter->sendResponse()
#5 /var/www/html/blog/system/CodeIgniter.php(326): CodeIgniter\CodeIgniter->handleRequest(NULL, Object(Config\Cache), false)
#6 /var/www/html/index.php(37): CodeIgniter\CodeIgniter->run()
#7 {main}
CRITICAL - 2023-08-30 12:09:36 --> Uncaught CodeIgniter\Security\Exceptions\SecurityException: The action you requested is not allowed. in /var/www/html/blog/system/HTTP/ResponseTrait.php:709
Stack trace:
#0 /var/www/html/blog/system/HTTP/ResponseTrait.php(709): CodeIgniter\Security\Exceptions\SecurityException::forDisallowedAction()
#1 /var/www/html/blog/system/HTTP/ResponseTrait.php(699): CodeIgniter\HTTP\Response->dispatchCookies()
#2 /var/www/html/blog/system/HTTP/ResponseTrait.php(443): CodeIgniter\HTTP\Response->sendCookies()
#3 /var/www/html/blog/system/Debug/Exceptions.php(115): CodeIgniter\HTTP\Response->send()
#4 [internal function]: CodeIgniter\Debug\Exceptions->exceptionHandler(Object(CodeIgniter\Security\Exceptions\SecurityException))
#5 {main}
  thrown
#0 [internal function]: CodeIgniter\Debug\Exceptions->shutdownHandler()
#1 {main}
CRITICAL - 2023-08-30 13:22:05 --> The action you requested is not allowed.
#0 /var/www/html/blog/system/HTTP/ResponseTrait.php(709): CodeIgniter\Security\Exceptions\SecurityException::forDisallowedAction()
#1 /var/www/html/blog/system/HTTP/ResponseTrait.php(699): CodeIgniter\HTTP\Response->dispatchCookies()
#2 /var/www/html/blog/system/HTTP/ResponseTrait.php(443): CodeIgniter\HTTP\Response->sendCookies()
#3 /var/www/html/blog/system/CodeIgniter.php(998): CodeIgniter\HTTP\Response->send()
#4 /var/www/html/blog/system/CodeIgniter.php(458): CodeIgniter\CodeIgniter->sendResponse()
#5 /var/www/html/blog/system/CodeIgniter.php(326): CodeIgniter\CodeIgniter->handleRequest(NULL, Object(Config\Cache), false)
#6 /var/www/html/index.php(37): CodeIgniter\CodeIgniter->run()
#7 {main}
CRITICAL - 2023-08-30 13:22:05 --> Uncaught CodeIgniter\Security\Exceptions\SecurityException: The action you requested is not allowed. in /var/www/html/blog/system/HTTP/ResponseTrait.php:709
Stack trace:
#0 /var/www/html/blog/system/HTTP/ResponseTrait.php(709): CodeIgniter\Security\Exceptions\SecurityException::forDisallowedAction()
#1 /var/www/html/blog/system/HTTP/ResponseTrait.php(699): CodeIgniter\HTTP\Response->dispatchCookies()
#2 /var/www/html/blog/system/HTTP/ResponseTrait.php(443): CodeIgniter\HTTP\Response->sendCookies()
#3 /var/www/html/blog/system/Debug/Exceptions.php(115): CodeIgniter\HTTP\Response->send()
#4 [internal function]: CodeIgniter\Debug\Exceptions->exceptionHandler(Object(CodeIgniter\Security\Exceptions\SecurityException))
#5 {main}
  thrown
#0 [internal function]: CodeIgniter\Debug\Exceptions->shutdownHandler()
#1 {main}
CRITICAL - 2023-08-30 13:25:45 --> The action you requested is not allowed.
#0 /var/www/html/blog/system/HTTP/ResponseTrait.php(709): CodeIgniter\Security\Exceptions\SecurityException::forDisallowedAction()
#1 /var/www/html/blog/system/HTTP/ResponseTrait.php(699): CodeIgniter\HTTP\Response->dispatchCookies()
#2 /var/www/html/blog/system/HTTP/ResponseTrait.php(443): CodeIgniter\HTTP\Response->sendCookies()
#3 /var/www/html/blog/system/CodeIgniter.php(998): CodeIgniter\HTTP\Response->send()
#4 /var/www/html/blog/system/CodeIgniter.php(865): CodeIgniter\CodeIgniter->sendResponse()
#5 /var/www/html/blog/system/CodeIgniter.php(340): CodeIgniter\CodeIgniter->display404errors(Object(CodeIgniter\Exceptions\PageNotFoundException))
#6 /var/www/html/index.php(37): CodeIgniter\CodeIgniter->run()
#7 {main}
CRITICAL - 2023-08-30 14:21:16 --> The action you requested is not allowed.
#0 /var/www/html/blog/system/HTTP/ResponseTrait.php(709): CodeIgniter\Security\Exceptions\SecurityException::forDisallowedAction()
#1 /var/www/html/blog/system/HTTP/ResponseTrait.php(699): CodeIgniter\HTTP\Response->dispatchCookies()
#2 /var/www/html/blog/system/HTTP/ResponseTrait.php(443): CodeIgniter\HTTP\Response->sendCookies()
#3 /var/www/html/blog/system/CodeIgniter.php(998): CodeIgniter\HTTP\Response->send()
#4 /var/www/html/blog/system/CodeIgniter.php(458): CodeIgniter\CodeIgniter->sendResponse()
#5 /var/www/html/blog/system/CodeIgniter.php(326): CodeIgniter\CodeIgniter->handleRequest(NULL, Object(Config\Cache), false)
#6 /var/www/html/index.php(37): CodeIgniter\CodeIgniter->run()
#7 {main}
CRITICAL - 2023-08-30 14:21:16 --> Uncaught CodeIgniter\Security\Exceptions\SecurityException: The action you requested is not allowed. in /var/www/html/blog/system/HTTP/ResponseTrait.php:709
Stack trace:
#0 /var/www/html/blog/system/HTTP/ResponseTrait.php(709): CodeIgniter\Security\Exceptions\SecurityException::forDisallowedAction()
#1 /var/www/html/blog/system/HTTP/ResponseTrait.php(699): CodeIgniter\HTTP\Response->dispatchCookies()
#2 /var/www/html/blog/system/HTTP/ResponseTrait.php(443): CodeIgniter\HTTP\Response->sendCookies()
#3 /var/www/html/blog/system/Debug/Exceptions.php(115): CodeIgniter\HTTP\Response->send()
#4 [internal function]: CodeIgniter\Debug\Exceptions->exceptionHandler(Object(CodeIgniter\Security\Exceptions\SecurityException))
#5 {main}
  thrown
#0 [internal function]: CodeIgniter\Debug\Exceptions->shutdownHandler()
#1 {main}
CRITICAL - 2023-08-30 15:01:25 --> The action you requested is not allowed.
#0 /var/www/html/blog/system/HTTP/ResponseTrait.php(709): CodeIgniter\Security\Exceptions\SecurityException::forDisallowedAction()
#1 /var/www/html/blog/system/HTTP/ResponseTrait.php(699): CodeIgniter\HTTP\Response->dispatchCookies()
#2 /var/www/html/blog/system/HTTP/ResponseTrait.php(443): CodeIgniter\HTTP\Response->sendCookies()
#3 /var/www/html/blog/system/CodeIgniter.php(998): CodeIgniter\HTTP\Response->send()
#4 /var/www/html/blog/system/CodeIgniter.php(458): CodeIgniter\CodeIgniter->sendResponse()
#5 /var/www/html/blog/system/CodeIgniter.php(326): CodeIgniter\CodeIgniter->handleRequest(NULL, Object(Config\Cache), false)
#6 /var/www/html/index.php(37): CodeIgniter\CodeIgniter->run()
#7 {main}
CRITICAL - 2023-08-30 15:01:25 --> Uncaught CodeIgniter\Security\Exceptions\SecurityException: The action you requested is not allowed. in /var/www/html/blog/system/HTTP/ResponseTrait.php:709
Stack trace:
#0 /var/www/html/blog/system/HTTP/ResponseTrait.php(709): CodeIgniter\Security\Exceptions\SecurityException::forDisallowedAction()
#1 /var/www/html/blog/system/HTTP/ResponseTrait.php(699): CodeIgniter\HTTP\Response->dispatchCookies()
#2 /var/www/html/blog/system/HTTP/ResponseTrait.php(443): CodeIgniter\HTTP\Response->sendCookies()
#3 /var/www/html/blog/system/Debug/Exceptions.php(115): CodeIgniter\HTTP\Response->send()
#4 [internal function]: CodeIgniter\Debug\Exceptions->exceptionHandler(Object(CodeIgniter\Security\Exceptions\SecurityException))
#5 {main}
  thrown
#0 [internal function]: CodeIgniter\Debug\Exceptions->shutdownHandler()
#1 {main}
CRITICAL - 2023-08-30 16:09:01 --> The action you requested is not allowed.
#0 /var/www/html/blog/system/HTTP/ResponseTrait.php(709): CodeIgniter\Security\Exceptions\SecurityException::forDisallowedAction()
#1 /var/www/html/blog/system/HTTP/ResponseTrait.php(699): CodeIgniter\HTTP\Response->dispatchCookies()
#2 /var/www/html/blog/system/HTTP/ResponseTrait.php(443): CodeIgniter\HTTP\Response->sendCookies()
#3 /var/www/html/blog/system/CodeIgniter.php(998): CodeIgniter\HTTP\Response->send()
#4 /var/www/html/blog/system/CodeIgniter.php(458): CodeIgniter\CodeIgniter->sendResponse()
#5 /var/www/html/blog/system/CodeIgniter.php(326): CodeIgniter\CodeIgniter->handleRequest(NULL, Object(Config\Cache), false)
#6 /var/www/html/index.php(37): CodeIgniter\CodeIgniter->run()
#7 {main}
CRITICAL - 2023-08-30 16:09:02 --> The action you requested is not allowed.
#0 /var/www/html/blog/system/HTTP/ResponseTrait.php(709): CodeIgniter\Security\Exceptions\SecurityException::forDisallowedAction()
#1 /var/www/html/blog/system/HTTP/ResponseTrait.php(699): CodeIgniter\HTTP\Response->dispatchCookies()
#2 /var/www/html/blog/system/HTTP/ResponseTrait.php(443): CodeIgniter\HTTP\Response->sendCookies()
#3 /var/www/html/blog/system/CodeIgniter.php(998): CodeIgniter\HTTP\Response->send()
#4 /var/www/html/blog/system/CodeIgniter.php(865): CodeIgniter\CodeIgniter->sendResponse()
#5 /var/www/html/blog/system/CodeIgniter.php(340): CodeIgniter\CodeIgniter->display404errors(Object(CodeIgniter\Exceptions\PageNotFoundException))
#6 /var/www/html/index.php(37): CodeIgniter\CodeIgniter->run()
#7 {main}
CRITICAL - 2023-08-30 16:09:02 --> Uncaught CodeIgniter\Security\Exceptions\SecurityException: The action you requested is not allowed. in /var/www/html/blog/system/HTTP/ResponseTrait.php:709
Stack trace:
#0 /var/www/html/blog/system/HTTP/ResponseTrait.php(709): CodeIgniter\Security\Exceptions\SecurityException::forDisallowedAction()
#1 /var/www/html/blog/system/HTTP/ResponseTrait.php(699): CodeIgniter\HTTP\Response->dispatchCookies()
#2 /var/www/html/blog/system/HTTP/ResponseTrait.php(443): CodeIgniter\HTTP\Response->sendCookies()
#3 /var/www/html/blog/system/Debug/Exceptions.php(115): CodeIgniter\HTTP\Response->send()
#4 [internal function]: CodeIgniter\Debug\Exceptions->exceptionHandler(Object(CodeIgniter\Security\Exceptions\SecurityException))
#5 {main}
  thrown
#0 [internal function]: CodeIgniter\Debug\Exceptions->shutdownHandler()
#1 {main}
CRITICAL - 2023-08-30 16:13:59 --> The action you requested is not allowed.
#0 /var/www/html/blog/system/HTTP/ResponseTrait.php(709): CodeIgniter\Security\Exceptions\SecurityException::forDisallowedAction()
#1 /var/www/html/blog/system/HTTP/ResponseTrait.php(699): CodeIgniter\HTTP\Response->dispatchCookies()
#2 /var/www/html/blog/system/HTTP/ResponseTrait.php(443): CodeIgniter\HTTP\Response->sendCookies()
#3 /var/www/html/blog/system/CodeIgniter.php(998): CodeIgniter\HTTP\Response->send()
#4 /var/www/html/blog/system/CodeIgniter.php(458): CodeIgniter\CodeIgniter->sendResponse()
#5 /var/www/html/blog/system/CodeIgniter.php(326): CodeIgniter\CodeIgniter->handleRequest(NULL, Object(Config\Cache), false)
#6 /var/www/html/index.php(37): CodeIgniter\CodeIgniter->run()
#7 {main}
CRITICAL - 2023-08-30 16:13:59 --> Uncaught CodeIgniter\Security\Exceptions\SecurityException: The action you requested is not allowed. in /var/www/html/blog/system/HTTP/ResponseTrait.php:709
Stack trace:
#0 /var/www/html/blog/system/HTTP/ResponseTrait.php(709): CodeIgniter\Security\Exceptions\SecurityException::forDisallowedAction()
#1 /var/www/html/blog/system/HTTP/ResponseTrait.php(699): CodeIgniter\HTTP\Response->dispatchCookies()
#2 /var/www/html/blog/system/HTTP/ResponseTrait.php(443): CodeIgniter\HTTP\Response->sendCookies()
#3 /var/www/html/blog/system/Debug/Exceptions.php(115): CodeIgniter\HTTP\Response->send()
#4 [internal function]: CodeIgniter\Debug\Exceptions->exceptionHandler(Object(CodeIgniter\Security\Exceptions\SecurityException))
#5 {main}
  thrown
#0 [internal function]: CodeIgniter\Debug\Exceptions->shutdownHandler()
#1 {main}
CRITICAL - 2023-08-30 16:31:36 --> The action you requested is not allowed.
#0 /var/www/html/blog/system/HTTP/ResponseTrait.php(709): CodeIgniter\Security\Exceptions\SecurityException::forDisallowedAction()
#1 /var/www/html/blog/system/HTTP/ResponseTrait.php(699): CodeIgniter\HTTP\Response->dispatchCookies()
#2 /var/www/html/blog/system/HTTP/ResponseTrait.php(443): CodeIgniter\HTTP\Response->sendCookies()
#3 /var/www/html/blog/system/CodeIgniter.php(998): CodeIgniter\HTTP\Response->send()
#4 /var/www/html/blog/system/CodeIgniter.php(458): CodeIgniter\CodeIgniter->sendResponse()
#5 /var/www/html/blog/system/CodeIgniter.php(326): CodeIgniter\CodeIgniter->handleRequest(NULL, Object(Config\Cache), false)
#6 /var/www/html/index.php(37): CodeIgniter\CodeIgniter->run()
#7 {main}
CRITICAL - 2023-08-30 16:31:36 --> Uncaught CodeIgniter\Security\Exceptions\SecurityException: The action you requested is not allowed. in /var/www/html/blog/system/HTTP/ResponseTrait.php:709
Stack trace:
#0 /var/www/html/blog/system/HTTP/ResponseTrait.php(709): CodeIgniter\Security\Exceptions\SecurityException::forDisallowedAction()
#1 /var/www/html/blog/system/HTTP/ResponseTrait.php(699): CodeIgniter\HTTP\Response->dispatchCookies()
#2 /var/www/html/blog/system/HTTP/ResponseTrait.php(443): CodeIgniter\HTTP\Response->sendCookies()
#3 /var/www/html/blog/system/Debug/Exceptions.php(115): CodeIgniter\HTTP\Response->send()
#4 [internal function]: CodeIgniter\Debug\Exceptions->exceptionHandler(Object(CodeIgniter\Security\Exceptions\SecurityException))
#5 {main}
  thrown
#0 [internal function]: CodeIgniter\Debug\Exceptions->shutdownHandler()
#1 {main}
CRITICAL - 2023-08-30 17:02:47 --> The action you requested is not allowed.
#0 /var/www/html/blog/system/HTTP/ResponseTrait.php(709): CodeIgniter\Security\Exceptions\SecurityException::forDisallowedAction()
#1 /var/www/html/blog/system/HTTP/ResponseTrait.php(699): CodeIgniter\HTTP\Response->dispatchCookies()
#2 /var/www/html/blog/system/HTTP/ResponseTrait.php(443): CodeIgniter\HTTP\Response->sendCookies()
#3 /var/www/html/blog/system/CodeIgniter.php(998): CodeIgniter\HTTP\Response->send()
#4 /var/www/html/blog/system/CodeIgniter.php(458): CodeIgniter\CodeIgniter->sendResponse()
#5 /var/www/html/blog/system/CodeIgniter.php(326): CodeIgniter\CodeIgniter->handleRequest(NULL, Object(Config\Cache), false)
#6 /var/www/html/index.php(37): CodeIgniter\CodeIgniter->run()
#7 {main}
CRITICAL - 2023-08-30 17:02:47 --> Uncaught CodeIgniter\Security\Exceptions\SecurityException: The action you requested is not allowed. in /var/www/html/blog/system/HTTP/ResponseTrait.php:709
Stack trace:
#0 /var/www/html/blog/system/HTTP/ResponseTrait.php(709): CodeIgniter\Security\Exceptions\SecurityException::forDisallowedAction()
#1 /var/www/html/blog/system/HTTP/ResponseTrait.php(699): CodeIgniter\HTTP\Response->dispatchCookies()
#2 /var/www/html/blog/system/HTTP/ResponseTrait.php(443): CodeIgniter\HTTP\Response->sendCookies()
#3 /var/www/html/blog/system/Debug/Exceptions.php(115): CodeIgniter\HTTP\Response->send()
#4 [internal function]: CodeIgniter\Debug\Exceptions->exceptionHandler(Object(CodeIgniter\Security\Exceptions\SecurityException))
#5 {main}
  thrown
#0 [internal function]: CodeIgniter\Debug\Exceptions->shutdownHandler()
#1 {main}
CRITICAL - 2023-08-30 18:09:44 --> The action you requested is not allowed.
#0 /var/www/html/blog/system/HTTP/ResponseTrait.php(709): CodeIgniter\Security\Exceptions\SecurityException::forDisallowedAction()
#1 /var/www/html/blog/system/HTTP/ResponseTrait.php(699): CodeIgniter\HTTP\Response->dispatchCookies()
#2 /var/www/html/blog/system/HTTP/ResponseTrait.php(443): CodeIgniter\HTTP\Response->sendCookies()
#3 /var/www/html/blog/system/CodeIgniter.php(998): CodeIgniter\HTTP\Response->send()
#4 /var/www/html/blog/system/CodeIgniter.php(458): CodeIgniter\CodeIgniter->sendResponse()
#5 /var/www/html/blog/system/CodeIgniter.php(326): CodeIgniter\CodeIgniter->handleRequest(NULL, Object(Config\Cache), false)
#6 /var/www/html/index.php(37): CodeIgniter\CodeIgniter->run()
#7 {main}
CRITICAL - 2023-08-30 18:09:44 --> Uncaught CodeIgniter\Security\Exceptions\SecurityException: The action you requested is not allowed. in /var/www/html/blog/system/HTTP/ResponseTrait.php:709
Stack trace:
#0 /var/www/html/blog/system/HTTP/ResponseTrait.php(709): CodeIgniter\Security\Exceptions\SecurityException::forDisallowedAction()
#1 /var/www/html/blog/system/HTTP/ResponseTrait.php(699): CodeIgniter\HTTP\Response->dispatchCookies()
#2 /var/www/html/blog/system/HTTP/ResponseTrait.php(443): CodeIgniter\HTTP\Response->sendCookies()
#3 /var/www/html/blog/system/Debug/Exceptions.php(115): CodeIgniter\HTTP\Response->send()
#4 [internal function]: CodeIgniter\Debug\Exceptions->exceptionHandler(Object(CodeIgniter\Security\Exceptions\SecurityException))
#5 {main}
  thrown
#0 [internal function]: CodeIgniter\Debug\Exceptions->shutdownHandler()
#1 {main}
CRITICAL - 2023-08-30 18:13:44 --> The action you requested is not allowed.
#0 /var/www/html/blog/system/HTTP/ResponseTrait.php(709): CodeIgniter\Security\Exceptions\SecurityException::forDisallowedAction()
#1 /var/www/html/blog/system/HTTP/ResponseTrait.php(699): CodeIgniter\HTTP\Response->dispatchCookies()
#2 /var/www/html/blog/system/HTTP/ResponseTrait.php(443): CodeIgniter\HTTP\Response->sendCookies()
#3 /var/www/html/blog/system/CodeIgniter.php(998): CodeIgniter\HTTP\Response->send()
#4 /var/www/html/blog/system/CodeIgniter.php(458): CodeIgniter\CodeIgniter->sendResponse()
#5 /var/www/html/blog/system/CodeIgniter.php(326): CodeIgniter\CodeIgniter->handleRequest(NULL, Object(Config\Cache), false)
#6 /var/www/html/index.php(37): CodeIgniter\CodeIgniter->run()
#7 {main}
CRITICAL - 2023-08-30 18:13:44 --> Uncaught CodeIgniter\Security\Exceptions\SecurityException: The action you requested is not allowed. in /var/www/html/blog/system/HTTP/ResponseTrait.php:709
Stack trace:
#0 /var/www/html/blog/system/HTTP/ResponseTrait.php(709): CodeIgniter\Security\Exceptions\SecurityException::forDisallowedAction()
#1 /var/www/html/blog/system/HTTP/ResponseTrait.php(699): CodeIgniter\HTTP\Response->dispatchCookies()
#2 /var/www/html/blog/system/HTTP/ResponseTrait.php(443): CodeIgniter\HTTP\Response->sendCookies()
#3 /var/www/html/blog/system/Debug/Exceptions.php(115): CodeIgniter\HTTP\Response->send()
#4 [internal function]: CodeIgniter\Debug\Exceptions->exceptionHandler(Object(CodeIgniter\Security\Exceptions\SecurityException))
#5 {main}
  thrown
#0 [internal function]: CodeIgniter\Debug\Exceptions->shutdownHandler()
#1 {main}
CRITICAL - 2023-08-30 18:13:45 --> The action you requested is not allowed.
#0 /var/www/html/blog/system/HTTP/ResponseTrait.php(709): CodeIgniter\Security\Exceptions\SecurityException::forDisallowedAction()
#1 /var/www/html/blog/system/HTTP/ResponseTrait.php(699): CodeIgniter\HTTP\Response->dispatchCookies()
#2 /var/www/html/blog/system/HTTP/ResponseTrait.php(443): CodeIgniter\HTTP\Response->sendCookies()
#3 /var/www/html/blog/system/CodeIgniter.php(998): CodeIgniter\HTTP\Response->send()
#4 /var/www/html/blog/system/CodeIgniter.php(458): CodeIgniter\CodeIgniter->sendResponse()
#5 /var/www/html/blog/system/CodeIgniter.php(326): CodeIgniter\CodeIgniter->handleRequest(NULL, Object(Config\Cache), false)
#6 /var/www/html/index.php(37): CodeIgniter\CodeIgniter->run()
#7 {main}
CRITICAL - 2023-08-30 18:13:45 --> Uncaught CodeIgniter\Security\Exceptions\SecurityException: The action you requested is not allowed. in /var/www/html/blog/system/HTTP/ResponseTrait.php:709
Stack trace:
#0 /var/www/html/blog/system/HTTP/ResponseTrait.php(709): CodeIgniter\Security\Exceptions\SecurityException::forDisallowedAction()
#1 /var/www/html/blog/system/HTTP/ResponseTrait.php(699): CodeIgniter\HTTP\Response->dispatchCookies()
#2 /var/www/html/blog/system/HTTP/ResponseTrait.php(443): CodeIgniter\HTTP\Response->sendCookies()
#3 /var/www/html/blog/system/Debug/Exceptions.php(115): CodeIgniter\HTTP\Response->send()
#4 [internal function]: CodeIgniter\Debug\Exceptions->exceptionHandler(Object(CodeIgniter\Security\Exceptions\SecurityException))
#5 {main}
  thrown
#0 [internal function]: CodeIgniter\Debug\Exceptions->shutdownHandler()
#1 {main}
CRITICAL - 2023-08-30 18:19:01 --> The action you requested is not allowed.
#0 /var/www/html/blog/system/HTTP/ResponseTrait.php(709): CodeIgniter\Security\Exceptions\SecurityException::forDisallowedAction()
#1 /var/www/html/blog/system/HTTP/ResponseTrait.php(699): CodeIgniter\HTTP\Response->dispatchCookies()
#2 /var/www/html/blog/system/HTTP/ResponseTrait.php(443): CodeIgniter\HTTP\Response->sendCookies()
#3 /var/www/html/blog/system/CodeIgniter.php(998): CodeIgniter\HTTP\Response->send()
#4 /var/www/html/blog/system/CodeIgniter.php(865): CodeIgniter\CodeIgniter->sendResponse()
#5 /var/www/html/blog/system/CodeIgniter.php(340): CodeIgniter\CodeIgniter->display404errors(Object(CodeIgniter\Exceptions\PageNotFoundException))
#6 /var/www/html/index.php(37): CodeIgniter\CodeIgniter->run()
#7 {main}
CRITICAL - 2023-08-30 18:19:01 --> Uncaught CodeIgniter\Security\Exceptions\SecurityException: The action you requested is not allowed. in /var/www/html/blog/system/HTTP/ResponseTrait.php:709
Stack trace:
#0 /var/www/html/blog/system/HTTP/ResponseTrait.php(709): CodeIgniter\Security\Exceptions\SecurityException::forDisallowedAction()
#1 /var/www/html/blog/system/HTTP/ResponseTrait.php(699): CodeIgniter\HTTP\Response->dispatchCookies()
#2 /var/www/html/blog/system/HTTP/ResponseTrait.php(443): CodeIgniter\HTTP\Response->sendCookies()
#3 /var/www/html/blog/system/Debug/Exceptions.php(115): CodeIgniter\HTTP\Response->send()
#4 [internal function]: CodeIgniter\Debug\Exceptions->exceptionHandler(Object(CodeIgniter\Security\Exceptions\SecurityException))
#5 {main}
  thrown
#0 [internal function]: CodeIgniter\Debug\Exceptions->shutdownHandler()
#1 {main}
CRITICAL - 2023-08-30 18:29:22 --> The action you requested is not allowed.
#0 /var/www/html/blog/system/HTTP/ResponseTrait.php(709): CodeIgniter\Security\Exceptions\SecurityException::forDisallowedAction()
#1 /var/www/html/blog/system/HTTP/ResponseTrait.php(699): CodeIgniter\HTTP\Response->dispatchCookies()
#2 /var/www/html/blog/system/HTTP/ResponseTrait.php(443): CodeIgniter\HTTP\Response->sendCookies()
#3 /var/www/html/blog/system/CodeIgniter.php(998): CodeIgniter\HTTP\Response->send()
#4 /var/www/html/blog/system/CodeIgniter.php(458): CodeIgniter\CodeIgniter->sendResponse()
#5 /var/www/html/blog/system/CodeIgniter.php(326): CodeIgniter\CodeIgniter->handleRequest(NULL, Object(Config\Cache), false)
#6 /var/www/html/index.php(37): CodeIgniter\CodeIgniter->run()
#7 {main}
CRITICAL - 2023-08-30 18:29:22 --> Uncaught CodeIgniter\Security\Exceptions\SecurityException: The action you requested is not allowed. in /var/www/html/blog/system/HTTP/ResponseTrait.php:709
Stack trace:
#0 /var/www/html/blog/system/HTTP/ResponseTrait.php(709): CodeIgniter\Security\Exceptions\SecurityException::forDisallowedAction()
#1 /var/www/html/blog/system/HTTP/ResponseTrait.php(699): CodeIgniter\HTTP\Response->dispatchCookies()
#2 /var/www/html/blog/system/HTTP/ResponseTrait.php(443): CodeIgniter\HTTP\Response->sendCookies()
#3 /var/www/html/blog/system/Debug/Exceptions.php(115): CodeIgniter\HTTP\Response->send()
#4 [internal function]: CodeIgniter\Debug\Exceptions->exceptionHandler(Object(CodeIgniter\Security\Exceptions\SecurityException))
#5 {main}
  thrown
#0 [internal function]: CodeIgniter\Debug\Exceptions->shutdownHandler()
#1 {main}
CRITICAL - 2023-08-30 18:30:06 --> The action you requested is not allowed.
#0 /var/www/html/blog/system/HTTP/ResponseTrait.php(709): CodeIgniter\Security\Exceptions\SecurityException::forDisallowedAction()
#1 /var/www/html/blog/system/HTTP/ResponseTrait.php(699): CodeIgniter\HTTP\Response->dispatchCookies()
#2 /var/www/html/blog/system/HTTP/ResponseTrait.php(443): CodeIgniter\HTTP\Response->sendCookies()
#3 /var/www/html/blog/system/CodeIgniter.php(998): CodeIgniter\HTTP\Response->send()
#4 /var/www/html/blog/system/CodeIgniter.php(458): CodeIgniter\CodeIgniter->sendResponse()
#5 /var/www/html/blog/system/CodeIgniter.php(326): CodeIgniter\CodeIgniter->handleRequest(NULL, Object(Config\Cache), false)
#6 /var/www/html/index.php(37): CodeIgniter\CodeIgniter->run()
#7 {main}
CRITICAL - 2023-08-30 18:30:06 --> Uncaught CodeIgniter\Security\Exceptions\SecurityException: The action you requested is not allowed. in /var/www/html/blog/system/HTTP/ResponseTrait.php:709
Stack trace:
#0 /var/www/html/blog/system/HTTP/ResponseTrait.php(709): CodeIgniter\Security\Exceptions\SecurityException::forDisallowedAction()
#1 /var/www/html/blog/system/HTTP/ResponseTrait.php(699): CodeIgniter\HTTP\Response->dispatchCookies()
#2 /var/www/html/blog/system/HTTP/ResponseTrait.php(443): CodeIgniter\HTTP\Response->sendCookies()
#3 /var/www/html/blog/system/Debug/Exceptions.php(115): CodeIgniter\HTTP\Response->send()
#4 [internal function]: CodeIgniter\Debug\Exceptions->exceptionHandler(Object(CodeIgniter\Security\Exceptions\SecurityException))
#5 {main}
  thrown
#0 [internal function]: CodeIgniter\Debug\Exceptions->shutdownHandler()
#1 {main}
CRITICAL - 2023-08-30 19:25:01 --> The action you requested is not allowed.
#0 /var/www/html/blog/system/HTTP/ResponseTrait.php(709): CodeIgniter\Security\Exceptions\SecurityException::forDisallowedAction()
#1 /var/www/html/blog/system/HTTP/ResponseTrait.php(699): CodeIgniter\HTTP\Response->dispatchCookies()
#2 /var/www/html/blog/system/HTTP/ResponseTrait.php(443): CodeIgniter\HTTP\Response->sendCookies()
#3 /var/www/html/blog/system/CodeIgniter.php(998): CodeIgniter\HTTP\Response->send()
#4 /var/www/html/blog/system/CodeIgniter.php(458): CodeIgniter\CodeIgniter->sendResponse()
#5 /var/www/html/blog/system/CodeIgniter.php(326): CodeIgniter\CodeIgniter->handleRequest(NULL, Object(Config\Cache), false)
#6 /var/www/html/index.php(37): CodeIgniter\CodeIgniter->run()
#7 {main}
CRITICAL - 2023-08-30 19:25:01 --> Uncaught CodeIgniter\Security\Exceptions\SecurityException: The action you requested is not allowed. in /var/www/html/blog/system/HTTP/ResponseTrait.php:709
Stack trace:
#0 /var/www/html/blog/system/HTTP/ResponseTrait.php(709): CodeIgniter\Security\Exceptions\SecurityException::forDisallowedAction()
#1 /var/www/html/blog/system/HTTP/ResponseTrait.php(699): CodeIgniter\HTTP\Response->dispatchCookies()
#2 /var/www/html/blog/system/HTTP/ResponseTrait.php(443): CodeIgniter\HTTP\Response->sendCookies()
#3 /var/www/html/blog/system/Debug/Exceptions.php(115): CodeIgniter\HTTP\Response->send()
#4 [internal function]: CodeIgniter\Debug\Exceptions->exceptionHandler(Object(CodeIgniter\Security\Exceptions\SecurityException))
#5 {main}
  thrown
#0 [internal function]: CodeIgniter\Debug\Exceptions->shutdownHandler()
#1 {main}
CRITICAL - 2023-08-30 19:29:46 --> The action you requested is not allowed.
#0 /var/www/html/blog/system/HTTP/ResponseTrait.php(709): CodeIgniter\Security\Exceptions\SecurityException::forDisallowedAction()
#1 /var/www/html/blog/system/HTTP/ResponseTrait.php(699): CodeIgniter\HTTP\Response->dispatchCookies()
#2 /var/www/html/blog/system/HTTP/ResponseTrait.php(443): CodeIgniter\HTTP\Response->sendCookies()
#3 /var/www/html/blog/system/CodeIgniter.php(998): CodeIgniter\HTTP\Response->send()
#4 /var/www/html/blog/system/CodeIgniter.php(458): CodeIgniter\CodeIgniter->sendResponse()
#5 /var/www/html/blog/system/CodeIgniter.php(326): CodeIgniter\CodeIgniter->handleRequest(NULL, Object(Config\Cache), false)
#6 /var/www/html/index.php(37): CodeIgniter\CodeIgniter->run()
#7 {main}
CRITICAL - 2023-08-30 19:29:46 --> Uncaught CodeIgniter\Security\Exceptions\SecurityException: The action you requested is not allowed. in /var/www/html/blog/system/HTTP/ResponseTrait.php:709
Stack trace:
#0 /var/www/html/blog/system/HTTP/ResponseTrait.php(709): CodeIgniter\Security\Exceptions\SecurityException::forDisallowedAction()
#1 /var/www/html/blog/system/HTTP/ResponseTrait.php(699): CodeIgniter\HTTP\Response->dispatchCookies()
#2 /var/www/html/blog/system/HTTP/ResponseTrait.php(443): CodeIgniter\HTTP\Response->sendCookies()
#3 /var/www/html/blog/system/Debug/Exceptions.php(115): CodeIgniter\HTTP\Response->send()
#4 [internal function]: CodeIgniter\Debug\Exceptions->exceptionHandler(Object(CodeIgniter\Security\Exceptions\SecurityException))
#5 {main}
  thrown
#0 [internal function]: CodeIgniter\Debug\Exceptions->shutdownHandler()
#1 {main}
CRITICAL - 2023-08-30 19:29:46 --> The action you requested is not allowed.
#0 /var/www/html/blog/system/HTTP/ResponseTrait.php(709): CodeIgniter\Security\Exceptions\SecurityException::forDisallowedAction()
#1 /var/www/html/blog/system/HTTP/ResponseTrait.php(699): CodeIgniter\HTTP\Response->dispatchCookies()
#2 /var/www/html/blog/system/HTTP/ResponseTrait.php(443): CodeIgniter\HTTP\Response->sendCookies()
#3 /var/www/html/blog/system/CodeIgniter.php(998): CodeIgniter\HTTP\Response->send()
#4 /var/www/html/blog/system/CodeIgniter.php(458): CodeIgniter\CodeIgniter->sendResponse()
#5 /var/www/html/blog/system/CodeIgniter.php(326): CodeIgniter\CodeIgniter->handleRequest(NULL, Object(Config\Cache), false)
#6 /var/www/html/index.php(37): CodeIgniter\CodeIgniter->run()
#7 {main}
CRITICAL - 2023-08-30 19:29:46 --> Uncaught CodeIgniter\Security\Exceptions\SecurityException: The action you requested is not allowed. in /var/www/html/blog/system/HTTP/ResponseTrait.php:709
Stack trace:
#0 /var/www/html/blog/system/HTTP/ResponseTrait.php(709): CodeIgniter\Security\Exceptions\SecurityException::forDisallowedAction()
#1 /var/www/html/blog/system/HTTP/ResponseTrait.php(699): CodeIgniter\HTTP\Response->dispatchCookies()
#2 /var/www/html/blog/system/HTTP/ResponseTrait.php(443): CodeIgniter\HTTP\Response->sendCookies()
#3 /var/www/html/blog/system/Debug/Exceptions.php(115): CodeIgniter\HTTP\Response->send()
#4 [internal function]: CodeIgniter\Debug\Exceptions->exceptionHandler(Object(CodeIgniter\Security\Exceptions\SecurityException))
#5 {main}
  thrown
#0 [internal function]: CodeIgniter\Debug\Exceptions->shutdownHandler()
#1 {main}
CRITICAL - 2023-08-30 21:20:05 --> The action you requested is not allowed.
#0 /var/www/html/blog/system/HTTP/ResponseTrait.php(709): CodeIgniter\Security\Exceptions\SecurityException::forDisallowedAction()
#1 /var/www/html/blog/system/HTTP/ResponseTrait.php(699): CodeIgniter\HTTP\Response->dispatchCookies()
#2 /var/www/html/blog/system/HTTP/ResponseTrait.php(443): CodeIgniter\HTTP\Response->sendCookies()
#3 /var/www/html/blog/system/CodeIgniter.php(998): CodeIgniter\HTTP\Response->send()
#4 /var/www/html/blog/system/CodeIgniter.php(865): CodeIgniter\CodeIgniter->sendResponse()
#5 /var/www/html/blog/system/CodeIgniter.php(340): CodeIgniter\CodeIgniter->display404errors(Object(CodeIgniter\Exceptions\PageNotFoundException))
#6 /var/www/html/index.php(37): CodeIgniter\CodeIgniter->run()
#7 {main}
CRITICAL - 2023-08-30 21:31:25 --> The action you requested is not allowed.
#0 /var/www/html/blog/system/HTTP/ResponseTrait.php(709): CodeIgniter\Security\Exceptions\SecurityException::forDisallowedAction()
#1 /var/www/html/blog/system/HTTP/ResponseTrait.php(699): CodeIgniter\HTTP\Response->dispatchCookies()
#2 /var/www/html/blog/system/HTTP/ResponseTrait.php(443): CodeIgniter\HTTP\Response->sendCookies()
#3 /var/www/html/blog/system/CodeIgniter.php(998): CodeIgniter\HTTP\Response->send()
#4 /var/www/html/blog/system/CodeIgniter.php(458): CodeIgniter\CodeIgniter->sendResponse()
#5 /var/www/html/blog/system/CodeIgniter.php(326): CodeIgniter\CodeIgniter->handleRequest(NULL, Object(Config\Cache), false)
#6 /var/www/html/index.php(37): CodeIgniter\CodeIgniter->run()
#7 {main}
CRITICAL - 2023-08-30 21:31:25 --> Uncaught CodeIgniter\Security\Exceptions\SecurityException: The action you requested is not allowed. in /var/www/html/blog/system/HTTP/ResponseTrait.php:709
Stack trace:
#0 /var/www/html/blog/system/HTTP/ResponseTrait.php(709): CodeIgniter\Security\Exceptions\SecurityException::forDisallowedAction()
#1 /var/www/html/blog/system/HTTP/ResponseTrait.php(699): CodeIgniter\HTTP\Response->dispatchCookies()
#2 /var/www/html/blog/system/HTTP/ResponseTrait.php(443): CodeIgniter\HTTP\Response->sendCookies()
#3 /var/www/html/blog/system/Debug/Exceptions.php(115): CodeIgniter\HTTP\Response->send()
#4 [internal function]: CodeIgniter\Debug\Exceptions->exceptionHandler(Object(CodeIgniter\Security\Exceptions\SecurityException))
#5 {main}
  thrown
#0 [internal function]: CodeIgniter\Debug\Exceptions->shutdownHandler()
#1 {main}
CRITICAL - 2023-08-30 21:31:26 --> The action you requested is not allowed.
#0 /var/www/html/blog/system/HTTP/ResponseTrait.php(709): CodeIgniter\Security\Exceptions\SecurityException::forDisallowedAction()
#1 /var/www/html/blog/system/HTTP/ResponseTrait.php(699): CodeIgniter\HTTP\Response->dispatchCookies()
#2 /var/www/html/blog/system/HTTP/ResponseTrait.php(443): CodeIgniter\HTTP\Response->sendCookies()
#3 /var/www/html/blog/system/CodeIgniter.php(998): CodeIgniter\HTTP\Response->send()
#4 /var/www/html/blog/system/CodeIgniter.php(865): CodeIgniter\CodeIgniter->sendResponse()
#5 /var/www/html/blog/system/CodeIgniter.php(340): CodeIgniter\CodeIgniter->display404errors(Object(CodeIgniter\Exceptions\PageNotFoundException))
#6 /var/www/html/index.php(37): CodeIgniter\CodeIgniter->run()
#7 {main}
CRITICAL - 2023-08-30 21:31:26 --> Uncaught CodeIgniter\Security\Exceptions\SecurityException: The action you requested is not allowed. in /var/www/html/blog/system/HTTP/ResponseTrait.php:709
Stack trace:
#0 /var/www/html/blog/system/HTTP/ResponseTrait.php(709): CodeIgniter\Security\Exceptions\SecurityException::forDisallowedAction()
#1 /var/www/html/blog/system/HTTP/ResponseTrait.php(699): CodeIgniter\HTTP\Response->dispatchCookies()
#2 /var/www/html/blog/system/HTTP/ResponseTrait.php(443): CodeIgniter\HTTP\Response->sendCookies()
#3 /var/www/html/blog/system/Debug/Exceptions.php(115): CodeIgniter\HTTP\Response->send()
#4 [internal function]: CodeIgniter\Debug\Exceptions->exceptionHandler(Object(CodeIgniter\Security\Exceptions\SecurityException))
#5 {main}
  thrown
#0 [internal function]: CodeIgniter\Debug\Exceptions->shutdownHandler()
#1 {main}
CRITICAL - 2023-08-30 21:31:26 --> The action you requested is not allowed.
#0 /var/www/html/blog/system/HTTP/ResponseTrait.php(709): CodeIgniter\Security\Exceptions\SecurityException::forDisallowedAction()
#1 /var/www/html/blog/system/HTTP/ResponseTrait.php(699): CodeIgniter\HTTP\Response->dispatchCookies()
#2 /var/www/html/blog/system/HTTP/ResponseTrait.php(443): CodeIgniter\HTTP\Response->sendCookies()
#3 /var/www/html/blog/system/CodeIgniter.php(998): CodeIgniter\HTTP\Response->send()
#4 /var/www/html/blog/system/CodeIgniter.php(865): CodeIgniter\CodeIgniter->sendResponse()
#5 /var/www/html/blog/system/CodeIgniter.php(340): CodeIgniter\CodeIgniter->display404errors(Object(CodeIgniter\Exceptions\PageNotFoundException))
#6 /var/www/html/index.php(37): CodeIgniter\CodeIgniter->run()
#7 {main}
CRITICAL - 2023-08-30 21:31:26 --> Uncaught CodeIgniter\Security\Exceptions\SecurityException: The action you requested is not allowed. in /var/www/html/blog/system/HTTP/ResponseTrait.php:709
Stack trace:
#0 /var/www/html/blog/system/HTTP/ResponseTrait.php(709): CodeIgniter\Security\Exceptions\SecurityException::forDisallowedAction()
#1 /var/www/html/blog/system/HTTP/ResponseTrait.php(699): CodeIgniter\HTTP\Response->dispatchCookies()
#2 /var/www/html/blog/system/HTTP/ResponseTrait.php(443): CodeIgniter\HTTP\Response->sendCookies()
#3 /var/www/html/blog/system/Debug/Exceptions.php(115): CodeIgniter\HTTP\Response->send()
#4 [internal function]: CodeIgniter\Debug\Exceptions->exceptionHandler(Object(CodeIgniter\Security\Exceptions\SecurityException))
#5 {main}
  thrown
#0 [internal function]: CodeIgniter\Debug\Exceptions->shutdownHandler()
#1 {main}
CRITICAL - 2023-08-30 21:31:28 --> The action you requested is not allowed.
#0 /var/www/html/blog/system/HTTP/ResponseTrait.php(709): CodeIgniter\Security\Exceptions\SecurityException::forDisallowedAction()
#1 /var/www/html/blog/system/HTTP/ResponseTrait.php(699): CodeIgniter\HTTP\Response->dispatchCookies()
#2 /var/www/html/blog/system/HTTP/ResponseTrait.php(443): CodeIgniter\HTTP\Response->sendCookies()
#3 /var/www/html/blog/system/CodeIgniter.php(998): CodeIgniter\HTTP\Response->send()
#4 /var/www/html/blog/system/CodeIgniter.php(458): CodeIgniter\CodeIgniter->sendResponse()
#5 /var/www/html/blog/system/CodeIgniter.php(326): CodeIgniter\CodeIgniter->handleRequest(NULL, Object(Config\Cache), false)
#6 /var/www/html/index.php(37): CodeIgniter\CodeIgniter->run()
#7 {main}
CRITICAL - 2023-08-30 21:31:28 --> Uncaught CodeIgniter\Security\Exceptions\SecurityException: The action you requested is not allowed. in /var/www/html/blog/system/HTTP/ResponseTrait.php:709
Stack trace:
#0 /var/www/html/blog/system/HTTP/ResponseTrait.php(709): CodeIgniter\Security\Exceptions\SecurityException::forDisallowedAction()
#1 /var/www/html/blog/system/HTTP/ResponseTrait.php(699): CodeIgniter\HTTP\Response->dispatchCookies()
#2 /var/www/html/blog/system/HTTP/ResponseTrait.php(443): CodeIgniter\HTTP\Response->sendCookies()
#3 /var/www/html/blog/system/Debug/Exceptions.php(115): CodeIgniter\HTTP\Response->send()
#4 [internal function]: CodeIgniter\Debug\Exceptions->exceptionHandler(Object(CodeIgniter\Security\Exceptions\SecurityException))
#5 {main}
  thrown
#0 [internal function]: CodeIgniter\Debug\Exceptions->shutdownHandler()
#1 {main}
CRITICAL - 2023-08-30 21:31:29 --> The action you requested is not allowed.
#0 /var/www/html/blog/system/HTTP/ResponseTrait.php(709): CodeIgniter\Security\Exceptions\SecurityException::forDisallowedAction()
#1 /var/www/html/blog/system/HTTP/ResponseTrait.php(699): CodeIgniter\HTTP\Response->dispatchCookies()
#2 /var/www/html/blog/system/HTTP/ResponseTrait.php(443): CodeIgniter\HTTP\Response->sendCookies()
#3 /var/www/html/blog/system/CodeIgniter.php(998): CodeIgniter\HTTP\Response->send()
#4 /var/www/html/blog/system/CodeIgniter.php(865): CodeIgniter\CodeIgniter->sendResponse()
#5 /var/www/html/blog/system/CodeIgniter.php(340): CodeIgniter\CodeIgniter->display404errors(Object(CodeIgniter\Exceptions\PageNotFoundException))
#6 /var/www/html/index.php(37): CodeIgniter\CodeIgniter->run()
#7 {main}
CRITICAL - 2023-08-30 21:31:29 --> Uncaught CodeIgniter\Security\Exceptions\SecurityException: The action you requested is not allowed. in /var/www/html/blog/system/HTTP/ResponseTrait.php:709
Stack trace:
#0 /var/www/html/blog/system/HTTP/ResponseTrait.php(709): CodeIgniter\Security\Exceptions\SecurityException::forDisallowedAction()
#1 /var/www/html/blog/system/HTTP/ResponseTrait.php(699): CodeIgniter\HTTP\Response->dispatchCookies()
#2 /var/www/html/blog/system/HTTP/ResponseTrait.php(443): CodeIgniter\HTTP\Response->sendCookies()
#3 /var/www/html/blog/system/Debug/Exceptions.php(115): CodeIgniter\HTTP\Response->send()
#4 [internal function]: CodeIgniter\Debug\Exceptions->exceptionHandler(Object(CodeIgniter\Security\Exceptions\SecurityException))
#5 {main}
  thrown
#0 [internal function]: CodeIgniter\Debug\Exceptions->shutdownHandler()
#1 {main}
CRITICAL - 2023-08-30 21:31:30 --> The action you requested is not allowed.
#0 /var/www/html/blog/system/HTTP/ResponseTrait.php(709): CodeIgniter\Security\Exceptions\SecurityException::forDisallowedAction()
#1 /var/www/html/blog/system/HTTP/ResponseTrait.php(699): CodeIgniter\HTTP\Response->dispatchCookies()
#2 /var/www/html/blog/system/HTTP/ResponseTrait.php(443): CodeIgniter\HTTP\Response->sendCookies()
#3 /var/www/html/blog/system/CodeIgniter.php(998): CodeIgniter\HTTP\Response->send()
#4 /var/www/html/blog/system/CodeIgniter.php(865): CodeIgniter\CodeIgniter->sendResponse()
#5 /var/www/html/blog/system/CodeIgniter.php(340): CodeIgniter\CodeIgniter->display404errors(Object(CodeIgniter\Exceptions\PageNotFoundException))
#6 /var/www/html/index.php(37): CodeIgniter\CodeIgniter->run()
#7 {main}
CRITICAL - 2023-08-30 21:31:30 --> Uncaught CodeIgniter\Security\Exceptions\SecurityException: The action you requested is not allowed. in /var/www/html/blog/system/HTTP/ResponseTrait.php:709
Stack trace:
#0 /var/www/html/blog/system/HTTP/ResponseTrait.php(709): CodeIgniter\Security\Exceptions\SecurityException::forDisallowedAction()
#1 /var/www/html/blog/system/HTTP/ResponseTrait.php(699): CodeIgniter\HTTP\Response->dispatchCookies()
#2 /var/www/html/blog/system/HTTP/ResponseTrait.php(443): CodeIgniter\HTTP\Response->sendCookies()
#3 /var/www/html/blog/system/Debug/Exceptions.php(115): CodeIgniter\HTTP\Response->send()
#4 [internal function]: CodeIgniter\Debug\Exceptions->exceptionHandler(Object(CodeIgniter\Security\Exceptions\SecurityException))
#5 {main}
  thrown
#0 [internal function]: CodeIgniter\Debug\Exceptions->shutdownHandler()
#1 {main}
CRITICAL - 2023-08-30 21:31:31 --> The action you requested is not allowed.
#0 /var/www/html/blog/system/HTTP/ResponseTrait.php(709): CodeIgniter\Security\Exceptions\SecurityException::forDisallowedAction()
#1 /var/www/html/blog/system/HTTP/ResponseTrait.php(699): CodeIgniter\HTTP\Response->dispatchCookies()
#2 /var/www/html/blog/system/HTTP/ResponseTrait.php(443): CodeIgniter\HTTP\Response->sendCookies()
#3 /var/www/html/blog/system/CodeIgniter.php(998): CodeIgniter\HTTP\Response->send()
#4 /var/www/html/blog/system/CodeIgniter.php(865): CodeIgniter\CodeIgniter->sendResponse()
#5 /var/www/html/blog/system/CodeIgniter.php(340): CodeIgniter\CodeIgniter->display404errors(Object(CodeIgniter\Exceptions\PageNotFoundException))
#6 /var/www/html/index.php(37): CodeIgniter\CodeIgniter->run()
#7 {main}
CRITICAL - 2023-08-30 21:31:31 --> Uncaught CodeIgniter\Security\Exceptions\SecurityException: The action you requested is not allowed. in /var/www/html/blog/system/HTTP/ResponseTrait.php:709
Stack trace:
#0 /var/www/html/blog/system/HTTP/ResponseTrait.php(709): CodeIgniter\Security\Exceptions\SecurityException::forDisallowedAction()
#1 /var/www/html/blog/system/HTTP/ResponseTrait.php(699): CodeIgniter\HTTP\Response->dispatchCookies()
#2 /var/www/html/blog/system/HTTP/ResponseTrait.php(443): CodeIgniter\HTTP\Response->sendCookies()
#3 /var/www/html/blog/system/Debug/Exceptions.php(115): CodeIgniter\HTTP\Response->send()
#4 [internal function]: CodeIgniter\Debug\Exceptions->exceptionHandler(Object(CodeIgniter\Security\Exceptions\SecurityException))
#5 {main}
  thrown
#0 [internal function]: CodeIgniter\Debug\Exceptions->shutdownHandler()
#1 {main}
CRITICAL - 2023-08-30 21:31:32 --> The action you requested is not allowed.
#0 /var/www/html/blog/system/HTTP/ResponseTrait.php(709): CodeIgniter\Security\Exceptions\SecurityException::forDisallowedAction()
#1 /var/www/html/blog/system/HTTP/ResponseTrait.php(699): CodeIgniter\HTTP\Response->dispatchCookies()
#2 /var/www/html/blog/system/HTTP/ResponseTrait.php(443): CodeIgniter\HTTP\Response->sendCookies()
#3 /var/www/html/blog/system/CodeIgniter.php(998): CodeIgniter\HTTP\Response->send()
#4 /var/www/html/blog/system/CodeIgniter.php(865): CodeIgniter\CodeIgniter->sendResponse()
#5 /var/www/html/blog/system/CodeIgniter.php(340): CodeIgniter\CodeIgniter->display404errors(Object(CodeIgniter\Exceptions\PageNotFoundException))
#6 /var/www/html/index.php(37): CodeIgniter\CodeIgniter->run()
#7 {main}
CRITICAL - 2023-08-30 21:31:32 --> Uncaught CodeIgniter\Security\Exceptions\SecurityException: The action you requested is not allowed. in /var/www/html/blog/system/HTTP/ResponseTrait.php:709
Stack trace:
#0 /var/www/html/blog/system/HTTP/ResponseTrait.php(709): CodeIgniter\Security\Exceptions\SecurityException::forDisallowedAction()
#1 /var/www/html/blog/system/HTTP/ResponseTrait.php(699): CodeIgniter\HTTP\Response->dispatchCookies()
#2 /var/www/html/blog/system/HTTP/ResponseTrait.php(443): CodeIgniter\HTTP\Response->sendCookies()
#3 /var/www/html/blog/system/Debug/Exceptions.php(115): CodeIgniter\HTTP\Response->send()
#4 [internal function]: CodeIgniter\Debug\Exceptions->exceptionHandler(Object(CodeIgniter\Security\Exceptions\SecurityException))
#5 {main}
  thrown
#0 [internal function]: CodeIgniter\Debug\Exceptions->shutdownHandler()
#1 {main}
CRITICAL - 2023-08-30 22:45:03 --> The action you requested is not allowed.
#0 /var/www/html/blog/system/HTTP/ResponseTrait.php(709): CodeIgniter\Security\Exceptions\SecurityException::forDisallowedAction()
#1 /var/www/html/blog/system/HTTP/ResponseTrait.php(699): CodeIgniter\HTTP\Response->dispatchCookies()
#2 /var/www/html/blog/system/HTTP/ResponseTrait.php(443): CodeIgniter\HTTP\Response->sendCookies()
#3 /var/www/html/blog/system/CodeIgniter.php(998): CodeIgniter\HTTP\Response->send()
#4 /var/www/html/blog/system/CodeIgniter.php(458): CodeIgniter\CodeIgniter->sendResponse()
#5 /var/www/html/blog/system/CodeIgniter.php(326): CodeIgniter\CodeIgniter->handleRequest(NULL, Object(Config\Cache), false)
#6 /var/www/html/index.php(37): CodeIgniter\CodeIgniter->run()
#7 {main}
CRITICAL - 2023-08-30 22:45:03 --> Uncaught CodeIgniter\Security\Exceptions\SecurityException: The action you requested is not allowed. in /var/www/html/blog/system/HTTP/ResponseTrait.php:709
Stack trace:
#0 /var/www/html/blog/system/HTTP/ResponseTrait.php(709): CodeIgniter\Security\Exceptions\SecurityException::forDisallowedAction()
#1 /var/www/html/blog/system/HTTP/ResponseTrait.php(699): CodeIgniter\HTTP\Response->dispatchCookies()
#2 /var/www/html/blog/system/HTTP/ResponseTrait.php(443): CodeIgniter\HTTP\Response->sendCookies()
#3 /var/www/html/blog/system/Debug/Exceptions.php(115): CodeIgniter\HTTP\Response->send()
#4 [internal function]: CodeIgniter\Debug\Exceptions->exceptionHandler(Object(CodeIgniter\Security\Exceptions\SecurityException))
#5 {main}
  thrown
#0 [internal function]: CodeIgniter\Debug\Exceptions->shutdownHandler()
#1 {main}
CRITICAL - 2023-08-30 22:45:08 --> The action you requested is not allowed.
#0 /var/www/html/blog/system/HTTP/ResponseTrait.php(709): CodeIgniter\Security\Exceptions\SecurityException::forDisallowedAction()
#1 /var/www/html/blog/system/HTTP/ResponseTrait.php(699): CodeIgniter\HTTP\Response->dispatchCookies()
#2 /var/www/html/blog/system/HTTP/ResponseTrait.php(443): CodeIgniter\HTTP\Response->sendCookies()
#3 /var/www/html/blog/system/CodeIgniter.php(998): CodeIgniter\HTTP\Response->send()
#4 /var/www/html/blog/system/CodeIgniter.php(458): CodeIgniter\CodeIgniter->sendResponse()
#5 /var/www/html/blog/system/CodeIgniter.php(326): CodeIgniter\CodeIgniter->handleRequest(NULL, Object(Config\Cache), false)
#6 /var/www/html/index.php(37): CodeIgniter\CodeIgniter->run()
#7 {main}
CRITICAL - 2023-08-30 22:45:08 --> Uncaught CodeIgniter\Security\Exceptions\SecurityException: The action you requested is not allowed. in /var/www/html/blog/system/HTTP/ResponseTrait.php:709
Stack trace:
#0 /var/www/html/blog/system/HTTP/ResponseTrait.php(709): CodeIgniter\Security\Exceptions\SecurityException::forDisallowedAction()
#1 /var/www/html/blog/system/HTTP/ResponseTrait.php(699): CodeIgniter\HTTP\Response->dispatchCookies()
#2 /var/www/html/blog/system/HTTP/ResponseTrait.php(443): CodeIgniter\HTTP\Response->sendCookies()
#3 /var/www/html/blog/system/Debug/Exceptions.php(115): CodeIgniter\HTTP\Response->send()
#4 [internal function]: CodeIgniter\Debug\Exceptions->exceptionHandler(Object(CodeIgniter\Security\Exceptions\SecurityException))
#5 {main}
  thrown
#0 [internal function]: CodeIgniter\Debug\Exceptions->shutdownHandler()
#1 {main}
