CRITICAL - 2023-08-21 00:09:19 --> The action you requested is not allowed.
#0 /var/www/html/blog/system/HTTP/ResponseTrait.php(709): CodeIgniter\Security\Exceptions\SecurityException::forDisallowedAction()
#1 /var/www/html/blog/system/HTTP/ResponseTrait.php(699): CodeIgniter\HTTP\Response->dispatchCookies()
#2 /var/www/html/blog/system/HTTP/ResponseTrait.php(443): CodeIgniter\HTTP\Response->sendCookies()
#3 /var/www/html/blog/system/CodeIgniter.php(998): CodeIgniter\HTTP\Response->send()
#4 /var/www/html/blog/system/CodeIgniter.php(458): CodeIgniter\CodeIgniter->sendResponse()
#5 /var/www/html/blog/system/CodeIgniter.php(326): CodeIgniter\CodeIgniter->handleRequest(NULL, Object(Config\Cache), false)
#6 /var/www/html/index.php(37): CodeIgniter\CodeIgniter->run()
#7 {main}
CRITICAL - 2023-08-21 00:09:19 --> Uncaught CodeIgniter\Security\Exceptions\SecurityException: The action you requested is not allowed. in /var/www/html/blog/system/HTTP/ResponseTrait.php:709
Stack trace:
#0 /var/www/html/blog/system/HTTP/ResponseTrait.php(709): CodeIgniter\Security\Exceptions\SecurityException::forDisallowedAction()
#1 /var/www/html/blog/system/HTTP/ResponseTrait.php(699): CodeIgniter\HTTP\Response->dispatchCookies()
#2 /var/www/html/blog/system/HTTP/ResponseTrait.php(443): CodeIgniter\HTTP\Response->sendCookies()
#3 /var/www/html/blog/system/Debug/Exceptions.php(115): CodeIgniter\HTTP\Response->send()
#4 [internal function]: CodeIgniter\Debug\Exceptions->exceptionHandler(Object(CodeIgniter\Security\Exceptions\SecurityException))
#5 {main}
  thrown
#0 [internal function]: CodeIgniter\Debug\Exceptions->shutdownHandler()
#1 {main}
CRITICAL - 2023-08-21 00:18:15 --> The action you requested is not allowed.
#0 /var/www/html/blog/system/HTTP/ResponseTrait.php(709): CodeIgniter\Security\Exceptions\SecurityException::forDisallowedAction()
#1 /var/www/html/blog/system/HTTP/ResponseTrait.php(699): CodeIgniter\HTTP\Response->dispatchCookies()
#2 /var/www/html/blog/system/HTTP/ResponseTrait.php(443): CodeIgniter\HTTP\Response->sendCookies()
#3 /var/www/html/blog/system/CodeIgniter.php(998): CodeIgniter\HTTP\Response->send()
#4 /var/www/html/blog/system/CodeIgniter.php(458): CodeIgniter\CodeIgniter->sendResponse()
#5 /var/www/html/blog/system/CodeIgniter.php(326): CodeIgniter\CodeIgniter->handleRequest(NULL, Object(Config\Cache), false)
#6 /var/www/html/index.php(37): CodeIgniter\CodeIgniter->run()
#7 {main}
CRITICAL - 2023-08-21 00:18:15 --> Uncaught CodeIgniter\Security\Exceptions\SecurityException: The action you requested is not allowed. in /var/www/html/blog/system/HTTP/ResponseTrait.php:709
Stack trace:
#0 /var/www/html/blog/system/HTTP/ResponseTrait.php(709): CodeIgniter\Security\Exceptions\SecurityException::forDisallowedAction()
#1 /var/www/html/blog/system/HTTP/ResponseTrait.php(699): CodeIgniter\HTTP\Response->dispatchCookies()
#2 /var/www/html/blog/system/HTTP/ResponseTrait.php(443): CodeIgniter\HTTP\Response->sendCookies()
#3 /var/www/html/blog/system/Debug/Exceptions.php(115): CodeIgniter\HTTP\Response->send()
#4 [internal function]: CodeIgniter\Debug\Exceptions->exceptionHandler(Object(CodeIgniter\Security\Exceptions\SecurityException))
#5 {main}
  thrown
#0 [internal function]: CodeIgniter\Debug\Exceptions->shutdownHandler()
#1 {main}
ERROR - 2023-08-21 00:19:11 --> Error connecting to the database: Connection refused
CRITICAL - 2023-08-21 00:19:11 --> Unable to connect to the database.
Main connection [MySQLi]: Connection refused
#0 /var/www/html/blog/system/Database/BaseConnection.php(577): CodeIgniter\Database\BaseConnection->initialize()
#1 /var/www/html/blog/system/Database/BaseBuilder.php(1539): CodeIgniter\Database\BaseConnection->query('SELECT COUNT(*)...', Array, false)
#2 /var/www/html/blog/system/Model.php(509): CodeIgniter\Database\BaseBuilder->countAllResults(false)
#3 /var/www/html/blog/system/BaseModel.php(1084): CodeIgniter\Model->countAllResults(false)
#4 /var/www/html/blog/app/Controllers/Home.php(106): CodeIgniter\BaseModel->paginate(15)
#5 /var/www/html/blog/system/CodeIgniter.php(832): App\Controllers\Home->tags('\xE0\xA6\xB8\xE0\xA7\x8D\xE0\xA6\xA5\xE0\xA6\xBE\xE0\xA6\xA8...')
#6 /var/www/html/blog/system/CodeIgniter.php(419): CodeIgniter\CodeIgniter->runController(Object(App\Controllers\Home))
#7 /var/www/html/blog/system/CodeIgniter.php(326): CodeIgniter\CodeIgniter->handleRequest(NULL, Object(Config\Cache), false)
#8 /var/www/html/index.php(37): CodeIgniter\CodeIgniter->run()
#9 {main}
CRITICAL - 2023-08-21 00:44:40 --> The action you requested is not allowed.
#0 /var/www/html/blog/system/HTTP/ResponseTrait.php(709): CodeIgniter\Security\Exceptions\SecurityException::forDisallowedAction()
#1 /var/www/html/blog/system/HTTP/ResponseTrait.php(699): CodeIgniter\HTTP\Response->dispatchCookies()
#2 /var/www/html/blog/system/HTTP/ResponseTrait.php(443): CodeIgniter\HTTP\Response->sendCookies()
#3 /var/www/html/blog/system/CodeIgniter.php(998): CodeIgniter\HTTP\Response->send()
#4 /var/www/html/blog/system/CodeIgniter.php(458): CodeIgniter\CodeIgniter->sendResponse()
#5 /var/www/html/blog/system/CodeIgniter.php(326): CodeIgniter\CodeIgniter->handleRequest(NULL, Object(Config\Cache), false)
#6 /var/www/html/index.php(37): CodeIgniter\CodeIgniter->run()
#7 {main}
CRITICAL - 2023-08-21 00:44:40 --> Uncaught CodeIgniter\Security\Exceptions\SecurityException: The action you requested is not allowed. in /var/www/html/blog/system/HTTP/ResponseTrait.php:709
Stack trace:
#0 /var/www/html/blog/system/HTTP/ResponseTrait.php(709): CodeIgniter\Security\Exceptions\SecurityException::forDisallowedAction()
#1 /var/www/html/blog/system/HTTP/ResponseTrait.php(699): CodeIgniter\HTTP\Response->dispatchCookies()
#2 /var/www/html/blog/system/HTTP/ResponseTrait.php(443): CodeIgniter\HTTP\Response->sendCookies()
#3 /var/www/html/blog/system/Debug/Exceptions.php(115): CodeIgniter\HTTP\Response->send()
#4 [internal function]: CodeIgniter\Debug\Exceptions->exceptionHandler(Object(CodeIgniter\Security\Exceptions\SecurityException))
#5 {main}
  thrown
#0 [internal function]: CodeIgniter\Debug\Exceptions->shutdownHandler()
#1 {main}
ERROR - 2023-08-21 00:45:45 --> Error connecting to the database: Connection refused
CRITICAL - 2023-08-21 00:45:45 --> Unable to connect to the database.
Main connection [MySQLi]: Connection refused
#0 /var/www/html/blog/system/Database/BaseConnection.php(577): CodeIgniter\Database\BaseConnection->initialize()
#1 /var/www/html/blog/system/Database/BaseBuilder.php(1455): CodeIgniter\Database\BaseConnection->query('SELECT `posts`....', Array, false)
#2 /var/www/html/blog/system/Model.php(210): CodeIgniter\Database\BaseBuilder->get()
#3 /var/www/html/blog/system/BaseModel.php(622): CodeIgniter\Model->doFirst()
#4 /var/www/html/blog/app/Controllers/Home.php(60): CodeIgniter\BaseModel->first()
#5 /var/www/html/blog/system/CodeIgniter.php(832): App\Controllers\Home->news('\xE0\xA6\x9F\xE0\xA7\x87\xE0\xA6\x95\xE0\xA7\x8D\xE0\xA6\xB8...')
#6 /var/www/html/blog/system/CodeIgniter.php(419): CodeIgniter\CodeIgniter->runController(Object(App\Controllers\Home))
#7 /var/www/html/blog/system/CodeIgniter.php(326): CodeIgniter\CodeIgniter->handleRequest(NULL, Object(Config\Cache), false)
#8 /var/www/html/index.php(37): CodeIgniter\CodeIgniter->run()
#9 {main}
CRITICAL - 2023-08-21 00:46:24 --> The action you requested is not allowed.
#0 /var/www/html/blog/system/HTTP/ResponseTrait.php(709): CodeIgniter\Security\Exceptions\SecurityException::forDisallowedAction()
#1 /var/www/html/blog/system/HTTP/ResponseTrait.php(699): CodeIgniter\HTTP\Response->dispatchCookies()
#2 /var/www/html/blog/system/HTTP/ResponseTrait.php(443): CodeIgniter\HTTP\Response->sendCookies()
#3 /var/www/html/blog/system/CodeIgniter.php(998): CodeIgniter\HTTP\Response->send()
#4 /var/www/html/blog/system/CodeIgniter.php(458): CodeIgniter\CodeIgniter->sendResponse()
#5 /var/www/html/blog/system/CodeIgniter.php(326): CodeIgniter\CodeIgniter->handleRequest(NULL, Object(Config\Cache), false)
#6 /var/www/html/index.php(37): CodeIgniter\CodeIgniter->run()
#7 {main}
CRITICAL - 2023-08-21 00:46:24 --> Uncaught CodeIgniter\Security\Exceptions\SecurityException: The action you requested is not allowed. in /var/www/html/blog/system/HTTP/ResponseTrait.php:709
Stack trace:
#0 /var/www/html/blog/system/HTTP/ResponseTrait.php(709): CodeIgniter\Security\Exceptions\SecurityException::forDisallowedAction()
#1 /var/www/html/blog/system/HTTP/ResponseTrait.php(699): CodeIgniter\HTTP\Response->dispatchCookies()
#2 /var/www/html/blog/system/HTTP/ResponseTrait.php(443): CodeIgniter\HTTP\Response->sendCookies()
#3 /var/www/html/blog/system/Debug/Exceptions.php(115): CodeIgniter\HTTP\Response->send()
#4 [internal function]: CodeIgniter\Debug\Exceptions->exceptionHandler(Object(CodeIgniter\Security\Exceptions\SecurityException))
#5 {main}
  thrown
#0 [internal function]: CodeIgniter\Debug\Exceptions->shutdownHandler()
#1 {main}
CRITICAL - 2023-08-21 01:02:43 --> The action you requested is not allowed.
#0 /var/www/html/blog/system/HTTP/ResponseTrait.php(709): CodeIgniter\Security\Exceptions\SecurityException::forDisallowedAction()
#1 /var/www/html/blog/system/HTTP/ResponseTrait.php(699): CodeIgniter\HTTP\Response->dispatchCookies()
#2 /var/www/html/blog/system/HTTP/ResponseTrait.php(443): CodeIgniter\HTTP\Response->sendCookies()
#3 /var/www/html/blog/system/CodeIgniter.php(998): CodeIgniter\HTTP\Response->send()
#4 /var/www/html/blog/system/CodeIgniter.php(458): CodeIgniter\CodeIgniter->sendResponse()
#5 /var/www/html/blog/system/CodeIgniter.php(326): CodeIgniter\CodeIgniter->handleRequest(NULL, Object(Config\Cache), false)
#6 /var/www/html/index.php(37): CodeIgniter\CodeIgniter->run()
#7 {main}
CRITICAL - 2023-08-21 01:02:43 --> Uncaught CodeIgniter\Security\Exceptions\SecurityException: The action you requested is not allowed. in /var/www/html/blog/system/HTTP/ResponseTrait.php:709
Stack trace:
#0 /var/www/html/blog/system/HTTP/ResponseTrait.php(709): CodeIgniter\Security\Exceptions\SecurityException::forDisallowedAction()
#1 /var/www/html/blog/system/HTTP/ResponseTrait.php(699): CodeIgniter\HTTP\Response->dispatchCookies()
#2 /var/www/html/blog/system/HTTP/ResponseTrait.php(443): CodeIgniter\HTTP\Response->sendCookies()
#3 /var/www/html/blog/system/Debug/Exceptions.php(115): CodeIgniter\HTTP\Response->send()
#4 [internal function]: CodeIgniter\Debug\Exceptions->exceptionHandler(Object(CodeIgniter\Security\Exceptions\SecurityException))
#5 {main}
  thrown
#0 [internal function]: CodeIgniter\Debug\Exceptions->shutdownHandler()
#1 {main}
CRITICAL - 2023-08-21 01:53:48 --> The action you requested is not allowed.
#0 /var/www/html/blog/system/HTTP/ResponseTrait.php(709): CodeIgniter\Security\Exceptions\SecurityException::forDisallowedAction()
#1 /var/www/html/blog/system/HTTP/ResponseTrait.php(699): CodeIgniter\HTTP\Response->dispatchCookies()
#2 /var/www/html/blog/system/HTTP/ResponseTrait.php(443): CodeIgniter\HTTP\Response->sendCookies()
#3 /var/www/html/blog/system/CodeIgniter.php(998): CodeIgniter\HTTP\Response->send()
#4 /var/www/html/blog/system/CodeIgniter.php(458): CodeIgniter\CodeIgniter->sendResponse()
#5 /var/www/html/blog/system/CodeIgniter.php(326): CodeIgniter\CodeIgniter->handleRequest(NULL, Object(Config\Cache), false)
#6 /var/www/html/index.php(37): CodeIgniter\CodeIgniter->run()
#7 {main}
CRITICAL - 2023-08-21 01:53:48 --> Uncaught CodeIgniter\Security\Exceptions\SecurityException: The action you requested is not allowed. in /var/www/html/blog/system/HTTP/ResponseTrait.php:709
Stack trace:
#0 /var/www/html/blog/system/HTTP/ResponseTrait.php(709): CodeIgniter\Security\Exceptions\SecurityException::forDisallowedAction()
#1 /var/www/html/blog/system/HTTP/ResponseTrait.php(699): CodeIgniter\HTTP\Response->dispatchCookies()
#2 /var/www/html/blog/system/HTTP/ResponseTrait.php(443): CodeIgniter\HTTP\Response->sendCookies()
#3 /var/www/html/blog/system/Debug/Exceptions.php(115): CodeIgniter\HTTP\Response->send()
#4 [internal function]: CodeIgniter\Debug\Exceptions->exceptionHandler(Object(CodeIgniter\Security\Exceptions\SecurityException))
#5 {main}
  thrown
#0 [internal function]: CodeIgniter\Debug\Exceptions->shutdownHandler()
#1 {main}
CRITICAL - 2023-08-21 02:02:46 --> The action you requested is not allowed.
#0 /var/www/html/blog/system/HTTP/ResponseTrait.php(709): CodeIgniter\Security\Exceptions\SecurityException::forDisallowedAction()
#1 /var/www/html/blog/system/HTTP/ResponseTrait.php(699): CodeIgniter\HTTP\Response->dispatchCookies()
#2 /var/www/html/blog/system/HTTP/ResponseTrait.php(443): CodeIgniter\HTTP\Response->sendCookies()
#3 /var/www/html/blog/system/CodeIgniter.php(998): CodeIgniter\HTTP\Response->send()
#4 /var/www/html/blog/system/CodeIgniter.php(458): CodeIgniter\CodeIgniter->sendResponse()
#5 /var/www/html/blog/system/CodeIgniter.php(326): CodeIgniter\CodeIgniter->handleRequest(NULL, Object(Config\Cache), false)
#6 /var/www/html/index.php(37): CodeIgniter\CodeIgniter->run()
#7 {main}
CRITICAL - 2023-08-21 02:02:46 --> Uncaught CodeIgniter\Security\Exceptions\SecurityException: The action you requested is not allowed. in /var/www/html/blog/system/HTTP/ResponseTrait.php:709
Stack trace:
#0 /var/www/html/blog/system/HTTP/ResponseTrait.php(709): CodeIgniter\Security\Exceptions\SecurityException::forDisallowedAction()
#1 /var/www/html/blog/system/HTTP/ResponseTrait.php(699): CodeIgniter\HTTP\Response->dispatchCookies()
#2 /var/www/html/blog/system/HTTP/ResponseTrait.php(443): CodeIgniter\HTTP\Response->sendCookies()
#3 /var/www/html/blog/system/Debug/Exceptions.php(115): CodeIgniter\HTTP\Response->send()
#4 [internal function]: CodeIgniter\Debug\Exceptions->exceptionHandler(Object(CodeIgniter\Security\Exceptions\SecurityException))
#5 {main}
  thrown
#0 [internal function]: CodeIgniter\Debug\Exceptions->shutdownHandler()
#1 {main}
CRITICAL - 2023-08-21 02:44:19 --> The action you requested is not allowed.
#0 /var/www/html/blog/system/HTTP/ResponseTrait.php(709): CodeIgniter\Security\Exceptions\SecurityException::forDisallowedAction()
#1 /var/www/html/blog/system/HTTP/ResponseTrait.php(699): CodeIgniter\HTTP\Response->dispatchCookies()
#2 /var/www/html/blog/system/HTTP/ResponseTrait.php(443): CodeIgniter\HTTP\Response->sendCookies()
#3 /var/www/html/blog/system/CodeIgniter.php(998): CodeIgniter\HTTP\Response->send()
#4 /var/www/html/blog/system/CodeIgniter.php(865): CodeIgniter\CodeIgniter->sendResponse()
#5 /var/www/html/blog/system/CodeIgniter.php(340): CodeIgniter\CodeIgniter->display404errors(Object(CodeIgniter\Exceptions\PageNotFoundException))
#6 /var/www/html/index.php(37): CodeIgniter\CodeIgniter->run()
#7 {main}
CRITICAL - 2023-08-21 02:44:19 --> Uncaught CodeIgniter\Security\Exceptions\SecurityException: The action you requested is not allowed. in /var/www/html/blog/system/HTTP/ResponseTrait.php:709
Stack trace:
#0 /var/www/html/blog/system/HTTP/ResponseTrait.php(709): CodeIgniter\Security\Exceptions\SecurityException::forDisallowedAction()
#1 /var/www/html/blog/system/HTTP/ResponseTrait.php(699): CodeIgniter\HTTP\Response->dispatchCookies()
#2 /var/www/html/blog/system/HTTP/ResponseTrait.php(443): CodeIgniter\HTTP\Response->sendCookies()
#3 /var/www/html/blog/system/Debug/Exceptions.php(115): CodeIgniter\HTTP\Response->send()
#4 [internal function]: CodeIgniter\Debug\Exceptions->exceptionHandler(Object(CodeIgniter\Security\Exceptions\SecurityException))
#5 {main}
  thrown
#0 [internal function]: CodeIgniter\Debug\Exceptions->shutdownHandler()
#1 {main}
CRITICAL - 2023-08-21 02:50:40 --> The action you requested is not allowed.
#0 /var/www/html/blog/system/HTTP/ResponseTrait.php(709): CodeIgniter\Security\Exceptions\SecurityException::forDisallowedAction()
#1 /var/www/html/blog/system/HTTP/ResponseTrait.php(699): CodeIgniter\HTTP\Response->dispatchCookies()
#2 /var/www/html/blog/system/HTTP/ResponseTrait.php(443): CodeIgniter\HTTP\Response->sendCookies()
#3 /var/www/html/blog/system/CodeIgniter.php(998): CodeIgniter\HTTP\Response->send()
#4 /var/www/html/blog/system/CodeIgniter.php(458): CodeIgniter\CodeIgniter->sendResponse()
#5 /var/www/html/blog/system/CodeIgniter.php(326): CodeIgniter\CodeIgniter->handleRequest(NULL, Object(Config\Cache), false)
#6 /var/www/html/index.php(37): CodeIgniter\CodeIgniter->run()
#7 {main}
ERROR - 2023-08-21 02:52:34 --> Error connecting to the database: Connection refused
CRITICAL - 2023-08-21 02:52:34 --> Unable to connect to the database.
Main connection [MySQLi]: Connection refused
#0 /var/www/html/blog/system/Database/BaseConnection.php(577): CodeIgniter\Database\BaseConnection->initialize()
#1 /var/www/html/blog/system/Database/BaseBuilder.php(1455): CodeIgniter\Database\BaseConnection->query('SELECT `posts`....', Array, false)
#2 /var/www/html/blog/system/Model.php(210): CodeIgniter\Database\BaseBuilder->get()
#3 /var/www/html/blog/system/BaseModel.php(622): CodeIgniter\Model->doFirst()
#4 /var/www/html/blog/app/Controllers/Home.php(60): CodeIgniter\BaseModel->first()
#5 /var/www/html/blog/system/CodeIgniter.php(832): App\Controllers\Home->news('\xE0\xA6\xAC\xE0\xA6\xBE\xE0\xA6\xA3\xE0\xA7\x80-\xE0\xA6...')
#6 /var/www/html/blog/system/CodeIgniter.php(419): CodeIgniter\CodeIgniter->runController(Object(App\Controllers\Home))
#7 /var/www/html/blog/system/CodeIgniter.php(326): CodeIgniter\CodeIgniter->handleRequest(NULL, Object(Config\Cache), false)
#8 /var/www/html/index.php(37): CodeIgniter\CodeIgniter->run()
#9 {main}
ERROR - 2023-08-21 03:00:31 --> Error connecting to the database: Connection refused
CRITICAL - 2023-08-21 03:00:31 --> Unable to connect to the database.
Main connection [MySQLi]: Connection refused
#0 /var/www/html/blog/system/Database/BaseConnection.php(577): CodeIgniter\Database\BaseConnection->initialize()
#1 /var/www/html/blog/system/Database/BaseBuilder.php(1539): CodeIgniter\Database\BaseConnection->query('SELECT COUNT(*)...', Array, false)
#2 /var/www/html/blog/system/Model.php(509): CodeIgniter\Database\BaseBuilder->countAllResults(false)
#3 /var/www/html/blog/system/BaseModel.php(1084): CodeIgniter\Model->countAllResults(false)
#4 /var/www/html/blog/app/Controllers/Home.php(106): CodeIgniter\BaseModel->paginate(15)
#5 /var/www/html/blog/system/CodeIgniter.php(832): App\Controllers\Home->tags('\xE0\xA6\xAF\xE0\xA7\x81\xE0\xA6\x95\xE0\xA7\x8D\xE0\xA6\xA4...')
#6 /var/www/html/blog/system/CodeIgniter.php(419): CodeIgniter\CodeIgniter->runController(Object(App\Controllers\Home))
#7 /var/www/html/blog/system/CodeIgniter.php(326): CodeIgniter\CodeIgniter->handleRequest(NULL, Object(Config\Cache), false)
#8 /var/www/html/index.php(37): CodeIgniter\CodeIgniter->run()
#9 {main}
CRITICAL - 2023-08-21 03:28:45 --> The action you requested is not allowed.
#0 /var/www/html/blog/system/HTTP/ResponseTrait.php(709): CodeIgniter\Security\Exceptions\SecurityException::forDisallowedAction()
#1 /var/www/html/blog/system/HTTP/ResponseTrait.php(699): CodeIgniter\HTTP\Response->dispatchCookies()
#2 /var/www/html/blog/system/HTTP/ResponseTrait.php(443): CodeIgniter\HTTP\Response->sendCookies()
#3 /var/www/html/blog/system/CodeIgniter.php(998): CodeIgniter\HTTP\Response->send()
#4 /var/www/html/blog/system/CodeIgniter.php(865): CodeIgniter\CodeIgniter->sendResponse()
#5 /var/www/html/blog/system/CodeIgniter.php(340): CodeIgniter\CodeIgniter->display404errors(Object(CodeIgniter\Exceptions\PageNotFoundException))
#6 /var/www/html/index.php(37): CodeIgniter\CodeIgniter->run()
#7 {main}
CRITICAL - 2023-08-21 04:05:39 --> The action you requested is not allowed.
#0 /var/www/html/blog/system/HTTP/ResponseTrait.php(709): CodeIgniter\Security\Exceptions\SecurityException::forDisallowedAction()
#1 /var/www/html/blog/system/HTTP/ResponseTrait.php(699): CodeIgniter\HTTP\Response->dispatchCookies()
#2 /var/www/html/blog/system/HTTP/ResponseTrait.php(443): CodeIgniter\HTTP\Response->sendCookies()
#3 /var/www/html/blog/system/CodeIgniter.php(998): CodeIgniter\HTTP\Response->send()
#4 /var/www/html/blog/system/CodeIgniter.php(458): CodeIgniter\CodeIgniter->sendResponse()
#5 /var/www/html/blog/system/CodeIgniter.php(326): CodeIgniter\CodeIgniter->handleRequest(NULL, Object(Config\Cache), false)
#6 /var/www/html/index.php(37): CodeIgniter\CodeIgniter->run()
#7 {main}
CRITICAL - 2023-08-21 04:05:39 --> Uncaught CodeIgniter\Security\Exceptions\SecurityException: The action you requested is not allowed. in /var/www/html/blog/system/HTTP/ResponseTrait.php:709
Stack trace:
#0 /var/www/html/blog/system/HTTP/ResponseTrait.php(709): CodeIgniter\Security\Exceptions\SecurityException::forDisallowedAction()
#1 /var/www/html/blog/system/HTTP/ResponseTrait.php(699): CodeIgniter\HTTP\Response->dispatchCookies()
#2 /var/www/html/blog/system/HTTP/ResponseTrait.php(443): CodeIgniter\HTTP\Response->sendCookies()
#3 /var/www/html/blog/system/Debug/Exceptions.php(115): CodeIgniter\HTTP\Response->send()
#4 [internal function]: CodeIgniter\Debug\Exceptions->exceptionHandler(Object(CodeIgniter\Security\Exceptions\SecurityException))
#5 {main}
  thrown
#0 [internal function]: CodeIgniter\Debug\Exceptions->shutdownHandler()
#1 {main}
CRITICAL - 2023-08-21 04:13:40 --> The action you requested is not allowed.
#0 /var/www/html/blog/system/HTTP/ResponseTrait.php(709): CodeIgniter\Security\Exceptions\SecurityException::forDisallowedAction()
#1 /var/www/html/blog/system/HTTP/ResponseTrait.php(699): CodeIgniter\HTTP\Response->dispatchCookies()
#2 /var/www/html/blog/system/HTTP/ResponseTrait.php(443): CodeIgniter\HTTP\Response->sendCookies()
#3 /var/www/html/blog/system/CodeIgniter.php(998): CodeIgniter\HTTP\Response->send()
#4 /var/www/html/blog/system/CodeIgniter.php(458): CodeIgniter\CodeIgniter->sendResponse()
#5 /var/www/html/blog/system/CodeIgniter.php(326): CodeIgniter\CodeIgniter->handleRequest(NULL, Object(Config\Cache), false)
#6 /var/www/html/index.php(37): CodeIgniter\CodeIgniter->run()
#7 {main}
CRITICAL - 2023-08-21 04:13:40 --> Uncaught CodeIgniter\Security\Exceptions\SecurityException: The action you requested is not allowed. in /var/www/html/blog/system/HTTP/ResponseTrait.php:709
Stack trace:
#0 /var/www/html/blog/system/HTTP/ResponseTrait.php(709): CodeIgniter\Security\Exceptions\SecurityException::forDisallowedAction()
#1 /var/www/html/blog/system/HTTP/ResponseTrait.php(699): CodeIgniter\HTTP\Response->dispatchCookies()
#2 /var/www/html/blog/system/HTTP/ResponseTrait.php(443): CodeIgniter\HTTP\Response->sendCookies()
#3 /var/www/html/blog/system/Debug/Exceptions.php(115): CodeIgniter\HTTP\Response->send()
#4 [internal function]: CodeIgniter\Debug\Exceptions->exceptionHandler(Object(CodeIgniter\Security\Exceptions\SecurityException))
#5 {main}
  thrown
#0 [internal function]: CodeIgniter\Debug\Exceptions->shutdownHandler()
#1 {main}
CRITICAL - 2023-08-21 04:16:55 --> The action you requested is not allowed.
#0 /var/www/html/blog/system/HTTP/ResponseTrait.php(709): CodeIgniter\Security\Exceptions\SecurityException::forDisallowedAction()
#1 /var/www/html/blog/system/HTTP/ResponseTrait.php(699): CodeIgniter\HTTP\Response->dispatchCookies()
#2 /var/www/html/blog/system/HTTP/ResponseTrait.php(443): CodeIgniter\HTTP\Response->sendCookies()
#3 /var/www/html/blog/system/CodeIgniter.php(998): CodeIgniter\HTTP\Response->send()
#4 /var/www/html/blog/system/CodeIgniter.php(458): CodeIgniter\CodeIgniter->sendResponse()
#5 /var/www/html/blog/system/CodeIgniter.php(326): CodeIgniter\CodeIgniter->handleRequest(NULL, Object(Config\Cache), false)
#6 /var/www/html/index.php(37): CodeIgniter\CodeIgniter->run()
#7 {main}
CRITICAL - 2023-08-21 04:16:55 --> Uncaught CodeIgniter\Security\Exceptions\SecurityException: The action you requested is not allowed. in /var/www/html/blog/system/HTTP/ResponseTrait.php:709
Stack trace:
#0 /var/www/html/blog/system/HTTP/ResponseTrait.php(709): CodeIgniter\Security\Exceptions\SecurityException::forDisallowedAction()
#1 /var/www/html/blog/system/HTTP/ResponseTrait.php(699): CodeIgniter\HTTP\Response->dispatchCookies()
#2 /var/www/html/blog/system/HTTP/ResponseTrait.php(443): CodeIgniter\HTTP\Response->sendCookies()
#3 /var/www/html/blog/system/Debug/Exceptions.php(115): CodeIgniter\HTTP\Response->send()
#4 [internal function]: CodeIgniter\Debug\Exceptions->exceptionHandler(Object(CodeIgniter\Security\Exceptions\SecurityException))
#5 {main}
  thrown
#0 [internal function]: CodeIgniter\Debug\Exceptions->shutdownHandler()
#1 {main}
CRITICAL - 2023-08-21 04:23:10 --> The action you requested is not allowed.
#0 /var/www/html/blog/system/HTTP/ResponseTrait.php(709): CodeIgniter\Security\Exceptions\SecurityException::forDisallowedAction()
#1 /var/www/html/blog/system/HTTP/ResponseTrait.php(699): CodeIgniter\HTTP\Response->dispatchCookies()
#2 /var/www/html/blog/system/HTTP/ResponseTrait.php(443): CodeIgniter\HTTP\Response->sendCookies()
#3 /var/www/html/blog/system/CodeIgniter.php(998): CodeIgniter\HTTP\Response->send()
#4 /var/www/html/blog/system/CodeIgniter.php(865): CodeIgniter\CodeIgniter->sendResponse()
#5 /var/www/html/blog/system/CodeIgniter.php(340): CodeIgniter\CodeIgniter->display404errors(Object(CodeIgniter\Exceptions\PageNotFoundException))
#6 /var/www/html/index.php(37): CodeIgniter\CodeIgniter->run()
#7 {main}
CRITICAL - 2023-08-21 04:23:10 --> Uncaught CodeIgniter\Security\Exceptions\SecurityException: The action you requested is not allowed. in /var/www/html/blog/system/HTTP/ResponseTrait.php:709
Stack trace:
#0 /var/www/html/blog/system/HTTP/ResponseTrait.php(709): CodeIgniter\Security\Exceptions\SecurityException::forDisallowedAction()
#1 /var/www/html/blog/system/HTTP/ResponseTrait.php(699): CodeIgniter\HTTP\Response->dispatchCookies()
#2 /var/www/html/blog/system/HTTP/ResponseTrait.php(443): CodeIgniter\HTTP\Response->sendCookies()
#3 /var/www/html/blog/system/Debug/Exceptions.php(115): CodeIgniter\HTTP\Response->send()
#4 [internal function]: CodeIgniter\Debug\Exceptions->exceptionHandler(Object(CodeIgniter\Security\Exceptions\SecurityException))
#5 {main}
  thrown
#0 [internal function]: CodeIgniter\Debug\Exceptions->shutdownHandler()
#1 {main}
CRITICAL - 2023-08-21 04:24:49 --> The action you requested is not allowed.
#0 /var/www/html/blog/system/HTTP/ResponseTrait.php(709): CodeIgniter\Security\Exceptions\SecurityException::forDisallowedAction()
#1 /var/www/html/blog/system/HTTP/ResponseTrait.php(699): CodeIgniter\HTTP\Response->dispatchCookies()
#2 /var/www/html/blog/system/HTTP/ResponseTrait.php(443): CodeIgniter\HTTP\Response->sendCookies()
#3 /var/www/html/blog/system/CodeIgniter.php(998): CodeIgniter\HTTP\Response->send()
#4 /var/www/html/blog/system/CodeIgniter.php(458): CodeIgniter\CodeIgniter->sendResponse()
#5 /var/www/html/blog/system/CodeIgniter.php(326): CodeIgniter\CodeIgniter->handleRequest(NULL, Object(Config\Cache), false)
#6 /var/www/html/index.php(37): CodeIgniter\CodeIgniter->run()
#7 {main}
CRITICAL - 2023-08-21 04:24:49 --> Uncaught CodeIgniter\Security\Exceptions\SecurityException: The action you requested is not allowed. in /var/www/html/blog/system/HTTP/ResponseTrait.php:709
Stack trace:
#0 /var/www/html/blog/system/HTTP/ResponseTrait.php(709): CodeIgniter\Security\Exceptions\SecurityException::forDisallowedAction()
#1 /var/www/html/blog/system/HTTP/ResponseTrait.php(699): CodeIgniter\HTTP\Response->dispatchCookies()
#2 /var/www/html/blog/system/HTTP/ResponseTrait.php(443): CodeIgniter\HTTP\Response->sendCookies()
#3 /var/www/html/blog/system/Debug/Exceptions.php(115): CodeIgniter\HTTP\Response->send()
#4 [internal function]: CodeIgniter\Debug\Exceptions->exceptionHandler(Object(CodeIgniter\Security\Exceptions\SecurityException))
#5 {main}
  thrown
#0 [internal function]: CodeIgniter\Debug\Exceptions->shutdownHandler()
#1 {main}
ERROR - 2023-08-21 04:41:21 --> Error connecting to the database: Connection refused
CRITICAL - 2023-08-21 04:41:21 --> Unable to connect to the database.
Main connection [MySQLi]: Connection refused
#0 /var/www/html/blog/system/Database/BaseConnection.php(577): CodeIgniter\Database\BaseConnection->initialize()
#1 /var/www/html/blog/system/Database/BaseBuilder.php(1455): CodeIgniter\Database\BaseConnection->query('SELECT *\nFROM `...', Array, false)
#2 /var/www/html/blog/system/Model.php(210): CodeIgniter\Database\BaseBuilder->get()
#3 /var/www/html/blog/system/BaseModel.php(622): CodeIgniter\Model->doFirst()
#4 /var/www/html/blog/app/Controllers/EpaperController.php(21): CodeIgniter\BaseModel->first()
#5 /var/www/html/blog/system/CodeIgniter.php(832): App\Controllers\EpaperController->index()
#6 /var/www/html/blog/system/CodeIgniter.php(419): CodeIgniter\CodeIgniter->runController(Object(App\Controllers\EpaperController))
#7 /var/www/html/blog/system/CodeIgniter.php(326): CodeIgniter\CodeIgniter->handleRequest(NULL, Object(Config\Cache), false)
#8 /var/www/html/index.php(37): CodeIgniter\CodeIgniter->run()
#9 {main}
CRITICAL - 2023-08-21 04:42:00 --> The action you requested is not allowed.
#0 /var/www/html/blog/system/HTTP/ResponseTrait.php(709): CodeIgniter\Security\Exceptions\SecurityException::forDisallowedAction()
#1 /var/www/html/blog/system/HTTP/ResponseTrait.php(699): CodeIgniter\HTTP\Response->dispatchCookies()
#2 /var/www/html/blog/system/HTTP/ResponseTrait.php(443): CodeIgniter\HTTP\Response->sendCookies()
#3 /var/www/html/blog/system/CodeIgniter.php(998): CodeIgniter\HTTP\Response->send()
#4 /var/www/html/blog/system/CodeIgniter.php(865): CodeIgniter\CodeIgniter->sendResponse()
#5 /var/www/html/blog/system/CodeIgniter.php(340): CodeIgniter\CodeIgniter->display404errors(Object(CodeIgniter\Exceptions\PageNotFoundException))
#6 /var/www/html/index.php(37): CodeIgniter\CodeIgniter->run()
#7 {main}
CRITICAL - 2023-08-21 04:42:00 --> Uncaught CodeIgniter\Security\Exceptions\SecurityException: The action you requested is not allowed. in /var/www/html/blog/system/HTTP/ResponseTrait.php:709
Stack trace:
#0 /var/www/html/blog/system/HTTP/ResponseTrait.php(709): CodeIgniter\Security\Exceptions\SecurityException::forDisallowedAction()
#1 /var/www/html/blog/system/HTTP/ResponseTrait.php(699): CodeIgniter\HTTP\Response->dispatchCookies()
#2 /var/www/html/blog/system/HTTP/ResponseTrait.php(443): CodeIgniter\HTTP\Response->sendCookies()
#3 /var/www/html/blog/system/Debug/Exceptions.php(115): CodeIgniter\HTTP\Response->send()
#4 [internal function]: CodeIgniter\Debug\Exceptions->exceptionHandler(Object(CodeIgniter\Security\Exceptions\SecurityException))
#5 {main}
  thrown
#0 [internal function]: CodeIgniter\Debug\Exceptions->shutdownHandler()
#1 {main}
CRITICAL - 2023-08-21 04:42:02 --> The action you requested is not allowed.
#0 /var/www/html/blog/system/HTTP/ResponseTrait.php(709): CodeIgniter\Security\Exceptions\SecurityException::forDisallowedAction()
#1 /var/www/html/blog/system/HTTP/ResponseTrait.php(699): CodeIgniter\HTTP\Response->dispatchCookies()
#2 /var/www/html/blog/system/HTTP/ResponseTrait.php(443): CodeIgniter\HTTP\Response->sendCookies()
#3 /var/www/html/blog/system/CodeIgniter.php(998): CodeIgniter\HTTP\Response->send()
#4 /var/www/html/blog/system/CodeIgniter.php(865): CodeIgniter\CodeIgniter->sendResponse()
#5 /var/www/html/blog/system/CodeIgniter.php(340): CodeIgniter\CodeIgniter->display404errors(Object(CodeIgniter\Exceptions\PageNotFoundException))
#6 /var/www/html/index.php(37): CodeIgniter\CodeIgniter->run()
#7 {main}
CRITICAL - 2023-08-21 04:42:03 --> Uncaught CodeIgniter\Security\Exceptions\SecurityException: The action you requested is not allowed. in /var/www/html/blog/system/HTTP/ResponseTrait.php:709
Stack trace:
#0 /var/www/html/blog/system/HTTP/ResponseTrait.php(709): CodeIgniter\Security\Exceptions\SecurityException::forDisallowedAction()
#1 /var/www/html/blog/system/HTTP/ResponseTrait.php(699): CodeIgniter\HTTP\Response->dispatchCookies()
#2 /var/www/html/blog/system/HTTP/ResponseTrait.php(443): CodeIgniter\HTTP\Response->sendCookies()
#3 /var/www/html/blog/system/Debug/Exceptions.php(115): CodeIgniter\HTTP\Response->send()
#4 [internal function]: CodeIgniter\Debug\Exceptions->exceptionHandler(Object(CodeIgniter\Security\Exceptions\SecurityException))
#5 {main}
  thrown
#0 [internal function]: CodeIgniter\Debug\Exceptions->shutdownHandler()
#1 {main}
ERROR - 2023-08-21 04:42:19 --> Error connecting to the database: Connection refused
CRITICAL - 2023-08-21 04:42:19 --> Unable to connect to the database.
Main connection [MySQLi]: Connection refused
#0 /var/www/html/blog/system/Database/BaseConnection.php(577): CodeIgniter\Database\BaseConnection->initialize()
#1 /var/www/html/blog/system/Database/BaseBuilder.php(1455): CodeIgniter\Database\BaseConnection->query('SELECT `posts`....', Array, false)
#2 /var/www/html/blog/system/Model.php(210): CodeIgniter\Database\BaseBuilder->get()
#3 /var/www/html/blog/system/BaseModel.php(622): CodeIgniter\Model->doFirst()
#4 /var/www/html/blog/app/Controllers/Home.php(60): CodeIgniter\BaseModel->first()
#5 /var/www/html/blog/system/CodeIgniter.php(832): App\Controllers\Home->news('\xE0\xA6\xB0\xE0\xA6\xA5\xE0\xA6\xAF\xE0\xA6\xBE\xE0\xA6\xA4...')
#6 /var/www/html/blog/system/CodeIgniter.php(419): CodeIgniter\CodeIgniter->runController(Object(App\Controllers\Home))
#7 /var/www/html/blog/system/CodeIgniter.php(326): CodeIgniter\CodeIgniter->handleRequest(NULL, Object(Config\Cache), false)
#8 /var/www/html/index.php(37): CodeIgniter\CodeIgniter->run()
#9 {main}
ERROR - 2023-08-21 04:59:19 --> Error connecting to the database: Connection refused
CRITICAL - 2023-08-21 04:59:19 --> Unable to connect to the database.
Main connection [MySQLi]: Connection refused
#0 /var/www/html/blog/system/Database/BaseConnection.php(577): CodeIgniter\Database\BaseConnection->initialize()
#1 /var/www/html/blog/system/Database/BaseBuilder.php(1539): CodeIgniter\Database\BaseConnection->query('SELECT COUNT(*)...', Array, false)
#2 /var/www/html/blog/system/Model.php(509): CodeIgniter\Database\BaseBuilder->countAllResults(false)
#3 /var/www/html/blog/system/BaseModel.php(1084): CodeIgniter\Model->countAllResults(false)
#4 /var/www/html/blog/app/Controllers/Home.php(106): CodeIgniter\BaseModel->paginate(15)
#5 /var/www/html/blog/system/CodeIgniter.php(832): App\Controllers\Home->tags('\xE0\xA6\xB0\xE0\xA6\xA5\xE0\xA6\xAF\xE0\xA6\xBE\xE0\xA6\xA4...')
#6 /var/www/html/blog/system/CodeIgniter.php(419): CodeIgniter\CodeIgniter->runController(Object(App\Controllers\Home))
#7 /var/www/html/blog/system/CodeIgniter.php(326): CodeIgniter\CodeIgniter->handleRequest(NULL, Object(Config\Cache), false)
#8 /var/www/html/index.php(37): CodeIgniter\CodeIgniter->run()
#9 {main}
ERROR - 2023-08-21 05:00:01 --> Error connecting to the database: Connection refused
CRITICAL - 2023-08-21 05:00:01 --> Unable to connect to the database.
Main connection [MySQLi]: Connection refused
#0 /var/www/html/blog/system/Database/BaseConnection.php(577): CodeIgniter\Database\BaseConnection->initialize()
#1 /var/www/html/blog/system/Database/BaseBuilder.php(1539): CodeIgniter\Database\BaseConnection->query('SELECT COUNT(*)...', Array, false)
#2 /var/www/html/blog/system/Model.php(509): CodeIgniter\Database\BaseBuilder->countAllResults(false)
#3 /var/www/html/blog/system/BaseModel.php(1084): CodeIgniter\Model->countAllResults(false)
#4 /var/www/html/blog/app/Controllers/Home.php(106): CodeIgniter\BaseModel->paginate(15)
#5 /var/www/html/blog/system/CodeIgniter.php(832): App\Controllers\Home->tags('\xE0\xA6\xB9\xE0\xA6\xB0\xE0\xA6\xBF\xE0\xA6\xA8\xE0\xA6\xBE...')
#6 /var/www/html/blog/system/CodeIgniter.php(419): CodeIgniter\CodeIgniter->runController(Object(App\Controllers\Home))
#7 /var/www/html/blog/system/CodeIgniter.php(326): CodeIgniter\CodeIgniter->handleRequest(NULL, Object(Config\Cache), false)
#8 /var/www/html/index.php(37): CodeIgniter\CodeIgniter->run()
#9 {main}
CRITICAL - 2023-08-21 05:07:02 --> The action you requested is not allowed.
#0 /var/www/html/blog/system/HTTP/ResponseTrait.php(709): CodeIgniter\Security\Exceptions\SecurityException::forDisallowedAction()
#1 /var/www/html/blog/system/HTTP/ResponseTrait.php(699): CodeIgniter\HTTP\Response->dispatchCookies()
#2 /var/www/html/blog/system/HTTP/ResponseTrait.php(443): CodeIgniter\HTTP\Response->sendCookies()
#3 /var/www/html/blog/system/CodeIgniter.php(998): CodeIgniter\HTTP\Response->send()
#4 /var/www/html/blog/system/CodeIgniter.php(458): CodeIgniter\CodeIgniter->sendResponse()
#5 /var/www/html/blog/system/CodeIgniter.php(326): CodeIgniter\CodeIgniter->handleRequest(NULL, Object(Config\Cache), false)
#6 /var/www/html/index.php(37): CodeIgniter\CodeIgniter->run()
#7 {main}
CRITICAL - 2023-08-21 05:07:02 --> Uncaught CodeIgniter\Security\Exceptions\SecurityException: The action you requested is not allowed. in /var/www/html/blog/system/HTTP/ResponseTrait.php:709
Stack trace:
#0 /var/www/html/blog/system/HTTP/ResponseTrait.php(709): CodeIgniter\Security\Exceptions\SecurityException::forDisallowedAction()
#1 /var/www/html/blog/system/HTTP/ResponseTrait.php(699): CodeIgniter\HTTP\Response->dispatchCookies()
#2 /var/www/html/blog/system/HTTP/ResponseTrait.php(443): CodeIgniter\HTTP\Response->sendCookies()
#3 /var/www/html/blog/system/Debug/Exceptions.php(115): CodeIgniter\HTTP\Response->send()
#4 [internal function]: CodeIgniter\Debug\Exceptions->exceptionHandler(Object(CodeIgniter\Security\Exceptions\SecurityException))
#5 {main}
  thrown
#0 [internal function]: CodeIgniter\Debug\Exceptions->shutdownHandler()
#1 {main}
ERROR - 2023-08-21 05:27:20 --> Error connecting to the database: Connection refused
CRITICAL - 2023-08-21 05:27:20 --> Unable to connect to the database.
Main connection [MySQLi]: Connection refused
#0 /var/www/html/blog/system/Database/BaseConnection.php(577): CodeIgniter\Database\BaseConnection->initialize()
#1 /var/www/html/blog/system/Database/BaseBuilder.php(1539): CodeIgniter\Database\BaseConnection->query('SELECT COUNT(*)...', Array, false)
#2 /var/www/html/blog/system/Model.php(509): CodeIgniter\Database\BaseBuilder->countAllResults(false)
#3 /var/www/html/blog/system/BaseModel.php(1084): CodeIgniter\Model->countAllResults(false)
#4 /var/www/html/blog/app/Controllers/Home.php(106): CodeIgniter\BaseModel->paginate(15)
#5 /var/www/html/blog/system/CodeIgniter.php(832): App\Controllers\Home->tags('\xE0\xA6\xA8\xE0\xA6\xA8\xE0\xA7\x8D\xE0\xA6\xA6\xE0\xA6\xA8...')
#6 /var/www/html/blog/system/CodeIgniter.php(419): CodeIgniter\CodeIgniter->runController(Object(App\Controllers\Home))
#7 /var/www/html/blog/system/CodeIgniter.php(326): CodeIgniter\CodeIgniter->handleRequest(NULL, Object(Config\Cache), false)
#8 /var/www/html/index.php(37): CodeIgniter\CodeIgniter->run()
#9 {main}
CRITICAL - 2023-08-21 05:44:52 --> The action you requested is not allowed.
#0 /var/www/html/blog/system/HTTP/ResponseTrait.php(709): CodeIgniter\Security\Exceptions\SecurityException::forDisallowedAction()
#1 /var/www/html/blog/system/HTTP/ResponseTrait.php(699): CodeIgniter\HTTP\Response->dispatchCookies()
#2 /var/www/html/blog/system/HTTP/ResponseTrait.php(443): CodeIgniter\HTTP\Response->sendCookies()
#3 /var/www/html/blog/system/CodeIgniter.php(998): CodeIgniter\HTTP\Response->send()
#4 /var/www/html/blog/system/CodeIgniter.php(458): CodeIgniter\CodeIgniter->sendResponse()
#5 /var/www/html/blog/system/CodeIgniter.php(326): CodeIgniter\CodeIgniter->handleRequest(NULL, Object(Config\Cache), false)
#6 /var/www/html/index.php(37): CodeIgniter\CodeIgniter->run()
#7 {main}
CRITICAL - 2023-08-21 05:44:52 --> Uncaught CodeIgniter\Security\Exceptions\SecurityException: The action you requested is not allowed. in /var/www/html/blog/system/HTTP/ResponseTrait.php:709
Stack trace:
#0 /var/www/html/blog/system/HTTP/ResponseTrait.php(709): CodeIgniter\Security\Exceptions\SecurityException::forDisallowedAction()
#1 /var/www/html/blog/system/HTTP/ResponseTrait.php(699): CodeIgniter\HTTP\Response->dispatchCookies()
#2 /var/www/html/blog/system/HTTP/ResponseTrait.php(443): CodeIgniter\HTTP\Response->sendCookies()
#3 /var/www/html/blog/system/Debug/Exceptions.php(115): CodeIgniter\HTTP\Response->send()
#4 [internal function]: CodeIgniter\Debug\Exceptions->exceptionHandler(Object(CodeIgniter\Security\Exceptions\SecurityException))
#5 {main}
  thrown
#0 [internal function]: CodeIgniter\Debug\Exceptions->shutdownHandler()
#1 {main}
ERROR - 2023-08-21 06:00:25 --> Error connecting to the database: Connection refused
CRITICAL - 2023-08-21 06:00:25 --> Unable to connect to the database.
Main connection [MySQLi]: Connection refused
#0 /var/www/html/blog/system/Database/BaseConnection.php(577): CodeIgniter\Database\BaseConnection->initialize()
#1 /var/www/html/blog/system/Database/BaseBuilder.php(1539): CodeIgniter\Database\BaseConnection->query('SELECT COUNT(*)...', Array, false)
#2 /var/www/html/blog/system/Model.php(509): CodeIgniter\Database\BaseBuilder->countAllResults(false)
#3 /var/www/html/blog/system/BaseModel.php(1084): CodeIgniter\Model->countAllResults(false)
#4 /var/www/html/blog/app/Controllers/Home.php(106): CodeIgniter\BaseModel->paginate(15)
#5 /var/www/html/blog/system/CodeIgniter.php(832): App\Controllers\Home->tags('\xE0\xA6\x95\xE0\xA6\xA6\xE0\xA6\xAE\xE0\xA7\x8D\xE0\xA6\xAC...')
#6 /var/www/html/blog/system/CodeIgniter.php(419): CodeIgniter\CodeIgniter->runController(Object(App\Controllers\Home))
#7 /var/www/html/blog/system/CodeIgniter.php(326): CodeIgniter\CodeIgniter->handleRequest(NULL, Object(Config\Cache), false)
#8 /var/www/html/index.php(37): CodeIgniter\CodeIgniter->run()
#9 {main}
ERROR - 2023-08-21 06:11:21 --> Error connecting to the database: Connection refused
CRITICAL - 2023-08-21 06:11:21 --> Unable to connect to the database.
Main connection [MySQLi]: Connection refused
#0 /var/www/html/blog/system/Database/BaseConnection.php(577): CodeIgniter\Database\BaseConnection->initialize()
#1 /var/www/html/blog/system/Database/BaseBuilder.php(1539): CodeIgniter\Database\BaseConnection->query('SELECT COUNT(*)...', Array, false)
#2 /var/www/html/blog/system/Model.php(509): CodeIgniter\Database\BaseBuilder->countAllResults(false)
#3 /var/www/html/blog/system/BaseModel.php(1084): CodeIgniter\Model->countAllResults(false)
#4 /var/www/html/blog/app/Controllers/Home.php(106): CodeIgniter\BaseModel->paginate(15)
#5 /var/www/html/blog/system/CodeIgniter.php(832): App\Controllers\Home->tags('\xE0\xA6\xAD\xE0\xA6\x95\xE0\xA7\x8D\xE0\xA6\xA4\xE0\xA6\xBF...')
#6 /var/www/html/blog/system/CodeIgniter.php(419): CodeIgniter\CodeIgniter->runController(Object(App\Controllers\Home))
#7 /var/www/html/blog/system/CodeIgniter.php(326): CodeIgniter\CodeIgniter->handleRequest(NULL, Object(Config\Cache), false)
#8 /var/www/html/index.php(37): CodeIgniter\CodeIgniter->run()
#9 {main}
